[ 2013-04-18T10:31:55+08:00 ] ERR: (ThinkException) 非法操作:themes
[ 2013-04-18T10:31:56+08:00 ] ERR: (ThinkException) 非法操作:js
[ 2013-04-18T10:31:56+08:00 ] ERR: (ThinkException) 非法操作:js
[ 2013-04-18T10:33:40+08:00 ] 0.0.0.0 /ba/index.php/Feed/unlike
INFO: [ app_begin ] --START--
INFO: Run ReadHtmlCache Behavior [ RunTime:0.001748s ]
INFO: [ app_begin ] --END-- [ RunTime:0.001887s ]
SQL: SHOW COLUMNS FROM `sfeedop` [ RunTime:0.128202s ]
SQL: SHOW COLUMNS FROM `sfeed` [ RunTime:0.007596s ]
SQL: SELECT * FROM `sfeedop` WHERE ( `uid` = 17 ) AND ( `sfeedid` = 7 ) LIMIT 1   [ RunTime:0.000839s ]
SQL: UPDATE `sfeedop` SET `status`=2 WHERE ( `uid` = 17 ) AND ( `sfeedid` = 7 ) [ RunTime:0.036528s ]
SQL: UPDATE `sfeed` SET `unlike`=unlike+1 WHERE ( `sfeedid` = 7 ) [ RunTime:0.109552s ]

[ 2013-04-18T10:33:44+08:00 ] 0.0.0.0 /ba/index.php/Feed/unlike
NOTIC: [2] ob_start(): output handler 'ob_gzhandler' conflicts with 'zlib output compression' G:\program\thinkphp\Lib\Core\App.class.php 第 49 行.
NOTIC: [8] ob_start(): failed to create buffer G:\program\thinkphp\Lib\Core\App.class.php 第 49 行.
INFO: [ app_begin ] --START--
INFO: Run ReadHtmlCache Behavior [ RunTime:0.001434s ]
INFO: [ app_begin ] --END-- [ RunTime:0.001535s ]
SQL: SHOW COLUMNS FROM `sfeedop` [ RunTime:0.007383s ]
SQL: SHOW COLUMNS FROM `sfeed` [ RunTime:0.007865s ]
SQL: SELECT * FROM `sfeedop` WHERE ( `uid` = 17 ) AND ( `sfeedid` = 7 ) LIMIT 1   [ RunTime:0.000696s ]

[ 2013-04-18T12:24:21+08:00 ] 0.0.0.0 /ba/index.php/Feed/comment
NOTIC: [2] ob_start(): output handler 'ob_gzhandler' conflicts with 'zlib output compression' G:\program\thinkphp\Lib\Core\App.class.php 第 49 行.
NOTIC: [8] ob_start(): failed to create buffer G:\program\thinkphp\Lib\Core\App.class.php 第 49 行.
INFO: [ app_begin ] --START--
INFO: Run ReadHtmlCache Behavior [ RunTime:0.001789s ]
INFO: [ app_begin ] --END-- [ RunTime:0.001998s ]
INFO: [ view_template ] --START--
INFO: Run LocationTemplate Behavior [ RunTime:0.001510s ]
INFO: [ view_template ] --END-- [ RunTime:0.001627s ]
INFO: [ view_parse ] --START--
INFO: Run ParseTemplate Behavior [ RunTime:0.015935s ]
INFO: [ view_parse ] --END-- [ RunTime:0.016090s ]
INFO: [ view_filter ] --START--
INFO: Run ContentReplace Behavior [ RunTime:0.001134s ]
INFO: Run TokenBuild Behavior [ RunTime:0.001146s ]
INFO: Run WriteHtmlCache Behavior [ RunTime:0.000926s ]
INFO: Run ShowRuntime Behavior [ RunTime:0.001316s ]
INFO: [ view_filter ] --END-- [ RunTime:0.004848s ]
INFO: [ view_end ] --START--
INFO: Run ShowPageTrace Behavior [ RunTime:0.001761s ]
INFO: [ view_end ] --END-- [ RunTime:0.001871s ]

[ 2013-04-18T12:24:28+08:00 ] 0.0.0.0 /ba/index.php/Feed/comment
NOTIC: [2] ob_start(): output handler 'ob_gzhandler' conflicts with 'zlib output compression' G:\program\thinkphp\Lib\Core\App.class.php 第 49 行.
NOTIC: [8] ob_start(): failed to create buffer G:\program\thinkphp\Lib\Core\App.class.php 第 49 行.
INFO: [ app_begin ] --START--
INFO: Run ReadHtmlCache Behavior [ RunTime:0.001645s ]
INFO: [ app_begin ] --END-- [ RunTime:0.001750s ]
INFO: [ view_template ] --START--
INFO: Run LocationTemplate Behavior [ RunTime:0.001974s ]
INFO: [ view_template ] --END-- [ RunTime:0.002093s ]
INFO: [ view_parse ] --START--
INFO: Run ParseTemplate Behavior [ RunTime:0.017734s ]
INFO: [ view_parse ] --END-- [ RunTime:0.017879s ]
INFO: [ view_filter ] --START--
INFO: Run ContentReplace Behavior [ RunTime:0.001460s ]
INFO: Run TokenBuild Behavior [ RunTime:0.001385s ]
INFO: Run WriteHtmlCache Behavior [ RunTime:0.001145s ]
INFO: Run ShowRuntime Behavior [ RunTime:0.001654s ]
INFO: [ view_filter ] --END-- [ RunTime:0.006734s ]
INFO: [ view_end ] --START--
INFO: Run ShowPageTrace Behavior [ RunTime:0.001909s ]
INFO: [ view_end ] --END-- [ RunTime:0.002018s ]

[ 2013-04-18T12:24:29+08:00 ] 0.0.0.0 /ba/index.php/Feed/comment
NOTIC: [2] ob_start(): output handler 'ob_gzhandler' conflicts with 'zlib output compression' G:\program\thinkphp\Lib\Core\App.class.php 第 49 行.
NOTIC: [8] ob_start(): failed to create buffer G:\program\thinkphp\Lib\Core\App.class.php 第 49 行.
INFO: [ app_begin ] --START--
INFO: Run ReadHtmlCache Behavior [ RunTime:0.001390s ]
INFO: [ app_begin ] --END-- [ RunTime:0.001485s ]
INFO: [ view_template ] --START--
INFO: Run LocationTemplate Behavior [ RunTime:0.001169s ]
INFO: [ view_template ] --END-- [ RunTime:0.001287s ]
INFO: [ view_parse ] --START--
INFO: Run ParseTemplate Behavior [ RunTime:0.017940s ]
INFO: [ view_parse ] --END-- [ RunTime:0.018086s ]
INFO: [ view_filter ] --START--
INFO: Run ContentReplace Behavior [ RunTime:0.001164s ]
INFO: Run TokenBuild Behavior [ RunTime:0.001075s ]
INFO: Run WriteHtmlCache Behavior [ RunTime:0.000851s ]
INFO: Run ShowRuntime Behavior [ RunTime:0.001515s ]
INFO: [ view_filter ] --END-- [ RunTime:0.004901s ]
INFO: [ view_end ] --START--
INFO: Run ShowPageTrace Behavior [ RunTime:0.001571s ]
INFO: [ view_end ] --END-- [ RunTime:0.001669s ]

[ 2013-04-18T12:24:30+08:00 ] 0.0.0.0 /ba/index.php/Feed/comment
NOTIC: [2] ob_start(): output handler 'ob_gzhandler' conflicts with 'zlib output compression' G:\program\thinkphp\Lib\Core\App.class.php 第 49 行.
NOTIC: [8] ob_start(): failed to create buffer G:\program\thinkphp\Lib\Core\App.class.php 第 49 行.
INFO: [ app_begin ] --START--
INFO: Run ReadHtmlCache Behavior [ RunTime:0.001387s ]
INFO: [ app_begin ] --END-- [ RunTime:0.001483s ]
INFO: [ view_template ] --START--
INFO: Run LocationTemplate Behavior [ RunTime:0.001108s ]
INFO: [ view_template ] --END-- [ RunTime:0.001220s ]
INFO: [ view_parse ] --START--
INFO: Run ParseTemplate Behavior [ RunTime:0.018039s ]
INFO: [ view_parse ] --END-- [ RunTime:0.018195s ]
INFO: [ view_filter ] --START--
INFO: Run ContentReplace Behavior [ RunTime:0.001592s ]
INFO: Run TokenBuild Behavior [ RunTime:0.001205s ]
INFO: Run WriteHtmlCache Behavior [ RunTime:0.000858s ]
INFO: Run ShowRuntime Behavior [ RunTime:0.001217s ]
INFO: [ view_filter ] --END-- [ RunTime:0.005174s ]
INFO: [ view_end ] --START--
INFO: Run ShowPageTrace Behavior [ RunTime:0.001507s ]
INFO: [ view_end ] --END-- [ RunTime:0.001604s ]

[ 2013-04-18T12:24:34+08:00 ] 0.0.0.0 /ba/index.php/Feed/comment
NOTIC: [2] ob_start(): output handler 'ob_gzhandler' conflicts with 'zlib output compression' G:\program\thinkphp\Lib\Core\App.class.php 第 49 行.
NOTIC: [8] ob_start(): failed to create buffer G:\program\thinkphp\Lib\Core\App.class.php 第 49 行.
INFO: [ app_begin ] --START--
INFO: Run ReadHtmlCache Behavior [ RunTime:0.001663s ]
INFO: [ app_begin ] --END-- [ RunTime:0.001773s ]
INFO: [ view_template ] --START--
INFO: Run LocationTemplate Behavior [ RunTime:0.001341s ]
INFO: [ view_template ] --END-- [ RunTime:0.001464s ]
INFO: [ view_parse ] --START--
INFO: Run ParseTemplate Behavior [ RunTime:0.016177s ]
INFO: [ view_parse ] --END-- [ RunTime:0.016321s ]
INFO: [ view_filter ] --START--
INFO: Run ContentReplace Behavior [ RunTime:0.001084s ]
INFO: Run TokenBuild Behavior [ RunTime:0.001043s ]
INFO: Run WriteHtmlCache Behavior [ RunTime:0.000850s ]
INFO: Run ShowRuntime Behavior [ RunTime:0.001366s ]
INFO: [ view_filter ] --END-- [ RunTime:0.004633s ]
INFO: [ view_end ] --START--
INFO: Run ShowPageTrace Behavior [ RunTime:0.001620s ]
INFO: [ view_end ] --END-- [ RunTime:0.001724s ]

[ 2013-04-18T12:25:35+08:00 ] 0.0.0.0 /ba/index.php/Feed/comment
NOTIC: [2] ob_start(): output handler 'ob_gzhandler' conflicts with 'zlib output compression' G:\program\thinkphp\Lib\Core\App.class.php 第 49 行.
NOTIC: [8] ob_start(): failed to create buffer G:\program\thinkphp\Lib\Core\App.class.php 第 49 行.
INFO: [ app_begin ] --START--
INFO: Run ReadHtmlCache Behavior [ RunTime:0.001408s ]
INFO: [ app_begin ] --END-- [ RunTime:0.001503s ]
INFO: [ view_template ] --START--
INFO: Run LocationTemplate Behavior [ RunTime:0.001137s ]
INFO: [ view_template ] --END-- [ RunTime:0.001253s ]
INFO: [ view_parse ] --START--
INFO: Run ParseTemplate Behavior [ RunTime:0.017265s ]
INFO: [ view_parse ] --END-- [ RunTime:0.017410s ]
INFO: [ view_filter ] --START--
INFO: Run ContentReplace Behavior [ RunTime:0.002255s ]
INFO: Run TokenBuild Behavior [ RunTime:0.001241s ]
INFO: Run WriteHtmlCache Behavior [ RunTime:0.000952s ]
INFO: Run ShowRuntime Behavior [ RunTime:0.001342s ]
INFO: [ view_filter ] --END-- [ RunTime:0.006283s ]
INFO: [ view_end ] --START--
INFO: Run ShowPageTrace Behavior [ RunTime:0.001939s ]
INFO: [ view_end ] --END-- [ RunTime:0.002048s ]

[ 2013-04-18T12:25:35+08:00 ] 0.0.0.0 /ba/index.php/Feed/comment
NOTIC: [2] ob_start(): output handler 'ob_gzhandler' conflicts with 'zlib output compression' G:\program\thinkphp\Lib\Core\App.class.php 第 49 行.
NOTIC: [8] ob_start(): failed to create buffer G:\program\thinkphp\Lib\Core\App.class.php 第 49 行.
INFO: [ app_begin ] --START--
INFO: Run ReadHtmlCache Behavior [ RunTime:0.001756s ]
INFO: [ app_begin ] --END-- [ RunTime:0.001852s ]
INFO: [ view_template ] --START--
INFO: Run LocationTemplate Behavior [ RunTime:0.001702s ]
INFO: [ view_template ] --END-- [ RunTime:0.001827s ]
INFO: [ view_parse ] --START--
INFO: Run ParseTemplate Behavior [ RunTime:0.019547s ]
INFO: [ view_parse ] --END-- [ RunTime:0.019694s ]
INFO: [ view_filter ] --START--
INFO: Run ContentReplace Behavior [ RunTime:0.001107s ]
INFO: Run TokenBuild Behavior [ RunTime:0.001084s ]
INFO: Run WriteHtmlCache Behavior [ RunTime:0.001149s ]
INFO: Run ShowRuntime Behavior [ RunTime:0.001340s ]
INFO: [ view_filter ] --END-- [ RunTime:0.004989s ]
INFO: [ view_end ] --START--
INFO: Run ShowPageTrace Behavior [ RunTime:0.001597s ]
INFO: [ view_end ] --END-- [ RunTime:0.001697s ]

[ 2013-04-18T12:25:40+08:00 ] 0.0.0.0 /ba/index.php/Feed/comment
NOTIC: [2] ob_start(): output handler 'ob_gzhandler' conflicts with 'zlib output compression' G:\program\thinkphp\Lib\Core\App.class.php 第 49 行.
NOTIC: [8] ob_start(): failed to create buffer G:\program\thinkphp\Lib\Core\App.class.php 第 49 行.
INFO: [ app_begin ] --START--
INFO: Run ReadHtmlCache Behavior [ RunTime:0.001523s ]
INFO: [ app_begin ] --END-- [ RunTime:0.001626s ]
INFO: [ view_template ] --START--
INFO: Run LocationTemplate Behavior [ RunTime:0.001150s ]
INFO: [ view_template ] --END-- [ RunTime:0.001268s ]
INFO: [ view_parse ] --START--
INFO: Run ParseTemplate Behavior [ RunTime:0.016257s ]
INFO: [ view_parse ] --END-- [ RunTime:0.016405s ]
INFO: [ view_filter ] --START--
INFO: Run ContentReplace Behavior [ RunTime:0.001265s ]
INFO: Run TokenBuild Behavior [ RunTime:0.001244s ]
INFO: Run WriteHtmlCache Behavior [ RunTime:0.000997s ]
INFO: Run ShowRuntime Behavior [ RunTime:0.001759s ]
INFO: [ view_filter ] --END-- [ RunTime:0.021095s ]
INFO: [ view_end ] --START--
INFO: Run ShowPageTrace Behavior [ RunTime:0.001673s ]
INFO: [ view_end ] --END-- [ RunTime:0.001773s ]

[ 2013-04-18T12:25:40+08:00 ] 0.0.0.0 /ba/index.php/Feed/comment
NOTIC: [2] ob_start(): output handler 'ob_gzhandler' conflicts with 'zlib output compression' G:\program\thinkphp\Lib\Core\App.class.php 第 49 行.
NOTIC: [8] ob_start(): failed to create buffer G:\program\thinkphp\Lib\Core\App.class.php 第 49 行.
INFO: [ app_begin ] --START--
INFO: Run ReadHtmlCache Behavior [ RunTime:0.001456s ]
INFO: [ app_begin ] --END-- [ RunTime:0.001555s ]
INFO: [ view_template ] --START--
INFO: Run LocationTemplate Behavior [ RunTime:0.001225s ]
INFO: [ view_template ] --END-- [ RunTime:0.001352s ]
INFO: [ view_parse ] --START--
INFO: Run ParseTemplate Behavior [ RunTime:0.018983s ]
INFO: [ view_parse ] --END-- [ RunTime:0.019140s ]
INFO: [ view_filter ] --START--
INFO: Run ContentReplace Behavior [ RunTime:0.001246s ]
INFO: Run TokenBuild Behavior [ RunTime:0.001305s ]
INFO: Run WriteHtmlCache Behavior [ RunTime:0.001461s ]
INFO: Run ShowRuntime Behavior [ RunTime:0.001781s ]
INFO: [ view_filter ] --END-- [ RunTime:0.006174s ]
INFO: [ view_end ] --START--
INFO: Run ShowPageTrace Behavior [ RunTime:0.002510s ]
INFO: [ view_end ] --END-- [ RunTime:0.002631s ]

[ 2013-04-18T12:25:43+08:00 ] 0.0.0.0 /ba/index.php/Feed/comment
NOTIC: [2] ob_start(): output handler 'ob_gzhandler' conflicts with 'zlib output compression' G:\program\thinkphp\Lib\Core\App.class.php 第 49 行.
NOTIC: [8] ob_start(): failed to create buffer G:\program\thinkphp\Lib\Core\App.class.php 第 49 行.
INFO: [ app_begin ] --START--
INFO: Run ReadHtmlCache Behavior [ RunTime:0.001598s ]
INFO: [ app_begin ] --END-- [ RunTime:0.001706s ]
INFO: [ view_template ] --START--
INFO: Run LocationTemplate Behavior [ RunTime:0.001099s ]
INFO: [ view_template ] --END-- [ RunTime:0.001211s ]
INFO: [ view_parse ] --START--
INFO: Run ParseTemplate Behavior [ RunTime:0.018106s ]
INFO: [ view_parse ] --END-- [ RunTime:0.029450s ]
INFO: [ view_filter ] --START--
INFO: Run ContentReplace Behavior [ RunTime:0.001205s ]
INFO: Run TokenBuild Behavior [ RunTime:0.001428s ]
INFO: Run WriteHtmlCache Behavior [ RunTime:0.000903s ]
INFO: Run ShowRuntime Behavior [ RunTime:0.001460s ]
INFO: [ view_filter ] --END-- [ RunTime:0.005322s ]
INFO: [ view_end ] --START--
INFO: Run ShowPageTrace Behavior [ RunTime:0.001728s ]
INFO: [ view_end ] --END-- [ RunTime:0.001857s ]

[ 2013-04-18T12:26:03+08:00 ] 0.0.0.0 /ba/index.php/Feed/comment
NOTIC: [2] ob_start(): output handler 'ob_gzhandler' conflicts with 'zlib output compression' G:\program\thinkphp\Lib\Core\App.class.php 第 49 行.
NOTIC: [8] ob_start(): failed to create buffer G:\program\thinkphp\Lib\Core\App.class.php 第 49 行.
INFO: [ app_begin ] --START--
INFO: Run ReadHtmlCache Behavior [ RunTime:0.001575s ]
INFO: [ app_begin ] --END-- [ RunTime:0.001675s ]
INFO: [ view_template ] --START--
INFO: Run LocationTemplate Behavior [ RunTime:0.001257s ]
INFO: [ view_template ] --END-- [ RunTime:0.001375s ]
INFO: [ view_parse ] --START--
INFO: Run ParseTemplate Behavior [ RunTime:0.016047s ]
INFO: [ view_parse ] --END-- [ RunTime:0.016188s ]
INFO: [ view_filter ] --START--
INFO: Run ContentReplace Behavior [ RunTime:0.001124s ]
INFO: Run TokenBuild Behavior [ RunTime:0.001161s ]
INFO: Run WriteHtmlCache Behavior [ RunTime:0.000984s ]
INFO: Run ShowRuntime Behavior [ RunTime:0.001361s ]
INFO: [ view_filter ] --END-- [ RunTime:0.004962s ]
INFO: [ view_end ] --START--
INFO: Run ShowPageTrace Behavior [ RunTime:0.001660s ]
INFO: [ view_end ] --END-- [ RunTime:0.001773s ]

[ 2013-04-18T12:26:06+08:00 ] 0.0.0.0 /ba/index.php/Feed/comment
NOTIC: [2] ob_start(): output handler 'ob_gzhandler' conflicts with 'zlib output compression' G:\program\thinkphp\Lib\Core\App.class.php 第 49 行.
NOTIC: [8] ob_start(): failed to create buffer G:\program\thinkphp\Lib\Core\App.class.php 第 49 行.
INFO: [ app_begin ] --START--
INFO: Run ReadHtmlCache Behavior [ RunTime:0.001472s ]
INFO: [ app_begin ] --END-- [ RunTime:0.001573s ]
INFO: [ view_template ] --START--
INFO: Run LocationTemplate Behavior [ RunTime:0.001106s ]
INFO: [ view_template ] --END-- [ RunTime:0.001217s ]
INFO: [ view_parse ] --START--
INFO: Run ParseTemplate Behavior [ RunTime:0.016292s ]
INFO: [ view_parse ] --END-- [ RunTime:0.016439s ]
INFO: [ view_filter ] --START--
INFO: Run ContentReplace Behavior [ RunTime:0.001252s ]
INFO: Run TokenBuild Behavior [ RunTime:0.001332s ]
INFO: Run WriteHtmlCache Behavior [ RunTime:0.000969s ]
INFO: Run ShowRuntime Behavior [ RunTime:0.001308s ]
INFO: [ view_filter ] --END-- [ RunTime:0.005420s ]
INFO: [ view_end ] --START--
INFO: Run ShowPageTrace Behavior [ RunTime:0.002038s ]
INFO: [ view_end ] --END-- [ RunTime:0.002150s ]

[ 2013-04-18T12:26:54+08:00 ] 0.0.0.0 /ba/index.php/Feed/comment
NOTIC: [2] ob_start(): output handler 'ob_gzhandler' conflicts with 'zlib output compression' G:\program\thinkphp\Lib\Core\App.class.php 第 49 行.
NOTIC: [8] ob_start(): failed to create buffer G:\program\thinkphp\Lib\Core\App.class.php 第 49 行.
INFO: [ app_begin ] --START--
INFO: Run ReadHtmlCache Behavior [ RunTime:0.001434s ]
INFO: [ app_begin ] --END-- [ RunTime:0.001531s ]
INFO: [ view_template ] --START--
INFO: Run LocationTemplate Behavior [ RunTime:0.001472s ]
INFO: [ view_template ] --END-- [ RunTime:0.001588s ]
INFO: [ view_parse ] --START--
INFO: Run ParseTemplate Behavior [ RunTime:0.016077s ]
INFO: [ view_parse ] --END-- [ RunTime:0.016227s ]
INFO: [ view_filter ] --START--
INFO: Run ContentReplace Behavior [ RunTime:0.001252s ]
INFO: Run TokenBuild Behavior [ RunTime:0.001179s ]
INFO: Run WriteHtmlCache Behavior [ RunTime:0.000916s ]
INFO: Run ShowRuntime Behavior [ RunTime:0.001305s ]
INFO: [ view_filter ] --END-- [ RunTime:0.004980s ]
INFO: [ view_end ] --START--
INFO: Run ShowPageTrace Behavior [ RunTime:0.002766s ]
INFO: [ view_end ] --END-- [ RunTime:0.002879s ]

[ 2013-04-18T12:37:47+08:00 ] 0.0.0.0 /ba/index.php/Feed/comment
NOTIC: [2] ob_start(): output handler 'ob_gzhandler' conflicts with 'zlib output compression' G:\program\thinkphp\Lib\Core\App.class.php 第 49 行.
NOTIC: [8] ob_start(): failed to create buffer G:\program\thinkphp\Lib\Core\App.class.php 第 49 行.
INFO: [ app_begin ] --START--
INFO: Run ReadHtmlCache Behavior [ RunTime:0.001408s ]
INFO: [ app_begin ] --END-- [ RunTime:0.001511s ]
INFO: [ view_template ] --START--
INFO: Run LocationTemplate Behavior [ RunTime:0.001484s ]
INFO: [ view_template ] --END-- [ RunTime:0.001606s ]
INFO: [ view_parse ] --START--
INFO: Run ParseTemplate Behavior [ RunTime:0.016185s ]
INFO: [ view_parse ] --END-- [ RunTime:0.016342s ]
INFO: [ view_filter ] --START--
INFO: Run ContentReplace Behavior [ RunTime:0.001131s ]
INFO: Run TokenBuild Behavior [ RunTime:0.001165s ]
INFO: Run WriteHtmlCache Behavior [ RunTime:0.000947s ]
INFO: Run ShowRuntime Behavior [ RunTime:0.001535s ]
INFO: [ view_filter ] --END-- [ RunTime:0.005119s ]
INFO: [ view_end ] --START--
INFO: Run ShowPageTrace Behavior [ RunTime:0.009358s ]
INFO: [ view_end ] --END-- [ RunTime:0.009475s ]

[ 2013-04-18T12:37:48+08:00 ] 0.0.0.0 /ba/index.php/Feed/comment
NOTIC: [2] ob_start(): output handler 'ob_gzhandler' conflicts with 'zlib output compression' G:\program\thinkphp\Lib\Core\App.class.php 第 49 行.
NOTIC: [8] ob_start(): failed to create buffer G:\program\thinkphp\Lib\Core\App.class.php 第 49 行.
INFO: [ app_begin ] --START--
INFO: Run ReadHtmlCache Behavior [ RunTime:0.001386s ]
INFO: [ app_begin ] --END-- [ RunTime:0.001484s ]
INFO: [ view_template ] --START--
INFO: Run LocationTemplate Behavior [ RunTime:0.001099s ]
INFO: [ view_template ] --END-- [ RunTime:0.001214s ]
INFO: [ view_parse ] --START--
INFO: Run ParseTemplate Behavior [ RunTime:0.031607s ]
INFO: [ view_parse ] --END-- [ RunTime:0.031752s ]
INFO: [ view_filter ] --START--
INFO: Run ContentReplace Behavior [ RunTime:0.001082s ]
INFO: Run TokenBuild Behavior [ RunTime:0.001184s ]
INFO: Run WriteHtmlCache Behavior [ RunTime:0.000986s ]
INFO: Run ShowRuntime Behavior [ RunTime:0.001315s ]
INFO: [ view_filter ] --END-- [ RunTime:0.004881s ]
INFO: [ view_end ] --START--
INFO: Run ShowPageTrace Behavior [ RunTime:0.001553s ]
INFO: [ view_end ] --END-- [ RunTime:0.001657s ]

[ 2013-04-18T12:37:53+08:00 ] 0.0.0.0 /ba/index.php/Feed/comment
NOTIC: [2] ob_start(): output handler 'ob_gzhandler' conflicts with 'zlib output compression' G:\program\thinkphp\Lib\Core\App.class.php 第 49 行.
NOTIC: [8] ob_start(): failed to create buffer G:\program\thinkphp\Lib\Core\App.class.php 第 49 行.
INFO: [ app_begin ] --START--
INFO: Run ReadHtmlCache Behavior [ RunTime:0.001404s ]
INFO: [ app_begin ] --END-- [ RunTime:0.001506s ]
INFO: [ view_template ] --START--
INFO: Run LocationTemplate Behavior [ RunTime:0.001113s ]
INFO: [ view_template ] --END-- [ RunTime:0.001227s ]
INFO: [ view_parse ] --START--
INFO: Run ParseTemplate Behavior [ RunTime:0.015676s ]
INFO: [ view_parse ] --END-- [ RunTime:0.015821s ]
INFO: [ view_filter ] --START--
INFO: Run ContentReplace Behavior [ RunTime:0.001127s ]
INFO: Run TokenBuild Behavior [ RunTime:0.001231s ]
INFO: Run WriteHtmlCache Behavior [ RunTime:0.000992s ]
INFO: Run ShowRuntime Behavior [ RunTime:0.001323s ]
INFO: [ view_filter ] --END-- [ RunTime:0.005013s ]
INFO: [ view_end ] --START--
INFO: Run ShowPageTrace Behavior [ RunTime:0.001647s ]
INFO: [ view_end ] --END-- [ RunTime:0.001760s ]

[ 2013-04-18T17:37:00+08:00 ] ERR: (ThinkException) 非法操作:themes
[ 2013-04-18T17:37:00+08:00 ] ERR: (ThinkException) 非法操作:js
[ 2013-04-18T17:37:00+08:00 ] ERR: (ThinkException) 非法操作:js
[ 2013-04-18T17:39:22+08:00 ] 0.0.0.0 /ba/index.php/Feed/comment
NOTIC: [2] ob_start(): output handler 'ob_gzhandler' conflicts with 'zlib output compression' G:\program\thinkphp\Lib\Core\App.class.php 第 49 行.
NOTIC: [8] ob_start(): failed to create buffer G:\program\thinkphp\Lib\Core\App.class.php 第 49 行.
INFO: [ app_begin ] --START--
INFO: Run ReadHtmlCache Behavior [ RunTime:0.001414s ]
INFO: [ app_begin ] --END-- [ RunTime:0.001507s ]
INFO: [ view_template ] --START--
INFO: Run LocationTemplate Behavior [ RunTime:0.001478s ]
INFO: [ view_template ] --END-- [ RunTime:0.001600s ]
INFO: [ view_parse ] --START--
INFO: Run ParseTemplate Behavior [ RunTime:0.018704s ]
INFO: [ view_parse ] --END-- [ RunTime:0.018868s ]
INFO: [ view_filter ] --START--
INFO: Run ContentReplace Behavior [ RunTime:0.001194s ]
INFO: Run TokenBuild Behavior [ RunTime:0.001118s ]
INFO: Run WriteHtmlCache Behavior [ RunTime:0.000914s ]
INFO: Run ShowRuntime Behavior [ RunTime:0.001311s ]
INFO: [ view_filter ] --END-- [ RunTime:0.004854s ]
INFO: [ view_end ] --START--
INFO: Run ShowPageTrace Behavior [ RunTime:0.001647s ]
INFO: [ view_end ] --END-- [ RunTime:0.001750s ]

[ 2013-04-18T17:39:24+08:00 ] 0.0.0.0 /ba/index.php/Feed/comment
NOTIC: [2] ob_start(): output handler 'ob_gzhandler' conflicts with 'zlib output compression' G:\program\thinkphp\Lib\Core\App.class.php 第 49 行.
NOTIC: [8] ob_start(): failed to create buffer G:\program\thinkphp\Lib\Core\App.class.php 第 49 行.
INFO: [ app_begin ] --START--
INFO: Run ReadHtmlCache Behavior [ RunTime:0.001596s ]
INFO: [ app_begin ] --END-- [ RunTime:0.001692s ]
INFO: [ view_template ] --START--
INFO: Run LocationTemplate Behavior [ RunTime:0.001124s ]
INFO: [ view_template ] --END-- [ RunTime:0.001239s ]
INFO: [ view_parse ] --START--
INFO: Run ParseTemplate Behavior [ RunTime:0.018589s ]
INFO: [ view_parse ] --END-- [ RunTime:0.018742s ]
INFO: [ view_filter ] --START--
INFO: Run ContentReplace Behavior [ RunTime:0.001083s ]
INFO: Run TokenBuild Behavior [ RunTime:0.001409s ]
INFO: Run WriteHtmlCache Behavior [ RunTime:0.000933s ]
INFO: Run ShowRuntime Behavior [ RunTime:0.001206s ]
INFO: [ view_filter ] --END-- [ RunTime:0.004935s ]
INFO: [ view_end ] --START--
INFO: Run ShowPageTrace Behavior [ RunTime:0.001522s ]
INFO: [ view_end ] --END-- [ RunTime:0.001620s ]

[ 2013-04-18T17:39:25+08:00 ] 0.0.0.0 /ba/index.php/Feed/comment
NOTIC: [2] ob_start(): output handler 'ob_gzhandler' conflicts with 'zlib output compression' G:\program\thinkphp\Lib\Core\App.class.php 第 49 行.
NOTIC: [8] ob_start(): failed to create buffer G:\program\thinkphp\Lib\Core\App.class.php 第 49 行.
INFO: [ app_begin ] --START--
INFO: Run ReadHtmlCache Behavior [ RunTime:0.001522s ]
INFO: [ app_begin ] --END-- [ RunTime:0.001625s ]
INFO: [ view_template ] --START--
INFO: Run LocationTemplate Behavior [ RunTime:0.001404s ]
INFO: [ view_template ] --END-- [ RunTime:0.001524s ]
INFO: [ view_parse ] --START--
INFO: Run ParseTemplate Behavior [ RunTime:0.017959s ]
INFO: [ view_parse ] --END-- [ RunTime:0.018109s ]
INFO: [ view_filter ] --START--
INFO: Run ContentReplace Behavior [ RunTime:0.001108s ]
INFO: Run TokenBuild Behavior [ RunTime:0.001204s ]
INFO: Run WriteHtmlCache Behavior [ RunTime:0.000872s ]
INFO: Run ShowRuntime Behavior [ RunTime:0.001207s ]
INFO: [ view_filter ] --END-- [ RunTime:0.004711s ]
INFO: [ view_end ] --START--
INFO: Run ShowPageTrace Behavior [ RunTime:0.001529s ]
INFO: [ view_end ] --END-- [ RunTime:0.001629s ]

[ 2013-04-18T17:39:25+08:00 ] 0.0.0.0 /ba/index.php/Feed/comment
NOTIC: [2] ob_start(): output handler 'ob_gzhandler' conflicts with 'zlib output compression' G:\program\thinkphp\Lib\Core\App.class.php 第 49 行.
NOTIC: [8] ob_start(): failed to create buffer G:\program\thinkphp\Lib\Core\App.class.php 第 49 行.
INFO: [ app_begin ] --START--
INFO: Run ReadHtmlCache Behavior [ RunTime:0.001625s ]
INFO: [ app_begin ] --END-- [ RunTime:0.001723s ]
INFO: [ view_template ] --START--
INFO: Run LocationTemplate Behavior [ RunTime:0.001129s ]
INFO: [ view_template ] --END-- [ RunTime:0.001248s ]
INFO: [ view_parse ] --START--
INFO: Run ParseTemplate Behavior [ RunTime:0.017833s ]
INFO: [ view_parse ] --END-- [ RunTime:0.017979s ]
INFO: [ view_filter ] --START--
INFO: Run ContentReplace Behavior [ RunTime:0.001083s ]
INFO: Run TokenBuild Behavior [ RunTime:0.001046s ]
INFO: Run WriteHtmlCache Behavior [ RunTime:0.000841s ]
INFO: Run ShowRuntime Behavior [ RunTime:0.001206s ]
INFO: [ view_filter ] --END-- [ RunTime:0.004462s ]
INFO: [ view_end ] --START--
INFO: Run ShowPageTrace Behavior [ RunTime:0.001532s ]
INFO: [ view_end ] --END-- [ RunTime:0.001634s ]

[ 2013-04-18T17:39:25+08:00 ] 0.0.0.0 /ba/index.php/Feed/comment
NOTIC: [2] ob_start(): output handler 'ob_gzhandler' conflicts with 'zlib output compression' G:\program\thinkphp\Lib\Core\App.class.php 第 49 行.
NOTIC: [8] ob_start(): failed to create buffer G:\program\thinkphp\Lib\Core\App.class.php 第 49 行.
INFO: [ app_begin ] --START--
INFO: Run ReadHtmlCache Behavior [ RunTime:0.001379s ]
INFO: [ app_begin ] --END-- [ RunTime:0.001474s ]
INFO: [ view_template ] --START--
INFO: Run LocationTemplate Behavior [ RunTime:0.001160s ]
INFO: [ view_template ] --END-- [ RunTime:0.001279s ]
INFO: [ view_parse ] --START--
INFO: Run ParseTemplate Behavior [ RunTime:0.018072s ]
INFO: [ view_parse ] --END-- [ RunTime:0.018224s ]
INFO: [ view_filter ] --START--
INFO: Run ContentReplace Behavior [ RunTime:0.001790s ]
INFO: Run TokenBuild Behavior [ RunTime:0.001196s ]
INFO: Run WriteHtmlCache Behavior [ RunTime:0.000982s ]
INFO: Run ShowRuntime Behavior [ RunTime:0.001309s ]
INFO: [ view_filter ] --END-- [ RunTime:0.005625s ]
INFO: [ view_end ] --START--
INFO: Run ShowPageTrace Behavior [ RunTime:0.001607s ]
INFO: [ view_end ] --END-- [ RunTime:0.001716s ]

[ 2013-04-18T17:39:25+08:00 ] 0.0.0.0 /ba/index.php/Feed/comment
NOTIC: [2] ob_start(): output handler 'ob_gzhandler' conflicts with 'zlib output compression' G:\program\thinkphp\Lib\Core\App.class.php 第 49 行.
NOTIC: [8] ob_start(): failed to create buffer G:\program\thinkphp\Lib\Core\App.class.php 第 49 行.
INFO: [ app_begin ] --START--
INFO: Run ReadHtmlCache Behavior [ RunTime:0.001639s ]
INFO: [ app_begin ] --END-- [ RunTime:0.001751s ]
INFO: [ view_template ] --START--
INFO: Run LocationTemplate Behavior [ RunTime:0.001137s ]
INFO: [ view_template ] --END-- [ RunTime:0.001254s ]
INFO: [ view_parse ] --START--
INFO: Run ParseTemplate Behavior [ RunTime:0.018060s ]
INFO: [ view_parse ] --END-- [ RunTime:0.018214s ]
INFO: [ view_filter ] --START--
INFO: Run ContentReplace Behavior [ RunTime:0.001235s ]
INFO: Run TokenBuild Behavior [ RunTime:0.001058s ]
INFO: Run WriteHtmlCache Behavior [ RunTime:0.000897s ]
INFO: Run ShowRuntime Behavior [ RunTime:0.001250s ]
INFO: [ view_filter ] --END-- [ RunTime:0.004742s ]
INFO: [ view_end ] --START--
INFO: Run ShowPageTrace Behavior [ RunTime:0.001496s ]
INFO: [ view_end ] --END-- [ RunTime:0.001593s ]

[ 2013-04-18T17:39:26+08:00 ] 0.0.0.0 /ba/index.php/Feed/comment
NOTIC: [2] ob_start(): output handler 'ob_gzhandler' conflicts with 'zlib output compression' G:\program\thinkphp\Lib\Core\App.class.php 第 49 行.
NOTIC: [8] ob_start(): failed to create buffer G:\program\thinkphp\Lib\Core\App.class.php 第 49 行.
INFO: [ app_begin ] --START--
INFO: Run ReadHtmlCache Behavior [ RunTime:0.001656s ]
INFO: [ app_begin ] --END-- [ RunTime:0.001755s ]
INFO: [ view_template ] --START--
INFO: Run LocationTemplate Behavior [ RunTime:0.001431s ]
INFO: [ view_template ] --END-- [ RunTime:0.001557s ]
INFO: [ view_parse ] --START--
INFO: Run ParseTemplate Behavior [ RunTime:0.018955s ]
INFO: [ view_parse ] --END-- [ RunTime:0.019106s ]
INFO: [ view_filter ] --START--
INFO: Run ContentReplace Behavior [ RunTime:0.001224s ]
INFO: Run TokenBuild Behavior [ RunTime:0.001054s ]
INFO: Run WriteHtmlCache Behavior [ RunTime:0.000841s ]
INFO: Run ShowRuntime Behavior [ RunTime:0.001203s ]
INFO: [ view_filter ] --END-- [ RunTime:0.004613s ]
INFO: [ view_end ] --START--
INFO: Run ShowPageTrace Behavior [ RunTime:0.001750s ]
INFO: [ view_end ] --END-- [ RunTime:0.002070s ]

[ 2013-04-18T17:39:48+08:00 ] 0.0.0.0 /ba/index.php/Feed/comment
INFO: [ app_begin ] --START--
INFO: Run ReadHtmlCache Behavior [ RunTime:0.001697s ]
INFO: [ app_begin ] --END-- [ RunTime:0.001819s ]
INFO: [ view_template ] --START--
INFO: Run LocationTemplate Behavior [ RunTime:0.001943s ]
INFO: [ view_template ] --END-- [ RunTime:0.002063s ]
INFO: [ view_parse ] --START--
INFO: Run ParseTemplate Behavior [ RunTime:0.018469s ]
INFO: [ view_parse ] --END-- [ RunTime:0.018595s ]
INFO: [ view_filter ] --START--
INFO: Run ContentReplace Behavior [ RunTime:0.001419s ]
INFO: Run TokenBuild Behavior [ RunTime:0.001593s ]
INFO: Run WriteHtmlCache Behavior [ RunTime:0.001250s ]
INFO: Run ShowRuntime Behavior [ RunTime:0.001455s ]
INFO: [ view_filter ] --END-- [ RunTime:0.006039s ]
INFO: [ view_end ] --START--
INFO: Run ShowPageTrace Behavior [ RunTime:0.002198s ]
INFO: [ view_end ] --END-- [ RunTime:0.002307s ]

[ 2013-04-18T17:39:51+08:00 ] 0.0.0.0 /ba/index.php/Feed/comment
NOTIC: [2] ob_start(): output handler 'ob_gzhandler' conflicts with 'zlib output compression' G:\program\thinkphp\Lib\Core\App.class.php 第 49 行.
NOTIC: [8] ob_start(): failed to create buffer G:\program\thinkphp\Lib\Core\App.class.php 第 49 行.
INFO: [ app_begin ] --START--
INFO: Run ReadHtmlCache Behavior [ RunTime:0.001441s ]
INFO: [ app_begin ] --END-- [ RunTime:0.001538s ]
INFO: [ view_template ] --START--
INFO: Run LocationTemplate Behavior [ RunTime:0.001110s ]
INFO: [ view_template ] --END-- [ RunTime:0.001224s ]
INFO: [ view_parse ] --START--
INFO: Run ParseTemplate Behavior [ RunTime:0.015613s ]
INFO: [ view_parse ] --END-- [ RunTime:0.015761s ]
INFO: [ view_filter ] --START--
INFO: Run ContentReplace Behavior [ RunTime:0.001156s ]
INFO: Run TokenBuild Behavior [ RunTime:0.005518s ]
INFO: Run WriteHtmlCache Behavior [ RunTime:0.001116s ]
INFO: Run ShowRuntime Behavior [ RunTime:0.001699s ]
INFO: [ view_filter ] --END-- [ RunTime:0.009844s ]
INFO: [ view_end ] --START--
INFO: Run ShowPageTrace Behavior [ RunTime:0.002677s ]
INFO: [ view_end ] --END-- [ RunTime:0.002860s ]

[ 2013-04-18T17:39:52+08:00 ] 0.0.0.0 /ba/index.php/Feed/comment
NOTIC: [2] ob_start(): output handler 'ob_gzhandler' conflicts with 'zlib output compression' G:\program\thinkphp\Lib\Core\App.class.php 第 49 行.
NOTIC: [8] ob_start(): failed to create buffer G:\program\thinkphp\Lib\Core\App.class.php 第 49 行.
INFO: [ app_begin ] --START--
INFO: Run ReadHtmlCache Behavior [ RunTime:0.001402s ]
INFO: [ app_begin ] --END-- [ RunTime:0.001494s ]
INFO: [ view_template ] --START--
INFO: Run LocationTemplate Behavior [ RunTime:0.001848s ]
INFO: [ view_template ] --END-- [ RunTime:0.001979s ]
INFO: [ view_parse ] --START--
INFO: Run ParseTemplate Behavior [ RunTime:0.021216s ]
INFO: [ view_parse ] --END-- [ RunTime:0.021380s ]
INFO: [ view_filter ] --START--
INFO: Run ContentReplace Behavior [ RunTime:0.001164s ]
INFO: Run TokenBuild Behavior [ RunTime:0.001058s ]
INFO: Run WriteHtmlCache Behavior [ RunTime:0.000866s ]
INFO: Run ShowRuntime Behavior [ RunTime:0.001261s ]
INFO: [ view_filter ] --END-- [ RunTime:0.004643s ]
INFO: [ view_end ] --START--
INFO: Run ShowPageTrace Behavior [ RunTime:0.001655s ]
INFO: [ view_end ] --END-- [ RunTime:0.001763s ]

[ 2013-04-18T17:50:39+08:00 ] 0.0.0.0 /ba/index.php/Feed/comment
NOTIC: [2] ob_start(): output handler 'ob_gzhandler' conflicts with 'zlib output compression' G:\program\thinkphp\Lib\Core\App.class.php 第 49 行.
NOTIC: [8] ob_start(): failed to create buffer G:\program\thinkphp\Lib\Core\App.class.php 第 49 行.
INFO: [ app_begin ] --START--
INFO: Run ReadHtmlCache Behavior [ RunTime:0.001719s ]
INFO: [ app_begin ] --END-- [ RunTime:0.001836s ]
INFO: [ view_template ] --START--
INFO: Run LocationTemplate Behavior [ RunTime:0.002031s ]
INFO: [ view_template ] --END-- [ RunTime:0.002153s ]
INFO: [ view_parse ] --START--
INFO: Run ParseTemplate Behavior [ RunTime:0.017252s ]
INFO: [ view_parse ] --END-- [ RunTime:0.017407s ]
INFO: [ view_filter ] --START--
INFO: Run ContentReplace Behavior [ RunTime:0.001450s ]
INFO: Run TokenBuild Behavior [ RunTime:0.001470s ]
INFO: Run WriteHtmlCache Behavior [ RunTime:0.001165s ]
INFO: Run ShowRuntime Behavior [ RunTime:0.001493s ]
INFO: [ view_filter ] --END-- [ RunTime:0.005903s ]
INFO: [ view_end ] --START--
INFO: Run ShowPageTrace Behavior [ RunTime:0.001869s ]
INFO: [ view_end ] --END-- [ RunTime:0.001974s ]

[ 2013-04-18T17:52:25+08:00 ] 0.0.0.0 /ba/index.php/Feed/comment
NOTIC: [2] ob_start(): output handler 'ob_gzhandler' conflicts with 'zlib output compression' G:\program\thinkphp\Lib\Core\App.class.php 第 49 行.
NOTIC: [8] ob_start(): failed to create buffer G:\program\thinkphp\Lib\Core\App.class.php 第 49 行.
INFO: [ app_begin ] --START--
INFO: Run ReadHtmlCache Behavior [ RunTime:0.001685s ]
INFO: [ app_begin ] --END-- [ RunTime:0.001786s ]
INFO: [ view_template ] --START--
INFO: Run LocationTemplate Behavior [ RunTime:0.001960s ]
INFO: [ view_template ] --END-- [ RunTime:0.002078s ]
INFO: [ view_parse ] --START--
NOTIC: [8] Undefined variable: sfeed G:\program\ba\Runtime\Cache\7a9a55aff6f47e257060ca0ab28ec843.php 第 4 行.
INFO: Run ParseTemplate Behavior [ RunTime:0.017130s ]
INFO: [ view_parse ] --END-- [ RunTime:0.017257s ]
INFO: [ view_filter ] --START--
INFO: Run ContentReplace Behavior [ RunTime:0.001393s ]
INFO: Run TokenBuild Behavior [ RunTime:0.001577s ]
INFO: Run WriteHtmlCache Behavior [ RunTime:0.001275s ]
INFO: Run ShowRuntime Behavior [ RunTime:0.001559s ]
INFO: [ view_filter ] --END-- [ RunTime:0.006147s ]
INFO: [ view_end ] --START--
INFO: Run ShowPageTrace Behavior [ RunTime:0.002342s ]
INFO: [ view_end ] --END-- [ RunTime:0.002460s ]

[ 2013-04-18T18:18:34+08:00 ] 0.0.0.0 /ba/index.php/Feed/comment
NOTIC: [2] ob_start(): output handler 'ob_gzhandler' conflicts with 'zlib output compression' G:\program\thinkphp\Lib\Core\App.class.php 第 49 行.
NOTIC: [8] ob_start(): failed to create buffer G:\program\thinkphp\Lib\Core\App.class.php 第 49 行.
INFO: [ app_begin ] --START--
INFO: Run ReadHtmlCache Behavior [ RunTime:0.001691s ]
INFO: [ app_begin ] --END-- [ RunTime:0.001794s ]
INFO: [ view_template ] --START--
INFO: Run LocationTemplate Behavior [ RunTime:0.002044s ]
INFO: [ view_template ] --END-- [ RunTime:0.002166s ]
INFO: [ view_parse ] --START--
NOTIC: [8] Undefined variable: sfeed G:\program\ba\Runtime\Cache\7a9a55aff6f47e257060ca0ab28ec843.php 第 4 行.
INFO: Run ParseTemplate Behavior [ RunTime:0.017003s ]
INFO: [ view_parse ] --END-- [ RunTime:0.017479s ]
INFO: [ view_filter ] --START--
INFO: Run ContentReplace Behavior [ RunTime:0.001508s ]
INFO: Run TokenBuild Behavior [ RunTime:0.001331s ]
INFO: Run WriteHtmlCache Behavior [ RunTime:0.001198s ]
INFO: Run ShowRuntime Behavior [ RunTime:0.001531s ]
INFO: [ view_filter ] --END-- [ RunTime:0.005894s ]
INFO: [ view_end ] --START--
INFO: Run ShowPageTrace Behavior [ RunTime:0.001899s ]
INFO: [ view_end ] --END-- [ RunTime:0.002013s ]

[ 2013-04-18T18:18:39+08:00 ] ERR: (ThinkException) Model:creat您所请求的方法不存在！
[ 2013-04-18T18:18:54+08:00 ] 0.0.0.0 /ba/index.php/Feed/comment
NOTIC: [2] ob_start(): output handler 'ob_gzhandler' conflicts with 'zlib output compression' G:\program\thinkphp\Lib\Core\App.class.php 第 49 行.
NOTIC: [8] ob_start(): failed to create buffer G:\program\thinkphp\Lib\Core\App.class.php 第 49 行.
INFO: [ app_begin ] --START--
INFO: Run ReadHtmlCache Behavior [ RunTime:0.001609s ]
INFO: [ app_begin ] --END-- [ RunTime:0.001705s ]
INFO: [ view_template ] --START--
INFO: Run LocationTemplate Behavior [ RunTime:0.002065s ]
INFO: [ view_template ] --END-- [ RunTime:0.002192s ]
INFO: [ view_parse ] --START--
NOTIC: [8] Undefined variable: sfeed G:\program\ba\Runtime\Cache\7a9a55aff6f47e257060ca0ab28ec843.php 第 4 行.
INFO: Run ParseTemplate Behavior [ RunTime:0.016986s ]
INFO: [ view_parse ] --END-- [ RunTime:0.017112s ]
INFO: [ view_filter ] --START--
INFO: Run ContentReplace Behavior [ RunTime:0.001424s ]
INFO: Run TokenBuild Behavior [ RunTime:0.001430s ]
INFO: Run WriteHtmlCache Behavior [ RunTime:0.001203s ]
INFO: Run ShowRuntime Behavior [ RunTime:0.001600s ]
INFO: [ view_filter ] --END-- [ RunTime:0.006001s ]
INFO: [ view_end ] --START--
INFO: Run ShowPageTrace Behavior [ RunTime:0.003070s ]
INFO: [ view_end ] --END-- [ RunTime:0.003188s ]

[ 2013-04-18T18:35:14+08:00 ] ERR: (ThinkException) 非法操作:themes
[ 2013-04-18T18:35:14+08:00 ] ERR: (ThinkException) 非法操作:js
[ 2013-04-18T18:35:14+08:00 ] ERR: (ThinkException) 非法操作:js
[ 2013-04-18T18:35:25+08:00 ] 0.0.0.0 /ba/index.php/Feed/comment
NOTIC: [2] ob_start(): output handler 'ob_gzhandler' conflicts with 'zlib output compression' G:\program\thinkphp\Lib\Core\App.class.php 第 49 行.
NOTIC: [8] ob_start(): failed to create buffer G:\program\thinkphp\Lib\Core\App.class.php 第 49 行.
INFO: [ app_begin ] --START--
INFO: Run ReadHtmlCache Behavior [ RunTime:0.002240s ]
INFO: [ app_begin ] --END-- [ RunTime:0.002352s ]
INFO: [ view_template ] --START--
INFO: Run LocationTemplate Behavior [ RunTime:0.002872s ]
INFO: [ view_template ] --END-- [ RunTime:0.002995s ]
INFO: [ view_parse ] --START--
INFO: Run ParseTemplate Behavior [ RunTime:0.020365s ]
INFO: [ view_parse ] --END-- [ RunTime:0.020521s ]
INFO: [ view_filter ] --START--
INFO: Run ContentReplace Behavior [ RunTime:0.001724s ]
INFO: Run TokenBuild Behavior [ RunTime:0.001799s ]
INFO: Run WriteHtmlCache Behavior [ RunTime:0.001624s ]
INFO: Run ShowRuntime Behavior [ RunTime:0.001969s ]
INFO: [ view_filter ] --END-- [ RunTime:0.007411s ]
INFO: [ view_end ] --START--
INFO: Run ShowPageTrace Behavior [ RunTime:0.002241s ]
INFO: [ view_end ] --END-- [ RunTime:0.002340s ]

[ 2013-04-18T18:35:28+08:00 ] 0.0.0.0 /ba/index.php/Feed/comment
NOTIC: [2] ob_start(): output handler 'ob_gzhandler' conflicts with 'zlib output compression' G:\program\thinkphp\Lib\Core\App.class.php 第 49 行.
NOTIC: [8] ob_start(): failed to create buffer G:\program\thinkphp\Lib\Core\App.class.php 第 49 行.
INFO: [ app_begin ] --START--
INFO: Run ReadHtmlCache Behavior [ RunTime:0.002244s ]
INFO: [ app_begin ] --END-- [ RunTime:0.002347s ]
INFO: [ view_template ] --START--
INFO: Run LocationTemplate Behavior [ RunTime:0.002775s ]
INFO: [ view_template ] --END-- [ RunTime:0.002898s ]
INFO: [ view_parse ] --START--
INFO: Run ParseTemplate Behavior [ RunTime:0.048592s ]
INFO: [ view_parse ] --END-- [ RunTime:0.048741s ]
INFO: [ view_filter ] --START--
INFO: Run ContentReplace Behavior [ RunTime:0.001881s ]
INFO: Run TokenBuild Behavior [ RunTime:0.002578s ]
INFO: Run WriteHtmlCache Behavior [ RunTime:0.002035s ]
INFO: Run ShowRuntime Behavior [ RunTime:0.002097s ]
INFO: [ view_filter ] --END-- [ RunTime:0.008930s ]
INFO: [ view_end ] --START--
INFO: Run ShowPageTrace Behavior [ RunTime:0.002655s ]
INFO: [ view_end ] --END-- [ RunTime:0.002773s ]

[ 2013-04-18T18:35:49+08:00 ] 0.0.0.0 /ba/index.php/Feed/comment
NOTIC: [2] ob_start(): output handler 'ob_gzhandler' conflicts with 'zlib output compression' G:\program\thinkphp\Lib\Core\App.class.php 第 49 行.
NOTIC: [8] ob_start(): failed to create buffer G:\program\thinkphp\Lib\Core\App.class.php 第 49 行.
INFO: [ app_begin ] --START--
INFO: Run ReadHtmlCache Behavior [ RunTime:0.001900s ]
INFO: [ app_begin ] --END-- [ RunTime:0.002005s ]
INFO: [ view_template ] --START--
INFO: Run LocationTemplate Behavior [ RunTime:0.002232s ]
INFO: [ view_template ] --END-- [ RunTime:0.002355s ]
INFO: [ view_parse ] --START--
INFO: Run ParseTemplate Behavior [ RunTime:0.020490s ]
INFO: [ view_parse ] --END-- [ RunTime:0.020640s ]
INFO: [ view_filter ] --START--
INFO: Run ContentReplace Behavior [ RunTime:0.001520s ]
INFO: Run TokenBuild Behavior [ RunTime:0.001513s ]
INFO: Run WriteHtmlCache Behavior [ RunTime:0.002533s ]
INFO: Run ShowRuntime Behavior [ RunTime:0.003344s ]
INFO: [ view_filter ] --END-- [ RunTime:0.009295s ]
INFO: [ view_end ] --START--
INFO: Run ShowPageTrace Behavior [ RunTime:0.002212s ]
INFO: [ view_end ] --END-- [ RunTime:0.002324s ]

[ 2013-04-18T18:38:20+08:00 ] 0.0.0.0 /ba/index.php/Feed/comment
NOTIC: [2] ob_start(): output handler 'ob_gzhandler' conflicts with 'zlib output compression' G:\program\thinkphp\Lib\Core\App.class.php 第 49 行.
NOTIC: [8] ob_start(): failed to create buffer G:\program\thinkphp\Lib\Core\App.class.php 第 49 行.
INFO: [ app_begin ] --START--
INFO: Run ReadHtmlCache Behavior [ RunTime:0.002362s ]
INFO: [ app_begin ] --END-- [ RunTime:0.002483s ]
INFO: [ view_template ] --START--
INFO: Run LocationTemplate Behavior [ RunTime:0.003119s ]
INFO: [ view_template ] --END-- [ RunTime:0.003243s ]
INFO: [ view_parse ] --START--
INFO: Run ParseTemplate Behavior [ RunTime:0.032949s ]
INFO: [ view_parse ] --END-- [ RunTime:0.033098s ]
INFO: [ view_filter ] --START--
INFO: Run ContentReplace Behavior [ RunTime:0.002113s ]
INFO: Run TokenBuild Behavior [ RunTime:0.002027s ]
INFO: Run WriteHtmlCache Behavior [ RunTime:0.001927s ]
INFO: Run ShowRuntime Behavior [ RunTime:0.006787s ]
INFO: [ view_filter ] --END-- [ RunTime:0.013211s ]
INFO: [ view_end ] --START--
INFO: Run ShowPageTrace Behavior [ RunTime:0.002552s ]
INFO: [ view_end ] --END-- [ RunTime:0.002662s ]

[ 2013-04-18T18:40:05+08:00 ] 0.0.0.0 /ba/index.php/Feed/comment
NOTIC: [2] ob_start(): output handler 'ob_gzhandler' conflicts with 'zlib output compression' G:\program\thinkphp\Lib\Core\App.class.php 第 49 行.
NOTIC: [8] ob_start(): failed to create buffer G:\program\thinkphp\Lib\Core\App.class.php 第 49 行.
INFO: [ app_begin ] --START--
INFO: Run ReadHtmlCache Behavior [ RunTime:0.001634s ]
INFO: [ app_begin ] --END-- [ RunTime:0.001736s ]
INFO: [ view_template ] --START--
INFO: Run LocationTemplate Behavior [ RunTime:0.002047s ]
INFO: [ view_template ] --END-- [ RunTime:0.002208s ]
INFO: [ view_parse ] --START--
INFO: Run ParseTemplate Behavior [ RunTime:0.017698s ]
INFO: [ view_parse ] --END-- [ RunTime:0.017855s ]
INFO: [ view_filter ] --START--
INFO: Run ContentReplace Behavior [ RunTime:0.001738s ]
INFO: Run TokenBuild Behavior [ RunTime:0.001402s ]
INFO: Run WriteHtmlCache Behavior [ RunTime:0.001188s ]
INFO: Run ShowRuntime Behavior [ RunTime:0.009581s ]
INFO: [ view_filter ] --END-- [ RunTime:0.014259s ]
INFO: [ view_end ] --START--
INFO: Run ShowPageTrace Behavior [ RunTime:0.002106s ]
INFO: [ view_end ] --END-- [ RunTime:0.002213s ]

[ 2013-04-18T19:58:57+08:00 ] ERR: (ThinkException) 非法操作:themes
[ 2013-04-18T19:58:57+08:00 ] ERR: (ThinkException) 非法操作:js
[ 2013-04-18T19:58:57+08:00 ] ERR: (ThinkException) 非法操作:js
[ 2013-04-18T19:59:26+08:00 ] 0.0.0.0 /ba/index.php/Feed/comment
NOTIC: [2] ob_start(): output handler 'ob_gzhandler' conflicts with 'zlib output compression' G:\program\thinkphp\Lib\Core\App.class.php 第 49 行.
NOTIC: [8] ob_start(): failed to create buffer G:\program\thinkphp\Lib\Core\App.class.php 第 49 行.
INFO: [ app_begin ] --START--
INFO: Run ReadHtmlCache Behavior [ RunTime:0.001869s ]
INFO: [ app_begin ] --END-- [ RunTime:0.001965s ]
INFO: [ view_template ] --START--
INFO: Run LocationTemplate Behavior [ RunTime:0.002888s ]
INFO: [ view_template ] --END-- [ RunTime:0.003032s ]
INFO: [ view_parse ] --START--
INFO: Run ParseTemplate Behavior [ RunTime:0.019757s ]
INFO: [ view_parse ] --END-- [ RunTime:0.019970s ]
INFO: [ view_filter ] --START--
INFO: Run ContentReplace Behavior [ RunTime:0.001553s ]
INFO: Run TokenBuild Behavior [ RunTime:0.001277s ]
INFO: Run WriteHtmlCache Behavior [ RunTime:0.001456s ]
INFO: Run ShowRuntime Behavior [ RunTime:0.001783s ]
INFO: [ view_filter ] --END-- [ RunTime:0.006415s ]
INFO: [ view_end ] --START--
INFO: Run ShowPageTrace Behavior [ RunTime:0.002306s ]
INFO: [ view_end ] --END-- [ RunTime:0.002415s ]

[ 2013-04-18T20:04:21+08:00 ] 0.0.0.0 /ba/index.php/Feed/comment
NOTIC: [2] ob_start(): output handler 'ob_gzhandler' conflicts with 'zlib output compression' G:\program\thinkphp\Lib\Core\App.class.php 第 49 行.
NOTIC: [8] ob_start(): failed to create buffer G:\program\thinkphp\Lib\Core\App.class.php 第 49 行.
INFO: [ app_begin ] --START--
INFO: Run ReadHtmlCache Behavior [ RunTime:0.002134s ]
INFO: [ app_begin ] --END-- [ RunTime:0.002231s ]
INFO: [ view_template ] --START--
INFO: Run LocationTemplate Behavior [ RunTime:0.002501s ]
INFO: [ view_template ] --END-- [ RunTime:0.002619s ]
INFO: [ view_parse ] --START--
INFO: Run ParseTemplate Behavior [ RunTime:0.019490s ]
INFO: [ view_parse ] --END-- [ RunTime:0.019649s ]
INFO: [ view_filter ] --START--
INFO: Run ContentReplace Behavior [ RunTime:0.002556s ]
INFO: Run TokenBuild Behavior [ RunTime:0.001837s ]
INFO: Run WriteHtmlCache Behavior [ RunTime:0.001713s ]
INFO: Run ShowRuntime Behavior [ RunTime:0.002176s ]
INFO: [ view_filter ] --END-- [ RunTime:0.008636s ]
INFO: [ view_end ] --START--
INFO: Run ShowPageTrace Behavior [ RunTime:0.002448s ]
INFO: [ view_end ] --END-- [ RunTime:0.002562s ]

[ 2013-04-18T20:08:14+08:00 ] 0.0.0.0 /ba/index.php/Feed/comment
NOTIC: [2] ob_start(): output handler 'ob_gzhandler' conflicts with 'zlib output compression' G:\program\thinkphp\Lib\Core\App.class.php 第 49 行.
NOTIC: [8] ob_start(): failed to create buffer G:\program\thinkphp\Lib\Core\App.class.php 第 49 行.
INFO: [ app_begin ] --START--
INFO: Run ReadHtmlCache Behavior [ RunTime:0.002278s ]
INFO: [ app_begin ] --END-- [ RunTime:0.002391s ]
INFO: [ view_template ] --START--
INFO: Run LocationTemplate Behavior [ RunTime:0.003310s ]
INFO: [ view_template ] --END-- [ RunTime:0.003596s ]
INFO: [ view_parse ] --START--
INFO: Run ParseTemplate Behavior [ RunTime:0.020489s ]
INFO: [ view_parse ] --END-- [ RunTime:0.020647s ]
INFO: [ view_filter ] --START--
INFO: Run ContentReplace Behavior [ RunTime:0.002120s ]
INFO: Run TokenBuild Behavior [ RunTime:0.001972s ]
INFO: Run WriteHtmlCache Behavior [ RunTime:0.002292s ]
INFO: Run ShowRuntime Behavior [ RunTime:0.005766s ]
INFO: [ view_filter ] --END-- [ RunTime:0.012538s ]
INFO: [ view_end ] --START--
INFO: Run ShowPageTrace Behavior [ RunTime:0.003947s ]
INFO: [ view_end ] --END-- [ RunTime:0.004084s ]

[ 2013-04-18T20:09:02+08:00 ] 0.0.0.0 /ba/index.php/Feed/comment
NOTIC: [2] ob_start(): output handler 'ob_gzhandler' conflicts with 'zlib output compression' G:\program\thinkphp\Lib\Core\App.class.php 第 49 行.
NOTIC: [8] ob_start(): failed to create buffer G:\program\thinkphp\Lib\Core\App.class.php 第 49 行.
INFO: [ app_begin ] --START--
INFO: Run ReadHtmlCache Behavior [ RunTime:0.003064s ]
INFO: [ app_begin ] --END-- [ RunTime:0.003181s ]
INFO: [ view_template ] --START--
INFO: Run LocationTemplate Behavior [ RunTime:0.003338s ]
INFO: [ view_template ] --END-- [ RunTime:0.003484s ]
INFO: [ view_parse ] --START--
INFO: Run ParseTemplate Behavior [ RunTime:0.026516s ]
INFO: [ view_parse ] --END-- [ RunTime:0.026681s ]
INFO: [ view_filter ] --START--
INFO: Run ContentReplace Behavior [ RunTime:0.002587s ]
INFO: Run TokenBuild Behavior [ RunTime:0.002109s ]
INFO: Run WriteHtmlCache Behavior [ RunTime:0.001917s ]
INFO: Run ShowRuntime Behavior [ RunTime:0.004586s ]
INFO: [ view_filter ] --END-- [ RunTime:0.011601s ]
INFO: [ view_end ] --START--
INFO: Run ShowPageTrace Behavior [ RunTime:0.002587s ]
INFO: [ view_end ] --END-- [ RunTime:0.002705s ]

[ 2013-04-18T20:09:06+08:00 ] 0.0.0.0 /ba/index.php/Feed/comment
NOTIC: [2] ob_start(): output handler 'ob_gzhandler' conflicts with 'zlib output compression' G:\program\thinkphp\Lib\Core\App.class.php 第 49 行.
NOTIC: [8] ob_start(): failed to create buffer G:\program\thinkphp\Lib\Core\App.class.php 第 49 行.
INFO: [ app_begin ] --START--
INFO: Run ReadHtmlCache Behavior [ RunTime:0.001909s ]
INFO: [ app_begin ] --END-- [ RunTime:0.002010s ]
INFO: [ view_template ] --START--
INFO: Run LocationTemplate Behavior [ RunTime:0.002540s ]
INFO: [ view_template ] --END-- [ RunTime:0.002659s ]
INFO: [ view_parse ] --START--
INFO: Run ParseTemplate Behavior [ RunTime:0.029528s ]
INFO: [ view_parse ] --END-- [ RunTime:0.029684s ]
INFO: [ view_filter ] --START--
INFO: Run ContentReplace Behavior [ RunTime:0.001947s ]
INFO: Run TokenBuild Behavior [ RunTime:0.001507s ]
INFO: Run WriteHtmlCache Behavior [ RunTime:0.001923s ]
INFO: Run ShowRuntime Behavior [ RunTime:0.002074s ]
INFO: [ view_filter ] --END-- [ RunTime:0.007818s ]
INFO: [ view_end ] --START--
INFO: Run ShowPageTrace Behavior [ RunTime:0.002525s ]
INFO: [ view_end ] --END-- [ RunTime:0.002644s ]

[ 2013-04-18T20:58:40+08:00 ] ERR: (ThinkException) 非法操作:themes
[ 2013-04-18T20:58:40+08:00 ] ERR: (ThinkException) 非法操作:js
[ 2013-04-18T20:58:40+08:00 ] ERR: (ThinkException) 非法操作:js
[ 2013-04-18T20:58:53+08:00 ] 0.0.0.0 /ba/index.php/Feed/comment
NOTIC: [2] ob_start(): output handler 'ob_gzhandler' conflicts with 'zlib output compression' G:\program\thinkphp\Lib\Core\App.class.php 第 49 行.
NOTIC: [8] ob_start(): failed to create buffer G:\program\thinkphp\Lib\Core\App.class.php 第 49 行.
INFO: [ app_begin ] --START--
INFO: Run ReadHtmlCache Behavior [ RunTime:0.002014s ]
INFO: [ app_begin ] --END-- [ RunTime:0.002119s ]
INFO: [ view_template ] --START--
INFO: Run LocationTemplate Behavior [ RunTime:0.002624s ]
INFO: [ view_template ] --END-- [ RunTime:0.002747s ]
INFO: [ view_parse ] --START--
INFO: Run ParseTemplate Behavior [ RunTime:0.022903s ]
INFO: [ view_parse ] --END-- [ RunTime:0.023058s ]
INFO: [ view_filter ] --START--
INFO: Run ContentReplace Behavior [ RunTime:0.001490s ]
INFO: Run TokenBuild Behavior [ RunTime:0.001674s ]
INFO: Run WriteHtmlCache Behavior [ RunTime:0.001875s ]
INFO: Run ShowRuntime Behavior [ RunTime:0.002219s ]
INFO: [ view_filter ] --END-- [ RunTime:0.007607s ]
INFO: [ view_end ] --START--
INFO: Run ShowPageTrace Behavior [ RunTime:0.002120s ]
INFO: [ view_end ] --END-- [ RunTime:0.002228s ]

[ 2013-04-18T20:58:59+08:00 ] 0.0.0.0 /ba/index.php/Feed/insertComment
NOTIC: [2] ob_start(): output handler 'ob_gzhandler' conflicts with 'zlib output compression' G:\program\thinkphp\Lib\Core\App.class.php 第 49 行.
NOTIC: [8] ob_start(): failed to create buffer G:\program\thinkphp\Lib\Core\App.class.php 第 49 行.
INFO: [ app_begin ] --START--
INFO: Run ReadHtmlCache Behavior [ RunTime:0.002045s ]
INFO: [ app_begin ] --END-- [ RunTime:0.002154s ]
SQL: SHOW COLUMNS FROM `comment` [ RunTime:0.009283s ]
SQL: SHOW COLUMNS FROM `sfeed` [ RunTime:0.010749s ]

[ 2013-04-18T20:59:02+08:00 ] 0.0.0.0 /ba/index.php/Feed/insertComment
NOTIC: [2] ob_start(): output handler 'ob_gzhandler' conflicts with 'zlib output compression' G:\program\thinkphp\Lib\Core\App.class.php 第 49 行.
NOTIC: [8] ob_start(): failed to create buffer G:\program\thinkphp\Lib\Core\App.class.php 第 49 行.
INFO: [ app_begin ] --START--
INFO: Run ReadHtmlCache Behavior [ RunTime:0.002290s ]
INFO: [ app_begin ] --END-- [ RunTime:0.002403s ]
SQL: SHOW COLUMNS FROM `comment` [ RunTime:0.007609s ]
SQL: SHOW COLUMNS FROM `sfeed` [ RunTime:0.008094s ]

[ 2013-04-18T20:59:03+08:00 ] 0.0.0.0 /ba/index.php/Feed/insertComment
NOTIC: [2] ob_start(): output handler 'ob_gzhandler' conflicts with 'zlib output compression' G:\program\thinkphp\Lib\Core\App.class.php 第 49 行.
NOTIC: [8] ob_start(): failed to create buffer G:\program\thinkphp\Lib\Core\App.class.php 第 49 行.
INFO: [ app_begin ] --START--
INFO: Run ReadHtmlCache Behavior [ RunTime:0.002015s ]
INFO: [ app_begin ] --END-- [ RunTime:0.002121s ]
SQL: SHOW COLUMNS FROM `comment` [ RunTime:0.008253s ]
SQL: SHOW COLUMNS FROM `sfeed` [ RunTime:0.008096s ]

[ 2013-04-18T20:59:04+08:00 ] 0.0.0.0 /ba/index.php/Feed/insertComment
NOTIC: [2] ob_start(): output handler 'ob_gzhandler' conflicts with 'zlib output compression' G:\program\thinkphp\Lib\Core\App.class.php 第 49 行.
NOTIC: [8] ob_start(): failed to create buffer G:\program\thinkphp\Lib\Core\App.class.php 第 49 行.
INFO: [ app_begin ] --START--
INFO: Run ReadHtmlCache Behavior [ RunTime:0.001872s ]
INFO: [ app_begin ] --END-- [ RunTime:0.001977s ]
SQL: SHOW COLUMNS FROM `comment` [ RunTime:0.008040s ]
SQL: SHOW COLUMNS FROM `sfeed` [ RunTime:0.008059s ]

[ 2013-04-18T20:59:05+08:00 ] 0.0.0.0 /ba/index.php/Feed/insertComment
NOTIC: [2] ob_start(): output handler 'ob_gzhandler' conflicts with 'zlib output compression' G:\program\thinkphp\Lib\Core\App.class.php 第 49 行.
NOTIC: [8] ob_start(): failed to create buffer G:\program\thinkphp\Lib\Core\App.class.php 第 49 行.
INFO: [ app_begin ] --START--
INFO: Run ReadHtmlCache Behavior [ RunTime:0.002277s ]
INFO: [ app_begin ] --END-- [ RunTime:0.002392s ]
SQL: SHOW COLUMNS FROM `comment` [ RunTime:0.007997s ]
SQL: SHOW COLUMNS FROM `sfeed` [ RunTime:0.009206s ]

[ 2013-04-18T20:59:06+08:00 ] 0.0.0.0 /ba/index.php/Feed/insertComment
NOTIC: [2] ob_start(): output handler 'ob_gzhandler' conflicts with 'zlib output compression' G:\program\thinkphp\Lib\Core\App.class.php 第 49 行.
NOTIC: [8] ob_start(): failed to create buffer G:\program\thinkphp\Lib\Core\App.class.php 第 49 行.
INFO: [ app_begin ] --START--
INFO: Run ReadHtmlCache Behavior [ RunTime:0.001872s ]
INFO: [ app_begin ] --END-- [ RunTime:0.001971s ]
SQL: SHOW COLUMNS FROM `comment` [ RunTime:0.007616s ]
SQL: SHOW COLUMNS FROM `sfeed` [ RunTime:0.007598s ]

[ 2013-04-18T20:59:07+08:00 ] 0.0.0.0 /ba/index.php/Feed/insertComment
NOTIC: [2] ob_start(): output handler 'ob_gzhandler' conflicts with 'zlib output compression' G:\program\thinkphp\Lib\Core\App.class.php 第 49 行.
NOTIC: [8] ob_start(): failed to create buffer G:\program\thinkphp\Lib\Core\App.class.php 第 49 行.
INFO: [ app_begin ] --START--
INFO: Run ReadHtmlCache Behavior [ RunTime:0.002409s ]
INFO: [ app_begin ] --END-- [ RunTime:0.002622s ]
SQL: SHOW COLUMNS FROM `comment` [ RunTime:0.007681s ]
SQL: SHOW COLUMNS FROM `sfeed` [ RunTime:0.007801s ]

[ 2013-04-18T20:59:08+08:00 ] 0.0.0.0 /ba/index.php/Feed/insertComment
NOTIC: [2] ob_start(): output handler 'ob_gzhandler' conflicts with 'zlib output compression' G:\program\thinkphp\Lib\Core\App.class.php 第 49 行.
NOTIC: [8] ob_start(): failed to create buffer G:\program\thinkphp\Lib\Core\App.class.php 第 49 行.
INFO: [ app_begin ] --START--
INFO: Run ReadHtmlCache Behavior [ RunTime:0.002412s ]
INFO: [ app_begin ] --END-- [ RunTime:0.002524s ]
SQL: SHOW COLUMNS FROM `comment` [ RunTime:0.008102s ]
SQL: SHOW COLUMNS FROM `sfeed` [ RunTime:0.007433s ]

[ 2013-04-18T20:59:09+08:00 ] 0.0.0.0 /ba/index.php/Feed/insertComment
NOTIC: [2] ob_start(): output handler 'ob_gzhandler' conflicts with 'zlib output compression' G:\program\thinkphp\Lib\Core\App.class.php 第 49 行.
NOTIC: [8] ob_start(): failed to create buffer G:\program\thinkphp\Lib\Core\App.class.php 第 49 行.
INFO: [ app_begin ] --START--
INFO: Run ReadHtmlCache Behavior [ RunTime:0.002179s ]
INFO: [ app_begin ] --END-- [ RunTime:0.002298s ]
SQL: SHOW COLUMNS FROM `comment` [ RunTime:0.009090s ]
SQL: SHOW COLUMNS FROM `sfeed` [ RunTime:0.008823s ]

[ 2013-04-18T20:59:10+08:00 ] 0.0.0.0 /ba/index.php/Feed/insertComment
NOTIC: [2] ob_start(): output handler 'ob_gzhandler' conflicts with 'zlib output compression' G:\program\thinkphp\Lib\Core\App.class.php 第 49 行.
NOTIC: [8] ob_start(): failed to create buffer G:\program\thinkphp\Lib\Core\App.class.php 第 49 行.
INFO: [ app_begin ] --START--
INFO: Run ReadHtmlCache Behavior [ RunTime:0.002400s ]
INFO: [ app_begin ] --END-- [ RunTime:0.002989s ]
SQL: SHOW COLUMNS FROM `comment` [ RunTime:0.008435s ]
SQL: SHOW COLUMNS FROM `sfeed` [ RunTime:0.007690s ]

[ 2013-04-18T20:59:11+08:00 ] 0.0.0.0 /ba/index.php/Feed/insertComment
NOTIC: [2] ob_start(): output handler 'ob_gzhandler' conflicts with 'zlib output compression' G:\program\thinkphp\Lib\Core\App.class.php 第 49 行.
NOTIC: [8] ob_start(): failed to create buffer G:\program\thinkphp\Lib\Core\App.class.php 第 49 行.
INFO: [ app_begin ] --START--
INFO: Run ReadHtmlCache Behavior [ RunTime:0.002498s ]
INFO: [ app_begin ] --END-- [ RunTime:0.002632s ]
SQL: SHOW COLUMNS FROM `comment` [ RunTime:0.007337s ]
SQL: SHOW COLUMNS FROM `sfeed` [ RunTime:0.007853s ]

[ 2013-04-18T20:59:12+08:00 ] 0.0.0.0 /ba/index.php/Feed/insertComment
NOTIC: [2] ob_start(): output handler 'ob_gzhandler' conflicts with 'zlib output compression' G:\program\thinkphp\Lib\Core\App.class.php 第 49 行.
NOTIC: [8] ob_start(): failed to create buffer G:\program\thinkphp\Lib\Core\App.class.php 第 49 行.
INFO: [ app_begin ] --START--
INFO: Run ReadHtmlCache Behavior [ RunTime:0.002329s ]
INFO: [ app_begin ] --END-- [ RunTime:0.002464s ]
SQL: SHOW COLUMNS FROM `comment` [ RunTime:0.007266s ]
SQL: SHOW COLUMNS FROM `sfeed` [ RunTime:0.008258s ]

[ 2013-04-18T21:02:09+08:00 ] 0.0.0.0 /ba/index.php/Feed/comment
NOTIC: [2] ob_start(): output handler 'ob_gzhandler' conflicts with 'zlib output compression' G:\program\thinkphp\Lib\Core\App.class.php 第 49 行.
NOTIC: [8] ob_start(): failed to create buffer G:\program\thinkphp\Lib\Core\App.class.php 第 49 行.
INFO: [ app_begin ] --START--
INFO: Run ReadHtmlCache Behavior [ RunTime:0.001873s ]
INFO: [ app_begin ] --END-- [ RunTime:0.001972s ]
INFO: [ view_template ] --START--
INFO: Run LocationTemplate Behavior [ RunTime:0.002498s ]
INFO: [ view_template ] --END-- [ RunTime:0.002614s ]
INFO: [ view_parse ] --START--
INFO: Run ParseTemplate Behavior [ RunTime:0.036871s ]
INFO: [ view_parse ] --END-- [ RunTime:0.037027s ]
INFO: [ view_filter ] --START--
INFO: Run ContentReplace Behavior [ RunTime:0.001720s ]
INFO: Run TokenBuild Behavior [ RunTime:0.001725s ]
INFO: Run WriteHtmlCache Behavior [ RunTime:0.001589s ]
INFO: Run ShowRuntime Behavior [ RunTime:0.001902s ]
INFO: [ view_filter ] --END-- [ RunTime:0.007305s ]
INFO: [ view_end ] --START--
INFO: Run ShowPageTrace Behavior [ RunTime:0.002570s ]
INFO: [ view_end ] --END-- [ RunTime:0.002689s ]

[ 2013-04-18T21:02:12+08:00 ] 0.0.0.0 /ba/index.php/Feed/comment
NOTIC: [2] ob_start(): output handler 'ob_gzhandler' conflicts with 'zlib output compression' G:\program\thinkphp\Lib\Core\App.class.php 第 49 行.
NOTIC: [8] ob_start(): failed to create buffer G:\program\thinkphp\Lib\Core\App.class.php 第 49 行.
INFO: [ app_begin ] --START--
INFO: Run ReadHtmlCache Behavior [ RunTime:0.001832s ]
INFO: [ app_begin ] --END-- [ RunTime:0.001928s ]
INFO: [ view_template ] --START--
INFO: Run LocationTemplate Behavior [ RunTime:0.002402s ]
INFO: [ view_template ] --END-- [ RunTime:0.002525s ]
INFO: [ view_parse ] --START--
INFO: Run ParseTemplate Behavior [ RunTime:0.020345s ]
INFO: [ view_parse ] --END-- [ RunTime:0.020491s ]
INFO: [ view_filter ] --START--
INFO: Run ContentReplace Behavior [ RunTime:0.001527s ]
INFO: Run TokenBuild Behavior [ RunTime:0.001532s ]
INFO: Run WriteHtmlCache Behavior [ RunTime:0.001297s ]
INFO: Run ShowRuntime Behavior [ RunTime:0.002191s ]
INFO: [ view_filter ] --END-- [ RunTime:0.006869s ]
INFO: [ view_end ] --START--
INFO: Run ShowPageTrace Behavior [ RunTime:0.002451s ]
INFO: [ view_end ] --END-- [ RunTime:0.002574s ]

[ 2013-04-18T21:14:15+08:00 ] 0.0.0.0 /ba/index.php/Feed/comment
NOTIC: [2] ob_start(): output handler 'ob_gzhandler' conflicts with 'zlib output compression' G:\program\thinkphp\Lib\Core\App.class.php 第 49 行.
NOTIC: [8] ob_start(): failed to create buffer G:\program\thinkphp\Lib\Core\App.class.php 第 49 行.
INFO: [ app_begin ] --START--
INFO: Run ReadHtmlCache Behavior [ RunTime:0.002550s ]
INFO: [ app_begin ] --END-- [ RunTime:0.002665s ]
INFO: [ view_template ] --START--
INFO: Run LocationTemplate Behavior [ RunTime:0.003583s ]
INFO: [ view_template ] --END-- [ RunTime:0.003716s ]
INFO: [ view_parse ] --START--
INFO: Run ParseTemplate Behavior [ RunTime:0.023798s ]
INFO: [ view_parse ] --END-- [ RunTime:0.023942s ]
INFO: [ view_filter ] --START--
INFO: Run ContentReplace Behavior [ RunTime:0.001842s ]
INFO: Run TokenBuild Behavior [ RunTime:0.004372s ]
INFO: Run WriteHtmlCache Behavior [ RunTime:0.002141s ]
INFO: Run ShowRuntime Behavior [ RunTime:0.002087s ]
INFO: [ view_filter ] --END-- [ RunTime:0.010814s ]
INFO: [ view_end ] --START--
INFO: Run ShowPageTrace Behavior [ RunTime:0.002719s ]
INFO: [ view_end ] --END-- [ RunTime:0.002832s ]

[ 2013-04-18T21:14:15+08:00 ] 0.0.0.0 /ba/index.php/Feed/comment
NOTIC: [2] ob_start(): output handler 'ob_gzhandler' conflicts with 'zlib output compression' G:\program\thinkphp\Lib\Core\App.class.php 第 49 行.
NOTIC: [8] ob_start(): failed to create buffer G:\program\thinkphp\Lib\Core\App.class.php 第 49 行.
INFO: [ app_begin ] --START--
INFO: Run ReadHtmlCache Behavior [ RunTime:0.002507s ]
INFO: [ app_begin ] --END-- [ RunTime:0.002610s ]
INFO: [ view_template ] --START--
INFO: Run LocationTemplate Behavior [ RunTime:0.002685s ]
INFO: [ view_template ] --END-- [ RunTime:0.002828s ]
INFO: [ view_parse ] --START--
INFO: Run ParseTemplate Behavior [ RunTime:0.023881s ]
INFO: [ view_parse ] --END-- [ RunTime:0.024027s ]
INFO: [ view_filter ] --START--
INFO: Run ContentReplace Behavior [ RunTime:0.001863s ]
INFO: Run TokenBuild Behavior [ RunTime:0.001845s ]
INFO: Run WriteHtmlCache Behavior [ RunTime:0.001683s ]
INFO: Run ShowRuntime Behavior [ RunTime:0.002289s ]
INFO: [ view_filter ] --END-- [ RunTime:0.007998s ]
INFO: [ view_end ] --START--
INFO: Run ShowPageTrace Behavior [ RunTime:0.002321s ]
INFO: [ view_end ] --END-- [ RunTime:0.002425s ]

[ 2013-04-18T21:14:31+08:00 ] 0.0.0.0 /ba/index.php/Feed/comment
NOTIC: [2] ob_start(): output handler 'ob_gzhandler' conflicts with 'zlib output compression' G:\program\thinkphp\Lib\Core\App.class.php 第 49 行.
NOTIC: [8] ob_start(): failed to create buffer G:\program\thinkphp\Lib\Core\App.class.php 第 49 行.
INFO: [ app_begin ] --START--
INFO: Run ReadHtmlCache Behavior [ RunTime:0.002012s ]
INFO: [ app_begin ] --END-- [ RunTime:0.002129s ]
INFO: [ view_template ] --START--
INFO: Run LocationTemplate Behavior [ RunTime:0.002971s ]
INFO: [ view_template ] --END-- [ RunTime:0.003105s ]
INFO: [ view_parse ] --START--
INFO: Run ParseTemplate Behavior [ RunTime:0.024028s ]
INFO: [ view_parse ] --END-- [ RunTime:0.024762s ]
INFO: [ view_filter ] --START--
INFO: Run ContentReplace Behavior [ RunTime:0.002098s ]
INFO: Run TokenBuild Behavior [ RunTime:0.001397s ]
INFO: Run WriteHtmlCache Behavior [ RunTime:0.001902s ]
INFO: Run ShowRuntime Behavior [ RunTime:0.002281s ]
INFO: [ view_filter ] --END-- [ RunTime:0.008032s ]
INFO: [ view_end ] --START--
INFO: Run ShowPageTrace Behavior [ RunTime:0.003589s ]
INFO: [ view_end ] --END-- [ RunTime:0.003707s ]

[ 2013-04-18T21:16:03+08:00 ] 0.0.0.0 /ba/index.php/Feed/comment
NOTIC: [2] ob_start(): output handler 'ob_gzhandler' conflicts with 'zlib output compression' G:\program\thinkphp\Lib\Core\App.class.php 第 49 行.
NOTIC: [8] ob_start(): failed to create buffer G:\program\thinkphp\Lib\Core\App.class.php 第 49 行.
INFO: [ app_begin ] --START--
INFO: Run ReadHtmlCache Behavior [ RunTime:0.002536s ]
INFO: [ app_begin ] --END-- [ RunTime:0.002658s ]
INFO: [ view_template ] --START--
INFO: Run LocationTemplate Behavior [ RunTime:0.002169s ]
INFO: [ view_template ] --END-- [ RunTime:0.002272s ]
INFO: [ view_parse ] --START--
INFO: Run ParseTemplate Behavior [ RunTime:0.017510s ]
INFO: [ view_parse ] --END-- [ RunTime:0.017656s ]
INFO: [ view_filter ] --START--
INFO: Run ContentReplace Behavior [ RunTime:0.001407s ]
INFO: Run TokenBuild Behavior [ RunTime:0.004085s ]
INFO: Run WriteHtmlCache Behavior [ RunTime:0.001387s ]
INFO: Run ShowRuntime Behavior [ RunTime:0.001317s ]
INFO: [ view_filter ] --END-- [ RunTime:0.008467s ]
INFO: [ view_end ] --START--
INFO: Run ShowPageTrace Behavior [ RunTime:0.001521s ]
INFO: [ view_end ] --END-- [ RunTime:0.001600s ]

[ 2013-04-18T21:16:09+08:00 ] 0.0.0.0 /ba/index.php/Feed/insertComment
NOTIC: [2] ob_start(): output handler 'ob_gzhandler' conflicts with 'zlib output compression' G:\program\thinkphp\Lib\Core\App.class.php 第 49 行.
NOTIC: [8] ob_start(): failed to create buffer G:\program\thinkphp\Lib\Core\App.class.php 第 49 行.
INFO: [ app_begin ] --START--
INFO: Run ReadHtmlCache Behavior [ RunTime:0.001849s ]
INFO: [ app_begin ] --END-- [ RunTime:0.001950s ]
SQL: SHOW COLUMNS FROM `comment` [ RunTime:0.007398s ]
SQL: SHOW COLUMNS FROM `sfeed` [ RunTime:0.006462s ]

[ 2013-04-18T21:16:12+08:00 ] 0.0.0.0 /ba/index.php/Feed/insertComment
NOTIC: [2] ob_start(): output handler 'ob_gzhandler' conflicts with 'zlib output compression' G:\program\thinkphp\Lib\Core\App.class.php 第 49 行.
NOTIC: [8] ob_start(): failed to create buffer G:\program\thinkphp\Lib\Core\App.class.php 第 49 行.
INFO: [ app_begin ] --START--
INFO: Run ReadHtmlCache Behavior [ RunTime:0.002386s ]
INFO: [ app_begin ] --END-- [ RunTime:0.002506s ]
SQL: SHOW COLUMNS FROM `comment` [ RunTime:0.009150s ]
SQL: SHOW COLUMNS FROM `sfeed` [ RunTime:0.008408s ]

[ 2013-04-18T21:16:57+08:00 ] 0.0.0.0 /ba/index.php/Feed/comment
NOTIC: [2] ob_start(): output handler 'ob_gzhandler' conflicts with 'zlib output compression' G:\program\thinkphp\Lib\Core\App.class.php 第 49 行.
NOTIC: [8] ob_start(): failed to create buffer G:\program\thinkphp\Lib\Core\App.class.php 第 49 行.
INFO: [ app_begin ] --START--
INFO: Run ReadHtmlCache Behavior [ RunTime:0.002840s ]
INFO: [ app_begin ] --END-- [ RunTime:0.002958s ]
INFO: [ view_template ] --START--
INFO: Run LocationTemplate Behavior [ RunTime:0.003007s ]
INFO: [ view_template ] --END-- [ RunTime:0.003147s ]
INFO: [ view_parse ] --START--
INFO: Run ParseTemplate Behavior [ RunTime:0.024677s ]
INFO: [ view_parse ] --END-- [ RunTime:0.024840s ]
INFO: [ view_filter ] --START--
INFO: Run ContentReplace Behavior [ RunTime:0.003023s ]
INFO: Run TokenBuild Behavior [ RunTime:0.001992s ]
INFO: Run WriteHtmlCache Behavior [ RunTime:0.001772s ]
INFO: Run ShowRuntime Behavior [ RunTime:0.002367s ]
INFO: [ view_filter ] --END-- [ RunTime:0.009507s ]
INFO: [ view_end ] --START--
INFO: Run ShowPageTrace Behavior [ RunTime:0.002858s ]
INFO: [ view_end ] --END-- [ RunTime:0.002971s ]

[ 2013-04-18T21:17:04+08:00 ] 0.0.0.0 /ba/index.php/Feed/insertComment
NOTIC: [2] ob_start(): output handler 'ob_gzhandler' conflicts with 'zlib output compression' G:\program\thinkphp\Lib\Core\App.class.php 第 49 行.
NOTIC: [8] ob_start(): failed to create buffer G:\program\thinkphp\Lib\Core\App.class.php 第 49 行.
INFO: [ app_begin ] --START--
INFO: Run ReadHtmlCache Behavior [ RunTime:0.002307s ]
INFO: [ app_begin ] --END-- [ RunTime:0.002422s ]
SQL: SHOW COLUMNS FROM `comment` [ RunTime:0.007596s ]
SQL: SHOW COLUMNS FROM `sfeed` [ RunTime:0.007623s ]

[ 2013-04-18T21:18:47+08:00 ] 0.0.0.0 /ba/index.php/Feed/comment
NOTIC: [2] ob_start(): output handler 'ob_gzhandler' conflicts with 'zlib output compression' G:\program\thinkphp\Lib\Core\App.class.php 第 49 行.
NOTIC: [8] ob_start(): failed to create buffer G:\program\thinkphp\Lib\Core\App.class.php 第 49 行.
INFO: [ app_begin ] --START--
INFO: Run ReadHtmlCache Behavior [ RunTime:0.002155s ]
INFO: [ app_begin ] --END-- [ RunTime:0.002255s ]
INFO: [ view_template ] --START--
INFO: Run LocationTemplate Behavior [ RunTime:0.002526s ]
INFO: [ view_template ] --END-- [ RunTime:0.002648s ]
INFO: [ view_parse ] --START--
INFO: Run ParseTemplate Behavior [ RunTime:0.021760s ]
INFO: [ view_parse ] --END-- [ RunTime:0.021915s ]
INFO: [ view_filter ] --START--
INFO: Run ContentReplace Behavior [ RunTime:0.001743s ]
INFO: Run TokenBuild Behavior [ RunTime:0.002107s ]
INFO: Run WriteHtmlCache Behavior [ RunTime:0.001653s ]
INFO: Run ShowRuntime Behavior [ RunTime:0.002026s ]
INFO: [ view_filter ] --END-- [ RunTime:0.007841s ]
INFO: [ view_end ] --START--
INFO: Run ShowPageTrace Behavior [ RunTime:0.002458s ]
INFO: [ view_end ] --END-- [ RunTime:0.002569s ]

[ 2013-04-18T21:18:53+08:00 ] 0.0.0.0 /ba/index.php/Feed/insertComment
NOTIC: [2] ob_start(): output handler 'ob_gzhandler' conflicts with 'zlib output compression' G:\program\thinkphp\Lib\Core\App.class.php 第 49 行.
NOTIC: [8] ob_start(): failed to create buffer G:\program\thinkphp\Lib\Core\App.class.php 第 49 行.
INFO: [ app_begin ] --START--
INFO: Run ReadHtmlCache Behavior [ RunTime:0.002324s ]
INFO: [ app_begin ] --END-- [ RunTime:0.002444s ]
SQL: SHOW COLUMNS FROM `comment` [ RunTime:0.007214s ]
SQL: SHOW COLUMNS FROM `sfeed` [ RunTime:0.007324s ]

[ 2013-04-18T21:19:47+08:00 ] 0.0.0.0 /ba/index.php/Feed/comment
NOTIC: [2] ob_start(): output handler 'ob_gzhandler' conflicts with 'zlib output compression' G:\program\thinkphp\Lib\Core\App.class.php 第 49 行.
NOTIC: [8] ob_start(): failed to create buffer G:\program\thinkphp\Lib\Core\App.class.php 第 49 行.
INFO: [ app_begin ] --START--
INFO: Run ReadHtmlCache Behavior [ RunTime:0.002839s ]
INFO: [ app_begin ] --END-- [ RunTime:0.002957s ]
INFO: [ view_template ] --START--
INFO: Run LocationTemplate Behavior [ RunTime:0.004802s ]
INFO: [ view_template ] --END-- [ RunTime:0.004946s ]
INFO: [ view_parse ] --START--
INFO: Run ParseTemplate Behavior [ RunTime:0.023697s ]
INFO: [ view_parse ] --END-- [ RunTime:0.023865s ]
INFO: [ view_filter ] --START--
INFO: Run ContentReplace Behavior [ RunTime:0.002584s ]
INFO: Run TokenBuild Behavior [ RunTime:0.002362s ]
INFO: Run WriteHtmlCache Behavior [ RunTime:0.005140s ]
INFO: Run ShowRuntime Behavior [ RunTime:0.002761s ]
INFO: [ view_filter ] --END-- [ RunTime:0.013212s ]
INFO: [ view_end ] --START--
INFO: Run ShowPageTrace Behavior [ RunTime:0.002808s ]
INFO: [ view_end ] --END-- [ RunTime:0.002963s ]

[ 2013-04-18T21:19:52+08:00 ] 0.0.0.0 /ba/index.php/Feed/insertComment
NOTIC: [2] ob_start(): output handler 'ob_gzhandler' conflicts with 'zlib output compression' G:\program\thinkphp\Lib\Core\App.class.php 第 49 行.
NOTIC: [8] ob_start(): failed to create buffer G:\program\thinkphp\Lib\Core\App.class.php 第 49 行.
INFO: [ app_begin ] --START--
INFO: Run ReadHtmlCache Behavior [ RunTime:0.002261s ]
INFO: [ app_begin ] --END-- [ RunTime:0.002370s ]
SQL: SHOW COLUMNS FROM `comment` [ RunTime:0.007326s ]
SQL: SHOW COLUMNS FROM `sfeed` [ RunTime:0.007487s ]
SQL: UPDATE `sfeed` SET `comment`=comment+1 WHERE ( `sfeedid` = 7 ) [ RunTime:0.000860s ]
SQL: SELECT `comment` FROM `sfeed` WHERE ( `sfeedid` = 7 ) LIMIT 1   [ RunTime:0.000477s ]
SQL: INSERT INTO `comment` (`uid`,`fid`,`content`,`floor`) VALUES (17,7,'88888888888',4) [ RunTime:0.000594s ]

[ 2013-04-18T21:26:28+08:00 ] 0.0.0.0 /ba/index.php/Feed/comment
NOTIC: [2] ob_start(): output handler 'ob_gzhandler' conflicts with 'zlib output compression' G:\program\thinkphp\Lib\Core\App.class.php 第 49 行.
NOTIC: [8] ob_start(): failed to create buffer G:\program\thinkphp\Lib\Core\App.class.php 第 49 行.
INFO: [ app_begin ] --START--
INFO: Run ReadHtmlCache Behavior [ RunTime:0.002475s ]
INFO: [ app_begin ] --END-- [ RunTime:0.002589s ]
INFO: [ view_template ] --START--
INFO: Run LocationTemplate Behavior [ RunTime:0.003076s ]
INFO: [ view_template ] --END-- [ RunTime:0.003223s ]
INFO: [ view_parse ] --START--
INFO: Run ParseTemplate Behavior [ RunTime:0.022613s ]
INFO: [ view_parse ] --END-- [ RunTime:0.022771s ]
INFO: [ view_filter ] --START--
INFO: Run ContentReplace Behavior [ RunTime:0.001681s ]
INFO: Run TokenBuild Behavior [ RunTime:0.001748s ]
INFO: Run WriteHtmlCache Behavior [ RunTime:0.001840s ]
INFO: Run ShowRuntime Behavior [ RunTime:0.001839s ]
INFO: [ view_filter ] --END-- [ RunTime:0.007479s ]
INFO: [ view_end ] --START--
INFO: Run ShowPageTrace Behavior [ RunTime:0.002212s ]
INFO: [ view_end ] --END-- [ RunTime:0.002312s ]

[ 2013-04-18T21:26:35+08:00 ] ERR: [1] Call to a member function add() on a non-object G:\program\ba\Lib\Action\FeedAction.class.php 第 215 行.
[ 2013-04-18T21:26:38+08:00 ] ERR: [1] Call to a member function add() on a non-object G:\program\ba\Lib\Action\FeedAction.class.php 第 215 行.
[ 2013-04-18T21:26:39+08:00 ] ERR: [1] Call to a member function add() on a non-object G:\program\ba\Lib\Action\FeedAction.class.php 第 215 行.
[ 2013-04-18T21:28:49+08:00 ] 0.0.0.0 /ba/index.php/Feed/comment
NOTIC: [2] ob_start(): output handler 'ob_gzhandler' conflicts with 'zlib output compression' G:\program\thinkphp\Lib\Core\App.class.php 第 49 行.
NOTIC: [8] ob_start(): failed to create buffer G:\program\thinkphp\Lib\Core\App.class.php 第 49 行.
INFO: [ app_begin ] --START--
INFO: Run ReadHtmlCache Behavior [ RunTime:0.002212s ]
INFO: [ app_begin ] --END-- [ RunTime:0.002324s ]
INFO: [ view_template ] --START--
INFO: Run LocationTemplate Behavior [ RunTime:0.002539s ]
INFO: [ view_template ] --END-- [ RunTime:0.002658s ]
INFO: [ view_parse ] --START--
INFO: Run ParseTemplate Behavior [ RunTime:0.022128s ]
INFO: [ view_parse ] --END-- [ RunTime:0.022274s ]
INFO: [ view_filter ] --START--
INFO: Run ContentReplace Behavior [ RunTime:0.002759s ]
INFO: Run TokenBuild Behavior [ RunTime:0.001621s ]
INFO: Run WriteHtmlCache Behavior [ RunTime:0.001438s ]
INFO: Run ShowRuntime Behavior [ RunTime:0.001914s ]
INFO: [ view_filter ] --END-- [ RunTime:0.008075s ]
INFO: [ view_end ] --START--
INFO: Run ShowPageTrace Behavior [ RunTime:0.002530s ]
INFO: [ view_end ] --END-- [ RunTime:0.002648s ]

[ 2013-04-18T21:28:53+08:00 ] 0.0.0.0 /ba/index.php/Feed/insertComment
NOTIC: [2] ob_start(): output handler 'ob_gzhandler' conflicts with 'zlib output compression' G:\program\thinkphp\Lib\Core\App.class.php 第 49 行.
NOTIC: [8] ob_start(): failed to create buffer G:\program\thinkphp\Lib\Core\App.class.php 第 49 行.
INFO: [ app_begin ] --START--
INFO: Run ReadHtmlCache Behavior [ RunTime:0.001824s ]
INFO: [ app_begin ] --END-- [ RunTime:0.001926s ]
SQL: SHOW COLUMNS FROM `comment` [ RunTime:0.009437s ]
SQL: SHOW COLUMNS FROM `sfeed` [ RunTime:0.010125s ]
SQL: UPDATE `sfeed` SET `comment`=comment+1 WHERE ( `sfeedid` = 7 ) [ RunTime:0.001760s ]
SQL: SELECT `comment` FROM `sfeed` WHERE ( `sfeedid` = 7 ) LIMIT 1   [ RunTime:0.000520s ]
SQL: INSERT INTO `comment` (`uid`,`fid`,`content`,`ctime`,`floor`) VALUES (17,7,'aaaaaaa',1366291733,8) [ RunTime:0.000626s ]

[ 2013-04-18T21:29:18+08:00 ] 0.0.0.0 /ba/index.php/Feed/insertComment
NOTIC: [2] ob_start(): output handler 'ob_gzhandler' conflicts with 'zlib output compression' G:\program\thinkphp\Lib\Core\App.class.php 第 49 行.
NOTIC: [8] ob_start(): failed to create buffer G:\program\thinkphp\Lib\Core\App.class.php 第 49 行.
INFO: [ app_begin ] --START--
INFO: Run ReadHtmlCache Behavior [ RunTime:0.002116s ]
INFO: [ app_begin ] --END-- [ RunTime:0.002219s ]
SQL: SHOW COLUMNS FROM `comment` [ RunTime:0.007166s ]
SQL: SHOW COLUMNS FROM `sfeed` [ RunTime:0.007675s ]
SQL: UPDATE `sfeed` SET `comment`=comment+1 WHERE ( `sfeedid` = 7 ) [ RunTime:0.000604s ]
SQL: SELECT `comment` FROM `sfeed` WHERE ( `sfeedid` = 7 ) LIMIT 1   [ RunTime:0.000406s ]
SQL: INSERT INTO `comment` (`uid`,`fid`,`content`,`ctime`,`floor`) VALUES (17,7,'bbbbbbbbb',1366291758,9) [ RunTime:0.000448s ]

