[ 2013-04-08T11:51:53+08:00 ] ERR: (ThinkException) 非法操作:themes
[ 2013-04-08T11:51:53+08:00 ] ERR: (ThinkException) 非法操作:js
[ 2013-04-08T11:51:53+08:00 ] ERR: (ThinkException) 非法操作:js
[ 2013-04-08T11:52:06+08:00 ] ERR: (ThinkException) 非法操作:themes
[ 2013-04-08T11:52:06+08:00 ] ERR: (ThinkException) 非法操作:images
[ 2013-04-08T11:52:06+08:00 ] ERR: (ThinkException) 非法操作:images
[ 2013-04-08T11:52:06+08:00 ] ERR: (ThinkException) 非法操作:js
[ 2013-04-08T11:52:06+08:00 ] ERR: (ThinkException) 非法操作:js
[ 2013-04-08T11:52:06+08:00 ] ERR: (ThinkException) 非法操作:images
[ 2013-04-08T11:52:06+08:00 ] ERR: (ThinkException) 非法操作:images
[ 2013-04-08T11:52:06+08:00 ] ERR: (ThinkException) 非法操作:images
[ 2013-04-08T11:52:06+08:00 ] ERR: (ThinkException) 非法操作:images
[ 2013-04-08T11:52:14+08:00 ] ERR: (ThinkException) 非法操作:themes
[ 2013-04-08T11:52:14+08:00 ] ERR: (ThinkException) 非法操作:js
[ 2013-04-08T11:52:14+08:00 ] ERR: (ThinkException) 非法操作:js
[ 2013-04-08T11:52:26+08:00 ] ERR: (ThinkException) 非法操作:themes
[ 2013-04-08T11:52:26+08:00 ] ERR: (ThinkException) 非法操作:js
[ 2013-04-08T11:52:26+08:00 ] ERR: (ThinkException) 非法操作:js
[ 2013-04-08T11:55:51+08:00 ] ERR: (ThinkException) 非法操作:themes
[ 2013-04-08T11:55:51+08:00 ] ERR: (ThinkException) 非法操作:js
[ 2013-04-08T11:55:51+08:00 ] ERR: (ThinkException) 非法操作:js
[ 2013-04-08T12:24:43+08:00 ] ERR: (ThinkException) 非法操作:themes
[ 2013-04-08T12:24:43+08:00 ] ERR: (ThinkException) 非法操作:js
[ 2013-04-08T12:24:43+08:00 ] ERR: (ThinkException) 非法操作:js
[ 2013-04-08T12:28:42+08:00 ] ERR: (ThinkException) 非法操作:js
[ 2013-04-08T12:28:42+08:00 ] ERR: (ThinkException) 非法操作:themes
[ 2013-04-08T12:28:42+08:00 ] ERR: (ThinkException) 非法操作:js
[ 2013-04-08T12:28:51+08:00 ] ERR: (ThinkException) 非法操作:js
[ 2013-04-08T12:28:51+08:00 ] ERR: (ThinkException) 非法操作:themes
[ 2013-04-08T12:28:51+08:00 ] ERR: (ThinkException) 非法操作:js
[ 2013-04-08T12:35:02+08:00 ] ERR: (ThinkException) 非法操作:js
[ 2013-04-08T12:35:02+08:00 ] ERR: (ThinkException) 非法操作:themes
[ 2013-04-08T12:35:02+08:00 ] ERR: (ThinkException) 非法操作:js
[ 2013-04-08T12:35:16+08:00 ] ERR: (ThinkException) 非法操作:themes
[ 2013-04-08T12:35:16+08:00 ] ERR: (ThinkException) 非法操作:js
[ 2013-04-08T12:35:16+08:00 ] ERR: (ThinkException) 非法操作:js
[ 2013-04-08T12:38:38+08:00 ] ERR: (ThinkException) 非法操作:themes
[ 2013-04-08T12:38:38+08:00 ] ERR: (ThinkException) 非法操作:js
[ 2013-04-08T12:38:38+08:00 ] ERR: (ThinkException) 非法操作:js
[ 2013-04-08T12:38:47+08:00 ] ERR: (ThinkException) 非法操作:themes
[ 2013-04-08T12:38:47+08:00 ] ERR: (ThinkException) 非法操作:js
[ 2013-04-08T12:38:47+08:00 ] ERR: (ThinkException) 非法操作:js
[ 2013-04-08T12:52:40+08:00 ] ERR: (ThinkException) 非法操作:themes
[ 2013-04-08T12:52:40+08:00 ] ERR: (ThinkException) 非法操作:js
[ 2013-04-08T12:52:40+08:00 ] ERR: (ThinkException) 非法操作:js
[ 2013-04-08T12:52:55+08:00 ] ERR: (ThinkException) 非法操作:js
[ 2013-04-08T12:52:55+08:00 ] ERR: (ThinkException) 非法操作:themes
[ 2013-04-08T12:52:55+08:00 ] ERR: (ThinkException) 非法操作:js
[ 2013-04-08T12:53:39+08:00 ] ERR: (ThinkException) 非法操作:themes
[ 2013-04-08T12:53:39+08:00 ] ERR: (ThinkException) 非法操作:js
[ 2013-04-08T12:53:39+08:00 ] ERR: (ThinkException) 非法操作:js
[ 2013-04-08T12:53:53+08:00 ] ERR: (ThinkException) 非法操作:themes
[ 2013-04-08T12:53:53+08:00 ] ERR: (ThinkException) 非法操作:js
[ 2013-04-08T12:53:53+08:00 ] ERR: (ThinkException) 非法操作:js
[ 2013-04-08T12:56:47+08:00 ] ERR: (ThinkException) 非法操作:js
[ 2013-04-08T12:56:47+08:00 ] ERR: (ThinkException) 非法操作:themes
[ 2013-04-08T12:56:47+08:00 ] ERR: (ThinkException) 非法操作:js
[ 2013-04-08T13:04:07+08:00 ] ERR: (ThinkException) 非法操作:themes
[ 2013-04-08T13:04:07+08:00 ] ERR: (ThinkException) 非法操作:js
[ 2013-04-08T13:04:07+08:00 ] ERR: (ThinkException) 非法操作:js
[ 2013-04-08T13:04:17+08:00 ] ERR: (ThinkException) 非法操作:js
[ 2013-04-08T13:04:17+08:00 ] ERR: (ThinkException) 非法操作:js
[ 2013-04-08T13:04:17+08:00 ] ERR: (ThinkException) 非法操作:themes
[ 2013-04-08T17:29:38+08:00 ] ERR: (ThinkException) 非法操作:themes
[ 2013-04-08T17:29:38+08:00 ] ERR: (ThinkException) 非法操作:js
[ 2013-04-08T17:29:38+08:00 ] ERR: (ThinkException) 非法操作:js
[ 2013-04-08T17:29:48+08:00 ] ERR: (ThinkException) 非法操作:themes
[ 2013-04-08T17:29:48+08:00 ] ERR: (ThinkException) 非法操作:images
[ 2013-04-08T17:29:48+08:00 ] ERR: (ThinkException) 非法操作:js
[ 2013-04-08T17:29:48+08:00 ] ERR: (ThinkException) 非法操作:images
[ 2013-04-08T17:29:48+08:00 ] ERR: (ThinkException) 非法操作:js
[ 2013-04-08T17:29:48+08:00 ] ERR: (ThinkException) 非法操作:images
[ 2013-04-08T17:29:49+08:00 ] ERR: (ThinkException) 非法操作:images
[ 2013-04-08T17:29:49+08:00 ] ERR: (ThinkException) 非法操作:images
[ 2013-04-08T17:29:49+08:00 ] ERR: (ThinkException) 非法操作:images
[ 2013-04-08T17:29:55+08:00 ] ERR: (ThinkException) 非法操作:themes
[ 2013-04-08T17:29:55+08:00 ] ERR: (ThinkException) 非法操作:js
[ 2013-04-08T17:29:55+08:00 ] ERR: (ThinkException) 非法操作:js
[ 2013-04-08T17:30:09+08:00 ] ERR: (ThinkException) 非法操作:js
[ 2013-04-08T17:30:09+08:00 ] ERR: (ThinkException) 非法操作:themes
[ 2013-04-08T17:30:09+08:00 ] ERR: (ThinkException) 非法操作:js
[ 2013-04-08T17:48:19+08:00 ] ERR: (ThinkException) 非法操作:themes
[ 2013-04-08T17:48:19+08:00 ] ERR: (ThinkException) 非法操作:js
[ 2013-04-08T17:48:19+08:00 ] ERR: (ThinkException) 非法操作:images
[ 2013-04-08T17:48:19+08:00 ] ERR: (ThinkException) 非法操作:js
[ 2013-04-08T17:48:19+08:00 ] ERR: (ThinkException) 非法操作:images
[ 2013-04-08T17:48:19+08:00 ] ERR: (ThinkException) 非法操作:images
[ 2013-04-08T17:48:19+08:00 ] ERR: (ThinkException) 非法操作:images
[ 2013-04-08T17:48:19+08:00 ] ERR: (ThinkException) 非法操作:images
[ 2013-04-08T17:48:19+08:00 ] ERR: (ThinkException) 非法操作:images
[ 2013-04-08T17:48:20+08:00 ] ERR: (ThinkException) 非法操作:themes
[ 2013-04-08T17:48:20+08:00 ] ERR: (ThinkException) 非法操作:js
[ 2013-04-08T17:48:20+08:00 ] ERR: (ThinkException) 非法操作:images
[ 2013-04-08T17:48:20+08:00 ] ERR: (ThinkException) 非法操作:js
[ 2013-04-08T17:48:21+08:00 ] ERR: (ThinkException) 非法操作:images
[ 2013-04-08T17:48:21+08:00 ] ERR: (ThinkException) 非法操作:images
[ 2013-04-08T17:48:21+08:00 ] ERR: (ThinkException) 非法操作:images
[ 2013-04-08T17:48:21+08:00 ] ERR: (ThinkException) 非法操作:images
[ 2013-04-08T17:48:50+08:00 ] ERR: (ThinkException) 非法操作:js
[ 2013-04-08T17:48:50+08:00 ] ERR: (ThinkException) 非法操作:images
[ 2013-04-08T17:48:50+08:00 ] ERR: (ThinkException) 非法操作:js
[ 2013-04-08T17:48:50+08:00 ] ERR: (ThinkException) 非法操作:images
[ 2013-04-08T17:48:50+08:00 ] ERR: (ThinkException) 非法操作:images
[ 2013-04-08T17:48:50+08:00 ] ERR: (ThinkException) 非法操作:images
[ 2013-04-08T17:48:50+08:00 ] ERR: (ThinkException) 非法操作:images
[ 2013-04-08T17:59:59+08:00 ] ERR: (ThinkException) 非法操作:images
[ 2013-04-08T17:59:59+08:00 ] ERR: (ThinkException) 非法操作:images
[ 2013-04-08T17:59:59+08:00 ] ERR: (ThinkException) 非法操作:images
[ 2013-04-08T17:59:59+08:00 ] ERR: (ThinkException) 非法操作:images
[ 2013-04-08T17:59:59+08:00 ] ERR: (ThinkException) 非法操作:images
[ 2013-04-08T17:59:59+08:00 ] ERR: (ThinkException) 非法操作:images
[ 2013-04-08T18:04:49+08:00 ] ERR: (ThinkException) 非法操作:images
[ 2013-04-08T18:04:49+08:00 ] ERR: (ThinkException) 非法操作:images
[ 2013-04-08T18:04:49+08:00 ] ERR: (ThinkException) 非法操作:images
[ 2013-04-08T18:04:49+08:00 ] ERR: (ThinkException) 非法操作:images
[ 2013-04-08T18:04:49+08:00 ] ERR: (ThinkException) 非法操作:images
[ 2013-04-08T18:04:49+08:00 ] ERR: (ThinkException) 非法操作:images
[ 2013-04-08T18:04:50+08:00 ] ERR: (ThinkException) 非法操作:images
[ 2013-04-08T18:04:50+08:00 ] ERR: (ThinkException) 非法操作:images
[ 2013-04-08T18:04:50+08:00 ] ERR: (ThinkException) 非法操作:images
[ 2013-04-08T18:04:50+08:00 ] ERR: (ThinkException) 非法操作:images
[ 2013-04-08T18:04:50+08:00 ] ERR: (ThinkException) 非法操作:images
[ 2013-04-08T18:04:50+08:00 ] ERR: (ThinkException) 非法操作:images
[ 2013-04-08T18:08:40+08:00 ] ERR: (ThinkException) 非法操作:images
[ 2013-04-08T18:08:40+08:00 ] ERR: (ThinkException) 非法操作:images
[ 2013-04-08T18:08:40+08:00 ] ERR: (ThinkException) 非法操作:images
[ 2013-04-08T18:08:40+08:00 ] ERR: (ThinkException) 非法操作:images
[ 2013-04-08T18:08:40+08:00 ] ERR: (ThinkException) 非法操作:images
[ 2013-04-08T18:08:40+08:00 ] ERR: (ThinkException) 非法操作:images
[ 2013-04-08T18:08:41+08:00 ] ERR: (ThinkException) 非法操作:images
[ 2013-04-08T18:08:41+08:00 ] ERR: (ThinkException) 非法操作:images
[ 2013-04-08T18:08:41+08:00 ] ERR: (ThinkException) 非法操作:images
[ 2013-04-08T18:08:41+08:00 ] ERR: (ThinkException) 非法操作:images
[ 2013-04-08T18:08:41+08:00 ] ERR: (ThinkException) 非法操作:images
[ 2013-04-08T18:08:41+08:00 ] ERR: (ThinkException) 非法操作:images
[ 2013-04-08T18:08:42+08:00 ] ERR: (ThinkException) 非法操作:images
[ 2013-04-08T18:08:42+08:00 ] ERR: (ThinkException) 非法操作:images
[ 2013-04-08T18:08:42+08:00 ] ERR: (ThinkException) 非法操作:images
[ 2013-04-08T18:08:42+08:00 ] ERR: (ThinkException) 非法操作:images
[ 2013-04-08T18:08:42+08:00 ] ERR: (ThinkException) 非法操作:images
[ 2013-04-08T18:08:42+08:00 ] ERR: (ThinkException) 非法操作:images
[ 2013-04-08T19:25:44+08:00 ] ERR: (ThinkException) 非法操作:themes
[ 2013-04-08T19:25:44+08:00 ] ERR: (ThinkException) 非法操作:js
[ 2013-04-08T19:25:44+08:00 ] ERR: (ThinkException) 非法操作:js
[ 2013-04-08T19:25:53+08:00 ] ERR: (ThinkException) 非法操作:images
[ 2013-04-08T19:25:54+08:00 ] ERR: (ThinkException) 非法操作:images
[ 2013-04-08T19:25:54+08:00 ] ERR: (ThinkException) 非法操作:images
[ 2013-04-08T19:25:54+08:00 ] ERR: (ThinkException) 非法操作:images
[ 2013-04-08T19:25:54+08:00 ] ERR: (ThinkException) 非法操作:images
[ 2013-04-08T19:25:54+08:00 ] ERR: (ThinkException) 非法操作:images
[ 2013-04-08T19:26:16+08:00 ] ERR: (ThinkException) 非法操作:images
[ 2013-04-08T19:27:11+08:00 ] ERR: (ThinkException) 非法操作:images
[ 2013-04-08T19:27:11+08:00 ] ERR: (ThinkException) 非法操作:images
[ 2013-04-08T19:27:11+08:00 ] ERR: (ThinkException) 非法操作:images
[ 2013-04-08T19:27:12+08:00 ] ERR: (ThinkException) 非法操作:images
[ 2013-04-08T19:27:12+08:00 ] ERR: (ThinkException) 非法操作:images
[ 2013-04-08T19:27:12+08:00 ] ERR: (ThinkException) 非法操作:images
[ 2013-04-08T19:27:18+08:00 ] ERR: (ThinkException) 非法操作:images
[ 2013-04-08T19:27:22+08:00 ] ERR: (ThinkException) 非法操作:images
[ 2013-04-08T19:27:22+08:00 ] ERR: (ThinkException) 非法操作:images
[ 2013-04-08T19:27:22+08:00 ] ERR: (ThinkException) 非法操作:images
[ 2013-04-08T19:27:23+08:00 ] ERR: (ThinkException) 非法操作:images
[ 2013-04-08T19:27:23+08:00 ] ERR: (ThinkException) 非法操作:images
[ 2013-04-08T19:27:23+08:00 ] ERR: (ThinkException) 非法操作:images
[ 2013-04-08T19:27:23+08:00 ] ERR: (ThinkException) 非法操作:images
[ 2013-04-08T19:27:23+08:00 ] ERR: (ThinkException) 非法操作:images
[ 2013-04-08T19:27:23+08:00 ] ERR: (ThinkException) 非法操作:images
[ 2013-04-08T19:27:24+08:00 ] ERR: (ThinkException) 非法操作:images
[ 2013-04-08T19:27:24+08:00 ] ERR: (ThinkException) 非法操作:images
[ 2013-04-08T19:27:24+08:00 ] ERR: (ThinkException) 非法操作:images
[ 2013-04-08T19:27:44+08:00 ] ERR: (ThinkException) 非法操作:images
[ 2013-04-08T19:27:55+08:00 ] ERR: (ThinkException) 非法操作:..images
[ 2013-04-08T19:27:56+08:00 ] ERR: (ThinkException) 无法加载模块:images
[ 2013-04-08T19:27:56+08:00 ] ERR: (ThinkException) 无法加载模块:images
[ 2013-04-08T19:52:24+08:00 ] ERR: (ThinkException) 非法操作:images
[ 2013-04-08T19:52:24+08:00 ] ERR: (ThinkException) 非法操作:images
[ 2013-04-08T19:52:24+08:00 ] ERR: (ThinkException) 非法操作:images
[ 2013-04-08T19:52:24+08:00 ] ERR: (ThinkException) 非法操作:images
[ 2013-04-08T19:52:24+08:00 ] ERR: (ThinkException) 非法操作:images
[ 2013-04-08T19:52:24+08:00 ] ERR: (ThinkException) 非法操作:images
[ 2013-04-08T19:52:25+08:00 ] ERR: (ThinkException) 非法操作:images
[ 2013-04-08T19:52:25+08:00 ] ERR: (ThinkException) 非法操作:images
[ 2013-04-08T19:52:25+08:00 ] ERR: (ThinkException) 非法操作:images
[ 2013-04-08T19:52:26+08:00 ] ERR: (ThinkException) 非法操作:images
[ 2013-04-08T19:52:26+08:00 ] ERR: (ThinkException) 非法操作:images
[ 2013-04-08T19:52:26+08:00 ] ERR: (ThinkException) 非法操作:images
[ 2013-04-08T19:53:04+08:00 ] ERR: (ThinkException) 非法操作:images
[ 2013-04-08T19:53:04+08:00 ] ERR: (ThinkException) 非法操作:images
[ 2013-04-08T19:53:04+08:00 ] ERR: (ThinkException) 非法操作:images
[ 2013-04-08T19:53:04+08:00 ] ERR: (ThinkException) 非法操作:images
[ 2013-04-08T19:53:04+08:00 ] ERR: (ThinkException) 非法操作:images
[ 2013-04-08T19:53:04+08:00 ] ERR: (ThinkException) 非法操作:images
[ 2013-04-08T19:53:05+08:00 ] ERR: (ThinkException) 非法操作:images
[ 2013-04-08T19:53:05+08:00 ] ERR: (ThinkException) 非法操作:images
[ 2013-04-08T19:53:05+08:00 ] ERR: (ThinkException) 非法操作:images
[ 2013-04-08T19:53:05+08:00 ] ERR: (ThinkException) 非法操作:images
[ 2013-04-08T19:53:05+08:00 ] ERR: (ThinkException) 非法操作:images
[ 2013-04-08T19:53:05+08:00 ] ERR: (ThinkException) 非法操作:images
[ 2013-04-08T19:53:48+08:00 ] ERR: (ThinkException) 非法操作:images
[ 2013-04-08T19:53:48+08:00 ] ERR: (ThinkException) 非法操作:images
[ 2013-04-08T19:53:48+08:00 ] ERR: (ThinkException) 非法操作:images
[ 2013-04-08T19:53:48+08:00 ] ERR: (ThinkException) 非法操作:images
[ 2013-04-08T19:53:48+08:00 ] ERR: (ThinkException) 非法操作:images
[ 2013-04-08T19:53:48+08:00 ] ERR: (ThinkException) 非法操作:images
[ 2013-04-08T19:53:49+08:00 ] ERR: (ThinkException) 非法操作:images
[ 2013-04-08T19:53:49+08:00 ] ERR: (ThinkException) 非法操作:images
[ 2013-04-08T19:53:49+08:00 ] ERR: (ThinkException) 非法操作:images
[ 2013-04-08T19:53:49+08:00 ] ERR: (ThinkException) 非法操作:images
[ 2013-04-08T19:53:49+08:00 ] ERR: (ThinkException) 非法操作:images
[ 2013-04-08T19:53:49+08:00 ] ERR: (ThinkException) 非法操作:images
[ 2013-04-08T19:53:55+08:00 ] ERR: (ThinkException) 非法操作:images
[ 2013-04-08T19:53:55+08:00 ] ERR: (ThinkException) 非法操作:images
[ 2013-04-08T19:53:55+08:00 ] ERR: (ThinkException) 非法操作:images
[ 2013-04-08T19:53:55+08:00 ] ERR: (ThinkException) 非法操作:images
[ 2013-04-08T19:53:55+08:00 ] ERR: (ThinkException) 非法操作:images
[ 2013-04-08T19:53:55+08:00 ] ERR: (ThinkException) 非法操作:images
[ 2013-04-08T19:54:08+08:00 ] ERR: (ThinkException) 非法操作:images
[ 2013-04-08T19:54:08+08:00 ] ERR: (ThinkException) 非法操作:images
[ 2013-04-08T19:54:08+08:00 ] ERR: (ThinkException) 非法操作:images
[ 2013-04-08T19:54:08+08:00 ] ERR: (ThinkException) 非法操作:images
[ 2013-04-08T19:54:08+08:00 ] ERR: (ThinkException) 非法操作:images
[ 2013-04-08T19:54:08+08:00 ] ERR: (ThinkException) 非法操作:images
[ 2013-04-08T20:00:54+08:00 ] ERR: (ThinkException) 非法操作:images
[ 2013-04-08T20:00:54+08:00 ] ERR: (ThinkException) 非法操作:images
[ 2013-04-08T20:00:54+08:00 ] ERR: (ThinkException) 非法操作:images
[ 2013-04-08T20:00:54+08:00 ] ERR: (ThinkException) 非法操作:images
[ 2013-04-08T20:00:54+08:00 ] ERR: (ThinkException) 非法操作:images
[ 2013-04-08T20:00:54+08:00 ] ERR: (ThinkException) 非法操作:images
[ 2013-04-08T20:04:25+08:00 ] ERR: (ThinkException) 非法操作:images
[ 2013-04-08T20:04:26+08:00 ] ERR: (ThinkException) 非法操作:images
[ 2013-04-08T20:04:26+08:00 ] ERR: (ThinkException) 非法操作:images
[ 2013-04-08T20:04:26+08:00 ] ERR: (ThinkException) 非法操作:images
[ 2013-04-08T20:04:26+08:00 ] ERR: (ThinkException) 非法操作:images
[ 2013-04-08T20:04:26+08:00 ] ERR: (ThinkException) 非法操作:images
[ 2013-04-08T20:04:56+08:00 ] ERR: (ThinkException) 非法操作:images
[ 2013-04-08T20:05:12+08:00 ] ERR: (ThinkException) 非法操作:js
[ 2013-04-08T20:05:12+08:00 ] ERR: (ThinkException) 非法操作:themes
[ 2013-04-08T20:05:12+08:00 ] ERR: (ThinkException) 非法操作:js
[ 2013-04-08T20:05:23+08:00 ] ERR: (ThinkException) 非法操作:images
[ 2013-04-08T20:05:23+08:00 ] ERR: (ThinkException) 非法操作:images
[ 2013-04-08T20:05:23+08:00 ] ERR: (ThinkException) 非法操作:images
[ 2013-04-08T20:05:23+08:00 ] ERR: (ThinkException) 非法操作:images
[ 2013-04-08T20:05:23+08:00 ] ERR: (ThinkException) 非法操作:images
[ 2013-04-08T20:06:12+08:00 ] ERR: (ThinkException) 非法操作:images
[ 2013-04-08T20:06:12+08:00 ] ERR: (ThinkException) 非法操作:images
[ 2013-04-08T20:06:12+08:00 ] ERR: (ThinkException) 非法操作:images
[ 2013-04-08T20:06:12+08:00 ] ERR: (ThinkException) 非法操作:images
[ 2013-04-08T20:06:12+08:00 ] ERR: (ThinkException) 非法操作:images
[ 2013-04-08T20:06:12+08:00 ] ERR: (ThinkException) 非法操作:images
[ 2013-04-08T20:06:13+08:00 ] ERR: (ThinkException) 非法操作:images
[ 2013-04-08T20:06:13+08:00 ] ERR: (ThinkException) 非法操作:images
[ 2013-04-08T20:06:13+08:00 ] ERR: (ThinkException) 非法操作:images
[ 2013-04-08T20:06:13+08:00 ] ERR: (ThinkException) 非法操作:images
[ 2013-04-08T20:06:13+08:00 ] ERR: (ThinkException) 非法操作:images
[ 2013-04-08T20:06:13+08:00 ] ERR: (ThinkException) 非法操作:images
[ 2013-04-08T20:06:14+08:00 ] ERR: (ThinkException) 非法操作:images
[ 2013-04-08T20:06:14+08:00 ] ERR: (ThinkException) 非法操作:images
[ 2013-04-08T20:06:14+08:00 ] ERR: (ThinkException) 非法操作:images
[ 2013-04-08T20:06:14+08:00 ] ERR: (ThinkException) 非法操作:images
[ 2013-04-08T20:06:14+08:00 ] ERR: (ThinkException) 非法操作:images
[ 2013-04-08T20:06:14+08:00 ] ERR: (ThinkException) 非法操作:images
[ 2013-04-08T20:06:15+08:00 ] ERR: (ThinkException) 非法操作:images
[ 2013-04-08T20:06:15+08:00 ] ERR: (ThinkException) 非法操作:images
[ 2013-04-08T20:06:15+08:00 ] ERR: (ThinkException) 非法操作:images
[ 2013-04-08T20:06:15+08:00 ] ERR: (ThinkException) 非法操作:images
[ 2013-04-08T20:06:15+08:00 ] ERR: (ThinkException) 非法操作:images
[ 2013-04-08T20:06:15+08:00 ] ERR: (ThinkException) 非法操作:images
[ 2013-04-08T20:06:53+08:00 ] ERR: (ThinkException) 非法操作:images
[ 2013-04-08T20:06:53+08:00 ] ERR: (ThinkException) 非法操作:images
[ 2013-04-08T20:06:53+08:00 ] ERR: (ThinkException) 无法加载模块:images
[ 2013-04-08T20:06:53+08:00 ] ERR: (ThinkException) 非法操作:images
[ 2013-04-08T20:06:55+08:00 ] ERR: (ThinkException) 无法加载模块:images
[ 2013-04-08T20:06:55+08:00 ] ERR: (ThinkException) 非法操作:images
[ 2013-04-08T20:06:55+08:00 ] ERR: (ThinkException) 非法操作:images
[ 2013-04-08T20:06:55+08:00 ] ERR: (ThinkException) 非法操作:images
[ 2013-04-08T20:06:55+08:00 ] ERR: (ThinkException) 非法操作:images
[ 2013-04-08T20:06:55+08:00 ] ERR: (ThinkException) 非法操作:images
[ 2013-04-08T20:06:55+08:00 ] ERR: (ThinkException) 无法加载模块:images
[ 2013-04-08T20:06:55+08:00 ] ERR: (ThinkException) 非法操作:images
[ 2013-04-08T20:07:29+08:00 ] ERR: (ThinkException) 非法操作:images
[ 2013-04-08T20:07:29+08:00 ] ERR: (ThinkException) 非法操作:images
[ 2013-04-08T20:07:29+08:00 ] ERR: (ThinkException) 非法操作:images
[ 2013-04-08T20:07:29+08:00 ] ERR: (ThinkException) 非法操作:images
[ 2013-04-08T20:07:29+08:00 ] ERR: (ThinkException) 非法操作:images
[ 2013-04-08T20:07:29+08:00 ] ERR: (ThinkException) 非法操作:images
[ 2013-04-08T20:09:05+08:00 ] ERR: (ThinkException) 非法操作:images
[ 2013-04-08T20:09:05+08:00 ] ERR: (ThinkException) 非法操作:images
[ 2013-04-08T20:09:05+08:00 ] ERR: (ThinkException) 非法操作:images
[ 2013-04-08T20:09:05+08:00 ] ERR: (ThinkException) 非法操作:images
[ 2013-04-08T20:09:05+08:00 ] ERR: (ThinkException) 非法操作:images
[ 2013-04-08T20:09:05+08:00 ] ERR: (ThinkException) 非法操作:images
[ 2013-04-08T20:09:06+08:00 ] ERR: (ThinkException) 非法操作:images
[ 2013-04-08T20:09:06+08:00 ] ERR: (ThinkException) 非法操作:images
[ 2013-04-08T20:09:06+08:00 ] ERR: (ThinkException) 非法操作:images
