[ 2013-04-25T23:03:03+08:00 ] ERR: (ThinkException) 非法操作:themes
[ 2013-04-25T23:03:03+08:00 ] ERR: (ThinkException) 非法操作:js
[ 2013-04-25T23:03:03+08:00 ] ERR: (ThinkException) 非法操作:js
[ 2013-04-25T23:46:45+08:00 ] 0.0.0.0 /ba/index.php/Feed/comment
NOTIC: [2] ob_start(): output handler 'ob_gzhandler' conflicts with 'zlib output compression' G:\program\thinkphp\Lib\Core\App.class.php 第 49 行.
NOTIC: [8] ob_start(): failed to create buffer G:\program\thinkphp\Lib\Core\App.class.php 第 49 行.
INFO: [ app_begin ] --START--
INFO: Run ReadHtmlCache Behavior [ RunTime:0.001557s ]
INFO: [ app_begin ] --END-- [ RunTime:0.001667s ]
SQL: SHOW COLUMNS FROM `comment` [ RunTime:0.056610s ]
SQL: SHOW COLUMNS FROM `user` [ RunTime:0.008217s ]
SQL: SELECT * FROM `comment` WHERE ( `fid` = 7 ) ORDER BY floor  [ RunTime:0.011844s ]
SQL: SELECT `uname` FROM `user` WHERE ( `uid` = 17 ) LIMIT 1   [ RunTime:0.000873s ]
SQL: SELECT `uname` FROM `user` WHERE ( `uid` = 17 ) LIMIT 1   [ RunTime:0.000500s ]
SQL: SELECT `uname` FROM `user` WHERE ( `uid` = 17 ) LIMIT 1   [ RunTime:0.000368s ]
SQL: SELECT `uname` FROM `user` WHERE ( `uid` = 17 ) LIMIT 1   [ RunTime:0.000526s ]
SQL: SELECT `uname` FROM `user` WHERE ( `uid` = 17 ) LIMIT 1   [ RunTime:0.000631s ]
INFO: [ view_template ] --START--
INFO: Run LocationTemplate Behavior [ RunTime:0.001917s ]
INFO: [ view_template ] --END-- [ RunTime:0.002022s ]
INFO: [ view_parse ] --START--
NOTIC: [8] Undefined variable: re G:\program\ba\Runtime\Cache\7a9a55aff6f47e257060ca0ab28ec843.php 第 17 行.
INFO: Run ParseTemplate Behavior [ RunTime:0.021368s ]
INFO: [ view_parse ] --END-- [ RunTime:0.021474s ]
INFO: [ view_filter ] --START--
INFO: Run ContentReplace Behavior [ RunTime:0.001239s ]
INFO: Run TokenBuild Behavior [ RunTime:0.001298s ]
INFO: Run WriteHtmlCache Behavior [ RunTime:0.000911s ]
INFO: Run ShowRuntime Behavior [ RunTime:0.001198s ]
INFO: [ view_filter ] --END-- [ RunTime:0.004921s ]
INFO: [ view_end ] --START--
INFO: Run ShowPageTrace Behavior [ RunTime:0.001507s ]
INFO: [ view_end ] --END-- [ RunTime:0.001600s ]

[ 2013-04-25T23:46:54+08:00 ] 0.0.0.0 /ba/index.php/Feed/comment
NOTIC: [2] ob_start(): output handler 'ob_gzhandler' conflicts with 'zlib output compression' G:\program\thinkphp\Lib\Core\App.class.php 第 49 行.
NOTIC: [8] ob_start(): failed to create buffer G:\program\thinkphp\Lib\Core\App.class.php 第 49 行.
INFO: [ app_begin ] --START--
INFO: Run ReadHtmlCache Behavior [ RunTime:0.001527s ]
INFO: [ app_begin ] --END-- [ RunTime:0.001628s ]
SQL: SHOW COLUMNS FROM `comment` [ RunTime:0.008325s ]
SQL: SHOW COLUMNS FROM `user` [ RunTime:0.008026s ]
SQL: SELECT * FROM `comment` WHERE ( `fid` = 7 ) ORDER BY floor  [ RunTime:0.000842s ]
SQL: SELECT `uname` FROM `user` WHERE ( `uid` = 17 ) LIMIT 1   [ RunTime:0.000424s ]
SQL: SELECT `uname` FROM `user` WHERE ( `uid` = 17 ) LIMIT 1   [ RunTime:0.000710s ]
SQL: SELECT `uname` FROM `user` WHERE ( `uid` = 17 ) LIMIT 1   [ RunTime:0.000618s ]
SQL: SELECT `uname` FROM `user` WHERE ( `uid` = 17 ) LIMIT 1   [ RunTime:0.000396s ]
SQL: SELECT `uname` FROM `user` WHERE ( `uid` = 17 ) LIMIT 1   [ RunTime:0.000416s ]
INFO: [ view_template ] --START--
INFO: Run LocationTemplate Behavior [ RunTime:0.001276s ]
INFO: [ view_template ] --END-- [ RunTime:0.001375s ]
INFO: [ view_parse ] --START--
NOTIC: [8] Undefined variable: re G:\program\ba\Runtime\Cache\7a9a55aff6f47e257060ca0ab28ec843.php 第 17 行.
INFO: Run ParseTemplate Behavior [ RunTime:0.020057s ]
INFO: [ view_parse ] --END-- [ RunTime:0.020164s ]
INFO: [ view_filter ] --START--
INFO: Run ContentReplace Behavior [ RunTime:0.001439s ]
INFO: Run TokenBuild Behavior [ RunTime:0.001177s ]
INFO: Run WriteHtmlCache Behavior [ RunTime:0.001167s ]
INFO: Run ShowRuntime Behavior [ RunTime:0.001370s ]
INFO: [ view_filter ] --END-- [ RunTime:0.005464s ]
INFO: [ view_end ] --START--
INFO: Run ShowPageTrace Behavior [ RunTime:0.002371s ]
INFO: [ view_end ] --END-- [ RunTime:0.002484s ]

[ 2013-04-25T23:47:28+08:00 ] 0.0.0.0 /ba/index.php/Feed/comment
NOTIC: [2] ob_start(): output handler 'ob_gzhandler' conflicts with 'zlib output compression' G:\program\thinkphp\Lib\Core\App.class.php 第 49 行.
NOTIC: [8] ob_start(): failed to create buffer G:\program\thinkphp\Lib\Core\App.class.php 第 49 行.
INFO: [ app_begin ] --START--
INFO: Run ReadHtmlCache Behavior [ RunTime:0.001914s ]
INFO: [ app_begin ] --END-- [ RunTime:0.002026s ]
SQL: SHOW COLUMNS FROM `comment` [ RunTime:0.007778s ]
SQL: SHOW COLUMNS FROM `user` [ RunTime:0.007515s ]
SQL: SELECT * FROM `comment` WHERE ( `fid` = 7 ) ORDER BY floor  [ RunTime:0.000845s ]
SQL: SELECT `uname` FROM `user` WHERE ( `uid` = 17 ) LIMIT 1   [ RunTime:0.000392s ]
SQL: SELECT `uname` FROM `user` WHERE ( `uid` = 17 ) LIMIT 1   [ RunTime:0.000401s ]
SQL: SELECT `uname` FROM `user` WHERE ( `uid` = 17 ) LIMIT 1   [ RunTime:0.000390s ]
SQL: SELECT `uname` FROM `user` WHERE ( `uid` = 17 ) LIMIT 1   [ RunTime:0.000592s ]
SQL: SELECT `uname` FROM `user` WHERE ( `uid` = 17 ) LIMIT 1   [ RunTime:0.000444s ]
INFO: [ view_template ] --START--
INFO: Run LocationTemplate Behavior [ RunTime:0.002166s ]
INFO: [ view_template ] --END-- [ RunTime:0.002268s ]
INFO: [ view_parse ] --START--
NOTIC: [8] Undefined variable: re G:\program\ba\Runtime\Cache\7a9a55aff6f47e257060ca0ab28ec843.php 第 17 行.
INFO: Run ParseTemplate Behavior [ RunTime:0.021668s ]
INFO: [ view_parse ] --END-- [ RunTime:0.021773s ]
INFO: [ view_filter ] --START--
INFO: Run ContentReplace Behavior [ RunTime:0.001411s ]
INFO: Run TokenBuild Behavior [ RunTime:0.001315s ]
INFO: Run WriteHtmlCache Behavior [ RunTime:0.001329s ]
INFO: Run ShowRuntime Behavior [ RunTime:0.001798s ]
INFO: [ view_filter ] --END-- [ RunTime:0.006140s ]
INFO: [ view_end ] --START--
INFO: Run ShowPageTrace Behavior [ RunTime:0.001825s ]
INFO: [ view_end ] --END-- [ RunTime:0.002155s ]

