[ 2013-04-13T10:42:26+08:00 ] ERR: (ThinkException) 非法操作:themes
[ 2013-04-13T10:42:26+08:00 ] ERR: (ThinkException) 非法操作:js
[ 2013-04-13T10:42:26+08:00 ] ERR: (ThinkException) 非法操作:js
[ 2013-04-13T10:42:38+08:00 ] ERR: (ThinkException) 非法操作:islike
[ 2013-04-13T10:42:38+08:00 ] 0.0.0.0 /ba/index.php/Public/islike
INFO: [ app_begin ] --START--
INFO: Run ReadHtmlCache Behavior [ RunTime:0.001246s ]
INFO: [ app_begin ] --END-- [ RunTime:0.001458s ]
NOTIC: [8] Undefined index: class G:\program\thinkphp\Lib\Core\ThinkException.class.php 第 63 行.
NOTIC: [8] Undefined index: type G:\program\thinkphp\Lib\Core\ThinkException.class.php 第 63 行.
NOTIC: [8] Undefined index: file G:\program\thinkphp\Lib\Core\ThinkException.class.php 第 62 行.
NOTIC: [8] Undefined index: line G:\program\thinkphp\Lib\Core\ThinkException.class.php 第 62 行.
NOTIC: [4096] Object of class PublicAction could not be converted to string G:\program\thinkphp\Lib\Core\ThinkException.class.php 第 64 行.
NOTIC: [8] Array to string conversion G:\program\thinkphp\Lib\Core\ThinkException.class.php 第 64 行.
NOTIC: [8] Undefined index: class G:\program\thinkphp\Lib\Core\ThinkException.class.php 第 63 行.
NOTIC: [8] Undefined index: type G:\program\thinkphp\Lib\Core\ThinkException.class.php 第 63 行.
NOTIC: [8] Undefined index: class G:\program\thinkphp\Lib\Core\ThinkException.class.php 第 63 行.
NOTIC: [8] Undefined index: type G:\program\thinkphp\Lib\Core\ThinkException.class.php 第 63 行.

[ 2013-04-13T10:42:41+08:00 ] ERR: (ThinkException) 非法操作:islike
[ 2013-04-13T10:42:41+08:00 ] 0.0.0.0 /ba/index.php/Public/islike
NOTIC: [2] ob_start(): output handler 'ob_gzhandler' conflicts with 'zlib output compression' G:\program\thinkphp\Lib\Core\App.class.php 第 49 行.
NOTIC: [8] ob_start(): failed to create buffer G:\program\thinkphp\Lib\Core\App.class.php 第 49 行.
INFO: [ app_begin ] --START--
INFO: Run ReadHtmlCache Behavior [ RunTime:0.000923s ]
INFO: [ app_begin ] --END-- [ RunTime:0.001023s ]
NOTIC: [8] Undefined index: class G:\program\thinkphp\Lib\Core\ThinkException.class.php 第 63 行.
NOTIC: [8] Undefined index: type G:\program\thinkphp\Lib\Core\ThinkException.class.php 第 63 行.
NOTIC: [8] Undefined index: file G:\program\thinkphp\Lib\Core\ThinkException.class.php 第 62 行.
NOTIC: [8] Undefined index: line G:\program\thinkphp\Lib\Core\ThinkException.class.php 第 62 行.
NOTIC: [4096] Object of class PublicAction could not be converted to string G:\program\thinkphp\Lib\Core\ThinkException.class.php 第 64 行.
NOTIC: [8] Array to string conversion G:\program\thinkphp\Lib\Core\ThinkException.class.php 第 64 行.
NOTIC: [8] Undefined index: class G:\program\thinkphp\Lib\Core\ThinkException.class.php 第 63 行.
NOTIC: [8] Undefined index: type G:\program\thinkphp\Lib\Core\ThinkException.class.php 第 63 行.
NOTIC: [8] Undefined index: class G:\program\thinkphp\Lib\Core\ThinkException.class.php 第 63 行.
NOTIC: [8] Undefined index: type G:\program\thinkphp\Lib\Core\ThinkException.class.php 第 63 行.

[ 2013-04-13T10:42:42+08:00 ] ERR: (ThinkException) 非法操作:islike
[ 2013-04-13T10:42:42+08:00 ] 0.0.0.0 /ba/index.php/Public/islike
NOTIC: [2] ob_start(): output handler 'ob_gzhandler' conflicts with 'zlib output compression' G:\program\thinkphp\Lib\Core\App.class.php 第 49 行.
NOTIC: [8] ob_start(): failed to create buffer G:\program\thinkphp\Lib\Core\App.class.php 第 49 行.
INFO: [ app_begin ] --START--
INFO: Run ReadHtmlCache Behavior [ RunTime:0.000946s ]
INFO: [ app_begin ] --END-- [ RunTime:0.001011s ]
NOTIC: [8] Undefined index: class G:\program\thinkphp\Lib\Core\ThinkException.class.php 第 63 行.
NOTIC: [8] Undefined index: type G:\program\thinkphp\Lib\Core\ThinkException.class.php 第 63 行.
NOTIC: [8] Undefined index: file G:\program\thinkphp\Lib\Core\ThinkException.class.php 第 62 行.
NOTIC: [8] Undefined index: line G:\program\thinkphp\Lib\Core\ThinkException.class.php 第 62 行.
NOTIC: [4096] Object of class PublicAction could not be converted to string G:\program\thinkphp\Lib\Core\ThinkException.class.php 第 64 行.
NOTIC: [8] Array to string conversion G:\program\thinkphp\Lib\Core\ThinkException.class.php 第 64 行.
NOTIC: [8] Undefined index: class G:\program\thinkphp\Lib\Core\ThinkException.class.php 第 63 行.
NOTIC: [8] Undefined index: type G:\program\thinkphp\Lib\Core\ThinkException.class.php 第 63 行.
NOTIC: [8] Undefined index: class G:\program\thinkphp\Lib\Core\ThinkException.class.php 第 63 行.
NOTIC: [8] Undefined index: type G:\program\thinkphp\Lib\Core\ThinkException.class.php 第 63 行.

[ 2013-04-13T10:42:46+08:00 ] ERR: (ThinkException) 非法操作:islike
[ 2013-04-13T10:42:46+08:00 ] 0.0.0.0 /ba/index.php/Public/islike
NOTIC: [2] ob_start(): output handler 'ob_gzhandler' conflicts with 'zlib output compression' G:\program\thinkphp\Lib\Core\App.class.php 第 49 行.
NOTIC: [8] ob_start(): failed to create buffer G:\program\thinkphp\Lib\Core\App.class.php 第 49 行.
INFO: [ app_begin ] --START--
INFO: Run ReadHtmlCache Behavior [ RunTime:0.001075s ]
INFO: [ app_begin ] --END-- [ RunTime:0.001146s ]
NOTIC: [8] Undefined index: class G:\program\thinkphp\Lib\Core\ThinkException.class.php 第 63 行.
NOTIC: [8] Undefined index: type G:\program\thinkphp\Lib\Core\ThinkException.class.php 第 63 行.
NOTIC: [8] Undefined index: file G:\program\thinkphp\Lib\Core\ThinkException.class.php 第 62 行.
NOTIC: [8] Undefined index: line G:\program\thinkphp\Lib\Core\ThinkException.class.php 第 62 行.
NOTIC: [4096] Object of class PublicAction could not be converted to string G:\program\thinkphp\Lib\Core\ThinkException.class.php 第 64 行.
NOTIC: [8] Array to string conversion G:\program\thinkphp\Lib\Core\ThinkException.class.php 第 64 行.
NOTIC: [8] Undefined index: class G:\program\thinkphp\Lib\Core\ThinkException.class.php 第 63 行.
NOTIC: [8] Undefined index: type G:\program\thinkphp\Lib\Core\ThinkException.class.php 第 63 行.
NOTIC: [8] Undefined index: class G:\program\thinkphp\Lib\Core\ThinkException.class.php 第 63 行.
NOTIC: [8] Undefined index: type G:\program\thinkphp\Lib\Core\ThinkException.class.php 第 63 行.

[ 2013-04-13T10:42:50+08:00 ] ERR: (ThinkException) 非法操作:islike
[ 2013-04-13T10:42:50+08:00 ] 0.0.0.0 /ba/index.php/Public/islike
NOTIC: [2] ob_start(): output handler 'ob_gzhandler' conflicts with 'zlib output compression' G:\program\thinkphp\Lib\Core\App.class.php 第 49 行.
NOTIC: [8] ob_start(): failed to create buffer G:\program\thinkphp\Lib\Core\App.class.php 第 49 行.
INFO: [ app_begin ] --START--
INFO: Run ReadHtmlCache Behavior [ RunTime:0.000941s ]
INFO: [ app_begin ] --END-- [ RunTime:0.001008s ]
NOTIC: [8] Undefined index: class G:\program\thinkphp\Lib\Core\ThinkException.class.php 第 63 行.
NOTIC: [8] Undefined index: type G:\program\thinkphp\Lib\Core\ThinkException.class.php 第 63 行.
NOTIC: [8] Undefined index: file G:\program\thinkphp\Lib\Core\ThinkException.class.php 第 62 行.
NOTIC: [8] Undefined index: line G:\program\thinkphp\Lib\Core\ThinkException.class.php 第 62 行.
NOTIC: [4096] Object of class PublicAction could not be converted to string G:\program\thinkphp\Lib\Core\ThinkException.class.php 第 64 行.
NOTIC: [8] Array to string conversion G:\program\thinkphp\Lib\Core\ThinkException.class.php 第 64 行.
NOTIC: [8] Undefined index: class G:\program\thinkphp\Lib\Core\ThinkException.class.php 第 63 行.
NOTIC: [8] Undefined index: type G:\program\thinkphp\Lib\Core\ThinkException.class.php 第 63 行.
NOTIC: [8] Undefined index: class G:\program\thinkphp\Lib\Core\ThinkException.class.php 第 63 行.
NOTIC: [8] Undefined index: type G:\program\thinkphp\Lib\Core\ThinkException.class.php 第 63 行.

[ 2013-04-13T10:42:51+08:00 ] ERR: (ThinkException) 非法操作:islike
[ 2013-04-13T10:42:51+08:00 ] 0.0.0.0 /ba/index.php/Public/islike
NOTIC: [2] ob_start(): output handler 'ob_gzhandler' conflicts with 'zlib output compression' G:\program\thinkphp\Lib\Core\App.class.php 第 49 行.
NOTIC: [8] ob_start(): failed to create buffer G:\program\thinkphp\Lib\Core\App.class.php 第 49 行.
INFO: [ app_begin ] --START--
INFO: Run ReadHtmlCache Behavior [ RunTime:0.000866s ]
INFO: [ app_begin ] --END-- [ RunTime:0.000923s ]
NOTIC: [8] Undefined index: class G:\program\thinkphp\Lib\Core\ThinkException.class.php 第 63 行.
NOTIC: [8] Undefined index: type G:\program\thinkphp\Lib\Core\ThinkException.class.php 第 63 行.
NOTIC: [8] Undefined index: file G:\program\thinkphp\Lib\Core\ThinkException.class.php 第 62 行.
NOTIC: [8] Undefined index: line G:\program\thinkphp\Lib\Core\ThinkException.class.php 第 62 行.
NOTIC: [4096] Object of class PublicAction could not be converted to string G:\program\thinkphp\Lib\Core\ThinkException.class.php 第 64 行.
NOTIC: [8] Array to string conversion G:\program\thinkphp\Lib\Core\ThinkException.class.php 第 64 行.
NOTIC: [8] Undefined index: class G:\program\thinkphp\Lib\Core\ThinkException.class.php 第 63 行.
NOTIC: [8] Undefined index: type G:\program\thinkphp\Lib\Core\ThinkException.class.php 第 63 行.
NOTIC: [8] Undefined index: class G:\program\thinkphp\Lib\Core\ThinkException.class.php 第 63 行.
NOTIC: [8] Undefined index: type G:\program\thinkphp\Lib\Core\ThinkException.class.php 第 63 行.

[ 2013-04-13T10:46:07+08:00 ] ERR: (ThinkException) 非法操作:islike
[ 2013-04-13T10:46:07+08:00 ] 0.0.0.0 /ba/index.php/Public/islike
NOTIC: [2] ob_start(): output handler 'ob_gzhandler' conflicts with 'zlib output compression' G:\program\thinkphp\Lib\Core\App.class.php 第 49 行.
NOTIC: [8] ob_start(): failed to create buffer G:\program\thinkphp\Lib\Core\App.class.php 第 49 行.
INFO: [ app_begin ] --START--
INFO: Run ReadHtmlCache Behavior [ RunTime:0.001169s ]
INFO: [ app_begin ] --END-- [ RunTime:0.001254s ]
NOTIC: [8] Undefined index: class G:\program\thinkphp\Lib\Core\ThinkException.class.php 第 63 行.
NOTIC: [8] Undefined index: type G:\program\thinkphp\Lib\Core\ThinkException.class.php 第 63 行.
NOTIC: [8] Undefined index: file G:\program\thinkphp\Lib\Core\ThinkException.class.php 第 62 行.
NOTIC: [8] Undefined index: line G:\program\thinkphp\Lib\Core\ThinkException.class.php 第 62 行.
NOTIC: [4096] Object of class PublicAction could not be converted to string G:\program\thinkphp\Lib\Core\ThinkException.class.php 第 64 行.
NOTIC: [8] Array to string conversion G:\program\thinkphp\Lib\Core\ThinkException.class.php 第 64 行.
NOTIC: [8] Undefined index: class G:\program\thinkphp\Lib\Core\ThinkException.class.php 第 63 行.
NOTIC: [8] Undefined index: type G:\program\thinkphp\Lib\Core\ThinkException.class.php 第 63 行.
NOTIC: [8] Undefined index: class G:\program\thinkphp\Lib\Core\ThinkException.class.php 第 63 行.
NOTIC: [8] Undefined index: type G:\program\thinkphp\Lib\Core\ThinkException.class.php 第 63 行.

[ 2013-04-13T10:46:09+08:00 ] ERR: (ThinkException) 非法操作:islike
[ 2013-04-13T10:46:09+08:00 ] 0.0.0.0 /ba/index.php/Public/islike
NOTIC: [2] ob_start(): output handler 'ob_gzhandler' conflicts with 'zlib output compression' G:\program\thinkphp\Lib\Core\App.class.php 第 49 行.
NOTIC: [8] ob_start(): failed to create buffer G:\program\thinkphp\Lib\Core\App.class.php 第 49 行.
INFO: [ app_begin ] --START--
INFO: Run ReadHtmlCache Behavior [ RunTime:0.001239s ]
INFO: [ app_begin ] --END-- [ RunTime:0.001312s ]
NOTIC: [8] Undefined index: class G:\program\thinkphp\Lib\Core\ThinkException.class.php 第 63 行.
NOTIC: [8] Undefined index: type G:\program\thinkphp\Lib\Core\ThinkException.class.php 第 63 行.
NOTIC: [8] Undefined index: file G:\program\thinkphp\Lib\Core\ThinkException.class.php 第 62 行.
NOTIC: [8] Undefined index: line G:\program\thinkphp\Lib\Core\ThinkException.class.php 第 62 行.
NOTIC: [4096] Object of class PublicAction could not be converted to string G:\program\thinkphp\Lib\Core\ThinkException.class.php 第 64 行.
NOTIC: [8] Array to string conversion G:\program\thinkphp\Lib\Core\ThinkException.class.php 第 64 行.
NOTIC: [8] Undefined index: class G:\program\thinkphp\Lib\Core\ThinkException.class.php 第 63 行.
NOTIC: [8] Undefined index: type G:\program\thinkphp\Lib\Core\ThinkException.class.php 第 63 行.
NOTIC: [8] Undefined index: class G:\program\thinkphp\Lib\Core\ThinkException.class.php 第 63 行.
NOTIC: [8] Undefined index: type G:\program\thinkphp\Lib\Core\ThinkException.class.php 第 63 行.

[ 2013-04-13T10:46:33+08:00 ] ERR: (ThinkException) 非法操作:islike
[ 2013-04-13T10:46:33+08:00 ] 0.0.0.0 /ba/index.php/Public/islike
NOTIC: [2] ob_start(): output handler 'ob_gzhandler' conflicts with 'zlib output compression' G:\program\thinkphp\Lib\Core\App.class.php 第 49 行.
NOTIC: [8] ob_start(): failed to create buffer G:\program\thinkphp\Lib\Core\App.class.php 第 49 行.
INFO: [ app_begin ] --START--
INFO: Run ReadHtmlCache Behavior [ RunTime:0.002514s ]
INFO: [ app_begin ] --END-- [ RunTime:0.002646s ]
NOTIC: [8] Undefined index: class G:\program\thinkphp\Lib\Core\ThinkException.class.php 第 63 行.
NOTIC: [8] Undefined index: type G:\program\thinkphp\Lib\Core\ThinkException.class.php 第 63 行.
NOTIC: [8] Undefined index: file G:\program\thinkphp\Lib\Core\ThinkException.class.php 第 62 行.
NOTIC: [8] Undefined index: line G:\program\thinkphp\Lib\Core\ThinkException.class.php 第 62 行.
NOTIC: [4096] Object of class PublicAction could not be converted to string G:\program\thinkphp\Lib\Core\ThinkException.class.php 第 64 行.
NOTIC: [8] Array to string conversion G:\program\thinkphp\Lib\Core\ThinkException.class.php 第 64 行.
NOTIC: [8] Undefined index: class G:\program\thinkphp\Lib\Core\ThinkException.class.php 第 63 行.
NOTIC: [8] Undefined index: type G:\program\thinkphp\Lib\Core\ThinkException.class.php 第 63 行.
NOTIC: [8] Undefined index: class G:\program\thinkphp\Lib\Core\ThinkException.class.php 第 63 行.
NOTIC: [8] Undefined index: type G:\program\thinkphp\Lib\Core\ThinkException.class.php 第 63 行.

[ 2013-04-13T10:47:33+08:00 ] ERR: (ThinkException) 非法操作:islike
[ 2013-04-13T10:47:33+08:00 ] 0.0.0.0 /ba/index.php/Public/islike
NOTIC: [2] ob_start(): output handler 'ob_gzhandler' conflicts with 'zlib output compression' G:\program\thinkphp\Lib\Core\App.class.php 第 49 行.
NOTIC: [8] ob_start(): failed to create buffer G:\program\thinkphp\Lib\Core\App.class.php 第 49 行.
INFO: [ app_begin ] --START--
INFO: Run ReadHtmlCache Behavior [ RunTime:0.001017s ]
INFO: [ app_begin ] --END-- [ RunTime:0.001091s ]
NOTIC: [8] Undefined index: class G:\program\thinkphp\Lib\Core\ThinkException.class.php 第 63 行.
NOTIC: [8] Undefined index: type G:\program\thinkphp\Lib\Core\ThinkException.class.php 第 63 行.
NOTIC: [8] Undefined index: file G:\program\thinkphp\Lib\Core\ThinkException.class.php 第 62 行.
NOTIC: [8] Undefined index: line G:\program\thinkphp\Lib\Core\ThinkException.class.php 第 62 行.
NOTIC: [4096] Object of class PublicAction could not be converted to string G:\program\thinkphp\Lib\Core\ThinkException.class.php 第 64 行.
NOTIC: [8] Array to string conversion G:\program\thinkphp\Lib\Core\ThinkException.class.php 第 64 行.
NOTIC: [8] Undefined index: class G:\program\thinkphp\Lib\Core\ThinkException.class.php 第 63 行.
NOTIC: [8] Undefined index: type G:\program\thinkphp\Lib\Core\ThinkException.class.php 第 63 行.
NOTIC: [8] Undefined index: class G:\program\thinkphp\Lib\Core\ThinkException.class.php 第 63 行.
NOTIC: [8] Undefined index: type G:\program\thinkphp\Lib\Core\ThinkException.class.php 第 63 行.

[ 2013-04-13T10:47:35+08:00 ] ERR: (ThinkException) 非法操作:islike
[ 2013-04-13T10:47:35+08:00 ] 0.0.0.0 /ba/index.php/Public/islike
NOTIC: [2] ob_start(): output handler 'ob_gzhandler' conflicts with 'zlib output compression' G:\program\thinkphp\Lib\Core\App.class.php 第 49 行.
NOTIC: [8] ob_start(): failed to create buffer G:\program\thinkphp\Lib\Core\App.class.php 第 49 行.
INFO: [ app_begin ] --START--
INFO: Run ReadHtmlCache Behavior [ RunTime:0.001179s ]
INFO: [ app_begin ] --END-- [ RunTime:0.001263s ]
NOTIC: [8] Undefined index: class G:\program\thinkphp\Lib\Core\ThinkException.class.php 第 63 行.
NOTIC: [8] Undefined index: type G:\program\thinkphp\Lib\Core\ThinkException.class.php 第 63 行.
NOTIC: [8] Undefined index: file G:\program\thinkphp\Lib\Core\ThinkException.class.php 第 62 行.
NOTIC: [8] Undefined index: line G:\program\thinkphp\Lib\Core\ThinkException.class.php 第 62 行.
NOTIC: [4096] Object of class PublicAction could not be converted to string G:\program\thinkphp\Lib\Core\ThinkException.class.php 第 64 行.
NOTIC: [8] Array to string conversion G:\program\thinkphp\Lib\Core\ThinkException.class.php 第 64 行.
NOTIC: [8] Undefined index: class G:\program\thinkphp\Lib\Core\ThinkException.class.php 第 63 行.
NOTIC: [8] Undefined index: type G:\program\thinkphp\Lib\Core\ThinkException.class.php 第 63 行.
NOTIC: [8] Undefined index: class G:\program\thinkphp\Lib\Core\ThinkException.class.php 第 63 行.
NOTIC: [8] Undefined index: type G:\program\thinkphp\Lib\Core\ThinkException.class.php 第 63 行.

[ 2013-04-13T10:47:36+08:00 ] ERR: (ThinkException) 非法操作:islike
[ 2013-04-13T10:47:36+08:00 ] 0.0.0.0 /ba/index.php/Public/islike
NOTIC: [2] ob_start(): output handler 'ob_gzhandler' conflicts with 'zlib output compression' G:\program\thinkphp\Lib\Core\App.class.php 第 49 行.
NOTIC: [8] ob_start(): failed to create buffer G:\program\thinkphp\Lib\Core\App.class.php 第 49 行.
INFO: [ app_begin ] --START--
INFO: Run ReadHtmlCache Behavior [ RunTime:0.001013s ]
INFO: [ app_begin ] --END-- [ RunTime:0.001091s ]
NOTIC: [8] Undefined index: class G:\program\thinkphp\Lib\Core\ThinkException.class.php 第 63 行.
NOTIC: [8] Undefined index: type G:\program\thinkphp\Lib\Core\ThinkException.class.php 第 63 行.
NOTIC: [8] Undefined index: file G:\program\thinkphp\Lib\Core\ThinkException.class.php 第 62 行.
NOTIC: [8] Undefined index: line G:\program\thinkphp\Lib\Core\ThinkException.class.php 第 62 行.
NOTIC: [4096] Object of class PublicAction could not be converted to string G:\program\thinkphp\Lib\Core\ThinkException.class.php 第 64 行.
NOTIC: [8] Array to string conversion G:\program\thinkphp\Lib\Core\ThinkException.class.php 第 64 行.
NOTIC: [8] Undefined index: class G:\program\thinkphp\Lib\Core\ThinkException.class.php 第 63 行.
NOTIC: [8] Undefined index: type G:\program\thinkphp\Lib\Core\ThinkException.class.php 第 63 行.
NOTIC: [8] Undefined index: class G:\program\thinkphp\Lib\Core\ThinkException.class.php 第 63 行.
NOTIC: [8] Undefined index: type G:\program\thinkphp\Lib\Core\ThinkException.class.php 第 63 行.

[ 2013-04-13T11:03:20+08:00 ] ERR: (ThinkException) 非法操作:islike
[ 2013-04-13T11:03:20+08:00 ] 0.0.0.0 /ba/index.php/Public/islike
NOTIC: [2] ob_start(): output handler 'ob_gzhandler' conflicts with 'zlib output compression' G:\program\thinkphp\Lib\Core\App.class.php 第 49 行.
NOTIC: [8] ob_start(): failed to create buffer G:\program\thinkphp\Lib\Core\App.class.php 第 49 行.
INFO: [ app_begin ] --START--
INFO: Run ReadHtmlCache Behavior [ RunTime:0.001149s ]
INFO: [ app_begin ] --END-- [ RunTime:0.001233s ]
NOTIC: [8] Undefined index: class G:\program\thinkphp\Lib\Core\ThinkException.class.php 第 63 行.
NOTIC: [8] Undefined index: type G:\program\thinkphp\Lib\Core\ThinkException.class.php 第 63 行.
NOTIC: [8] Undefined index: file G:\program\thinkphp\Lib\Core\ThinkException.class.php 第 62 行.
NOTIC: [8] Undefined index: line G:\program\thinkphp\Lib\Core\ThinkException.class.php 第 62 行.
NOTIC: [4096] Object of class PublicAction could not be converted to string G:\program\thinkphp\Lib\Core\ThinkException.class.php 第 64 行.
NOTIC: [8] Array to string conversion G:\program\thinkphp\Lib\Core\ThinkException.class.php 第 64 行.
NOTIC: [8] Undefined index: class G:\program\thinkphp\Lib\Core\ThinkException.class.php 第 63 行.
NOTIC: [8] Undefined index: type G:\program\thinkphp\Lib\Core\ThinkException.class.php 第 63 行.
NOTIC: [8] Undefined index: class G:\program\thinkphp\Lib\Core\ThinkException.class.php 第 63 行.
NOTIC: [8] Undefined index: type G:\program\thinkphp\Lib\Core\ThinkException.class.php 第 63 行.

[ 2013-04-13T11:09:54+08:00 ] 0.0.0.0 /ba/index.php/Feed/islike
INFO: [ app_begin ] --START--
INFO: Run ReadHtmlCache Behavior [ RunTime:0.001760s ]
INFO: [ app_begin ] --END-- [ RunTime:0.001860s ]
NOTIC: [8] Use of undefined constant islikenum - assumed 'islikenum' G:\program\ba\Lib\Action\FeedAction.class.php 第 99 行.

[ 2013-04-13T11:09:56+08:00 ] 0.0.0.0 /ba/index.php/Feed/islike
NOTIC: [2] ob_start(): output handler 'ob_gzhandler' conflicts with 'zlib output compression' G:\program\thinkphp\Lib\Core\App.class.php 第 49 行.
NOTIC: [8] ob_start(): failed to create buffer G:\program\thinkphp\Lib\Core\App.class.php 第 49 行.
INFO: [ app_begin ] --START--
INFO: Run ReadHtmlCache Behavior [ RunTime:0.001636s ]
INFO: [ app_begin ] --END-- [ RunTime:0.001715s ]
NOTIC: [8] Use of undefined constant islikenum - assumed 'islikenum' G:\program\ba\Lib\Action\FeedAction.class.php 第 99 行.

[ 2013-04-13T11:10:03+08:00 ] 0.0.0.0 /ba/index.php/Feed/islike
NOTIC: [2] ob_start(): output handler 'ob_gzhandler' conflicts with 'zlib output compression' G:\program\thinkphp\Lib\Core\App.class.php 第 49 行.
NOTIC: [8] ob_start(): failed to create buffer G:\program\thinkphp\Lib\Core\App.class.php 第 49 行.
INFO: [ app_begin ] --START--
INFO: Run ReadHtmlCache Behavior [ RunTime:0.001326s ]
INFO: [ app_begin ] --END-- [ RunTime:0.001419s ]
NOTIC: [8] Use of undefined constant islikenum - assumed 'islikenum' G:\program\ba\Lib\Action\FeedAction.class.php 第 99 行.

[ 2013-04-13T11:10:16+08:00 ] 0.0.0.0 /ba/index.php/Feed/islike
NOTIC: [2] ob_start(): output handler 'ob_gzhandler' conflicts with 'zlib output compression' G:\program\thinkphp\Lib\Core\App.class.php 第 49 行.
NOTIC: [8] ob_start(): failed to create buffer G:\program\thinkphp\Lib\Core\App.class.php 第 49 行.
INFO: [ app_begin ] --START--
INFO: Run ReadHtmlCache Behavior [ RunTime:0.001010s ]
INFO: [ app_begin ] --END-- [ RunTime:0.001088s ]
NOTIC: [8] Use of undefined constant islikenum - assumed 'islikenum' G:\program\ba\Lib\Action\FeedAction.class.php 第 99 行.

[ 2013-04-13T11:26:19+08:00 ] 0.0.0.0 /ba/index.php/Feed/islike
NOTIC: [2] ob_start(): output handler 'ob_gzhandler' conflicts with 'zlib output compression' G:\program\thinkphp\Lib\Core\App.class.php 第 49 行.
NOTIC: [8] ob_start(): failed to create buffer G:\program\thinkphp\Lib\Core\App.class.php 第 49 行.
INFO: [ app_begin ] --START--
INFO: Run ReadHtmlCache Behavior [ RunTime:0.000993s ]
INFO: [ app_begin ] --END-- [ RunTime:0.001062s ]
NOTIC: [8] Use of undefined constant islikenum - assumed 'islikenum' G:\program\ba\Lib\Action\FeedAction.class.php 第 99 行.

[ 2013-04-13T11:26:24+08:00 ] 0.0.0.0 /ba/index.php/Feed/islike
NOTIC: [2] ob_start(): output handler 'ob_gzhandler' conflicts with 'zlib output compression' G:\program\thinkphp\Lib\Core\App.class.php 第 49 行.
NOTIC: [8] ob_start(): failed to create buffer G:\program\thinkphp\Lib\Core\App.class.php 第 49 行.
INFO: [ app_begin ] --START--
INFO: Run ReadHtmlCache Behavior [ RunTime:0.000976s ]
INFO: [ app_begin ] --END-- [ RunTime:0.001053s ]
NOTIC: [8] Use of undefined constant islikenum - assumed 'islikenum' G:\program\ba\Lib\Action\FeedAction.class.php 第 99 行.

[ 2013-04-13T11:27:40+08:00 ] 0.0.0.0 /ba/index.php/Feed/islike
NOTIC: [2] ob_start(): output handler 'ob_gzhandler' conflicts with 'zlib output compression' G:\program\thinkphp\Lib\Core\App.class.php 第 49 行.
NOTIC: [8] ob_start(): failed to create buffer G:\program\thinkphp\Lib\Core\App.class.php 第 49 行.
INFO: [ app_begin ] --START--
INFO: Run ReadHtmlCache Behavior [ RunTime:0.001116s ]
INFO: [ app_begin ] --END-- [ RunTime:0.001194s ]
NOTIC: [8] Use of undefined constant islikenum - assumed 'islikenum' G:\program\ba\Lib\Action\FeedAction.class.php 第 99 行.

[ 2013-04-13T11:27:43+08:00 ] 0.0.0.0 /ba/index.php/Feed/islike
NOTIC: [2] ob_start(): output handler 'ob_gzhandler' conflicts with 'zlib output compression' G:\program\thinkphp\Lib\Core\App.class.php 第 49 行.
NOTIC: [8] ob_start(): failed to create buffer G:\program\thinkphp\Lib\Core\App.class.php 第 49 行.
INFO: [ app_begin ] --START--
INFO: Run ReadHtmlCache Behavior [ RunTime:0.001703s ]
INFO: [ app_begin ] --END-- [ RunTime:0.001786s ]
NOTIC: [8] Use of undefined constant islikenum - assumed 'islikenum' G:\program\ba\Lib\Action\FeedAction.class.php 第 99 行.

[ 2013-04-13T11:42:54+08:00 ] 0.0.0.0 /ba/index.php/Feed/islike
NOTIC: [2] ob_start(): output handler 'ob_gzhandler' conflicts with 'zlib output compression' G:\program\thinkphp\Lib\Core\App.class.php 第 49 行.
NOTIC: [8] ob_start(): failed to create buffer G:\program\thinkphp\Lib\Core\App.class.php 第 49 行.
INFO: [ app_begin ] --START--
INFO: Run ReadHtmlCache Behavior [ RunTime:0.001177s ]
INFO: [ app_begin ] --END-- [ RunTime:0.001258s ]
NOTIC: [8] Use of undefined constant islikenum - assumed 'islikenum' G:\program\ba\Lib\Action\FeedAction.class.php 第 99 行.

[ 2013-04-13T11:50:16+08:00 ] 0.0.0.0 /ba/index.php/Feed/islike
NOTIC: [2] ob_start(): output handler 'ob_gzhandler' conflicts with 'zlib output compression' G:\program\thinkphp\Lib\Core\App.class.php 第 49 行.
NOTIC: [8] ob_start(): failed to create buffer G:\program\thinkphp\Lib\Core\App.class.php 第 49 行.
INFO: [ app_begin ] --START--
INFO: Run ReadHtmlCache Behavior [ RunTime:0.000828s ]
INFO: [ app_begin ] --END-- [ RunTime:0.000885s ]
NOTIC: [8] Use of undefined constant islikenum - assumed 'islikenum' G:\program\ba\Lib\Action\FeedAction.class.php 第 99 行.

[ 2013-04-13T11:51:11+08:00 ] 0.0.0.0 /ba/index.php/Feed/islike
NOTIC: [2] ob_start(): output handler 'ob_gzhandler' conflicts with 'zlib output compression' G:\program\thinkphp\Lib\Core\App.class.php 第 49 行.
NOTIC: [8] ob_start(): failed to create buffer G:\program\thinkphp\Lib\Core\App.class.php 第 49 行.
INFO: [ app_begin ] --START--
INFO: Run ReadHtmlCache Behavior [ RunTime:0.005168s ]
INFO: [ app_begin ] --END-- [ RunTime:0.005242s ]
NOTIC: [8] Use of undefined constant islikenum - assumed 'islikenum' G:\program\ba\Lib\Action\FeedAction.class.php 第 99 行.

[ 2013-04-13T11:51:11+08:00 ] 0.0.0.0 /ba/index.php/Feed/islike
NOTIC: [2] ob_start(): output handler 'ob_gzhandler' conflicts with 'zlib output compression' G:\program\thinkphp\Lib\Core\App.class.php 第 49 行.
NOTIC: [8] ob_start(): failed to create buffer G:\program\thinkphp\Lib\Core\App.class.php 第 49 行.
INFO: [ app_begin ] --START--
INFO: Run ReadHtmlCache Behavior [ RunTime:0.001791s ]
INFO: [ app_begin ] --END-- [ RunTime:0.001865s ]
NOTIC: [8] Use of undefined constant islikenum - assumed 'islikenum' G:\program\ba\Lib\Action\FeedAction.class.php 第 99 行.

[ 2013-04-13T11:51:11+08:00 ] 0.0.0.0 /ba/index.php/Feed/islike
NOTIC: [2] ob_start(): output handler 'ob_gzhandler' conflicts with 'zlib output compression' G:\program\thinkphp\Lib\Core\App.class.php 第 49 行.
NOTIC: [8] ob_start(): failed to create buffer G:\program\thinkphp\Lib\Core\App.class.php 第 49 行.
INFO: [ app_begin ] --START--
INFO: Run ReadHtmlCache Behavior [ RunTime:0.001100s ]
INFO: [ app_begin ] --END-- [ RunTime:0.001171s ]
NOTIC: [8] Use of undefined constant islikenum - assumed 'islikenum' G:\program\ba\Lib\Action\FeedAction.class.php 第 99 行.

[ 2013-04-13T11:51:11+08:00 ] 0.0.0.0 /ba/index.php/Feed/islike
NOTIC: [2] ob_start(): output handler 'ob_gzhandler' conflicts with 'zlib output compression' G:\program\thinkphp\Lib\Core\App.class.php 第 49 行.
NOTIC: [8] ob_start(): failed to create buffer G:\program\thinkphp\Lib\Core\App.class.php 第 49 行.
INFO: [ app_begin ] --START--
INFO: Run ReadHtmlCache Behavior [ RunTime:0.008684s ]
INFO: [ app_begin ] --END-- [ RunTime:0.008767s ]
NOTIC: [8] Use of undefined constant islikenum - assumed 'islikenum' G:\program\ba\Lib\Action\FeedAction.class.php 第 99 行.

[ 2013-04-13T11:51:11+08:00 ] 0.0.0.0 /ba/index.php/Feed/islike
NOTIC: [2] ob_start(): output handler 'ob_gzhandler' conflicts with 'zlib output compression' G:\program\thinkphp\Lib\Core\App.class.php 第 49 行.
NOTIC: [8] ob_start(): failed to create buffer G:\program\thinkphp\Lib\Core\App.class.php 第 49 行.
INFO: [ app_begin ] --START--
INFO: Run ReadHtmlCache Behavior [ RunTime:0.012321s ]
INFO: [ app_begin ] --END-- [ RunTime:0.012401s ]
NOTIC: [8] Use of undefined constant islikenum - assumed 'islikenum' G:\program\ba\Lib\Action\FeedAction.class.php 第 99 行.

[ 2013-04-13T11:51:11+08:00 ] 0.0.0.0 /ba/index.php/Feed/islike
NOTIC: [2] ob_start(): output handler 'ob_gzhandler' conflicts with 'zlib output compression' G:\program\thinkphp\Lib\Core\App.class.php 第 49 行.
NOTIC: [8] ob_start(): failed to create buffer G:\program\thinkphp\Lib\Core\App.class.php 第 49 行.
INFO: [ app_begin ] --START--
INFO: Run ReadHtmlCache Behavior [ RunTime:0.001172s ]
INFO: [ app_begin ] --END-- [ RunTime:0.001266s ]
NOTIC: [8] Use of undefined constant islikenum - assumed 'islikenum' G:\program\ba\Lib\Action\FeedAction.class.php 第 99 行.

[ 2013-04-13T11:51:11+08:00 ] 0.0.0.0 /ba/index.php/Feed/islike
NOTIC: [2] ob_start(): output handler 'ob_gzhandler' conflicts with 'zlib output compression' G:\program\thinkphp\Lib\Core\App.class.php 第 49 行.
NOTIC: [8] ob_start(): failed to create buffer G:\program\thinkphp\Lib\Core\App.class.php 第 49 行.
INFO: [ app_begin ] --START--
INFO: Run ReadHtmlCache Behavior [ RunTime:0.001184s ]
INFO: [ app_begin ] --END-- [ RunTime:0.001271s ]
NOTIC: [8] Use of undefined constant islikenum - assumed 'islikenum' G:\program\ba\Lib\Action\FeedAction.class.php 第 99 行.

[ 2013-04-13T11:51:11+08:00 ] 0.0.0.0 /ba/index.php/Feed/islike
NOTIC: [2] ob_start(): output handler 'ob_gzhandler' conflicts with 'zlib output compression' G:\program\thinkphp\Lib\Core\App.class.php 第 49 行.
NOTIC: [8] ob_start(): failed to create buffer G:\program\thinkphp\Lib\Core\App.class.php 第 49 行.
INFO: [ app_begin ] --START--
INFO: Run ReadHtmlCache Behavior [ RunTime:0.001008s ]
INFO: [ app_begin ] --END-- [ RunTime:0.001078s ]
NOTIC: [8] Use of undefined constant islikenum - assumed 'islikenum' G:\program\ba\Lib\Action\FeedAction.class.php 第 99 行.

[ 2013-04-13T11:51:11+08:00 ] 0.0.0.0 /ba/index.php/Feed/islike
NOTIC: [2] ob_start(): output handler 'ob_gzhandler' conflicts with 'zlib output compression' G:\program\thinkphp\Lib\Core\App.class.php 第 49 行.
NOTIC: [8] ob_start(): failed to create buffer G:\program\thinkphp\Lib\Core\App.class.php 第 49 行.
INFO: [ app_begin ] --START--
INFO: Run ReadHtmlCache Behavior [ RunTime:0.011162s ]
INFO: [ app_begin ] --END-- [ RunTime:0.011240s ]
NOTIC: [8] Use of undefined constant islikenum - assumed 'islikenum' G:\program\ba\Lib\Action\FeedAction.class.php 第 99 行.

[ 2013-04-13T11:51:11+08:00 ] 0.0.0.0 /ba/index.php/Feed/islike
NOTIC: [2] ob_start(): output handler 'ob_gzhandler' conflicts with 'zlib output compression' G:\program\thinkphp\Lib\Core\App.class.php 第 49 行.
NOTIC: [8] ob_start(): failed to create buffer G:\program\thinkphp\Lib\Core\App.class.php 第 49 行.
INFO: [ app_begin ] --START--
INFO: Run ReadHtmlCache Behavior [ RunTime:0.008199s ]
INFO: [ app_begin ] --END-- [ RunTime:0.008279s ]
NOTIC: [8] Use of undefined constant islikenum - assumed 'islikenum' G:\program\ba\Lib\Action\FeedAction.class.php 第 99 行.

[ 2013-04-13T11:51:11+08:00 ] 0.0.0.0 /ba/index.php/Feed/islike
NOTIC: [2] ob_start(): output handler 'ob_gzhandler' conflicts with 'zlib output compression' G:\program\thinkphp\Lib\Core\App.class.php 第 49 行.
NOTIC: [8] ob_start(): failed to create buffer G:\program\thinkphp\Lib\Core\App.class.php 第 49 行.
INFO: [ app_begin ] --START--
INFO: Run ReadHtmlCache Behavior [ RunTime:0.001025s ]
INFO: [ app_begin ] --END-- [ RunTime:0.001097s ]
NOTIC: [8] Use of undefined constant islikenum - assumed 'islikenum' G:\program\ba\Lib\Action\FeedAction.class.php 第 99 行.

[ 2013-04-13T11:51:11+08:00 ] 0.0.0.0 /ba/index.php/Feed/islike
NOTIC: [2] ob_start(): output handler 'ob_gzhandler' conflicts with 'zlib output compression' G:\program\thinkphp\Lib\Core\App.class.php 第 49 行.
NOTIC: [8] ob_start(): failed to create buffer G:\program\thinkphp\Lib\Core\App.class.php 第 49 行.
INFO: [ app_begin ] --START--
INFO: Run ReadHtmlCache Behavior [ RunTime:0.001519s ]
INFO: [ app_begin ] --END-- [ RunTime:0.001610s ]
NOTIC: [8] Use of undefined constant islikenum - assumed 'islikenum' G:\program\ba\Lib\Action\FeedAction.class.php 第 99 行.

[ 2013-04-13T11:51:11+08:00 ] 0.0.0.0 /ba/index.php/Feed/islike
NOTIC: [2] ob_start(): output handler 'ob_gzhandler' conflicts with 'zlib output compression' G:\program\thinkphp\Lib\Core\App.class.php 第 49 行.
NOTIC: [8] ob_start(): failed to create buffer G:\program\thinkphp\Lib\Core\App.class.php 第 49 行.
INFO: [ app_begin ] --START--
INFO: Run ReadHtmlCache Behavior [ RunTime:0.006973s ]
INFO: [ app_begin ] --END-- [ RunTime:0.007087s ]
NOTIC: [8] Use of undefined constant islikenum - assumed 'islikenum' G:\program\ba\Lib\Action\FeedAction.class.php 第 99 行.

[ 2013-04-13T11:51:11+08:00 ] 0.0.0.0 /ba/index.php/Feed/islike
NOTIC: [2] ob_start(): output handler 'ob_gzhandler' conflicts with 'zlib output compression' G:\program\thinkphp\Lib\Core\App.class.php 第 49 行.
NOTIC: [8] ob_start(): failed to create buffer G:\program\thinkphp\Lib\Core\App.class.php 第 49 行.
INFO: [ app_begin ] --START--
INFO: Run ReadHtmlCache Behavior [ RunTime:0.000886s ]
INFO: [ app_begin ] --END-- [ RunTime:0.000958s ]
NOTIC: [8] Use of undefined constant islikenum - assumed 'islikenum' G:\program\ba\Lib\Action\FeedAction.class.php 第 99 行.

[ 2013-04-13T11:51:11+08:00 ] 0.0.0.0 /ba/index.php/Feed/islike
NOTIC: [2] ob_start(): output handler 'ob_gzhandler' conflicts with 'zlib output compression' G:\program\thinkphp\Lib\Core\App.class.php 第 49 行.
NOTIC: [8] ob_start(): failed to create buffer G:\program\thinkphp\Lib\Core\App.class.php 第 49 行.
INFO: [ app_begin ] --START--
INFO: Run ReadHtmlCache Behavior [ RunTime:0.006455s ]
INFO: [ app_begin ] --END-- [ RunTime:0.006529s ]
NOTIC: [8] Use of undefined constant islikenum - assumed 'islikenum' G:\program\ba\Lib\Action\FeedAction.class.php 第 99 行.

[ 2013-04-13T11:51:11+08:00 ] 0.0.0.0 /ba/index.php/Feed/islike
NOTIC: [2] ob_start(): output handler 'ob_gzhandler' conflicts with 'zlib output compression' G:\program\thinkphp\Lib\Core\App.class.php 第 49 行.
NOTIC: [8] ob_start(): failed to create buffer G:\program\thinkphp\Lib\Core\App.class.php 第 49 行.
INFO: [ app_begin ] --START--
INFO: Run ReadHtmlCache Behavior [ RunTime:0.000840s ]
INFO: [ app_begin ] --END-- [ RunTime:0.000898s ]
NOTIC: [8] Use of undefined constant islikenum - assumed 'islikenum' G:\program\ba\Lib\Action\FeedAction.class.php 第 99 行.

[ 2013-04-13T11:51:11+08:00 ] 0.0.0.0 /ba/index.php/Feed/islike
NOTIC: [2] ob_start(): output handler 'ob_gzhandler' conflicts with 'zlib output compression' G:\program\thinkphp\Lib\Core\App.class.php 第 49 行.
NOTIC: [8] ob_start(): failed to create buffer G:\program\thinkphp\Lib\Core\App.class.php 第 49 行.
INFO: [ app_begin ] --START--
INFO: Run ReadHtmlCache Behavior [ RunTime:0.003093s ]
INFO: [ app_begin ] --END-- [ RunTime:0.003168s ]
NOTIC: [8] Use of undefined constant islikenum - assumed 'islikenum' G:\program\ba\Lib\Action\FeedAction.class.php 第 99 行.

[ 2013-04-13T11:57:55+08:00 ] 0.0.0.0 /ba/index.php/Feed/islike
NOTIC: [2] ob_start(): output handler 'ob_gzhandler' conflicts with 'zlib output compression' G:\program\thinkphp\Lib\Core\App.class.php 第 49 行.
NOTIC: [8] ob_start(): failed to create buffer G:\program\thinkphp\Lib\Core\App.class.php 第 49 行.
INFO: [ app_begin ] --START--
INFO: Run ReadHtmlCache Behavior [ RunTime:0.001090s ]
INFO: [ app_begin ] --END-- [ RunTime:0.001167s ]
NOTIC: [8] Use of undefined constant islikenum - assumed 'islikenum' G:\program\ba\Lib\Action\FeedAction.class.php 第 99 行.

[ 2013-04-13T11:57:57+08:00 ] 0.0.0.0 /ba/index.php/Feed/islike
NOTIC: [2] ob_start(): output handler 'ob_gzhandler' conflicts with 'zlib output compression' G:\program\thinkphp\Lib\Core\App.class.php 第 49 行.
NOTIC: [8] ob_start(): failed to create buffer G:\program\thinkphp\Lib\Core\App.class.php 第 49 行.
INFO: [ app_begin ] --START--
INFO: Run ReadHtmlCache Behavior [ RunTime:0.001029s ]
INFO: [ app_begin ] --END-- [ RunTime:0.001104s ]
NOTIC: [8] Use of undefined constant islikenum - assumed 'islikenum' G:\program\ba\Lib\Action\FeedAction.class.php 第 99 行.

[ 2013-04-13T11:57:59+08:00 ] 0.0.0.0 /ba/index.php/Feed/islike
NOTIC: [2] ob_start(): output handler 'ob_gzhandler' conflicts with 'zlib output compression' G:\program\thinkphp\Lib\Core\App.class.php 第 49 行.
NOTIC: [8] ob_start(): failed to create buffer G:\program\thinkphp\Lib\Core\App.class.php 第 49 行.
INFO: [ app_begin ] --START--
INFO: Run ReadHtmlCache Behavior [ RunTime:0.001072s ]
INFO: [ app_begin ] --END-- [ RunTime:0.001149s ]
NOTIC: [8] Use of undefined constant islikenum - assumed 'islikenum' G:\program\ba\Lib\Action\FeedAction.class.php 第 99 行.

[ 2013-04-13T11:58:02+08:00 ] 0.0.0.0 /ba/index.php/Feed/islike
NOTIC: [2] ob_start(): output handler 'ob_gzhandler' conflicts with 'zlib output compression' G:\program\thinkphp\Lib\Core\App.class.php 第 49 行.
NOTIC: [8] ob_start(): failed to create buffer G:\program\thinkphp\Lib\Core\App.class.php 第 49 行.
INFO: [ app_begin ] --START--
INFO: Run ReadHtmlCache Behavior [ RunTime:0.009984s ]
INFO: [ app_begin ] --END-- [ RunTime:0.010183s ]
NOTIC: [8] Use of undefined constant islikenum - assumed 'islikenum' G:\program\ba\Lib\Action\FeedAction.class.php 第 99 行.

[ 2013-04-13T11:58:06+08:00 ] 0.0.0.0 /ba/index.php/Feed/islike
NOTIC: [2] ob_start(): output handler 'ob_gzhandler' conflicts with 'zlib output compression' G:\program\thinkphp\Lib\Core\App.class.php 第 49 行.
NOTIC: [8] ob_start(): failed to create buffer G:\program\thinkphp\Lib\Core\App.class.php 第 49 行.
INFO: [ app_begin ] --START--
INFO: Run ReadHtmlCache Behavior [ RunTime:0.000842s ]
INFO: [ app_begin ] --END-- [ RunTime:0.000902s ]
NOTIC: [8] Use of undefined constant islikenum - assumed 'islikenum' G:\program\ba\Lib\Action\FeedAction.class.php 第 99 行.

[ 2013-04-13T11:58:15+08:00 ] 0.0.0.0 /ba/index.php/Feed/islike
NOTIC: [2] ob_start(): output handler 'ob_gzhandler' conflicts with 'zlib output compression' G:\program\thinkphp\Lib\Core\App.class.php 第 49 行.
NOTIC: [8] ob_start(): failed to create buffer G:\program\thinkphp\Lib\Core\App.class.php 第 49 行.
INFO: [ app_begin ] --START--
INFO: Run ReadHtmlCache Behavior [ RunTime:0.001044s ]
INFO: [ app_begin ] --END-- [ RunTime:0.001114s ]
NOTIC: [8] Use of undefined constant islikenum - assumed 'islikenum' G:\program\ba\Lib\Action\FeedAction.class.php 第 99 行.

[ 2013-04-13T11:58:21+08:00 ] 0.0.0.0 /ba/index.php/Feed/islike
NOTIC: [2] ob_start(): output handler 'ob_gzhandler' conflicts with 'zlib output compression' G:\program\thinkphp\Lib\Core\App.class.php 第 49 行.
NOTIC: [8] ob_start(): failed to create buffer G:\program\thinkphp\Lib\Core\App.class.php 第 49 行.
INFO: [ app_begin ] --START--
INFO: Run ReadHtmlCache Behavior [ RunTime:0.000990s ]
INFO: [ app_begin ] --END-- [ RunTime:0.001059s ]
NOTIC: [8] Use of undefined constant islikenum - assumed 'islikenum' G:\program\ba\Lib\Action\FeedAction.class.php 第 99 行.

[ 2013-04-13T11:59:11+08:00 ] 0.0.0.0 /ba/index.php/Feed/islike
NOTIC: [2] ob_start(): output handler 'ob_gzhandler' conflicts with 'zlib output compression' G:\program\thinkphp\Lib\Core\App.class.php 第 49 行.
NOTIC: [8] ob_start(): failed to create buffer G:\program\thinkphp\Lib\Core\App.class.php 第 49 行.
INFO: [ app_begin ] --START--
INFO: Run ReadHtmlCache Behavior [ RunTime:0.000989s ]
INFO: [ app_begin ] --END-- [ RunTime:0.001065s ]
NOTIC: [8] Use of undefined constant islikenum - assumed 'islikenum' G:\program\ba\Lib\Action\FeedAction.class.php 第 99 行.

[ 2013-04-13T11:59:15+08:00 ] 0.0.0.0 /ba/index.php/Feed/islike
NOTIC: [2] ob_start(): output handler 'ob_gzhandler' conflicts with 'zlib output compression' G:\program\thinkphp\Lib\Core\App.class.php 第 49 行.
NOTIC: [8] ob_start(): failed to create buffer G:\program\thinkphp\Lib\Core\App.class.php 第 49 行.
INFO: [ app_begin ] --START--
INFO: Run ReadHtmlCache Behavior [ RunTime:0.001157s ]
INFO: [ app_begin ] --END-- [ RunTime:0.001238s ]
NOTIC: [8] Use of undefined constant islikenum - assumed 'islikenum' G:\program\ba\Lib\Action\FeedAction.class.php 第 99 行.

[ 2013-04-13T11:59:17+08:00 ] 0.0.0.0 /ba/index.php/Feed/islike
NOTIC: [2] ob_start(): output handler 'ob_gzhandler' conflicts with 'zlib output compression' G:\program\thinkphp\Lib\Core\App.class.php 第 49 行.
NOTIC: [8] ob_start(): failed to create buffer G:\program\thinkphp\Lib\Core\App.class.php 第 49 行.
INFO: [ app_begin ] --START--
INFO: Run ReadHtmlCache Behavior [ RunTime:0.001055s ]
INFO: [ app_begin ] --END-- [ RunTime:0.001129s ]
NOTIC: [8] Use of undefined constant islikenum - assumed 'islikenum' G:\program\ba\Lib\Action\FeedAction.class.php 第 99 行.

[ 2013-04-13T11:59:23+08:00 ] 0.0.0.0 /ba/index.php/Feed/islike
NOTIC: [2] ob_start(): output handler 'ob_gzhandler' conflicts with 'zlib output compression' G:\program\thinkphp\Lib\Core\App.class.php 第 49 行.
NOTIC: [8] ob_start(): failed to create buffer G:\program\thinkphp\Lib\Core\App.class.php 第 49 行.
INFO: [ app_begin ] --START--
INFO: Run ReadHtmlCache Behavior [ RunTime:0.001148s ]
INFO: [ app_begin ] --END-- [ RunTime:0.001234s ]
NOTIC: [8] Use of undefined constant islikenum - assumed 'islikenum' G:\program\ba\Lib\Action\FeedAction.class.php 第 99 行.

[ 2013-04-13T11:59:25+08:00 ] 0.0.0.0 /ba/index.php/Feed/islike
NOTIC: [2] ob_start(): output handler 'ob_gzhandler' conflicts with 'zlib output compression' G:\program\thinkphp\Lib\Core\App.class.php 第 49 行.
NOTIC: [8] ob_start(): failed to create buffer G:\program\thinkphp\Lib\Core\App.class.php 第 49 行.
INFO: [ app_begin ] --START--
INFO: Run ReadHtmlCache Behavior [ RunTime:0.001027s ]
INFO: [ app_begin ] --END-- [ RunTime:0.001105s ]
NOTIC: [8] Use of undefined constant islikenum - assumed 'islikenum' G:\program\ba\Lib\Action\FeedAction.class.php 第 99 行.

[ 2013-04-13T11:59:27+08:00 ] 0.0.0.0 /ba/index.php/Feed/islike
NOTIC: [2] ob_start(): output handler 'ob_gzhandler' conflicts with 'zlib output compression' G:\program\thinkphp\Lib\Core\App.class.php 第 49 行.
NOTIC: [8] ob_start(): failed to create buffer G:\program\thinkphp\Lib\Core\App.class.php 第 49 行.
INFO: [ app_begin ] --START--
INFO: Run ReadHtmlCache Behavior [ RunTime:0.000938s ]
INFO: [ app_begin ] --END-- [ RunTime:0.001003s ]
NOTIC: [8] Use of undefined constant islikenum - assumed 'islikenum' G:\program\ba\Lib\Action\FeedAction.class.php 第 99 行.

[ 2013-04-13T11:59:29+08:00 ] 0.0.0.0 /ba/index.php/Feed/islike
NOTIC: [2] ob_start(): output handler 'ob_gzhandler' conflicts with 'zlib output compression' G:\program\thinkphp\Lib\Core\App.class.php 第 49 行.
NOTIC: [8] ob_start(): failed to create buffer G:\program\thinkphp\Lib\Core\App.class.php 第 49 行.
INFO: [ app_begin ] --START--
INFO: Run ReadHtmlCache Behavior [ RunTime:0.001045s ]
INFO: [ app_begin ] --END-- [ RunTime:0.001122s ]
NOTIC: [8] Use of undefined constant islikenum - assumed 'islikenum' G:\program\ba\Lib\Action\FeedAction.class.php 第 99 行.

[ 2013-04-13T11:59:30+08:00 ] 0.0.0.0 /ba/index.php/Feed/islike
NOTIC: [2] ob_start(): output handler 'ob_gzhandler' conflicts with 'zlib output compression' G:\program\thinkphp\Lib\Core\App.class.php 第 49 行.
NOTIC: [8] ob_start(): failed to create buffer G:\program\thinkphp\Lib\Core\App.class.php 第 49 行.
INFO: [ app_begin ] --START--
INFO: Run ReadHtmlCache Behavior [ RunTime:0.001003s ]
INFO: [ app_begin ] --END-- [ RunTime:0.001071s ]
NOTIC: [8] Use of undefined constant islikenum - assumed 'islikenum' G:\program\ba\Lib\Action\FeedAction.class.php 第 99 行.

[ 2013-04-13T12:50:15+08:00 ] 0.0.0.0 /ba/index.php/Feed/islike
NOTIC: [2] ob_start(): output handler 'ob_gzhandler' conflicts with 'zlib output compression' G:\program\thinkphp\Lib\Core\App.class.php 第 49 行.
NOTIC: [8] ob_start(): failed to create buffer G:\program\thinkphp\Lib\Core\App.class.php 第 49 行.
INFO: [ app_begin ] --START--
INFO: Run ReadHtmlCache Behavior [ RunTime:0.001539s ]
INFO: [ app_begin ] --END-- [ RunTime:0.001621s ]
NOTIC: [8] Use of undefined constant islikenum - assumed 'islikenum' G:\program\ba\Lib\Action\FeedAction.class.php 第 99 行.

[ 2013-04-13T12:50:16+08:00 ] 0.0.0.0 /ba/index.php/Feed/islike
NOTIC: [2] ob_start(): output handler 'ob_gzhandler' conflicts with 'zlib output compression' G:\program\thinkphp\Lib\Core\App.class.php 第 49 行.
NOTIC: [8] ob_start(): failed to create buffer G:\program\thinkphp\Lib\Core\App.class.php 第 49 行.
INFO: [ app_begin ] --START--
INFO: Run ReadHtmlCache Behavior [ RunTime:0.001030s ]
INFO: [ app_begin ] --END-- [ RunTime:0.001109s ]
NOTIC: [8] Use of undefined constant islikenum - assumed 'islikenum' G:\program\ba\Lib\Action\FeedAction.class.php 第 99 行.

[ 2013-04-13T12:50:18+08:00 ] 0.0.0.0 /ba/index.php/Feed/islike
NOTIC: [2] ob_start(): output handler 'ob_gzhandler' conflicts with 'zlib output compression' G:\program\thinkphp\Lib\Core\App.class.php 第 49 行.
NOTIC: [8] ob_start(): failed to create buffer G:\program\thinkphp\Lib\Core\App.class.php 第 49 行.
INFO: [ app_begin ] --START--
INFO: Run ReadHtmlCache Behavior [ RunTime:0.001015s ]
INFO: [ app_begin ] --END-- [ RunTime:0.001089s ]
NOTIC: [8] Use of undefined constant islikenum - assumed 'islikenum' G:\program\ba\Lib\Action\FeedAction.class.php 第 99 行.

[ 2013-04-13T12:50:25+08:00 ] 0.0.0.0 /ba/index.php/Feed/islike
NOTIC: [2] ob_start(): output handler 'ob_gzhandler' conflicts with 'zlib output compression' G:\program\thinkphp\Lib\Core\App.class.php 第 49 行.
NOTIC: [8] ob_start(): failed to create buffer G:\program\thinkphp\Lib\Core\App.class.php 第 49 行.
INFO: [ app_begin ] --START--
INFO: Run ReadHtmlCache Behavior [ RunTime:0.001198s ]
INFO: [ app_begin ] --END-- [ RunTime:0.001270s ]
NOTIC: [8] Use of undefined constant islikenum - assumed 'islikenum' G:\program\ba\Lib\Action\FeedAction.class.php 第 99 行.

[ 2013-04-13T12:52:04+08:00 ] 0.0.0.0 /ba/index.php/Feed/islike
NOTIC: [2] ob_start(): output handler 'ob_gzhandler' conflicts with 'zlib output compression' G:\program\thinkphp\Lib\Core\App.class.php 第 49 行.
NOTIC: [8] ob_start(): failed to create buffer G:\program\thinkphp\Lib\Core\App.class.php 第 49 行.
INFO: [ app_begin ] --START--
INFO: Run ReadHtmlCache Behavior [ RunTime:0.000876s ]
INFO: [ app_begin ] --END-- [ RunTime:0.000935s ]
NOTIC: [8] Use of undefined constant islikenum - assumed 'islikenum' G:\program\ba\Lib\Action\FeedAction.class.php 第 99 行.

[ 2013-04-13T12:52:06+08:00 ] 0.0.0.0 /ba/index.php/Feed/islike
NOTIC: [2] ob_start(): output handler 'ob_gzhandler' conflicts with 'zlib output compression' G:\program\thinkphp\Lib\Core\App.class.php 第 49 行.
NOTIC: [8] ob_start(): failed to create buffer G:\program\thinkphp\Lib\Core\App.class.php 第 49 行.
INFO: [ app_begin ] --START--
INFO: Run ReadHtmlCache Behavior [ RunTime:0.001024s ]
INFO: [ app_begin ] --END-- [ RunTime:0.001097s ]
NOTIC: [8] Use of undefined constant islikenum - assumed 'islikenum' G:\program\ba\Lib\Action\FeedAction.class.php 第 99 行.

[ 2013-04-13T12:52:07+08:00 ] 0.0.0.0 /ba/index.php/Feed/islike
NOTIC: [2] ob_start(): output handler 'ob_gzhandler' conflicts with 'zlib output compression' G:\program\thinkphp\Lib\Core\App.class.php 第 49 行.
NOTIC: [8] ob_start(): failed to create buffer G:\program\thinkphp\Lib\Core\App.class.php 第 49 行.
INFO: [ app_begin ] --START--
INFO: Run ReadHtmlCache Behavior [ RunTime:0.000920s ]
INFO: [ app_begin ] --END-- [ RunTime:0.000990s ]
NOTIC: [8] Use of undefined constant islikenum - assumed 'islikenum' G:\program\ba\Lib\Action\FeedAction.class.php 第 99 行.

[ 2013-04-13T13:00:25+08:00 ] 0.0.0.0 /ba/index.php/Feed/islike
NOTIC: [2] ob_start(): output handler 'ob_gzhandler' conflicts with 'zlib output compression' G:\program\thinkphp\Lib\Core\App.class.php 第 49 行.
NOTIC: [8] ob_start(): failed to create buffer G:\program\thinkphp\Lib\Core\App.class.php 第 49 行.
INFO: [ app_begin ] --START--
INFO: Run ReadHtmlCache Behavior [ RunTime:0.000816s ]
INFO: [ app_begin ] --END-- [ RunTime:0.000874s ]
NOTIC: [8] Use of undefined constant islikenum - assumed 'islikenum' G:\program\ba\Lib\Action\FeedAction.class.php 第 99 行.

[ 2013-04-13T13:01:59+08:00 ] 0.0.0.0 /ba/index.php/Feed/islike
NOTIC: [2] ob_start(): output handler 'ob_gzhandler' conflicts with 'zlib output compression' G:\program\thinkphp\Lib\Core\App.class.php 第 49 行.
NOTIC: [8] ob_start(): failed to create buffer G:\program\thinkphp\Lib\Core\App.class.php 第 49 行.
INFO: [ app_begin ] --START--
INFO: Run ReadHtmlCache Behavior [ RunTime:0.001163s ]
INFO: [ app_begin ] --END-- [ RunTime:0.001233s ]
NOTIC: [8] Use of undefined constant islikenum - assumed 'islikenum' G:\program\ba\Lib\Action\FeedAction.class.php 第 99 行.

[ 2013-04-13T13:05:27+08:00 ] 0.0.0.0 /ba/index.php/Feed/islike
NOTIC: [2] ob_start(): output handler 'ob_gzhandler' conflicts with 'zlib output compression' G:\program\thinkphp\Lib\Core\App.class.php 第 49 行.
NOTIC: [8] ob_start(): failed to create buffer G:\program\thinkphp\Lib\Core\App.class.php 第 49 行.
INFO: [ app_begin ] --START--
INFO: Run ReadHtmlCache Behavior [ RunTime:0.000875s ]
INFO: [ app_begin ] --END-- [ RunTime:0.000939s ]
NOTIC: [8] Use of undefined constant islikenum - assumed 'islikenum' G:\program\ba\Lib\Action\FeedAction.class.php 第 99 行.

[ 2013-04-13T13:05:29+08:00 ] 0.0.0.0 /ba/index.php/Feed/islike
NOTIC: [2] ob_start(): output handler 'ob_gzhandler' conflicts with 'zlib output compression' G:\program\thinkphp\Lib\Core\App.class.php 第 49 行.
NOTIC: [8] ob_start(): failed to create buffer G:\program\thinkphp\Lib\Core\App.class.php 第 49 行.
INFO: [ app_begin ] --START--
INFO: Run ReadHtmlCache Behavior [ RunTime:0.000818s ]
INFO: [ app_begin ] --END-- [ RunTime:0.000874s ]
NOTIC: [8] Use of undefined constant islikenum - assumed 'islikenum' G:\program\ba\Lib\Action\FeedAction.class.php 第 99 行.

[ 2013-04-13T13:05:30+08:00 ] 0.0.0.0 /ba/index.php/Feed/islike
NOTIC: [2] ob_start(): output handler 'ob_gzhandler' conflicts with 'zlib output compression' G:\program\thinkphp\Lib\Core\App.class.php 第 49 行.
NOTIC: [8] ob_start(): failed to create buffer G:\program\thinkphp\Lib\Core\App.class.php 第 49 行.
INFO: [ app_begin ] --START--
INFO: Run ReadHtmlCache Behavior [ RunTime:0.001021s ]
INFO: [ app_begin ] --END-- [ RunTime:0.001397s ]
NOTIC: [8] Use of undefined constant islikenum - assumed 'islikenum' G:\program\ba\Lib\Action\FeedAction.class.php 第 99 行.

[ 2013-04-13T16:58:15+08:00 ] ERR: (ThinkException) 非法操作:themes
[ 2013-04-13T16:58:15+08:00 ] ERR: (ThinkException) 非法操作:js
[ 2013-04-13T16:58:15+08:00 ] ERR: (ThinkException) 非法操作:js
[ 2013-04-13T16:58:31+08:00 ] 0.0.0.0 /ba/index.php/Feed/islike
NOTIC: [2] ob_start(): output handler 'ob_gzhandler' conflicts with 'zlib output compression' G:\program\thinkphp\Lib\Core\App.class.php 第 49 行.
NOTIC: [8] ob_start(): failed to create buffer G:\program\thinkphp\Lib\Core\App.class.php 第 49 行.
INFO: [ app_begin ] --START--
INFO: Run ReadHtmlCache Behavior [ RunTime:0.000812s ]
INFO: [ app_begin ] --END-- [ RunTime:0.000866s ]
NOTIC: [8] Use of undefined constant islikenum - assumed 'islikenum' G:\program\ba\Lib\Action\FeedAction.class.php 第 99 行.

[ 2013-04-13T16:58:33+08:00 ] 0.0.0.0 /ba/index.php/Feed/islike
NOTIC: [2] ob_start(): output handler 'ob_gzhandler' conflicts with 'zlib output compression' G:\program\thinkphp\Lib\Core\App.class.php 第 49 行.
NOTIC: [8] ob_start(): failed to create buffer G:\program\thinkphp\Lib\Core\App.class.php 第 49 行.
INFO: [ app_begin ] --START--
INFO: Run ReadHtmlCache Behavior [ RunTime:0.000813s ]
INFO: [ app_begin ] --END-- [ RunTime:0.000868s ]
NOTIC: [8] Use of undefined constant islikenum - assumed 'islikenum' G:\program\ba\Lib\Action\FeedAction.class.php 第 99 行.

[ 2013-04-13T16:58:35+08:00 ] 0.0.0.0 /ba/index.php/Feed/islike
NOTIC: [2] ob_start(): output handler 'ob_gzhandler' conflicts with 'zlib output compression' G:\program\thinkphp\Lib\Core\App.class.php 第 49 行.
NOTIC: [8] ob_start(): failed to create buffer G:\program\thinkphp\Lib\Core\App.class.php 第 49 行.
INFO: [ app_begin ] --START--
INFO: Run ReadHtmlCache Behavior [ RunTime:0.000915s ]
INFO: [ app_begin ] --END-- [ RunTime:0.000987s ]
NOTIC: [8] Use of undefined constant islikenum - assumed 'islikenum' G:\program\ba\Lib\Action\FeedAction.class.php 第 99 行.

[ 2013-04-13T16:58:37+08:00 ] 0.0.0.0 /ba/index.php/Feed/islike
NOTIC: [2] ob_start(): output handler 'ob_gzhandler' conflicts with 'zlib output compression' G:\program\thinkphp\Lib\Core\App.class.php 第 49 行.
NOTIC: [8] ob_start(): failed to create buffer G:\program\thinkphp\Lib\Core\App.class.php 第 49 行.
INFO: [ app_begin ] --START--
INFO: Run ReadHtmlCache Behavior [ RunTime:0.000905s ]
INFO: [ app_begin ] --END-- [ RunTime:0.000962s ]
NOTIC: [8] Use of undefined constant islikenum - assumed 'islikenum' G:\program\ba\Lib\Action\FeedAction.class.php 第 99 行.

[ 2013-04-13T17:01:05+08:00 ] 0.0.0.0 /ba/index.php/Feed/islike
NOTIC: [2] ob_start(): output handler 'ob_gzhandler' conflicts with 'zlib output compression' G:\program\thinkphp\Lib\Core\App.class.php 第 49 行.
NOTIC: [8] ob_start(): failed to create buffer G:\program\thinkphp\Lib\Core\App.class.php 第 49 行.
INFO: [ app_begin ] --START--
INFO: Run ReadHtmlCache Behavior [ RunTime:0.000974s ]
INFO: [ app_begin ] --END-- [ RunTime:0.001041s ]
NOTIC: [8] Use of undefined constant islikenum - assumed 'islikenum' G:\program\ba\Lib\Action\FeedAction.class.php 第 99 行.

[ 2013-04-13T17:03:46+08:00 ] 0.0.0.0 /ba/index.php/Feed/islike
INFO: [ app_begin ] --START--
INFO: Run ReadHtmlCache Behavior [ RunTime:0.001036s ]
INFO: [ app_begin ] --END-- [ RunTime:0.001112s ]
NOTIC: [8] Use of undefined constant islikenum - assumed 'islikenum' G:\program\ba\Lib\Action\FeedAction.class.php 第 99 行.

[ 2013-04-13T17:10:35+08:00 ] 0.0.0.0 /ba/index.php/Feed/islike
NOTIC: [2] ob_start(): output handler 'ob_gzhandler' conflicts with 'zlib output compression' G:\program\thinkphp\Lib\Core\App.class.php 第 49 行.
NOTIC: [8] ob_start(): failed to create buffer G:\program\thinkphp\Lib\Core\App.class.php 第 49 行.
INFO: [ app_begin ] --START--
INFO: Run ReadHtmlCache Behavior [ RunTime:0.001031s ]
INFO: [ app_begin ] --END-- [ RunTime:0.001090s ]
NOTIC: [8] Use of undefined constant islikenum - assumed 'islikenum' G:\program\ba\Lib\Action\FeedAction.class.php 第 99 行.

[ 2013-04-13T17:10:36+08:00 ] 0.0.0.0 /ba/index.php/Feed/islike
NOTIC: [2] ob_start(): output handler 'ob_gzhandler' conflicts with 'zlib output compression' G:\program\thinkphp\Lib\Core\App.class.php 第 49 行.
NOTIC: [8] ob_start(): failed to create buffer G:\program\thinkphp\Lib\Core\App.class.php 第 49 行.
INFO: [ app_begin ] --START--
INFO: Run ReadHtmlCache Behavior [ RunTime:0.000918s ]
INFO: [ app_begin ] --END-- [ RunTime:0.000982s ]
NOTIC: [8] Use of undefined constant islikenum - assumed 'islikenum' G:\program\ba\Lib\Action\FeedAction.class.php 第 99 行.

[ 2013-04-13T17:10:37+08:00 ] 0.0.0.0 /ba/index.php/Feed/islike
NOTIC: [2] ob_start(): output handler 'ob_gzhandler' conflicts with 'zlib output compression' G:\program\thinkphp\Lib\Core\App.class.php 第 49 行.
NOTIC: [8] ob_start(): failed to create buffer G:\program\thinkphp\Lib\Core\App.class.php 第 49 行.
INFO: [ app_begin ] --START--
INFO: Run ReadHtmlCache Behavior [ RunTime:0.000911s ]
INFO: [ app_begin ] --END-- [ RunTime:0.000966s ]
NOTIC: [8] Use of undefined constant islikenum - assumed 'islikenum' G:\program\ba\Lib\Action\FeedAction.class.php 第 99 行.

[ 2013-04-13T17:15:29+08:00 ] 0.0.0.0 /ba/index.php/Feed/islike
NOTIC: [2] ob_start(): output handler 'ob_gzhandler' conflicts with 'zlib output compression' G:\program\thinkphp\Lib\Core\App.class.php 第 49 行.
NOTIC: [8] ob_start(): failed to create buffer G:\program\thinkphp\Lib\Core\App.class.php 第 49 行.
INFO: [ app_begin ] --START--
INFO: Run ReadHtmlCache Behavior [ RunTime:0.001100s ]
INFO: [ app_begin ] --END-- [ RunTime:0.001177s ]
NOTIC: [8] Use of undefined constant islikenum - assumed 'islikenum' G:\program\ba\Lib\Action\FeedAction.class.php 第 99 行.

[ 2013-04-13T17:15:31+08:00 ] 0.0.0.0 /ba/index.php/Feed/islike
NOTIC: [2] ob_start(): output handler 'ob_gzhandler' conflicts with 'zlib output compression' G:\program\thinkphp\Lib\Core\App.class.php 第 49 行.
NOTIC: [8] ob_start(): failed to create buffer G:\program\thinkphp\Lib\Core\App.class.php 第 49 行.
INFO: [ app_begin ] --START--
INFO: Run ReadHtmlCache Behavior [ RunTime:0.000851s ]
INFO: [ app_begin ] --END-- [ RunTime:0.000907s ]
NOTIC: [8] Use of undefined constant islikenum - assumed 'islikenum' G:\program\ba\Lib\Action\FeedAction.class.php 第 99 行.

[ 2013-04-13T17:15:32+08:00 ] 0.0.0.0 /ba/index.php/Feed/islike
NOTIC: [2] ob_start(): output handler 'ob_gzhandler' conflicts with 'zlib output compression' G:\program\thinkphp\Lib\Core\App.class.php 第 49 行.
NOTIC: [8] ob_start(): failed to create buffer G:\program\thinkphp\Lib\Core\App.class.php 第 49 行.
INFO: [ app_begin ] --START--
INFO: Run ReadHtmlCache Behavior [ RunTime:0.000813s ]
INFO: [ app_begin ] --END-- [ RunTime:0.000867s ]
NOTIC: [8] Use of undefined constant islikenum - assumed 'islikenum' G:\program\ba\Lib\Action\FeedAction.class.php 第 99 行.

[ 2013-04-13T17:16:43+08:00 ] 0.0.0.0 /ba/index.php/Feed/islike
NOTIC: [2] ob_start(): output handler 'ob_gzhandler' conflicts with 'zlib output compression' G:\program\thinkphp\Lib\Core\App.class.php 第 49 行.
NOTIC: [8] ob_start(): failed to create buffer G:\program\thinkphp\Lib\Core\App.class.php 第 49 行.
INFO: [ app_begin ] --START--
INFO: Run ReadHtmlCache Behavior [ RunTime:0.000864s ]
INFO: [ app_begin ] --END-- [ RunTime:0.000921s ]
NOTIC: [8] Use of undefined constant islikenum - assumed 'islikenum' G:\program\ba\Lib\Action\FeedAction.class.php 第 99 行.

[ 2013-04-13T17:18:43+08:00 ] 0.0.0.0 /ba/index.php/Feed/islike
NOTIC: [2] ob_start(): output handler 'ob_gzhandler' conflicts with 'zlib output compression' G:\program\thinkphp\Lib\Core\App.class.php 第 49 行.
NOTIC: [8] ob_start(): failed to create buffer G:\program\thinkphp\Lib\Core\App.class.php 第 49 行.
INFO: [ app_begin ] --START--
INFO: Run ReadHtmlCache Behavior [ RunTime:0.001061s ]
INFO: [ app_begin ] --END-- [ RunTime:0.001137s ]
NOTIC: [8] Use of undefined constant islikenum - assumed 'islikenum' G:\program\ba\Lib\Action\FeedAction.class.php 第 99 行.

[ 2013-04-13T17:24:40+08:00 ] 0.0.0.0 /ba/index.php/Feed/islike
NOTIC: [2] ob_start(): output handler 'ob_gzhandler' conflicts with 'zlib output compression' G:\program\thinkphp\Lib\Core\App.class.php 第 49 行.
NOTIC: [8] ob_start(): failed to create buffer G:\program\thinkphp\Lib\Core\App.class.php 第 49 行.
INFO: [ app_begin ] --START--
INFO: Run ReadHtmlCache Behavior [ RunTime:0.001499s ]
INFO: [ app_begin ] --END-- [ RunTime:0.001565s ]
NOTIC: [8] Use of undefined constant islikenum - assumed 'islikenum' G:\program\ba\Lib\Action\FeedAction.class.php 第 99 行.

[ 2013-04-13T17:25:06+08:00 ] 0.0.0.0 /ba/index.php/Feed/islike
NOTIC: [2] ob_start(): output handler 'ob_gzhandler' conflicts with 'zlib output compression' G:\program\thinkphp\Lib\Core\App.class.php 第 49 行.
NOTIC: [8] ob_start(): failed to create buffer G:\program\thinkphp\Lib\Core\App.class.php 第 49 行.
INFO: [ app_begin ] --START--
INFO: Run ReadHtmlCache Behavior [ RunTime:0.000939s ]
INFO: [ app_begin ] --END-- [ RunTime:0.001009s ]
NOTIC: [8] Use of undefined constant islikenum - assumed 'islikenum' G:\program\ba\Lib\Action\FeedAction.class.php 第 99 行.

[ 2013-04-13T17:26:30+08:00 ] 0.0.0.0 /ba/index.php/Feed/islike
NOTIC: [2] ob_start(): output handler 'ob_gzhandler' conflicts with 'zlib output compression' G:\program\thinkphp\Lib\Core\App.class.php 第 49 行.
NOTIC: [8] ob_start(): failed to create buffer G:\program\thinkphp\Lib\Core\App.class.php 第 49 行.
INFO: [ app_begin ] --START--
INFO: Run ReadHtmlCache Behavior [ RunTime:0.000952s ]
INFO: [ app_begin ] --END-- [ RunTime:0.001010s ]
NOTIC: [8] Use of undefined constant islikenum - assumed 'islikenum' G:\program\ba\Lib\Action\FeedAction.class.php 第 99 行.

[ 2013-04-13T17:28:42+08:00 ] 0.0.0.0 /ba/index.php/Feed/islike
NOTIC: [2] ob_start(): output handler 'ob_gzhandler' conflicts with 'zlib output compression' G:\program\thinkphp\Lib\Core\App.class.php 第 49 行.
NOTIC: [8] ob_start(): failed to create buffer G:\program\thinkphp\Lib\Core\App.class.php 第 49 行.
INFO: [ app_begin ] --START--
INFO: Run ReadHtmlCache Behavior [ RunTime:0.001145s ]
INFO: [ app_begin ] --END-- [ RunTime:0.001209s ]
NOTIC: [8] Use of undefined constant islikenum - assumed 'islikenum' G:\program\ba\Lib\Action\FeedAction.class.php 第 99 行.

[ 2013-04-13T17:28:50+08:00 ] 0.0.0.0 /ba/index.php/Feed/islike
NOTIC: [2] ob_start(): output handler 'ob_gzhandler' conflicts with 'zlib output compression' G:\program\thinkphp\Lib\Core\App.class.php 第 49 行.
NOTIC: [8] ob_start(): failed to create buffer G:\program\thinkphp\Lib\Core\App.class.php 第 49 行.
INFO: [ app_begin ] --START--
INFO: Run ReadHtmlCache Behavior [ RunTime:0.000960s ]
INFO: [ app_begin ] --END-- [ RunTime:0.001018s ]
NOTIC: [8] Use of undefined constant islikenum - assumed 'islikenum' G:\program\ba\Lib\Action\FeedAction.class.php 第 99 行.

[ 2013-04-13T17:28:52+08:00 ] 0.0.0.0 /ba/index.php/Feed/islike
NOTIC: [2] ob_start(): output handler 'ob_gzhandler' conflicts with 'zlib output compression' G:\program\thinkphp\Lib\Core\App.class.php 第 49 行.
NOTIC: [8] ob_start(): failed to create buffer G:\program\thinkphp\Lib\Core\App.class.php 第 49 行.
INFO: [ app_begin ] --START--
INFO: Run ReadHtmlCache Behavior [ RunTime:0.001057s ]
INFO: [ app_begin ] --END-- [ RunTime:0.001125s ]
NOTIC: [8] Use of undefined constant islikenum - assumed 'islikenum' G:\program\ba\Lib\Action\FeedAction.class.php 第 99 行.

[ 2013-04-13T17:28:57+08:00 ] 0.0.0.0 /ba/index.php/Feed/islike
NOTIC: [2] ob_start(): output handler 'ob_gzhandler' conflicts with 'zlib output compression' G:\program\thinkphp\Lib\Core\App.class.php 第 49 行.
NOTIC: [8] ob_start(): failed to create buffer G:\program\thinkphp\Lib\Core\App.class.php 第 49 行.
INFO: [ app_begin ] --START--
INFO: Run ReadHtmlCache Behavior [ RunTime:0.000945s ]
INFO: [ app_begin ] --END-- [ RunTime:0.001096s ]
NOTIC: [8] Use of undefined constant islikenum - assumed 'islikenum' G:\program\ba\Lib\Action\FeedAction.class.php 第 99 行.

[ 2013-04-13T17:28:59+08:00 ] 0.0.0.0 /ba/index.php/Feed/islike
NOTIC: [2] ob_start(): output handler 'ob_gzhandler' conflicts with 'zlib output compression' G:\program\thinkphp\Lib\Core\App.class.php 第 49 行.
NOTIC: [8] ob_start(): failed to create buffer G:\program\thinkphp\Lib\Core\App.class.php 第 49 行.
INFO: [ app_begin ] --START--
INFO: Run ReadHtmlCache Behavior [ RunTime:0.000825s ]
INFO: [ app_begin ] --END-- [ RunTime:0.000878s ]
NOTIC: [8] Use of undefined constant islikenum - assumed 'islikenum' G:\program\ba\Lib\Action\FeedAction.class.php 第 99 行.

[ 2013-04-13T17:29:01+08:00 ] 0.0.0.0 /ba/index.php/Feed/islike
NOTIC: [2] ob_start(): output handler 'ob_gzhandler' conflicts with 'zlib output compression' G:\program\thinkphp\Lib\Core\App.class.php 第 49 行.
NOTIC: [8] ob_start(): failed to create buffer G:\program\thinkphp\Lib\Core\App.class.php 第 49 行.
INFO: [ app_begin ] --START--
INFO: Run ReadHtmlCache Behavior [ RunTime:0.000822s ]
INFO: [ app_begin ] --END-- [ RunTime:0.000878s ]
NOTIC: [8] Use of undefined constant islikenum - assumed 'islikenum' G:\program\ba\Lib\Action\FeedAction.class.php 第 99 行.

[ 2013-04-13T17:29:13+08:00 ] 0.0.0.0 /ba/index.php/Feed/islike
NOTIC: [2] ob_start(): output handler 'ob_gzhandler' conflicts with 'zlib output compression' G:\program\thinkphp\Lib\Core\App.class.php 第 49 行.
NOTIC: [8] ob_start(): failed to create buffer G:\program\thinkphp\Lib\Core\App.class.php 第 49 行.
INFO: [ app_begin ] --START--
INFO: Run ReadHtmlCache Behavior [ RunTime:0.000833s ]
INFO: [ app_begin ] --END-- [ RunTime:0.000889s ]
NOTIC: [8] Use of undefined constant islikenum - assumed 'islikenum' G:\program\ba\Lib\Action\FeedAction.class.php 第 99 行.

[ 2013-04-13T17:29:16+08:00 ] 0.0.0.0 /ba/index.php/Feed/islike
NOTIC: [2] ob_start(): output handler 'ob_gzhandler' conflicts with 'zlib output compression' G:\program\thinkphp\Lib\Core\App.class.php 第 49 行.
NOTIC: [8] ob_start(): failed to create buffer G:\program\thinkphp\Lib\Core\App.class.php 第 49 行.
INFO: [ app_begin ] --START--
INFO: Run ReadHtmlCache Behavior [ RunTime:0.000889s ]
INFO: [ app_begin ] --END-- [ RunTime:0.000946s ]
NOTIC: [8] Use of undefined constant islikenum - assumed 'islikenum' G:\program\ba\Lib\Action\FeedAction.class.php 第 99 行.

[ 2013-04-13T17:29:18+08:00 ] 0.0.0.0 /ba/index.php/Feed/islike
NOTIC: [2] ob_start(): output handler 'ob_gzhandler' conflicts with 'zlib output compression' G:\program\thinkphp\Lib\Core\App.class.php 第 49 行.
NOTIC: [8] ob_start(): failed to create buffer G:\program\thinkphp\Lib\Core\App.class.php 第 49 行.
INFO: [ app_begin ] --START--
INFO: Run ReadHtmlCache Behavior [ RunTime:0.000892s ]
INFO: [ app_begin ] --END-- [ RunTime:0.000950s ]
NOTIC: [8] Use of undefined constant islikenum - assumed 'islikenum' G:\program\ba\Lib\Action\FeedAction.class.php 第 99 行.

[ 2013-04-13T17:29:21+08:00 ] 0.0.0.0 /ba/index.php/Feed/islike
NOTIC: [2] ob_start(): output handler 'ob_gzhandler' conflicts with 'zlib output compression' G:\program\thinkphp\Lib\Core\App.class.php 第 49 行.
NOTIC: [8] ob_start(): failed to create buffer G:\program\thinkphp\Lib\Core\App.class.php 第 49 行.
INFO: [ app_begin ] --START--
INFO: Run ReadHtmlCache Behavior [ RunTime:0.001081s ]
INFO: [ app_begin ] --END-- [ RunTime:0.001161s ]
NOTIC: [8] Use of undefined constant islikenum - assumed 'islikenum' G:\program\ba\Lib\Action\FeedAction.class.php 第 99 行.

[ 2013-04-13T17:30:09+08:00 ] 0.0.0.0 /ba/index.php/Feed/islike
NOTIC: [2] ob_start(): output handler 'ob_gzhandler' conflicts with 'zlib output compression' G:\program\thinkphp\Lib\Core\App.class.php 第 49 行.
NOTIC: [8] ob_start(): failed to create buffer G:\program\thinkphp\Lib\Core\App.class.php 第 49 行.
INFO: [ app_begin ] --START--
INFO: Run ReadHtmlCache Behavior [ RunTime:0.000828s ]
INFO: [ app_begin ] --END-- [ RunTime:0.000884s ]
NOTIC: [8] Use of undefined constant islikenum - assumed 'islikenum' G:\program\ba\Lib\Action\FeedAction.class.php 第 99 行.

[ 2013-04-13T17:45:22+08:00 ] 0.0.0.0 /ba/index.php/Feed/islike
NOTIC: [2] ob_start(): output handler 'ob_gzhandler' conflicts with 'zlib output compression' G:\program\thinkphp\Lib\Core\App.class.php 第 49 行.
NOTIC: [8] ob_start(): failed to create buffer G:\program\thinkphp\Lib\Core\App.class.php 第 49 行.
INFO: [ app_begin ] --START--
INFO: Run ReadHtmlCache Behavior [ RunTime:0.001094s ]
INFO: [ app_begin ] --END-- [ RunTime:0.001172s ]
NOTIC: [8] Use of undefined constant islikenum - assumed 'islikenum' G:\program\ba\Lib\Action\FeedAction.class.php 第 99 行.

[ 2013-04-13T17:45:31+08:00 ] 0.0.0.0 /ba/index.php/Feed/islike
NOTIC: [2] ob_start(): output handler 'ob_gzhandler' conflicts with 'zlib output compression' G:\program\thinkphp\Lib\Core\App.class.php 第 49 行.
NOTIC: [8] ob_start(): failed to create buffer G:\program\thinkphp\Lib\Core\App.class.php 第 49 行.
INFO: [ app_begin ] --START--
INFO: Run ReadHtmlCache Behavior [ RunTime:0.000851s ]
INFO: [ app_begin ] --END-- [ RunTime:0.000909s ]
NOTIC: [8] Use of undefined constant islikenum - assumed 'islikenum' G:\program\ba\Lib\Action\FeedAction.class.php 第 99 行.

[ 2013-04-13T20:21:59+08:00 ] ERR: (ThinkException) 非法操作:themes
[ 2013-04-13T20:22:00+08:00 ] ERR: (ThinkException) 非法操作:js
[ 2013-04-13T20:22:00+08:00 ] ERR: (ThinkException) 非法操作:js
[ 2013-04-13T20:22:12+08:00 ] 0.0.0.0 /ba/index.php/Feed/islike
NOTIC: [2] ob_start(): output handler 'ob_gzhandler' conflicts with 'zlib output compression' G:\program\thinkphp\Lib\Core\App.class.php 第 49 行.
NOTIC: [8] ob_start(): failed to create buffer G:\program\thinkphp\Lib\Core\App.class.php 第 49 行.
INFO: [ app_begin ] --START--
INFO: Run ReadHtmlCache Behavior [ RunTime:0.001057s ]
INFO: [ app_begin ] --END-- [ RunTime:0.001135s ]
SQL: SHOW COLUMNS FROM `sfeedop` [ RunTime:0.028758s ]
SQL: SELECT * FROM `sfeedop` WHERE ( `uid` = 17 ) LIMIT 1   [ RunTime:0.000426s ]
SQL: INSERT INTO `sfeedop` (`uid`,`status`) VALUES (17,1) [ RunTime:0.062224s ]

[ 2013-04-13T20:22:15+08:00 ] 0.0.0.0 /ba/index.php/Feed/islike
NOTIC: [2] ob_start(): output handler 'ob_gzhandler' conflicts with 'zlib output compression' G:\program\thinkphp\Lib\Core\App.class.php 第 49 行.
NOTIC: [8] ob_start(): failed to create buffer G:\program\thinkphp\Lib\Core\App.class.php 第 49 行.
INFO: [ app_begin ] --START--
INFO: Run ReadHtmlCache Behavior [ RunTime:0.000928s ]
INFO: [ app_begin ] --END-- [ RunTime:0.000998s ]
SQL: SHOW COLUMNS FROM `sfeedop` [ RunTime:0.006979s ]
SQL: SELECT * FROM `sfeedop` WHERE ( `uid` = 17 ) LIMIT 1   [ RunTime:0.000500s ]

[ 2013-04-13T20:22:18+08:00 ] 0.0.0.0 /ba/index.php/Feed/islike
NOTIC: [2] ob_start(): output handler 'ob_gzhandler' conflicts with 'zlib output compression' G:\program\thinkphp\Lib\Core\App.class.php 第 49 行.
NOTIC: [8] ob_start(): failed to create buffer G:\program\thinkphp\Lib\Core\App.class.php 第 49 行.
INFO: [ app_begin ] --START--
INFO: Run ReadHtmlCache Behavior [ RunTime:0.000858s ]
INFO: [ app_begin ] --END-- [ RunTime:0.000916s ]
SQL: SHOW COLUMNS FROM `sfeedop` [ RunTime:0.007449s ]
SQL: SELECT * FROM `sfeedop` WHERE ( `uid` = 17 ) LIMIT 1   [ RunTime:0.000649s ]

[ 2013-04-13T20:22:21+08:00 ] 0.0.0.0 /ba/index.php/Feed/islike
NOTIC: [2] ob_start(): output handler 'ob_gzhandler' conflicts with 'zlib output compression' G:\program\thinkphp\Lib\Core\App.class.php 第 49 行.
NOTIC: [8] ob_start(): failed to create buffer G:\program\thinkphp\Lib\Core\App.class.php 第 49 行.
INFO: [ app_begin ] --START--
INFO: Run ReadHtmlCache Behavior [ RunTime:0.000817s ]
INFO: [ app_begin ] --END-- [ RunTime:0.000873s ]
SQL: SHOW COLUMNS FROM `sfeedop` [ RunTime:0.012809s ]
SQL: SELECT * FROM `sfeedop` WHERE ( `uid` = 17 ) LIMIT 1   [ RunTime:0.000483s ]

[ 2013-04-13T20:22:24+08:00 ] 0.0.0.0 /ba/index.php/Feed/islike
NOTIC: [2] ob_start(): output handler 'ob_gzhandler' conflicts with 'zlib output compression' G:\program\thinkphp\Lib\Core\App.class.php 第 49 行.
NOTIC: [8] ob_start(): failed to create buffer G:\program\thinkphp\Lib\Core\App.class.php 第 49 行.
INFO: [ app_begin ] --START--
INFO: Run ReadHtmlCache Behavior [ RunTime:0.000865s ]
INFO: [ app_begin ] --END-- [ RunTime:0.000923s ]
SQL: SHOW COLUMNS FROM `sfeedop` [ RunTime:0.007172s ]
SQL: SELECT * FROM `sfeedop` WHERE ( `uid` = 17 ) LIMIT 1   [ RunTime:0.000468s ]

[ 2013-04-13T20:22:51+08:00 ] 0.0.0.0 /ba/index.php/Feed/islike
NOTIC: [2] ob_start(): output handler 'ob_gzhandler' conflicts with 'zlib output compression' G:\program\thinkphp\Lib\Core\App.class.php 第 49 行.
NOTIC: [8] ob_start(): failed to create buffer G:\program\thinkphp\Lib\Core\App.class.php 第 49 行.
INFO: [ app_begin ] --START--
INFO: Run ReadHtmlCache Behavior [ RunTime:0.001530s ]
INFO: [ app_begin ] --END-- [ RunTime:0.001602s ]
SQL: SHOW COLUMNS FROM `sfeedop` [ RunTime:0.007111s ]
SQL: SELECT * FROM `sfeedop` WHERE ( `uid` = 17 ) LIMIT 1   [ RunTime:0.000480s ]

[ 2013-04-13T20:24:39+08:00 ] ERR: (ThinkException) 非法操作:themes
[ 2013-04-13T20:24:39+08:00 ] ERR: (ThinkException) 非法操作:js
[ 2013-04-13T20:24:39+08:00 ] ERR: (ThinkException) 非法操作:js
[ 2013-04-13T20:24:57+08:00 ] 0.0.0.0 /ba/index.php/Feed/islike
NOTIC: [2] ob_start(): output handler 'ob_gzhandler' conflicts with 'zlib output compression' G:\program\thinkphp\Lib\Core\App.class.php 第 49 行.
NOTIC: [8] ob_start(): failed to create buffer G:\program\thinkphp\Lib\Core\App.class.php 第 49 行.
INFO: [ app_begin ] --START--
INFO: Run ReadHtmlCache Behavior [ RunTime:0.001590s ]
INFO: [ app_begin ] --END-- [ RunTime:0.001678s ]
SQL: SHOW COLUMNS FROM `sfeedop` [ RunTime:0.007589s ]
SQL: SELECT * FROM `sfeedop` WHERE ( `uid` = 17 ) LIMIT 1   [ RunTime:0.000616s ]

[ 2013-04-13T20:25:00+08:00 ] 0.0.0.0 /ba/index.php/Feed/islike
NOTIC: [2] ob_start(): output handler 'ob_gzhandler' conflicts with 'zlib output compression' G:\program\thinkphp\Lib\Core\App.class.php 第 49 行.
NOTIC: [8] ob_start(): failed to create buffer G:\program\thinkphp\Lib\Core\App.class.php 第 49 行.
INFO: [ app_begin ] --START--
INFO: Run ReadHtmlCache Behavior [ RunTime:0.001244s ]
INFO: [ app_begin ] --END-- [ RunTime:0.001305s ]
SQL: SHOW COLUMNS FROM `sfeedop` [ RunTime:0.007209s ]
SQL: SELECT * FROM `sfeedop` WHERE ( `uid` = 17 ) LIMIT 1   [ RunTime:0.000480s ]

[ 2013-04-13T20:29:39+08:00 ] 0.0.0.0 /ba/index.php/Feed/islike
INFO: [ app_begin ] --START--
INFO: Run ReadHtmlCache Behavior [ RunTime:0.000938s ]
INFO: [ app_begin ] --END-- [ RunTime:0.001006s ]
SQL: SHOW COLUMNS FROM `sfeedop` [ RunTime:0.008737s ]
SQL: SELECT * FROM `sfeedop` WHERE ( `uid` = 17 ) LIMIT 1   [ RunTime:0.000797s ]

[ 2013-04-13T20:29:42+08:00 ] 0.0.0.0 /ba/index.php/Feed/islike
NOTIC: [2] ob_start(): output handler 'ob_gzhandler' conflicts with 'zlib output compression' G:\program\thinkphp\Lib\Core\App.class.php 第 49 行.
NOTIC: [8] ob_start(): failed to create buffer G:\program\thinkphp\Lib\Core\App.class.php 第 49 行.
INFO: [ app_begin ] --START--
INFO: Run ReadHtmlCache Behavior [ RunTime:0.001390s ]
INFO: [ app_begin ] --END-- [ RunTime:0.001450s ]
SQL: SHOW COLUMNS FROM `sfeedop` [ RunTime:0.007940s ]
SQL: SELECT * FROM `sfeedop` WHERE ( `uid` = 17 ) LIMIT 1   [ RunTime:0.000992s ]

[ 2013-04-13T20:29:46+08:00 ] 0.0.0.0 /ba/index.php/Feed/islike
NOTIC: [2] ob_start(): output handler 'ob_gzhandler' conflicts with 'zlib output compression' G:\program\thinkphp\Lib\Core\App.class.php 第 49 行.
NOTIC: [8] ob_start(): failed to create buffer G:\program\thinkphp\Lib\Core\App.class.php 第 49 行.
INFO: [ app_begin ] --START--
INFO: Run ReadHtmlCache Behavior [ RunTime:0.001386s ]
INFO: [ app_begin ] --END-- [ RunTime:0.001487s ]
SQL: SHOW COLUMNS FROM `sfeedop` [ RunTime:0.007438s ]
SQL: SELECT * FROM `sfeedop` WHERE ( `uid` = 17 ) LIMIT 1   [ RunTime:0.000476s ]

[ 2013-04-13T20:29:49+08:00 ] 0.0.0.0 /ba/index.php/Feed/islike
NOTIC: [2] ob_start(): output handler 'ob_gzhandler' conflicts with 'zlib output compression' G:\program\thinkphp\Lib\Core\App.class.php 第 49 行.
NOTIC: [8] ob_start(): failed to create buffer G:\program\thinkphp\Lib\Core\App.class.php 第 49 行.
INFO: [ app_begin ] --START--
INFO: Run ReadHtmlCache Behavior [ RunTime:0.001384s ]
INFO: [ app_begin ] --END-- [ RunTime:0.001483s ]
SQL: SHOW COLUMNS FROM `sfeedop` [ RunTime:0.007892s ]
SQL: SELECT * FROM `sfeedop` WHERE ( `uid` = 17 ) LIMIT 1   [ RunTime:0.000811s ]

[ 2013-04-13T20:30:09+08:00 ] 0.0.0.0 /ba/index.php/Feed/islike
NOTIC: [2] ob_start(): output handler 'ob_gzhandler' conflicts with 'zlib output compression' G:\program\thinkphp\Lib\Core\App.class.php 第 49 行.
NOTIC: [8] ob_start(): failed to create buffer G:\program\thinkphp\Lib\Core\App.class.php 第 49 行.
INFO: [ app_begin ] --START--
INFO: Run ReadHtmlCache Behavior [ RunTime:0.000963s ]
INFO: [ app_begin ] --END-- [ RunTime:0.001120s ]
SQL: SHOW COLUMNS FROM `sfeedop` [ RunTime:0.052541s ]
SQL: SELECT * FROM `sfeedop` WHERE ( `uid` = 17 ) LIMIT 1   [ RunTime:0.000504s ]

[ 2013-04-13T20:51:00+08:00 ] 0.0.0.0 /ba/index.php/Feed/islike
NOTIC: [2] ob_start(): output handler 'ob_gzhandler' conflicts with 'zlib output compression' G:\program\thinkphp\Lib\Core\App.class.php 第 49 行.
NOTIC: [8] ob_start(): failed to create buffer G:\program\thinkphp\Lib\Core\App.class.php 第 49 行.
INFO: [ app_begin ] --START--
INFO: Run ReadHtmlCache Behavior [ RunTime:0.000940s ]
INFO: [ app_begin ] --END-- [ RunTime:0.001009s ]
NOTIC: [8] Undefined index: sfeedid G:\program\ba\Lib\Action\FeedAction.class.php 第 76 行.
NOTIC: [8] Undefined index: islike G:\program\ba\Lib\Action\FeedAction.class.php 第 77 行.
SQL: SHOW COLUMNS FROM `sfeedop` [ RunTime:0.008554s ]
SQL: SELECT * FROM `sfeedop` WHERE ( `uid` = 17 ) LIMIT 1   [ RunTime:0.000527s ]

[ 2013-04-13T20:51:01+08:00 ] 0.0.0.0 /ba/index.php/Feed/islike
NOTIC: [2] ob_start(): output handler 'ob_gzhandler' conflicts with 'zlib output compression' G:\program\thinkphp\Lib\Core\App.class.php 第 49 行.
NOTIC: [8] ob_start(): failed to create buffer G:\program\thinkphp\Lib\Core\App.class.php 第 49 行.
INFO: [ app_begin ] --START--
INFO: Run ReadHtmlCache Behavior [ RunTime:0.000914s ]
INFO: [ app_begin ] --END-- [ RunTime:0.000982s ]
NOTIC: [8] Undefined index: sfeedid G:\program\ba\Lib\Action\FeedAction.class.php 第 76 行.
NOTIC: [8] Undefined index: islike G:\program\ba\Lib\Action\FeedAction.class.php 第 77 行.
SQL: SHOW COLUMNS FROM `sfeedop` [ RunTime:0.007162s ]
SQL: SELECT * FROM `sfeedop` WHERE ( `uid` = 17 ) LIMIT 1   [ RunTime:0.000522s ]

[ 2013-04-13T20:51:02+08:00 ] 0.0.0.0 /ba/index.php/Feed/islike
NOTIC: [2] ob_start(): output handler 'ob_gzhandler' conflicts with 'zlib output compression' G:\program\thinkphp\Lib\Core\App.class.php 第 49 行.
NOTIC: [8] ob_start(): failed to create buffer G:\program\thinkphp\Lib\Core\App.class.php 第 49 行.
INFO: [ app_begin ] --START--
INFO: Run ReadHtmlCache Behavior [ RunTime:0.000936s ]
INFO: [ app_begin ] --END-- [ RunTime:0.000998s ]
NOTIC: [8] Undefined index: sfeedid G:\program\ba\Lib\Action\FeedAction.class.php 第 76 行.
NOTIC: [8] Undefined index: islike G:\program\ba\Lib\Action\FeedAction.class.php 第 77 行.
SQL: SHOW COLUMNS FROM `sfeedop` [ RunTime:0.004614s ]
SQL: SELECT * FROM `sfeedop` WHERE ( `uid` = 17 ) LIMIT 1   [ RunTime:0.000317s ]

[ 2013-04-13T20:54:07+08:00 ] 0.0.0.0 /ba/index.php/Feed/islike
NOTIC: [2] ob_start(): output handler 'ob_gzhandler' conflicts with 'zlib output compression' G:\program\thinkphp\Lib\Core\App.class.php 第 49 行.
NOTIC: [8] ob_start(): failed to create buffer G:\program\thinkphp\Lib\Core\App.class.php 第 49 行.
INFO: [ app_begin ] --START--
INFO: Run ReadHtmlCache Behavior [ RunTime:0.001024s ]
INFO: [ app_begin ] --END-- [ RunTime:0.001103s ]
NOTIC: [8] Undefined index: sfeedid G:\program\ba\Lib\Action\FeedAction.class.php 第 76 行.
NOTIC: [8] Undefined index: islike G:\program\ba\Lib\Action\FeedAction.class.php 第 77 行.
SQL: SHOW COLUMNS FROM `sfeedop` [ RunTime:0.004503s ]
SQL: SELECT * FROM `sfeedop` WHERE ( `uid` = 17 ) LIMIT 1   [ RunTime:0.000328s ]

[ 2013-04-13T20:54:09+08:00 ] 0.0.0.0 /ba/index.php/Feed/islike
NOTIC: [2] ob_start(): output handler 'ob_gzhandler' conflicts with 'zlib output compression' G:\program\thinkphp\Lib\Core\App.class.php 第 49 行.
NOTIC: [8] ob_start(): failed to create buffer G:\program\thinkphp\Lib\Core\App.class.php 第 49 行.
INFO: [ app_begin ] --START--
INFO: Run ReadHtmlCache Behavior [ RunTime:0.000950s ]
INFO: [ app_begin ] --END-- [ RunTime:0.001022s ]
NOTIC: [8] Undefined index: sfeedid G:\program\ba\Lib\Action\FeedAction.class.php 第 76 行.
NOTIC: [8] Undefined index: islike G:\program\ba\Lib\Action\FeedAction.class.php 第 77 行.
SQL: SHOW COLUMNS FROM `sfeedop` [ RunTime:0.009125s ]
SQL: SELECT * FROM `sfeedop` WHERE ( `uid` = 17 ) LIMIT 1   [ RunTime:0.000686s ]

