[ 2013-04-23T21:43:33+08:00 ] ERR: (ThinkException) 非法操作:themes
[ 2013-04-23T21:43:33+08:00 ] ERR: (ThinkException) 非法操作:js
[ 2013-04-23T21:43:33+08:00 ] ERR: (ThinkException) 非法操作:js
[ 2013-04-23T21:45:34+08:00 ] 0.0.0.0 /ba/index.php/Feed/comment
INFO: [ app_begin ] --START--
INFO: Run ReadHtmlCache Behavior [ RunTime:0.001981s ]
INFO: [ app_begin ] --END-- [ RunTime:0.002112s ]
SQL: SHOW COLUMNS FROM `comment` [ RunTime:0.176359s ]
SQL: SHOW COLUMNS FROM `user` [ RunTime:0.007063s ]
SQL: SELECT * FROM `comment` WHERE ( `fid` = 16 ) ORDER BY floor  [ RunTime:0.333463s ]
NOTIC: [2] Invalid argument supplied for foreach() G:\program\ba\Lib\Action\FeedAction.class.php 第 205 行.
INFO: [ view_template ] --START--
INFO: Run LocationTemplate Behavior [ RunTime:0.002462s ]
INFO: [ view_template ] --END-- [ RunTime:0.002615s ]
INFO: [ view_parse ] --START--
NOTIC: [8] Undefined variable: re G:\program\ba\Runtime\Cache\7a9a55aff6f47e257060ca0ab28ec843.php 第 17 行.
INFO: Run ParseTemplate Behavior [ RunTime:0.023488s ]
INFO: [ view_parse ] --END-- [ RunTime:0.023708s ]
INFO: [ view_filter ] --START--
INFO: Run ContentReplace Behavior [ RunTime:0.001492s ]
INFO: Run TokenBuild Behavior [ RunTime:0.001378s ]
INFO: Run WriteHtmlCache Behavior [ RunTime:0.001359s ]
INFO: Run ShowRuntime Behavior [ RunTime:0.001830s ]
INFO: [ view_filter ] --END-- [ RunTime:0.006375s ]
INFO: [ view_end ] --START--
INFO: Run ShowPageTrace Behavior [ RunTime:0.002128s ]
INFO: [ view_end ] --END-- [ RunTime:0.002241s ]

[ 2013-04-23T21:45:39+08:00 ] 0.0.0.0 /ba/index.php/Feed/comment
NOTIC: [2] ob_start(): output handler 'ob_gzhandler' conflicts with 'zlib output compression' G:\program\thinkphp\Lib\Core\App.class.php 第 49 行.
NOTIC: [8] ob_start(): failed to create buffer G:\program\thinkphp\Lib\Core\App.class.php 第 49 行.
INFO: [ app_begin ] --START--
INFO: Run ReadHtmlCache Behavior [ RunTime:0.001648s ]
INFO: [ app_begin ] --END-- [ RunTime:0.001759s ]
SQL: SHOW COLUMNS FROM `comment` [ RunTime:0.007457s ]
SQL: SHOW COLUMNS FROM `user` [ RunTime:0.009204s ]
SQL: SELECT * FROM `comment` WHERE ( `fid` = 16 ) ORDER BY floor  [ RunTime:0.000573s ]
NOTIC: [2] Invalid argument supplied for foreach() G:\program\ba\Lib\Action\FeedAction.class.php 第 205 行.
INFO: [ view_template ] --START--
INFO: Run LocationTemplate Behavior [ RunTime:0.001286s ]
INFO: [ view_template ] --END-- [ RunTime:0.001390s ]
INFO: [ view_parse ] --START--
NOTIC: [8] Undefined variable: re G:\program\ba\Runtime\Cache\7a9a55aff6f47e257060ca0ab28ec843.php 第 17 行.
INFO: Run ParseTemplate Behavior [ RunTime:0.020706s ]
INFO: [ view_parse ] --END-- [ RunTime:0.020806s ]
INFO: [ view_filter ] --START--
INFO: Run ContentReplace Behavior [ RunTime:0.001412s ]
INFO: Run TokenBuild Behavior [ RunTime:0.001053s ]
INFO: Run WriteHtmlCache Behavior [ RunTime:0.000855s ]
INFO: Run ShowRuntime Behavior [ RunTime:0.001210s ]
INFO: [ view_filter ] --END-- [ RunTime:0.004812s ]
INFO: [ view_end ] --START--
INFO: Run ShowPageTrace Behavior [ RunTime:0.001476s ]
INFO: [ view_end ] --END-- [ RunTime:0.001569s ]

[ 2013-04-23T21:45:42+08:00 ] 0.0.0.0 /ba/index.php/Feed/comment
NOTIC: [2] ob_start(): output handler 'ob_gzhandler' conflicts with 'zlib output compression' G:\program\thinkphp\Lib\Core\App.class.php 第 49 行.
NOTIC: [8] ob_start(): failed to create buffer G:\program\thinkphp\Lib\Core\App.class.php 第 49 行.
INFO: [ app_begin ] --START--
INFO: Run ReadHtmlCache Behavior [ RunTime:0.001922s ]
INFO: [ app_begin ] --END-- [ RunTime:0.002069s ]
SQL: SHOW COLUMNS FROM `comment` [ RunTime:0.007512s ]
SQL: SHOW COLUMNS FROM `user` [ RunTime:0.007423s ]
SQL: SELECT * FROM `comment` WHERE ( `fid` = 7 ) ORDER BY floor  [ RunTime:0.000975s ]
SQL: SELECT `uname` FROM `user` WHERE ( `uid` = 17 ) LIMIT 1   [ RunTime:0.000455s ]
SQL: SELECT `uname` FROM `user` WHERE ( `uid` = 17 ) LIMIT 1   [ RunTime:0.000424s ]
SQL: SELECT `uname` FROM `user` WHERE ( `uid` = 17 ) LIMIT 1   [ RunTime:0.000387s ]
SQL: SELECT `uname` FROM `user` WHERE ( `uid` = 17 ) LIMIT 1   [ RunTime:0.000415s ]
SQL: SELECT `uname` FROM `user` WHERE ( `uid` = 17 ) LIMIT 1   [ RunTime:0.000392s ]
INFO: [ view_template ] --START--
INFO: Run LocationTemplate Behavior [ RunTime:0.001450s ]
INFO: [ view_template ] --END-- [ RunTime:0.001559s ]
INFO: [ view_parse ] --START--
NOTIC: [8] Undefined variable: re G:\program\ba\Runtime\Cache\7a9a55aff6f47e257060ca0ab28ec843.php 第 17 行.
INFO: Run ParseTemplate Behavior [ RunTime:0.024409s ]
INFO: [ view_parse ] --END-- [ RunTime:0.024522s ]
INFO: [ view_filter ] --START--
INFO: Run ContentReplace Behavior [ RunTime:0.001165s ]
INFO: Run TokenBuild Behavior [ RunTime:0.001097s ]
INFO: Run WriteHtmlCache Behavior [ RunTime:0.000889s ]
INFO: Run ShowRuntime Behavior [ RunTime:0.001241s ]
INFO: [ view_filter ] --END-- [ RunTime:0.004701s ]
INFO: [ view_end ] --START--
INFO: Run ShowPageTrace Behavior [ RunTime:0.001569s ]
INFO: [ view_end ] --END-- [ RunTime:0.001665s ]

[ 2013-04-23T21:45:48+08:00 ] 0.0.0.0 /ba/index.php/Feed/comment
NOTIC: [2] ob_start(): output handler 'ob_gzhandler' conflicts with 'zlib output compression' G:\program\thinkphp\Lib\Core\App.class.php 第 49 行.
NOTIC: [8] ob_start(): failed to create buffer G:\program\thinkphp\Lib\Core\App.class.php 第 49 行.
INFO: [ app_begin ] --START--
INFO: Run ReadHtmlCache Behavior [ RunTime:0.001505s ]
INFO: [ app_begin ] --END-- [ RunTime:0.001611s ]
SQL: SHOW COLUMNS FROM `comment` [ RunTime:0.008111s ]
SQL: SHOW COLUMNS FROM `user` [ RunTime:0.009302s ]
SQL: SELECT * FROM `comment` WHERE ( `fid` = 7 ) ORDER BY floor  [ RunTime:0.001079s ]
SQL: SELECT `uname` FROM `user` WHERE ( `uid` = 17 ) LIMIT 1   [ RunTime:0.000565s ]
SQL: SELECT `uname` FROM `user` WHERE ( `uid` = 17 ) LIMIT 1   [ RunTime:0.000605s ]
SQL: SELECT `uname` FROM `user` WHERE ( `uid` = 17 ) LIMIT 1   [ RunTime:0.000552s ]
SQL: SELECT `uname` FROM `user` WHERE ( `uid` = 17 ) LIMIT 1   [ RunTime:0.001425s ]
SQL: SELECT `uname` FROM `user` WHERE ( `uid` = 17 ) LIMIT 1   [ RunTime:0.001117s ]
INFO: [ view_template ] --START--
INFO: Run LocationTemplate Behavior [ RunTime:0.001803s ]
INFO: [ view_template ] --END-- [ RunTime:0.001919s ]
INFO: [ view_parse ] --START--
NOTIC: [8] Undefined variable: re G:\program\ba\Runtime\Cache\7a9a55aff6f47e257060ca0ab28ec843.php 第 17 行.
INFO: Run ParseTemplate Behavior [ RunTime:0.020662s ]
INFO: [ view_parse ] --END-- [ RunTime:0.020768s ]
INFO: [ view_filter ] --START--
INFO: Run ContentReplace Behavior [ RunTime:0.001259s ]
INFO: Run TokenBuild Behavior [ RunTime:0.001102s ]
INFO: Run WriteHtmlCache Behavior [ RunTime:0.000845s ]
INFO: Run ShowRuntime Behavior [ RunTime:0.002111s ]
INFO: [ view_filter ] --END-- [ RunTime:0.005601s ]
INFO: [ view_end ] --START--
INFO: Run ShowPageTrace Behavior [ RunTime:0.003431s ]
INFO: [ view_end ] --END-- [ RunTime:0.003545s ]

[ 2013-04-23T21:45:50+08:00 ] 0.0.0.0 /ba/index.php/Feed/comment
INFO: [ app_begin ] --START--
INFO: Run ReadHtmlCache Behavior [ RunTime:0.001723s ]
INFO: [ app_begin ] --END-- [ RunTime:0.001840s ]
SQL: SHOW COLUMNS FROM `comment` [ RunTime:0.007817s ]
SQL: SHOW COLUMNS FROM `user` [ RunTime:0.007435s ]
SQL: SELECT * FROM `comment` WHERE ( `fid` = 7 ) ORDER BY floor  [ RunTime:0.001172s ]
SQL: SELECT `uname` FROM `user` WHERE ( `uid` = 17 ) LIMIT 1   [ RunTime:0.000847s ]
SQL: SELECT `uname` FROM `user` WHERE ( `uid` = 17 ) LIMIT 1   [ RunTime:0.000551s ]
SQL: SELECT `uname` FROM `user` WHERE ( `uid` = 17 ) LIMIT 1   [ RunTime:0.000727s ]
SQL: SELECT `uname` FROM `user` WHERE ( `uid` = 17 ) LIMIT 1   [ RunTime:0.000940s ]
SQL: SELECT `uname` FROM `user` WHERE ( `uid` = 17 ) LIMIT 1   [ RunTime:0.000866s ]
INFO: [ view_template ] --START--
INFO: Run LocationTemplate Behavior [ RunTime:0.002324s ]
INFO: [ view_template ] --END-- [ RunTime:0.002451s ]
INFO: [ view_parse ] --START--
NOTIC: [8] Undefined variable: re G:\program\ba\Runtime\Cache\7a9a55aff6f47e257060ca0ab28ec843.php 第 17 行.
INFO: Run ParseTemplate Behavior [ RunTime:0.030689s ]
INFO: [ view_parse ] --END-- [ RunTime:0.030826s ]
INFO: [ view_filter ] --START--
INFO: Run ContentReplace Behavior [ RunTime:0.002535s ]
INFO: Run TokenBuild Behavior [ RunTime:0.001672s ]
INFO: Run WriteHtmlCache Behavior [ RunTime:0.001161s ]
INFO: Run ShowRuntime Behavior [ RunTime:0.001621s ]
INFO: [ view_filter ] --END-- [ RunTime:0.007392s ]
INFO: [ view_end ] --START--
INFO: Run ShowPageTrace Behavior [ RunTime:0.001733s ]
INFO: [ view_end ] --END-- [ RunTime:0.001829s ]

[ 2013-04-23T21:45:51+08:00 ] 0.0.0.0 /ba/index.php/Feed/comment
NOTIC: [2] ob_start(): output handler 'ob_gzhandler' conflicts with 'zlib output compression' G:\program\thinkphp\Lib\Core\App.class.php 第 49 行.
NOTIC: [8] ob_start(): failed to create buffer G:\program\thinkphp\Lib\Core\App.class.php 第 49 行.
INFO: [ app_begin ] --START--
INFO: Run ReadHtmlCache Behavior [ RunTime:0.001529s ]
INFO: [ app_begin ] --END-- [ RunTime:0.001629s ]
SQL: SHOW COLUMNS FROM `comment` [ RunTime:0.007905s ]
SQL: SHOW COLUMNS FROM `user` [ RunTime:0.007315s ]
SQL: SELECT * FROM `comment` WHERE ( `fid` = 7 ) ORDER BY floor  [ RunTime:0.001066s ]
SQL: SELECT `uname` FROM `user` WHERE ( `uid` = 17 ) LIMIT 1   [ RunTime:0.000451s ]
SQL: SELECT `uname` FROM `user` WHERE ( `uid` = 17 ) LIMIT 1   [ RunTime:0.000570s ]
SQL: SELECT `uname` FROM `user` WHERE ( `uid` = 17 ) LIMIT 1   [ RunTime:0.000678s ]
SQL: SELECT `uname` FROM `user` WHERE ( `uid` = 17 ) LIMIT 1   [ RunTime:0.000434s ]
SQL: SELECT `uname` FROM `user` WHERE ( `uid` = 17 ) LIMIT 1   [ RunTime:0.000430s ]
INFO: [ view_template ] --START--
INFO: Run LocationTemplate Behavior [ RunTime:0.001294s ]
INFO: [ view_template ] --END-- [ RunTime:0.001398s ]
INFO: [ view_parse ] --START--
NOTIC: [8] Undefined variable: re G:\program\ba\Runtime\Cache\7a9a55aff6f47e257060ca0ab28ec843.php 第 17 行.
INFO: Run ParseTemplate Behavior [ RunTime:0.019785s ]
INFO: [ view_parse ] --END-- [ RunTime:0.019887s ]
INFO: [ view_filter ] --START--
INFO: Run ContentReplace Behavior [ RunTime:0.001104s ]
INFO: Run TokenBuild Behavior [ RunTime:0.001079s ]
INFO: Run WriteHtmlCache Behavior [ RunTime:0.000868s ]
INFO: Run ShowRuntime Behavior [ RunTime:0.002012s ]
INFO: [ view_filter ] --END-- [ RunTime:0.005345s ]
INFO: [ view_end ] --START--
INFO: Run ShowPageTrace Behavior [ RunTime:0.001903s ]
INFO: [ view_end ] --END-- [ RunTime:0.002036s ]

[ 2013-04-23T21:45:52+08:00 ] 0.0.0.0 /ba/index.php/Feed/comment
NOTIC: [2] ob_start(): output handler 'ob_gzhandler' conflicts with 'zlib output compression' G:\program\thinkphp\Lib\Core\App.class.php 第 49 行.
NOTIC: [8] ob_start(): failed to create buffer G:\program\thinkphp\Lib\Core\App.class.php 第 49 行.
INFO: [ app_begin ] --START--
INFO: Run ReadHtmlCache Behavior [ RunTime:0.001443s ]
INFO: [ app_begin ] --END-- [ RunTime:0.001571s ]
SQL: SHOW COLUMNS FROM `comment` [ RunTime:0.007469s ]
SQL: SHOW COLUMNS FROM `user` [ RunTime:0.007414s ]
SQL: SELECT * FROM `comment` WHERE ( `fid` = 7 ) ORDER BY floor  [ RunTime:0.000842s ]
SQL: SELECT `uname` FROM `user` WHERE ( `uid` = 17 ) LIMIT 1   [ RunTime:0.000551s ]
SQL: SELECT `uname` FROM `user` WHERE ( `uid` = 17 ) LIMIT 1   [ RunTime:0.000410s ]
SQL: SELECT `uname` FROM `user` WHERE ( `uid` = 17 ) LIMIT 1   [ RunTime:0.000335s ]
SQL: SELECT `uname` FROM `user` WHERE ( `uid` = 17 ) LIMIT 1   [ RunTime:0.000326s ]
SQL: SELECT `uname` FROM `user` WHERE ( `uid` = 17 ) LIMIT 1   [ RunTime:0.000340s ]
INFO: [ view_template ] --START--
INFO: Run LocationTemplate Behavior [ RunTime:0.001251s ]
INFO: [ view_template ] --END-- [ RunTime:0.001349s ]
INFO: [ view_parse ] --START--
NOTIC: [8] Undefined variable: re G:\program\ba\Runtime\Cache\7a9a55aff6f47e257060ca0ab28ec843.php 第 17 行.
INFO: Run ParseTemplate Behavior [ RunTime:0.021513s ]
INFO: [ view_parse ] --END-- [ RunTime:0.021617s ]
INFO: [ view_filter ] --START--
INFO: Run ContentReplace Behavior [ RunTime:0.001121s ]
INFO: Run TokenBuild Behavior [ RunTime:0.001063s ]
INFO: Run WriteHtmlCache Behavior [ RunTime:0.000851s ]
INFO: Run ShowRuntime Behavior [ RunTime:0.001251s ]
INFO: [ view_filter ] --END-- [ RunTime:0.004555s ]
INFO: [ view_end ] --START--
INFO: Run ShowPageTrace Behavior [ RunTime:0.001449s ]
INFO: [ view_end ] --END-- [ RunTime:0.001539s ]

[ 2013-04-23T21:45:54+08:00 ] 0.0.0.0 /ba/index.php/Feed/comment
NOTIC: [2] ob_start(): output handler 'ob_gzhandler' conflicts with 'zlib output compression' G:\program\thinkphp\Lib\Core\App.class.php 第 49 行.
NOTIC: [8] ob_start(): failed to create buffer G:\program\thinkphp\Lib\Core\App.class.php 第 49 行.
INFO: [ app_begin ] --START--
INFO: Run ReadHtmlCache Behavior [ RunTime:0.001463s ]
INFO: [ app_begin ] --END-- [ RunTime:0.001782s ]
SQL: SHOW COLUMNS FROM `comment` [ RunTime:0.007387s ]
SQL: SHOW COLUMNS FROM `user` [ RunTime:0.007960s ]
SQL: SELECT * FROM `comment` WHERE ( `fid` = 7 ) ORDER BY floor  [ RunTime:0.000996s ]
SQL: SELECT `uname` FROM `user` WHERE ( `uid` = 17 ) LIMIT 1   [ RunTime:0.000425s ]
SQL: SELECT `uname` FROM `user` WHERE ( `uid` = 17 ) LIMIT 1   [ RunTime:0.000345s ]
SQL: SELECT `uname` FROM `user` WHERE ( `uid` = 17 ) LIMIT 1   [ RunTime:0.000518s ]
SQL: SELECT `uname` FROM `user` WHERE ( `uid` = 17 ) LIMIT 1   [ RunTime:0.000371s ]
SQL: SELECT `uname` FROM `user` WHERE ( `uid` = 17 ) LIMIT 1   [ RunTime:0.000502s ]
INFO: [ view_template ] --START--
INFO: Run LocationTemplate Behavior [ RunTime:0.001422s ]
INFO: [ view_template ] --END-- [ RunTime:0.001534s ]
INFO: [ view_parse ] --START--
NOTIC: [8] Undefined variable: re G:\program\ba\Runtime\Cache\7a9a55aff6f47e257060ca0ab28ec843.php 第 17 行.
INFO: Run ParseTemplate Behavior [ RunTime:0.021539s ]
INFO: [ view_parse ] --END-- [ RunTime:0.021648s ]
INFO: [ view_filter ] --START--
INFO: Run ContentReplace Behavior [ RunTime:0.001966s ]
INFO: Run TokenBuild Behavior [ RunTime:0.001126s ]
INFO: Run WriteHtmlCache Behavior [ RunTime:0.001182s ]
INFO: Run ShowRuntime Behavior [ RunTime:0.001579s ]
INFO: [ view_filter ] --END-- [ RunTime:0.006197s ]
INFO: [ view_end ] --START--
INFO: Run ShowPageTrace Behavior [ RunTime:0.001797s ]
INFO: [ view_end ] --END-- [ RunTime:0.001909s ]

[ 2013-04-23T22:59:40+08:00 ] ERR: [4] syntax error, unexpected '?>', expecting function (T_FUNCTION) G:\program\ba\Lib\Action\CommonAction.class.php 第 183 行.
[ 2013-04-23T23:00:16+08:00 ] ERR: [4] syntax error, unexpected end of file, expecting function (T_FUNCTION) G:\program\ba\Lib\Action\CommonAction.class.php 第 203 行.
[ 2013-04-23T23:01:54+08:00 ] 0.0.0.0 /ba/index.php/Feed/comment
NOTIC: [2] ob_start(): output handler 'ob_gzhandler' conflicts with 'zlib output compression' G:\program\thinkphp\Lib\Core\App.class.php 第 49 行.
NOTIC: [8] ob_start(): failed to create buffer G:\program\thinkphp\Lib\Core\App.class.php 第 49 行.
INFO: [ app_begin ] --START--
INFO: Run ReadHtmlCache Behavior [ RunTime:0.003127s ]
INFO: [ app_begin ] --END-- [ RunTime:0.003255s ]
SQL: SHOW COLUMNS FROM `comment` [ RunTime:0.008272s ]
SQL: SHOW COLUMNS FROM `user` [ RunTime:0.007379s ]
SQL: SELECT * FROM `comment` WHERE ( `fid` = 7 ) ORDER BY floor  [ RunTime:0.001036s ]
SQL: SELECT `uname` FROM `user` WHERE ( `uid` = 17 ) LIMIT 1   [ RunTime:0.000526s ]
SQL: SELECT `uname` FROM `user` WHERE ( `uid` = 17 ) LIMIT 1   [ RunTime:0.000438s ]
SQL: SELECT `uname` FROM `user` WHERE ( `uid` = 17 ) LIMIT 1   [ RunTime:0.000385s ]
SQL: SELECT `uname` FROM `user` WHERE ( `uid` = 17 ) LIMIT 1   [ RunTime:0.000416s ]
SQL: SELECT `uname` FROM `user` WHERE ( `uid` = 17 ) LIMIT 1   [ RunTime:0.000394s ]
INFO: [ view_template ] --START--
INFO: Run LocationTemplate Behavior [ RunTime:0.002440s ]
INFO: [ view_template ] --END-- [ RunTime:0.002563s ]
INFO: [ view_parse ] --START--
NOTIC: [8] Undefined variable: re G:\program\ba\Runtime\Cache\7a9a55aff6f47e257060ca0ab28ec843.php 第 17 行.
INFO: Run ParseTemplate Behavior [ RunTime:0.020845s ]
INFO: [ view_parse ] --END-- [ RunTime:0.020957s ]
INFO: [ view_filter ] --START--
INFO: Run ContentReplace Behavior [ RunTime:0.001433s ]
INFO: Run TokenBuild Behavior [ RunTime:0.002002s ]
INFO: Run WriteHtmlCache Behavior [ RunTime:0.001331s ]
INFO: Run ShowRuntime Behavior [ RunTime:0.001788s ]
INFO: [ view_filter ] --END-- [ RunTime:0.006876s ]
INFO: [ view_end ] --START--
INFO: Run ShowPageTrace Behavior [ RunTime:0.002058s ]
INFO: [ view_end ] --END-- [ RunTime:0.002168s ]

[ 2013-04-23T23:06:09+08:00 ] 0.0.0.0 /ba/index.php/Feed/unlike
NOTIC: [2] ob_start(): output handler 'ob_gzhandler' conflicts with 'zlib output compression' G:\program\thinkphp\Lib\Core\App.class.php 第 49 行.
NOTIC: [8] ob_start(): failed to create buffer G:\program\thinkphp\Lib\Core\App.class.php 第 49 行.
INFO: [ app_begin ] --START--
INFO: Run ReadHtmlCache Behavior [ RunTime:0.002044s ]
INFO: [ app_begin ] --END-- [ RunTime:0.002160s ]
SQL: SHOW COLUMNS FROM `sfeedop` [ RunTime:0.026249s ]
SQL: SHOW COLUMNS FROM `sfeed` [ RunTime:0.008296s ]
SQL: SELECT * FROM `sfeedop` WHERE ( `uid` = 17 ) AND ( `sfeedid` = 7 ) LIMIT 1   [ RunTime:0.011045s ]

[ 2013-04-23T23:06:12+08:00 ] 0.0.0.0 /ba/index.php/Feed/store
NOTIC: [2] ob_start(): output handler 'ob_gzhandler' conflicts with 'zlib output compression' G:\program\thinkphp\Lib\Core\App.class.php 第 49 行.
NOTIC: [8] ob_start(): failed to create buffer G:\program\thinkphp\Lib\Core\App.class.php 第 49 行.
INFO: [ app_begin ] --START--
INFO: Run ReadHtmlCache Behavior [ RunTime:0.001462s ]
INFO: [ app_begin ] --END-- [ RunTime:0.001565s ]
SQL: SHOW COLUMNS FROM `sfeedop` [ RunTime:0.009877s ]
SQL: SHOW COLUMNS FROM `sfeed` [ RunTime:0.008479s ]
SQL: SELECT * FROM `sfeedop` WHERE ( `uid` = 17 ) AND ( `sfeedid` = 7 ) LIMIT 1   [ RunTime:0.000627s ]

[ 2013-04-23T23:45:45+08:00 ] ERR: (ThinkException) 非法操作:themes
[ 2013-04-23T23:45:45+08:00 ] ERR: (ThinkException) 非法操作:js
[ 2013-04-23T23:45:45+08:00 ] ERR: (ThinkException) 非法操作:js
[ 2013-04-23T23:47:03+08:00 ] 0.0.0.0 /ba/index.php/User/addfriend
NOTIC: [2] ob_start(): output handler 'ob_gzhandler' conflicts with 'zlib output compression' G:\program\thinkphp\Lib\Core\App.class.php 第 49 行.
NOTIC: [8] ob_start(): failed to create buffer G:\program\thinkphp\Lib\Core\App.class.php 第 49 行.
INFO: [ app_begin ] --START--
INFO: Run ReadHtmlCache Behavior [ RunTime:0.001811s ]
INFO: [ app_begin ] --END-- [ RunTime:0.001921s ]
SQL: SHOW COLUMNS FROM `friend` [ RunTime:0.008916s ]
SQL: INSERT INTO `friend` (`uid`,`fansid`) VALUES (12,19) [ RunTime:0.000597s ]

[ 2013-04-23T23:48:49+08:00 ] ERR: (ThinkException) 非法操作:js
[ 2013-04-23T23:48:49+08:00 ] ERR: (ThinkException) 非法操作:js
[ 2013-04-23T23:48:49+08:00 ] ERR: (ThinkException) 非法操作:themes
[ 2013-04-23T23:49:28+08:00 ] 0.0.0.0 /ba/index.php/User/addfriend
NOTIC: [2] ob_start(): output handler 'ob_gzhandler' conflicts with 'zlib output compression' G:\program\thinkphp\Lib\Core\App.class.php 第 49 行.
NOTIC: [8] ob_start(): failed to create buffer G:\program\thinkphp\Lib\Core\App.class.php 第 49 行.
INFO: [ app_begin ] --START--
INFO: Run ReadHtmlCache Behavior [ RunTime:0.001423s ]
INFO: [ app_begin ] --END-- [ RunTime:0.001519s ]
SQL: SHOW COLUMNS FROM `friend` [ RunTime:0.014224s ]
SQL: INSERT INTO `friend` (`uid`,`fansid`) VALUES (19,17) [ RunTime:0.000747s ]

[ 2013-04-23T23:49:56+08:00 ] 0.0.0.0 /ba/index.php/User/addfriend
NOTIC: [2] ob_start(): output handler 'ob_gzhandler' conflicts with 'zlib output compression' G:\program\thinkphp\Lib\Core\App.class.php 第 49 行.
NOTIC: [8] ob_start(): failed to create buffer G:\program\thinkphp\Lib\Core\App.class.php 第 49 行.
INFO: [ app_begin ] --START--
INFO: Run ReadHtmlCache Behavior [ RunTime:0.001600s ]
INFO: [ app_begin ] --END-- [ RunTime:0.001700s ]
SQL: SHOW COLUMNS FROM `friend` [ RunTime:0.007502s ]
SQL: INSERT INTO `friend` (`uid`,`fansid`) VALUES (12,17) [ RunTime:0.000542s ]

