[ 2013-04-12T21:25:00+08:00 ] ERR: (ThinkException) 非法操作:themes
[ 2013-04-12T21:25:00+08:00 ] ERR: (ThinkException) 非法操作:js
[ 2013-04-12T21:25:00+08:00 ] ERR: (ThinkException) 非法操作:js
[ 2013-04-12T22:40:01+08:00 ] ERR: (ThinkException) 非法操作:themes
[ 2013-04-12T22:40:01+08:00 ] ERR: (ThinkException) 非法操作:js
[ 2013-04-12T22:40:01+08:00 ] ERR: (ThinkException) 非法操作:js
[ 2013-04-12T23:07:46+08:00 ] ERR: (ThinkException) 非法操作:islike
[ 2013-04-12T23:07:46+08:00 ] 0.0.0.0 /ba/index.php/Public/islike.php
NOTIC: [2] ob_start(): output handler 'ob_gzhandler' conflicts with 'zlib output compression' G:\program\thinkphp\Lib\Core\App.class.php 第 49 行.
NOTIC: [8] ob_start(): failed to create buffer G:\program\thinkphp\Lib\Core\App.class.php 第 49 行.
INFO: [ app_begin ] --START--
INFO: Run ReadHtmlCache Behavior [ RunTime:0.001891s ]
INFO: [ app_begin ] --END-- [ RunTime:0.001973s ]
NOTIC: [8] Undefined index: class G:\program\thinkphp\Lib\Core\ThinkException.class.php 第 63 行.
NOTIC: [8] Undefined index: type G:\program\thinkphp\Lib\Core\ThinkException.class.php 第 63 行.
NOTIC: [8] Undefined index: file G:\program\thinkphp\Lib\Core\ThinkException.class.php 第 62 行.
NOTIC: [8] Undefined index: line G:\program\thinkphp\Lib\Core\ThinkException.class.php 第 62 行.
NOTIC: [4096] Object of class PublicAction could not be converted to string G:\program\thinkphp\Lib\Core\ThinkException.class.php 第 64 行.
NOTIC: [8] Array to string conversion G:\program\thinkphp\Lib\Core\ThinkException.class.php 第 64 行.
NOTIC: [8] Undefined index: class G:\program\thinkphp\Lib\Core\ThinkException.class.php 第 63 行.
NOTIC: [8] Undefined index: type G:\program\thinkphp\Lib\Core\ThinkException.class.php 第 63 行.
NOTIC: [8] Undefined index: class G:\program\thinkphp\Lib\Core\ThinkException.class.php 第 63 行.
NOTIC: [8] Undefined index: type G:\program\thinkphp\Lib\Core\ThinkException.class.php 第 63 行.

