[ 2013-04-09T10:47:04+08:00 ] ERR: (ThinkException) 非法操作:themes
[ 2013-04-09T10:47:04+08:00 ] ERR: (ThinkException) 非法操作:js
[ 2013-04-09T10:47:04+08:00 ] ERR: (ThinkException) 非法操作:js
[ 2013-04-09T10:47:14+08:00 ] ERR: (ThinkException) 非法操作:images
[ 2013-04-09T10:47:14+08:00 ] ERR: (ThinkException) 非法操作:images
[ 2013-04-09T10:47:14+08:00 ] ERR: (ThinkException) 非法操作:images
[ 2013-04-09T10:47:15+08:00 ] ERR: (ThinkException) 非法操作:images
[ 2013-04-09T10:47:15+08:00 ] ERR: (ThinkException) 非法操作:images
[ 2013-04-09T10:47:15+08:00 ] ERR: (ThinkException) 非法操作:images
[ 2013-04-09T10:48:23+08:00 ] ERR: (ThinkException) 非法操作:images
[ 2013-04-09T10:48:23+08:00 ] ERR: (ThinkException) 非法操作:images
[ 2013-04-09T10:48:23+08:00 ] ERR: (ThinkException) 非法操作:images
[ 2013-04-09T10:48:23+08:00 ] ERR: (ThinkException) 非法操作:images
[ 2013-04-09T10:48:23+08:00 ] ERR: (ThinkException) 非法操作:images
[ 2013-04-09T10:48:24+08:00 ] ERR: (ThinkException) 非法操作:images
[ 2013-04-09T10:48:24+08:00 ] ERR: (ThinkException) 非法操作:images
[ 2013-04-09T10:48:24+08:00 ] ERR: (ThinkException) 非法操作:images
[ 2013-04-09T10:48:25+08:00 ] ERR: (ThinkException) 非法操作:images
[ 2013-04-09T10:48:25+08:00 ] ERR: (ThinkException) 非法操作:images
[ 2013-04-09T10:48:25+08:00 ] ERR: (ThinkException) 非法操作:images
[ 2013-04-09T10:48:25+08:00 ] ERR: (ThinkException) 非法操作:images
[ 2013-04-09T10:48:25+08:00 ] ERR: (ThinkException) 非法操作:images
[ 2013-04-09T10:48:25+08:00 ] ERR: (ThinkException) 非法操作:images
[ 2013-04-09T10:48:54+08:00 ] ERR: (ThinkException) 非法操作:images
[ 2013-04-09T10:48:54+08:00 ] ERR: (ThinkException) 非法操作:images
[ 2013-04-09T10:48:54+08:00 ] ERR: (ThinkException) 非法操作:images
[ 2013-04-09T10:48:54+08:00 ] ERR: (ThinkException) 非法操作:images
[ 2013-04-09T10:48:54+08:00 ] ERR: (ThinkException) 非法操作:images
[ 2013-04-09T10:48:54+08:00 ] ERR: (ThinkException) 非法操作:images
[ 2013-04-09T10:48:56+08:00 ] ERR: (ThinkException) 非法操作:images
[ 2013-04-09T10:48:56+08:00 ] ERR: (ThinkException) 非法操作:images
[ 2013-04-09T10:48:56+08:00 ] ERR: (ThinkException) 非法操作:images
[ 2013-04-09T10:49:09+08:00 ] ERR: (ThinkException) 非法操作:images
[ 2013-04-09T10:49:09+08:00 ] ERR: (ThinkException) 非法操作:images
[ 2013-04-09T10:49:09+08:00 ] ERR: (ThinkException) 非法操作:images
[ 2013-04-09T10:49:09+08:00 ] ERR: (ThinkException) 非法操作:images
[ 2013-04-09T10:49:09+08:00 ] ERR: (ThinkException) 非法操作:images
[ 2013-04-09T10:49:09+08:00 ] ERR: (ThinkException) 非法操作:images
[ 2013-04-09T10:50:16+08:00 ] ERR: (ThinkException) 非法操作:images
[ 2013-04-09T10:50:16+08:00 ] ERR: (ThinkException) 非法操作:images
[ 2013-04-09T10:50:16+08:00 ] ERR: (ThinkException) 非法操作:images
[ 2013-04-09T10:50:16+08:00 ] ERR: (ThinkException) 非法操作:images
[ 2013-04-09T10:50:16+08:00 ] ERR: (ThinkException) 非法操作:images
[ 2013-04-09T10:50:16+08:00 ] ERR: (ThinkException) 非法操作:images
[ 2013-04-09T10:52:12+08:00 ] ERR: (ThinkException) 非法操作:images
[ 2013-04-09T10:52:13+08:00 ] ERR: (ThinkException) 非法操作:images
[ 2013-04-09T10:52:13+08:00 ] ERR: (ThinkException) 非法操作:images
[ 2013-04-09T10:52:13+08:00 ] ERR: (ThinkException) 非法操作:images
[ 2013-04-09T10:52:14+08:00 ] ERR: (ThinkException) 非法操作:images
[ 2013-04-09T10:52:14+08:00 ] ERR: (ThinkException) 非法操作:images
[ 2013-04-09T10:52:14+08:00 ] ERR: (ThinkException) 非法操作:images
[ 2013-04-09T10:52:17+08:00 ] ERR: (ThinkException) 非法操作:images
[ 2013-04-09T10:52:17+08:00 ] ERR: (ThinkException) 非法操作:images
[ 2013-04-09T10:52:17+08:00 ] ERR: (ThinkException) 非法操作:images
[ 2013-04-09T10:52:18+08:00 ] ERR: (ThinkException) 非法操作:images
[ 2013-04-09T10:52:18+08:00 ] ERR: (ThinkException) 非法操作:images
[ 2013-04-09T10:52:18+08:00 ] ERR: (ThinkException) 非法操作:images
[ 2013-04-09T10:52:50+08:00 ] ERR: (ThinkException) 非法操作:images
[ 2013-04-09T10:52:50+08:00 ] ERR: (ThinkException) 非法操作:images
[ 2013-04-09T10:52:50+08:00 ] ERR: (ThinkException) 非法操作:images
[ 2013-04-09T10:52:50+08:00 ] ERR: (ThinkException) 非法操作:images
[ 2013-04-09T10:52:51+08:00 ] ERR: (ThinkException) 非法操作:images
[ 2013-04-09T10:52:51+08:00 ] ERR: (ThinkException) 非法操作:images
[ 2013-04-09T10:52:51+08:00 ] ERR: (ThinkException) 非法操作:images
[ 2013-04-09T10:52:51+08:00 ] ERR: (ThinkException) 非法操作:images
[ 2013-04-09T10:52:51+08:00 ] ERR: (ThinkException) 非法操作:images
[ 2013-04-09T10:52:51+08:00 ] ERR: (ThinkException) 非法操作:images
[ 2013-04-09T10:53:14+08:00 ] ERR: (ThinkException) 非法操作:images
[ 2013-04-09T10:53:14+08:00 ] ERR: (ThinkException) 非法操作:images
[ 2013-04-09T10:53:14+08:00 ] ERR: (ThinkException) 非法操作:images
[ 2013-04-09T10:53:15+08:00 ] ERR: (ThinkException) 非法操作:images
[ 2013-04-09T10:53:15+08:00 ] ERR: (ThinkException) 非法操作:images
[ 2013-04-09T10:53:15+08:00 ] ERR: (ThinkException) 非法操作:images
[ 2013-04-09T10:53:25+08:00 ] ERR: (ThinkException) 非法操作:images
[ 2013-04-09T10:53:25+08:00 ] ERR: (ThinkException) 非法操作:images
[ 2013-04-09T10:53:25+08:00 ] ERR: (ThinkException) 非法操作:images
[ 2013-04-09T10:53:25+08:00 ] ERR: (ThinkException) 非法操作:images
[ 2013-04-09T10:53:25+08:00 ] ERR: (ThinkException) 非法操作:images
[ 2013-04-09T10:53:25+08:00 ] ERR: (ThinkException) 非法操作:images
[ 2013-04-09T10:53:26+08:00 ] ERR: (ThinkException) 非法操作:images
[ 2013-04-09T10:53:26+08:00 ] ERR: (ThinkException) 非法操作:images
[ 2013-04-09T10:53:26+08:00 ] ERR: (ThinkException) 非法操作:images
[ 2013-04-09T10:53:26+08:00 ] ERR: (ThinkException) 非法操作:images
[ 2013-04-09T10:53:26+08:00 ] ERR: (ThinkException) 非法操作:images
[ 2013-04-09T10:53:26+08:00 ] ERR: (ThinkException) 非法操作:images
[ 2013-04-09T10:53:59+08:00 ] ERR: (ThinkException) 非法操作:images
[ 2013-04-09T10:53:59+08:00 ] ERR: (ThinkException) 非法操作:images
[ 2013-04-09T10:53:59+08:00 ] ERR: (ThinkException) 非法操作:images
[ 2013-04-09T10:53:59+08:00 ] ERR: (ThinkException) 非法操作:images
[ 2013-04-09T10:54:42+08:00 ] ERR: (ThinkException) 非法操作:images
[ 2013-04-09T10:54:43+08:00 ] ERR: (ThinkException) 非法操作:images
[ 2013-04-09T10:54:43+08:00 ] ERR: (ThinkException) 非法操作:images
[ 2013-04-09T10:54:44+08:00 ] ERR: (ThinkException) 非法操作:images
[ 2013-04-09T10:54:44+08:00 ] ERR: (ThinkException) 非法操作:images
[ 2013-04-09T10:54:44+08:00 ] ERR: (ThinkException) 非法操作:images
[ 2013-04-09T10:54:56+08:00 ] ERR: (ThinkException) 非法操作:images
[ 2013-04-09T10:54:56+08:00 ] ERR: (ThinkException) 非法操作:images
[ 2013-04-09T10:54:56+08:00 ] ERR: (ThinkException) 非法操作:images
[ 2013-04-09T10:57:30+08:00 ] ERR: (ThinkException) 非法操作:images
[ 2013-04-09T10:57:30+08:00 ] ERR: (ThinkException) 非法操作:images
[ 2013-04-09T10:57:30+08:00 ] ERR: (ThinkException) 非法操作:images
[ 2013-04-09T10:57:30+08:00 ] ERR: (ThinkException) 非法操作:images
[ 2013-04-09T10:57:30+08:00 ] ERR: (ThinkException) 非法操作:images
[ 2013-04-09T10:57:31+08:00 ] ERR: (ThinkException) 非法操作:images
[ 2013-04-09T10:57:31+08:00 ] ERR: (ThinkException) 非法操作:images
[ 2013-04-09T10:57:31+08:00 ] ERR: (ThinkException) 非法操作:images
[ 2013-04-09T10:57:40+08:00 ] ERR: (ThinkException) 非法操作:images
[ 2013-04-09T10:57:40+08:00 ] ERR: (ThinkException) 非法操作:images
[ 2013-04-09T10:57:40+08:00 ] ERR: (ThinkException) 非法操作:images
[ 2013-04-09T10:57:41+08:00 ] ERR: (ThinkException) 非法操作:images
[ 2013-04-09T10:57:41+08:00 ] ERR: (ThinkException) 非法操作:images
[ 2013-04-09T10:57:41+08:00 ] ERR: (ThinkException) 非法操作:images
[ 2013-04-09T11:00:51+08:00 ] ERR: (ThinkException) 非法操作:images
[ 2013-04-09T11:00:51+08:00 ] ERR: (ThinkException) 非法操作:images
[ 2013-04-09T11:00:51+08:00 ] ERR: (ThinkException) 非法操作:images
[ 2013-04-09T11:00:51+08:00 ] ERR: (ThinkException) 非法操作:images
[ 2013-04-09T11:00:52+08:00 ] ERR: (ThinkException) 非法操作:images
[ 2013-04-09T11:00:52+08:00 ] ERR: (ThinkException) 非法操作:images
[ 2013-04-09T11:00:52+08:00 ] ERR: (ThinkException) 非法操作:images
[ 2013-04-09T11:00:52+08:00 ] ERR: (ThinkException) 非法操作:images
[ 2013-04-09T11:00:52+08:00 ] ERR: (ThinkException) 非法操作:images
[ 2013-04-09T11:00:52+08:00 ] ERR: (ThinkException) 非法操作:images
[ 2013-04-09T11:29:06+08:00 ] ERR: (ThinkException) 非法操作:images
[ 2013-04-09T11:29:06+08:00 ] ERR: (ThinkException) 非法操作:images
[ 2013-04-09T11:29:06+08:00 ] ERR: (ThinkException) 非法操作:images
[ 2013-04-09T11:29:06+08:00 ] ERR: (ThinkException) 非法操作:images
[ 2013-04-09T11:39:39+08:00 ] ERR: (ThinkException) 非法操作:images
[ 2013-04-09T11:39:39+08:00 ] ERR: (ThinkException) 非法操作:images
[ 2013-04-09T11:39:39+08:00 ] ERR: (ThinkException) 非法操作:images
[ 2013-04-09T11:39:39+08:00 ] ERR: (ThinkException) 非法操作:images
[ 2013-04-09T11:39:40+08:00 ] ERR: (ThinkException) 非法操作:images
[ 2013-04-09T11:39:40+08:00 ] ERR: (ThinkException) 非法操作:images
[ 2013-04-09T11:39:40+08:00 ] ERR: (ThinkException) 非法操作:images
[ 2013-04-09T11:39:41+08:00 ] ERR: (ThinkException) 非法操作:images
[ 2013-04-09T11:39:41+08:00 ] ERR: (ThinkException) 非法操作:images
[ 2013-04-09T11:39:41+08:00 ] ERR: (ThinkException) 非法操作:images
[ 2013-04-09T11:39:42+08:00 ] ERR: (ThinkException) 非法操作:images
[ 2013-04-09T11:39:42+08:00 ] ERR: (ThinkException) 非法操作:images
[ 2013-04-09T11:39:42+08:00 ] ERR: (ThinkException) 非法操作:images
[ 2013-04-09T11:39:42+08:00 ] ERR: (ThinkException) 非法操作:images
[ 2013-04-09T11:39:42+08:00 ] ERR: (ThinkException) 非法操作:images
[ 2013-04-09T11:39:42+08:00 ] ERR: (ThinkException) 非法操作:images
[ 2013-04-09T11:40:50+08:00 ] ERR: (ThinkException) 非法操作:images
[ 2013-04-09T11:40:50+08:00 ] ERR: (ThinkException) 非法操作:images
[ 2013-04-09T11:40:50+08:00 ] ERR: (ThinkException) 非法操作:images
[ 2013-04-09T11:40:50+08:00 ] ERR: (ThinkException) 非法操作:images
[ 2013-04-09T11:40:50+08:00 ] ERR: (ThinkException) 非法操作:images
[ 2013-04-09T11:40:50+08:00 ] ERR: (ThinkException) 非法操作:images
[ 2013-04-09T11:40:51+08:00 ] ERR: (ThinkException) 非法操作:images
[ 2013-04-09T11:40:51+08:00 ] ERR: (ThinkException) 非法操作:images
[ 2013-04-09T11:40:51+08:00 ] ERR: (ThinkException) 非法操作:images
[ 2013-04-09T11:40:51+08:00 ] ERR: (ThinkException) 非法操作:images
[ 2013-04-09T11:40:51+08:00 ] ERR: (ThinkException) 非法操作:images
[ 2013-04-09T11:40:51+08:00 ] ERR: (ThinkException) 非法操作:images
[ 2013-04-09T11:40:52+08:00 ] ERR: (ThinkException) 非法操作:images
[ 2013-04-09T11:40:52+08:00 ] ERR: (ThinkException) 非法操作:images
[ 2013-04-09T11:40:52+08:00 ] ERR: (ThinkException) 非法操作:images
[ 2013-04-09T11:41:08+08:00 ] ERR: (ThinkException) 非法操作:images
[ 2013-04-09T11:41:08+08:00 ] ERR: (ThinkException) 非法操作:images
[ 2013-04-09T11:41:08+08:00 ] ERR: (ThinkException) 非法操作:images
[ 2013-04-09T11:41:09+08:00 ] ERR: (ThinkException) 非法操作:images
[ 2013-04-09T11:41:09+08:00 ] ERR: (ThinkException) 非法操作:images
[ 2013-04-09T11:41:09+08:00 ] ERR: (ThinkException) 非法操作:images
[ 2013-04-09T11:41:10+08:00 ] ERR: (ThinkException) 非法操作:images
[ 2013-04-09T11:41:10+08:00 ] ERR: (ThinkException) 非法操作:images
[ 2013-04-09T11:41:10+08:00 ] ERR: (ThinkException) 非法操作:images
[ 2013-04-09T11:41:10+08:00 ] ERR: (ThinkException) 非法操作:images
[ 2013-04-09T11:41:12+08:00 ] ERR: (ThinkException) 非法操作:images
[ 2013-04-09T11:41:12+08:00 ] ERR: (ThinkException) 非法操作:images
[ 2013-04-09T11:41:12+08:00 ] ERR: (ThinkException) 非法操作:images
[ 2013-04-09T11:41:13+08:00 ] ERR: (ThinkException) 非法操作:images
[ 2013-04-09T11:41:13+08:00 ] ERR: (ThinkException) 非法操作:images
[ 2013-04-09T11:41:13+08:00 ] ERR: (ThinkException) 非法操作:images
[ 2013-04-09T11:41:14+08:00 ] ERR: (ThinkException) 非法操作:images
[ 2013-04-09T11:41:14+08:00 ] ERR: (ThinkException) 非法操作:images
[ 2013-04-09T11:41:14+08:00 ] ERR: (ThinkException) 非法操作:images
[ 2013-04-09T11:41:14+08:00 ] ERR: (ThinkException) 非法操作:images
[ 2013-04-09T11:41:14+08:00 ] ERR: (ThinkException) 非法操作:images
[ 2013-04-09T11:43:18+08:00 ] ERR: (ThinkException) 非法操作:images
[ 2013-04-09T11:43:18+08:00 ] ERR: (ThinkException) 非法操作:images
[ 2013-04-09T11:43:18+08:00 ] ERR: (ThinkException) 非法操作:images
[ 2013-04-09T11:43:46+08:00 ] ERR: (ThinkException) 非法操作:images
[ 2013-04-09T11:43:46+08:00 ] ERR: (ThinkException) 非法操作:images
[ 2013-04-09T11:43:46+08:00 ] ERR: (ThinkException) 非法操作:images
[ 2013-04-09T11:43:47+08:00 ] ERR: (ThinkException) 非法操作:images
[ 2013-04-09T11:43:47+08:00 ] ERR: (ThinkException) 非法操作:images
[ 2013-04-09T11:43:47+08:00 ] ERR: (ThinkException) 非法操作:images
[ 2013-04-09T11:43:48+08:00 ] ERR: (ThinkException) 非法操作:images
[ 2013-04-09T11:43:48+08:00 ] ERR: (ThinkException) 非法操作:images
[ 2013-04-09T11:43:48+08:00 ] ERR: (ThinkException) 非法操作:images
[ 2013-04-09T11:44:02+08:00 ] ERR: (ThinkException) 非法操作:images
[ 2013-04-09T11:44:02+08:00 ] ERR: (ThinkException) 非法操作:images
[ 2013-04-09T11:44:02+08:00 ] ERR: (ThinkException) 非法操作:images
[ 2013-04-09T11:44:02+08:00 ] ERR: (ThinkException) 非法操作:images
[ 2013-04-09T11:44:02+08:00 ] ERR: (ThinkException) 非法操作:images
[ 2013-04-09T11:44:02+08:00 ] ERR: (ThinkException) 非法操作:images
[ 2013-04-09T11:44:03+08:00 ] ERR: (ThinkException) 非法操作:images
[ 2013-04-09T11:44:03+08:00 ] ERR: (ThinkException) 非法操作:images
[ 2013-04-09T11:44:03+08:00 ] ERR: (ThinkException) 非法操作:images
[ 2013-04-09T11:44:03+08:00 ] ERR: (ThinkException) 非法操作:images
[ 2013-04-09T11:44:03+08:00 ] ERR: (ThinkException) 非法操作:images
[ 2013-04-09T11:44:03+08:00 ] ERR: (ThinkException) 非法操作:images
[ 2013-04-09T11:44:04+08:00 ] ERR: (ThinkException) 非法操作:images
[ 2013-04-09T11:44:04+08:00 ] ERR: (ThinkException) 非法操作:images
[ 2013-04-09T11:44:04+08:00 ] ERR: (ThinkException) 非法操作:images
[ 2013-04-09T11:44:04+08:00 ] ERR: (ThinkException) 非法操作:images
[ 2013-04-09T11:44:50+08:00 ] ERR: (ThinkException) 非法操作:images
[ 2013-04-09T11:44:50+08:00 ] ERR: (ThinkException) 非法操作:images
[ 2013-04-09T11:44:50+08:00 ] ERR: (ThinkException) 非法操作:images
[ 2013-04-09T11:44:50+08:00 ] ERR: (ThinkException) 非法操作:images
[ 2013-04-09T11:44:50+08:00 ] ERR: (ThinkException) 非法操作:images
[ 2013-04-09T11:44:50+08:00 ] ERR: (ThinkException) 非法操作:images
[ 2013-04-09T11:44:52+08:00 ] ERR: (ThinkException) 非法操作:images
[ 2013-04-09T11:44:52+08:00 ] ERR: (ThinkException) 非法操作:images
[ 2013-04-09T11:44:52+08:00 ] ERR: (ThinkException) 非法操作:images
[ 2013-04-09T11:44:52+08:00 ] ERR: (ThinkException) 非法操作:images
[ 2013-04-09T11:44:52+08:00 ] ERR: (ThinkException) 非法操作:images
[ 2013-04-09T11:44:52+08:00 ] ERR: (ThinkException) 非法操作:images
[ 2013-04-09T11:44:52+08:00 ] ERR: (ThinkException) 非法操作:images
[ 2013-04-09T11:44:52+08:00 ] ERR: (ThinkException) 非法操作:images
[ 2013-04-09T11:44:52+08:00 ] ERR: (ThinkException) 非法操作:images
[ 2013-04-09T11:45:05+08:00 ] ERR: (ThinkException) 非法操作:images
[ 2013-04-09T11:45:05+08:00 ] ERR: (ThinkException) 非法操作:images
[ 2013-04-09T11:45:05+08:00 ] ERR: (ThinkException) 非法操作:images
[ 2013-04-09T11:45:06+08:00 ] ERR: (ThinkException) 非法操作:images
[ 2013-04-09T11:45:06+08:00 ] ERR: (ThinkException) 非法操作:images
[ 2013-04-09T11:45:06+08:00 ] ERR: (ThinkException) 非法操作:images
[ 2013-04-09T11:46:14+08:00 ] ERR: (ThinkException) 非法操作:images
[ 2013-04-09T11:46:14+08:00 ] ERR: (ThinkException) 非法操作:images
[ 2013-04-09T11:46:14+08:00 ] ERR: (ThinkException) 非法操作:images
[ 2013-04-09T11:46:16+08:00 ] ERR: (ThinkException) 非法操作:images
[ 2013-04-09T11:46:16+08:00 ] ERR: (ThinkException) 非法操作:images
[ 2013-04-09T11:46:16+08:00 ] ERR: (ThinkException) 非法操作:images
[ 2013-04-09T11:46:24+08:00 ] ERR: (ThinkException) 非法操作:images
[ 2013-04-09T11:46:24+08:00 ] ERR: (ThinkException) 非法操作:images
[ 2013-04-09T11:46:24+08:00 ] ERR: (ThinkException) 非法操作:images
[ 2013-04-09T11:46:24+08:00 ] ERR: (ThinkException) 非法操作:images
[ 2013-04-09T11:46:24+08:00 ] ERR: (ThinkException) 非法操作:images
[ 2013-04-09T11:46:24+08:00 ] ERR: (ThinkException) 非法操作:images
[ 2013-04-09T11:46:25+08:00 ] ERR: (ThinkException) 非法操作:images
[ 2013-04-09T11:46:25+08:00 ] ERR: (ThinkException) 非法操作:images
[ 2013-04-09T11:46:25+08:00 ] ERR: (ThinkException) 非法操作:images
[ 2013-04-09T11:46:25+08:00 ] ERR: (ThinkException) 非法操作:images
[ 2013-04-09T11:46:25+08:00 ] ERR: (ThinkException) 非法操作:images
[ 2013-04-09T11:46:25+08:00 ] ERR: (ThinkException) 非法操作:images
[ 2013-04-09T11:46:36+08:00 ] ERR: (ThinkException) 非法操作:images
[ 2013-04-09T11:46:36+08:00 ] ERR: (ThinkException) 非法操作:images
[ 2013-04-09T11:46:36+08:00 ] ERR: (ThinkException) 非法操作:images
[ 2013-04-09T11:46:37+08:00 ] ERR: (ThinkException) 非法操作:images
[ 2013-04-09T11:46:37+08:00 ] ERR: (ThinkException) 非法操作:images
[ 2013-04-09T11:46:37+08:00 ] ERR: (ThinkException) 非法操作:images
[ 2013-04-09T11:46:37+08:00 ] ERR: (ThinkException) 非法操作:images
[ 2013-04-09T11:46:37+08:00 ] ERR: (ThinkException) 非法操作:images
[ 2013-04-09T11:46:45+08:00 ] ERR: (ThinkException) 非法操作:images
[ 2013-04-09T11:46:45+08:00 ] ERR: (ThinkException) 非法操作:images
[ 2013-04-09T11:46:45+08:00 ] ERR: (ThinkException) 非法操作:images
[ 2013-04-09T11:46:45+08:00 ] ERR: (ThinkException) 非法操作:images
[ 2013-04-09T11:46:45+08:00 ] ERR: (ThinkException) 非法操作:images
[ 2013-04-09T11:46:45+08:00 ] ERR: (ThinkException) 非法操作:images
[ 2013-04-09T11:46:45+08:00 ] ERR: (ThinkException) 非法操作:images
[ 2013-04-09T12:25:49+08:00 ] ERR: (ThinkException) 非法操作:images
[ 2013-04-09T12:25:49+08:00 ] ERR: (ThinkException) 非法操作:images
[ 2013-04-09T12:25:49+08:00 ] ERR: (ThinkException) 非法操作:images
[ 2013-04-09T12:31:14+08:00 ] ERR: (ThinkException) 非法操作:images
[ 2013-04-09T12:31:14+08:00 ] ERR: (ThinkException) 非法操作:images
[ 2013-04-09T12:31:14+08:00 ] ERR: (ThinkException) 非法操作:images
[ 2013-04-09T12:31:14+08:00 ] ERR: (ThinkException) 非法操作:images
[ 2013-04-09T12:31:14+08:00 ] ERR: (ThinkException) 非法操作:images
[ 2013-04-09T12:31:14+08:00 ] ERR: (ThinkException) 非法操作:images
[ 2013-04-09T12:31:49+08:00 ] ERR: (ThinkException) 非法操作:images
[ 2013-04-09T12:31:49+08:00 ] ERR: (ThinkException) 非法操作:images
[ 2013-04-09T12:31:49+08:00 ] ERR: (ThinkException) 非法操作:images
[ 2013-04-09T12:31:51+08:00 ] ERR: (ThinkException) 非法操作:images
[ 2013-04-09T12:31:51+08:00 ] ERR: (ThinkException) 非法操作:images
[ 2013-04-09T12:31:51+08:00 ] ERR: (ThinkException) 非法操作:images
[ 2013-04-09T12:31:51+08:00 ] ERR: (ThinkException) 非法操作:images
[ 2013-04-09T12:34:39+08:00 ] ERR: (ThinkException) 非法操作:images
[ 2013-04-09T12:34:39+08:00 ] ERR: (ThinkException) 非法操作:images
[ 2013-04-09T12:34:39+08:00 ] ERR: (ThinkException) 非法操作:images
[ 2013-04-09T12:34:40+08:00 ] ERR: (ThinkException) 非法操作:images
[ 2013-04-09T12:34:40+08:00 ] ERR: (ThinkException) 非法操作:images
[ 2013-04-09T12:34:40+08:00 ] ERR: (ThinkException) 非法操作:images
[ 2013-04-09T12:34:42+08:00 ] ERR: (ThinkException) 非法操作:images
[ 2013-04-09T12:34:42+08:00 ] ERR: (ThinkException) 非法操作:images
[ 2013-04-09T12:34:42+08:00 ] ERR: (ThinkException) 非法操作:images
[ 2013-04-09T12:41:42+08:00 ] ERR: (ThinkException) 非法操作:images
[ 2013-04-09T12:41:42+08:00 ] ERR: (ThinkException) 非法操作:images
[ 2013-04-09T12:41:42+08:00 ] ERR: (ThinkException) 非法操作:images
[ 2013-04-09T12:41:45+08:00 ] ERR: (ThinkException) 非法操作:images
[ 2013-04-09T12:41:45+08:00 ] ERR: (ThinkException) 非法操作:images
[ 2013-04-09T12:41:45+08:00 ] ERR: (ThinkException) 非法操作:images
[ 2013-04-09T12:41:46+08:00 ] ERR: (ThinkException) 非法操作:images
[ 2013-04-09T12:41:46+08:00 ] ERR: (ThinkException) 非法操作:images
[ 2013-04-09T12:41:46+08:00 ] ERR: (ThinkException) 非法操作:images
[ 2013-04-09T12:44:32+08:00 ] ERR: (ThinkException) 非法操作:images
[ 2013-04-09T12:44:32+08:00 ] ERR: (ThinkException) 非法操作:images
[ 2013-04-09T12:44:32+08:00 ] ERR: (ThinkException) 非法操作:images
[ 2013-04-09T12:44:32+08:00 ] ERR: (ThinkException) 非法操作:images
[ 2013-04-09T12:44:33+08:00 ] ERR: (ThinkException) 非法操作:images
[ 2013-04-09T12:44:33+08:00 ] ERR: (ThinkException) 非法操作:images
[ 2013-04-09T12:44:33+08:00 ] ERR: (ThinkException) 非法操作:images
[ 2013-04-09T12:44:34+08:00 ] ERR: (ThinkException) 非法操作:images
[ 2013-04-09T12:44:34+08:00 ] ERR: (ThinkException) 非法操作:images
[ 2013-04-09T12:44:34+08:00 ] ERR: (ThinkException) 非法操作:images
[ 2013-04-09T12:44:35+08:00 ] ERR: (ThinkException) 非法操作:images
[ 2013-04-09T12:44:35+08:00 ] ERR: (ThinkException) 非法操作:images
[ 2013-04-09T12:44:35+08:00 ] ERR: (ThinkException) 非法操作:images
[ 2013-04-09T12:44:37+08:00 ] ERR: (ThinkException) 非法操作:images
[ 2013-04-09T12:44:37+08:00 ] ERR: (ThinkException) 非法操作:images
[ 2013-04-09T12:44:37+08:00 ] ERR: (ThinkException) 非法操作:images
[ 2013-04-09T12:44:38+08:00 ] ERR: (ThinkException) 非法操作:images
[ 2013-04-09T12:44:38+08:00 ] ERR: (ThinkException) 非法操作:images
[ 2013-04-09T12:44:38+08:00 ] ERR: (ThinkException) 非法操作:images
[ 2013-04-09T12:44:38+08:00 ] ERR: (ThinkException) 非法操作:images
[ 2013-04-09T12:44:38+08:00 ] ERR: (ThinkException) 非法操作:images
[ 2013-04-09T12:44:39+08:00 ] ERR: (ThinkException) 非法操作:images
[ 2013-04-09T12:44:39+08:00 ] ERR: (ThinkException) 非法操作:images
[ 2013-04-09T12:44:39+08:00 ] ERR: (ThinkException) 非法操作:images
[ 2013-04-09T12:44:40+08:00 ] ERR: (ThinkException) 非法操作:images
[ 2013-04-09T12:44:40+08:00 ] ERR: (ThinkException) 非法操作:images
[ 2013-04-09T12:44:40+08:00 ] ERR: (ThinkException) 非法操作:images
[ 2013-04-09T12:44:40+08:00 ] ERR: (ThinkException) 非法操作:images
[ 2013-04-09T12:47:34+08:00 ] ERR: (ThinkException) 非法操作:images
[ 2013-04-09T12:47:34+08:00 ] ERR: (ThinkException) 非法操作:images
[ 2013-04-09T12:47:34+08:00 ] ERR: (ThinkException) 非法操作:images
[ 2013-04-09T12:47:35+08:00 ] ERR: (ThinkException) 非法操作:images
[ 2013-04-09T12:47:35+08:00 ] ERR: (ThinkException) 非法操作:images
[ 2013-04-09T12:47:35+08:00 ] ERR: (ThinkException) 非法操作:images
[ 2013-04-09T12:47:36+08:00 ] ERR: (ThinkException) 非法操作:images
[ 2013-04-09T12:47:36+08:00 ] ERR: (ThinkException) 非法操作:images
[ 2013-04-09T12:47:36+08:00 ] ERR: (ThinkException) 非法操作:images
[ 2013-04-09T12:47:37+08:00 ] ERR: (ThinkException) 非法操作:images
[ 2013-04-09T12:47:37+08:00 ] ERR: (ThinkException) 非法操作:images
[ 2013-04-09T12:47:37+08:00 ] ERR: (ThinkException) 非法操作:images
[ 2013-04-09T12:52:48+08:00 ] ERR: (ThinkException) 非法操作:images
[ 2013-04-09T12:52:48+08:00 ] ERR: (ThinkException) 非法操作:images
[ 2013-04-09T12:52:48+08:00 ] ERR: (ThinkException) 非法操作:images
[ 2013-04-09T12:52:50+08:00 ] ERR: (ThinkException) 非法操作:images
[ 2013-04-09T12:52:50+08:00 ] ERR: (ThinkException) 非法操作:images
[ 2013-04-09T12:52:50+08:00 ] ERR: (ThinkException) 非法操作:images
[ 2013-04-09T12:52:50+08:00 ] ERR: (ThinkException) 非法操作:images
[ 2013-04-09T12:52:50+08:00 ] ERR: (ThinkException) 非法操作:images
[ 2013-04-09T12:52:50+08:00 ] ERR: (ThinkException) 非法操作:images
[ 2013-04-09T12:55:02+08:00 ] ERR: (ThinkException) 非法操作:images
[ 2013-04-09T12:55:03+08:00 ] ERR: (ThinkException) 非法操作:images
[ 2013-04-09T12:55:03+08:00 ] ERR: (ThinkException) 非法操作:images
[ 2013-04-09T12:55:03+08:00 ] ERR: (ThinkException) 非法操作:images
[ 2013-04-09T12:55:03+08:00 ] ERR: (ThinkException) 非法操作:images
[ 2013-04-09T12:55:03+08:00 ] ERR: (ThinkException) 非法操作:images
[ 2013-04-09T12:55:04+08:00 ] ERR: (ThinkException) 非法操作:images
[ 2013-04-09T12:55:04+08:00 ] ERR: (ThinkException) 非法操作:images
[ 2013-04-09T12:55:04+08:00 ] ERR: (ThinkException) 非法操作:images
[ 2013-04-09T12:55:04+08:00 ] ERR: (ThinkException) 非法操作:images
[ 2013-04-09T12:55:04+08:00 ] ERR: (ThinkException) 非法操作:images
[ 2013-04-09T12:55:04+08:00 ] ERR: (ThinkException) 非法操作:images
[ 2013-04-09T12:55:05+08:00 ] ERR: (ThinkException) 非法操作:images
[ 2013-04-09T12:55:05+08:00 ] ERR: (ThinkException) 非法操作:images
[ 2013-04-09T12:55:05+08:00 ] ERR: (ThinkException) 非法操作:images
[ 2013-04-09T12:55:05+08:00 ] ERR: (ThinkException) 非法操作:images
[ 2013-04-09T12:55:05+08:00 ] ERR: (ThinkException) 非法操作:images
[ 2013-04-09T12:55:06+08:00 ] ERR: (ThinkException) 非法操作:images
[ 2013-04-09T12:55:06+08:00 ] ERR: (ThinkException) 非法操作:images
[ 2013-04-09T12:55:06+08:00 ] ERR: (ThinkException) 非法操作:images
[ 2013-04-09T12:55:06+08:00 ] ERR: (ThinkException) 非法操作:images
[ 2013-04-09T12:55:06+08:00 ] ERR: (ThinkException) 非法操作:images
[ 2013-04-09T12:55:06+08:00 ] ERR: (ThinkException) 非法操作:images
[ 2013-04-09T12:55:06+08:00 ] ERR: (ThinkException) 非法操作:images
[ 2013-04-09T12:55:07+08:00 ] ERR: (ThinkException) 非法操作:images
[ 2013-04-09T12:55:07+08:00 ] ERR: (ThinkException) 非法操作:images
[ 2013-04-09T12:55:07+08:00 ] ERR: (ThinkException) 非法操作:images
[ 2013-04-09T12:55:07+08:00 ] ERR: (ThinkException) 非法操作:images
[ 2013-04-09T12:55:07+08:00 ] ERR: (ThinkException) 非法操作:images
[ 2013-04-09T12:55:07+08:00 ] ERR: (ThinkException) 非法操作:images
[ 2013-04-09T12:55:07+08:00 ] ERR: (ThinkException) 非法操作:images
[ 2013-04-09T12:55:07+08:00 ] ERR: (ThinkException) 非法操作:images
[ 2013-04-09T12:55:07+08:00 ] ERR: (ThinkException) 非法操作:images
[ 2013-04-09T12:55:08+08:00 ] ERR: (ThinkException) 非法操作:images
[ 2013-04-09T12:55:08+08:00 ] ERR: (ThinkException) 非法操作:images
[ 2013-04-09T12:55:08+08:00 ] ERR: (ThinkException) 非法操作:images
[ 2013-04-09T12:55:09+08:00 ] ERR: (ThinkException) 非法操作:images
[ 2013-04-09T12:55:09+08:00 ] ERR: (ThinkException) 非法操作:images
[ 2013-04-09T12:55:09+08:00 ] ERR: (ThinkException) 非法操作:images
[ 2013-04-09T12:55:10+08:00 ] ERR: (ThinkException) 非法操作:images
[ 2013-04-09T12:55:10+08:00 ] ERR: (ThinkException) 非法操作:images
[ 2013-04-09T12:55:10+08:00 ] ERR: (ThinkException) 非法操作:images
[ 2013-04-09T12:55:10+08:00 ] ERR: (ThinkException) 非法操作:images
[ 2013-04-09T12:55:10+08:00 ] ERR: (ThinkException) 非法操作:images
[ 2013-04-09T12:55:10+08:00 ] ERR: (ThinkException) 非法操作:images
[ 2013-04-09T12:55:10+08:00 ] ERR: (ThinkException) 非法操作:images
[ 2013-04-09T12:55:10+08:00 ] ERR: (ThinkException) 非法操作:images
[ 2013-04-09T12:55:10+08:00 ] ERR: (ThinkException) 非法操作:images
[ 2013-04-09T12:55:11+08:00 ] ERR: (ThinkException) 非法操作:images
[ 2013-04-09T12:55:11+08:00 ] ERR: (ThinkException) 非法操作:images
[ 2013-04-09T12:55:11+08:00 ] ERR: (ThinkException) 非法操作:images
[ 2013-04-09T12:55:12+08:00 ] ERR: (ThinkException) 非法操作:images
[ 2013-04-09T12:55:12+08:00 ] ERR: (ThinkException) 非法操作:images
[ 2013-04-09T12:55:12+08:00 ] ERR: (ThinkException) 非法操作:images
[ 2013-04-09T12:57:18+08:00 ] ERR: (ThinkException) 非法操作:images
[ 2013-04-09T12:57:18+08:00 ] ERR: (ThinkException) 非法操作:images
[ 2013-04-09T12:57:18+08:00 ] ERR: (ThinkException) 非法操作:images
[ 2013-04-09T12:57:19+08:00 ] ERR: (ThinkException) 非法操作:images
[ 2013-04-09T12:57:19+08:00 ] ERR: (ThinkException) 非法操作:images
[ 2013-04-09T12:57:19+08:00 ] ERR: (ThinkException) 非法操作:images
[ 2013-04-09T12:57:19+08:00 ] ERR: (ThinkException) 非法操作:images
[ 2013-04-09T12:57:19+08:00 ] ERR: (ThinkException) 非法操作:images
[ 2013-04-09T12:57:19+08:00 ] ERR: (ThinkException) 非法操作:images
[ 2013-04-09T12:58:27+08:00 ] ERR: (ThinkException) 非法操作:images
[ 2013-04-09T12:59:04+08:00 ] ERR: (ThinkException) 非法操作:images
[ 2013-04-09T12:59:05+08:00 ] ERR: (ThinkException) 非法操作:images
[ 2013-04-09T12:59:06+08:00 ] ERR: (ThinkException) 非法操作:images
[ 2013-04-09T13:00:10+08:00 ] ERR: (ThinkException) 非法操作:images
[ 2013-04-09T13:00:41+08:00 ] ERR: (ThinkException) 非法操作:images
[ 2013-04-09T13:00:43+08:00 ] ERR: (ThinkException) 非法操作:images
[ 2013-04-09T13:01:09+08:00 ] ERR: (ThinkException) 非法操作:images
[ 2013-04-09T13:01:48+08:00 ] ERR: (ThinkException) 非法操作:images
[ 2013-04-09T13:01:51+08:00 ] ERR: (ThinkException) 非法操作:images
[ 2013-04-09T13:02:15+08:00 ] ERR: (ThinkException) 非法操作:images
[ 2013-04-09T13:02:42+08:00 ] ERR: (ThinkException) 非法操作:images
[ 2013-04-09T13:02:44+08:00 ] ERR: (ThinkException) 非法操作:images
[ 2013-04-09T13:02:44+08:00 ] ERR: (ThinkException) 非法操作:images
[ 2013-04-09T13:02:44+08:00 ] ERR: (ThinkException) 非法操作:images
[ 2013-04-09T13:02:45+08:00 ] ERR: (ThinkException) 非法操作:images
[ 2013-04-09T13:02:45+08:00 ] ERR: (ThinkException) 非法操作:images
[ 2013-04-09T13:02:45+08:00 ] ERR: (ThinkException) 非法操作:images
[ 2013-04-09T13:02:46+08:00 ] ERR: (ThinkException) 非法操作:images
[ 2013-04-09T13:02:46+08:00 ] ERR: (ThinkException) 非法操作:images
[ 2013-04-09T13:02:46+08:00 ] ERR: (ThinkException) 非法操作:images
[ 2013-04-09T13:02:47+08:00 ] ERR: (ThinkException) 非法操作:images
[ 2013-04-09T13:02:47+08:00 ] ERR: (ThinkException) 非法操作:images
[ 2013-04-09T13:02:47+08:00 ] ERR: (ThinkException) 非法操作:images
[ 2013-04-09T13:03:44+08:00 ] ERR: (ThinkException) 非法操作:images
[ 2013-04-09T13:03:48+08:00 ] ERR: (ThinkException) 非法操作:images
[ 2013-04-09T13:03:48+08:00 ] ERR: (ThinkException) 非法操作:images
[ 2013-04-09T13:03:48+08:00 ] ERR: (ThinkException) 非法操作:images
[ 2013-04-09T13:03:49+08:00 ] ERR: (ThinkException) 非法操作:images
[ 2013-04-09T13:03:49+08:00 ] ERR: (ThinkException) 非法操作:images
[ 2013-04-09T13:03:49+08:00 ] ERR: (ThinkException) 非法操作:images
[ 2013-04-09T19:14:52+08:00 ] ERR: (ThinkException) 非法操作:themes
[ 2013-04-09T19:14:52+08:00 ] ERR: (ThinkException) 非法操作:js
[ 2013-04-09T19:14:52+08:00 ] ERR: (ThinkException) 非法操作:js
[ 2013-04-09T19:15:05+08:00 ] ERR: (ThinkException) 非法操作:images
[ 2013-04-09T19:15:05+08:00 ] ERR: (ThinkException) 非法操作:images
[ 2013-04-09T19:15:05+08:00 ] ERR: (ThinkException) 非法操作:images
[ 2013-04-09T19:15:22+08:00 ] ERR: (ThinkException) 非法操作:images
[ 2013-04-09T19:15:22+08:00 ] ERR: (ThinkException) 非法操作:images
[ 2013-04-09T19:15:22+08:00 ] ERR: (ThinkException) 非法操作:images
[ 2013-04-09T19:15:29+08:00 ] ERR: (ThinkException) 模板不存在[G:/program/ba/Tpl/Public/home.html]
[ 2013-04-09T19:16:05+08:00 ] ERR: (ThinkException) 模板不存在[G:/program/ba/Tpl/Public/home.html]
[ 2013-04-09T19:16:05+08:00 ] ERR: (ThinkException) 非法操作:images
[ 2013-04-09T19:16:10+08:00 ] ERR: (ThinkException) 模板不存在[G:/program/ba/Tpl/Public/home.html]
[ 2013-04-09T19:16:10+08:00 ] ERR: (ThinkException) 非法操作:images
[ 2013-04-09T19:16:31+08:00 ] ERR: (ThinkException) 非法操作:images
[ 2013-04-09T19:16:31+08:00 ] ERR: (ThinkException) 非法操作:images
[ 2013-04-09T19:16:32+08:00 ] ERR: (ThinkException) 非法操作:images
[ 2013-04-09T19:16:32+08:00 ] ERR: (ThinkException) 非法操作:images
[ 2013-04-09T19:16:32+08:00 ] ERR: (ThinkException) 非法操作:images
[ 2013-04-09T19:16:32+08:00 ] ERR: (ThinkException) 非法操作:images
[ 2013-04-09T19:16:34+08:00 ] ERR: (ThinkException) 非法操作:images
[ 2013-04-09T19:16:34+08:00 ] ERR: (ThinkException) 非法操作:images
[ 2013-04-09T19:16:34+08:00 ] ERR: (ThinkException) 非法操作:images
[ 2013-04-09T19:16:39+08:00 ] ERR: (ThinkException) 非法操作:images
[ 2013-04-09T19:16:39+08:00 ] ERR: (ThinkException) 非法操作:images
[ 2013-04-09T19:16:39+08:00 ] ERR: (ThinkException) 非法操作:images
[ 2013-04-09T19:16:39+08:00 ] ERR: (ThinkException) 非法操作:images
[ 2013-04-09T19:16:39+08:00 ] ERR: (ThinkException) 非法操作:images
[ 2013-04-09T19:16:39+08:00 ] ERR: (ThinkException) 非法操作:images
[ 2013-04-09T19:16:53+08:00 ] ERR: (ThinkException) 非法操作:images
[ 2013-04-09T19:16:53+08:00 ] ERR: (ThinkException) 非法操作:images
[ 2013-04-09T19:16:53+08:00 ] ERR: (ThinkException) 非法操作:images
[ 2013-04-09T19:16:59+08:00 ] ERR: (ThinkException) 非法操作:images
[ 2013-04-09T19:16:59+08:00 ] ERR: (ThinkException) 非法操作:images
[ 2013-04-09T19:16:59+08:00 ] ERR: (ThinkException) 非法操作:images
[ 2013-04-09T19:17:05+08:00 ] ERR: (ThinkException) 非法操作:images
[ 2013-04-09T19:17:05+08:00 ] ERR: (ThinkException) 非法操作:images
[ 2013-04-09T19:17:05+08:00 ] ERR: (ThinkException) 非法操作:images
[ 2013-04-09T19:17:05+08:00 ] ERR: (ThinkException) 非法操作:images
[ 2013-04-09T19:52:27+08:00 ] ERR: (ThinkException) 非法操作:themes
[ 2013-04-09T19:52:27+08:00 ] ERR: (ThinkException) 非法操作:js
[ 2013-04-09T19:52:27+08:00 ] ERR: (ThinkException) 非法操作:js
[ 2013-04-09T19:52:36+08:00 ] ERR: (ThinkException) 非法操作:images
[ 2013-04-09T19:52:36+08:00 ] ERR: (ThinkException) 非法操作:images
[ 2013-04-09T19:52:36+08:00 ] ERR: (ThinkException) 非法操作:images
[ 2013-04-09T19:56:03+08:00 ] ERR: (ThinkException) 非法操作:images
[ 2013-04-09T19:56:03+08:00 ] ERR: (ThinkException) 非法操作:images
[ 2013-04-09T19:56:03+08:00 ] ERR: (ThinkException) 非法操作:images
[ 2013-04-09T19:57:07+08:00 ] ERR: (ThinkException) 非法操作:images
[ 2013-04-09T19:57:07+08:00 ] ERR: (ThinkException) 非法操作:images
[ 2013-04-09T19:57:07+08:00 ] ERR: (ThinkException) 非法操作:images
[ 2013-04-09T19:57:07+08:00 ] ERR: (ThinkException) 非法操作:images
[ 2013-04-09T19:57:07+08:00 ] ERR: (ThinkException) 非法操作:images
[ 2013-04-09T19:57:07+08:00 ] ERR: (ThinkException) 非法操作:images
[ 2013-04-09T19:57:09+08:00 ] ERR: (ThinkException) 非法操作:images
[ 2013-04-09T19:57:09+08:00 ] ERR: (ThinkException) 非法操作:images
[ 2013-04-09T19:57:09+08:00 ] ERR: (ThinkException) 非法操作:images
[ 2013-04-09T19:58:28+08:00 ] ERR: (ThinkException) 非法操作:images
[ 2013-04-09T19:58:28+08:00 ] ERR: (ThinkException) 非法操作:images
[ 2013-04-09T19:58:28+08:00 ] ERR: (ThinkException) 非法操作:images
[ 2013-04-09T19:58:28+08:00 ] ERR: (ThinkException) 非法操作:images
[ 2013-04-09T19:58:28+08:00 ] ERR: (ThinkException) 非法操作:images
[ 2013-04-09T19:58:28+08:00 ] ERR: (ThinkException) 非法操作:images
[ 2013-04-09T20:36:19+08:00 ] ERR: (ThinkException) 非法操作:themes
[ 2013-04-09T20:36:19+08:00 ] ERR: (ThinkException) 非法操作:js
[ 2013-04-09T20:36:19+08:00 ] ERR: (ThinkException) 非法操作:js
[ 2013-04-09T20:36:30+08:00 ] ERR: (ThinkException) 非法操作:images
[ 2013-04-09T20:36:30+08:00 ] ERR: (ThinkException) 非法操作:images
[ 2013-04-09T20:36:30+08:00 ] ERR: (ThinkException) 非法操作:images
[ 2013-04-09T20:36:30+08:00 ] ERR: (ThinkException) 非法操作:images
[ 2013-04-09T20:37:10+08:00 ] ERR: (ThinkException) 非法操作:images
[ 2013-04-09T20:37:10+08:00 ] ERR: (ThinkException) 非法操作:images
[ 2013-04-09T20:37:39+08:00 ] ERR: [4] syntax error, unexpected ')', expecting variable (T_VARIABLE) or '$' G:\program\ba\Runtime\Cache\8952c02b0017b7df6368aa3a48e2f9e5.php 第 119 行.
[ 2013-04-09T20:37:46+08:00 ] ERR: [4] syntax error, unexpected ')', expecting variable (T_VARIABLE) or '$' G:\program\ba\Runtime\Cache\8952c02b0017b7df6368aa3a48e2f9e5.php 第 119 行.
[ 2013-04-09T20:37:57+08:00 ] ERR: (ThinkException) 非法操作:images
[ 2013-04-09T20:37:57+08:00 ] ERR: (ThinkException) 非法操作:images
[ 2013-04-09T20:37:57+08:00 ] ERR: (ThinkException) 非法操作:images
[ 2013-04-09T20:37:57+08:00 ] ERR: (ThinkException) 非法操作:images
[ 2013-04-09T20:37:57+08:00 ] ERR: (ThinkException) 非法操作:images
[ 2013-04-09T20:37:57+08:00 ] ERR: (ThinkException) 非法操作:images
[ 2013-04-09T21:17:08+08:00 ] ERR: (ThinkException) 非法操作:images
[ 2013-04-09T21:17:08+08:00 ] ERR: (ThinkException) 非法操作:images
[ 2013-04-09T21:17:08+08:00 ] ERR: (ThinkException) 非法操作:images
[ 2013-04-09T21:17:09+08:00 ] ERR: (ThinkException) 非法操作:images
[ 2013-04-09T21:17:09+08:00 ] ERR: (ThinkException) 非法操作:images
[ 2013-04-09T21:17:09+08:00 ] ERR: (ThinkException) 非法操作:images
[ 2013-04-09T21:17:14+08:00 ] ERR: (ThinkException) 非法操作:images
[ 2013-04-09T21:17:14+08:00 ] ERR: (ThinkException) 非法操作:images
[ 2013-04-09T21:17:14+08:00 ] ERR: (ThinkException) 非法操作:images
[ 2013-04-09T21:18:24+08:00 ] ERR: (ThinkException) 非法操作:images
[ 2013-04-09T21:18:24+08:00 ] ERR: (ThinkException) 非法操作:images
[ 2013-04-09T21:18:24+08:00 ] ERR: (ThinkException) 非法操作:images
[ 2013-04-09T21:18:25+08:00 ] ERR: (ThinkException) 非法操作:images
[ 2013-04-09T21:18:25+08:00 ] ERR: (ThinkException) 非法操作:images
[ 2013-04-09T21:18:25+08:00 ] ERR: (ThinkException) 非法操作:images
[ 2013-04-09T21:28:51+08:00 ] ERR: [1] Call to undefined function arrary_reverse() G:\program\ba\Lib\Action\PublicAction.class.php 第 33 行.
[ 2013-04-09T21:30:37+08:00 ] ERR: (ThinkException) 非法操作:images
[ 2013-04-09T21:30:37+08:00 ] ERR: (ThinkException) 非法操作:images
[ 2013-04-09T21:30:37+08:00 ] ERR: (ThinkException) 非法操作:images
[ 2013-04-09T21:30:37+08:00 ] ERR: (ThinkException) 非法操作:images
[ 2013-04-09T21:40:24+08:00 ] ERR: (ThinkException) 非法操作:images
[ 2013-04-09T21:40:24+08:00 ] ERR: (ThinkException) 非法操作:images
[ 2013-04-09T21:40:24+08:00 ] ERR: (ThinkException) 非法操作:images
[ 2013-04-09T21:40:24+08:00 ] ERR: (ThinkException) 非法操作:images
[ 2013-04-09T21:40:55+08:00 ] ERR: (ThinkException) 非法操作:images
[ 2013-04-09T21:40:55+08:00 ] ERR: (ThinkException) 非法操作:images
[ 2013-04-09T21:40:55+08:00 ] ERR: (ThinkException) 非法操作:images
[ 2013-04-09T21:40:55+08:00 ] ERR: (ThinkException) 非法操作:images
[ 2013-04-09T21:40:55+08:00 ] ERR: (ThinkException) 非法操作:images
[ 2013-04-09T21:40:55+08:00 ] ERR: (ThinkException) 非法操作:images
[ 2013-04-09T21:42:15+08:00 ] ERR: (ThinkException) 非法操作:images
[ 2013-04-09T21:42:15+08:00 ] ERR: (ThinkException) 非法操作:images
[ 2013-04-09T21:42:15+08:00 ] ERR: (ThinkException) 非法操作:images
[ 2013-04-09T21:42:15+08:00 ] ERR: (ThinkException) 非法操作:images
[ 2013-04-09T21:42:15+08:00 ] ERR: (ThinkException) 非法操作:images
[ 2013-04-09T21:50:47+08:00 ] ERR: (ThinkException) 非法操作:images
[ 2013-04-09T21:50:47+08:00 ] ERR: (ThinkException) 非法操作:images
[ 2013-04-09T21:50:47+08:00 ] ERR: (ThinkException) 非法操作:images
[ 2013-04-09T21:54:03+08:00 ] ERR: (ThinkException) 非法操作:images
[ 2013-04-09T21:54:03+08:00 ] ERR: (ThinkException) 非法操作:images
[ 2013-04-09T21:54:03+08:00 ] ERR: (ThinkException) 非法操作:images
[ 2013-04-09T21:54:22+08:00 ] ERR: (ThinkException) 非法操作:images
[ 2013-04-09T21:54:22+08:00 ] ERR: (ThinkException) 非法操作:images
[ 2013-04-09T21:54:22+08:00 ] ERR: (ThinkException) 非法操作:images
[ 2013-04-09T21:54:22+08:00 ] ERR: (ThinkException) 非法操作:images
[ 2013-04-09T21:55:12+08:00 ] ERR: (ThinkException) 非法操作:images
[ 2013-04-09T21:55:12+08:00 ] ERR: (ThinkException) 非法操作:images
[ 2013-04-09T21:55:12+08:00 ] ERR: (ThinkException) 非法操作:images
[ 2013-04-09T21:55:12+08:00 ] ERR: (ThinkException) 非法操作:images
[ 2013-04-09T21:55:12+08:00 ] ERR: (ThinkException) 非法操作:images
[ 2013-04-09T22:03:09+08:00 ] ERR: (ThinkException) 非法操作:images
[ 2013-04-09T22:03:09+08:00 ] ERR: (ThinkException) 非法操作:images
[ 2013-04-09T22:03:09+08:00 ] ERR: (ThinkException) 非法操作:images
[ 2013-04-09T22:03:09+08:00 ] ERR: (ThinkException) 非法操作:images
[ 2013-04-09T22:03:09+08:00 ] ERR: (ThinkException) 非法操作:images
[ 2013-04-09T22:03:09+08:00 ] ERR: (ThinkException) 非法操作:images
[ 2013-04-09T22:04:20+08:00 ] ERR: (ThinkException) 非法操作:images
[ 2013-04-09T22:04:20+08:00 ] ERR: (ThinkException) 非法操作:images
[ 2013-04-09T22:04:20+08:00 ] ERR: (ThinkException) 非法操作:images
[ 2013-04-09T22:05:04+08:00 ] ERR: (ThinkException) 非法操作:images
[ 2013-04-09T22:05:04+08:00 ] ERR: (ThinkException) 非法操作:images
[ 2013-04-09T22:05:04+08:00 ] ERR: (ThinkException) 非法操作:images
[ 2013-04-09T22:05:06+08:00 ] ERR: (ThinkException) 非法操作:images
[ 2013-04-09T22:05:06+08:00 ] ERR: (ThinkException) 非法操作:images
[ 2013-04-09T22:05:06+08:00 ] ERR: (ThinkException) 非法操作:images
[ 2013-04-09T22:05:07+08:00 ] ERR: (ThinkException) 非法操作:images
[ 2013-04-09T22:05:07+08:00 ] ERR: (ThinkException) 非法操作:images
[ 2013-04-09T22:05:08+08:00 ] ERR: (ThinkException) 非法操作:images
[ 2013-04-09T22:05:08+08:00 ] ERR: (ThinkException) 非法操作:images
[ 2013-04-09T22:05:08+08:00 ] ERR: (ThinkException) 非法操作:images
[ 2013-04-09T22:06:48+08:00 ] ERR: (ThinkException) 非法操作:images
[ 2013-04-09T22:06:48+08:00 ] ERR: (ThinkException) 非法操作:images
[ 2013-04-09T22:06:48+08:00 ] ERR: (ThinkException) 非法操作:images
[ 2013-04-09T22:06:48+08:00 ] ERR: (ThinkException) 非法操作:images
[ 2013-04-09T22:06:48+08:00 ] ERR: (ThinkException) 非法操作:images
[ 2013-04-09T22:06:48+08:00 ] ERR: (ThinkException) 非法操作:images
[ 2013-04-09T22:07:40+08:00 ] ERR: (ThinkException) 非法操作:images
[ 2013-04-09T22:07:40+08:00 ] ERR: (ThinkException) 非法操作:images
[ 2013-04-09T22:07:40+08:00 ] ERR: (ThinkException) 非法操作:images
[ 2013-04-09T22:07:40+08:00 ] ERR: (ThinkException) 非法操作:images
[ 2013-04-09T22:07:40+08:00 ] ERR: (ThinkException) 非法操作:images
[ 2013-04-09T22:07:40+08:00 ] ERR: (ThinkException) 非法操作:images
[ 2013-04-09T22:08:11+08:00 ] ERR: (ThinkException) 非法操作:images
[ 2013-04-09T22:08:11+08:00 ] ERR: (ThinkException) 非法操作:images
[ 2013-04-09T22:08:11+08:00 ] ERR: (ThinkException) 非法操作:images
[ 2013-04-09T22:12:11+08:00 ] ERR: (ThinkException) 非法操作:images
[ 2013-04-09T22:12:11+08:00 ] ERR: (ThinkException) 非法操作:images
[ 2013-04-09T22:12:11+08:00 ] ERR: (ThinkException) 非法操作:images
[ 2013-04-09T22:12:11+08:00 ] ERR: (ThinkException) 非法操作:images
[ 2013-04-09T22:12:11+08:00 ] ERR: (ThinkException) 非法操作:images
