[ 2013-04-07T10:22:39+08:00 ] ERR: (ThinkException) 非法操作:themes
[ 2013-04-07T10:22:39+08:00 ] ERR: (ThinkException) 非法操作:js
[ 2013-04-07T10:22:39+08:00 ] ERR: (ThinkException) 非法操作:js
[ 2013-04-07T10:22:49+08:00 ] ERR: (ThinkException) 非法操作:themes
[ 2013-04-07T10:22:49+08:00 ] ERR: (ThinkException) 非法操作:js
[ 2013-04-07T10:22:49+08:00 ] ERR: (ThinkException) 非法操作:js
[ 2013-04-07T10:27:41+08:00 ] ERR: (ThinkException) 非法操作:themes
[ 2013-04-07T10:27:41+08:00 ] ERR: (ThinkException) 非法操作:js
[ 2013-04-07T10:27:41+08:00 ] ERR: (ThinkException) 非法操作:js
[ 2013-04-07T10:34:12+08:00 ] ERR: (ThinkException) 非法操作:themes
[ 2013-04-07T10:34:12+08:00 ] ERR: (ThinkException) 非法操作:js
[ 2013-04-07T10:34:12+08:00 ] ERR: (ThinkException) 非法操作:js
[ 2013-04-07T10:34:18+08:00 ] ERR: (ThinkException) 非法操作:themes
[ 2013-04-07T10:34:18+08:00 ] ERR: (ThinkException) 非法操作:images
[ 2013-04-07T10:34:18+08:00 ] ERR: (ThinkException) 非法操作:images
[ 2013-04-07T10:34:18+08:00 ] ERR: (ThinkException) 非法操作:js
[ 2013-04-07T10:34:18+08:00 ] ERR: (ThinkException) 非法操作:images
[ 2013-04-07T10:34:18+08:00 ] ERR: (ThinkException) 非法操作:js
[ 2013-04-07T10:34:18+08:00 ] ERR: (ThinkException) 非法操作:images
[ 2013-04-07T10:34:18+08:00 ] ERR: (ThinkException) 非法操作:images
[ 2013-04-07T10:34:18+08:00 ] ERR: (ThinkException) 非法操作:images
[ 2013-04-07T10:34:49+08:00 ] ERR: (ThinkException) 非法操作:themes
[ 2013-04-07T10:34:49+08:00 ] ERR: (ThinkException) 非法操作:js
[ 2013-04-07T10:34:49+08:00 ] ERR: (ThinkException) 非法操作:js
[ 2013-04-07T10:37:37+08:00 ] ERR: (ThinkException) 非法操作:themes
[ 2013-04-07T10:37:37+08:00 ] ERR: (ThinkException) 非法操作:js
[ 2013-04-07T10:37:37+08:00 ] ERR: (ThinkException) 非法操作:js
[ 2013-04-07T10:37:52+08:00 ] ERR: (ThinkException) 非法操作:themes
[ 2013-04-07T10:37:52+08:00 ] ERR: (ThinkException) 非法操作:js
[ 2013-04-07T10:37:52+08:00 ] ERR: (ThinkException) 非法操作:js
[ 2013-04-07T10:38:18+08:00 ] ERR: (ThinkException) 非法操作:themes
[ 2013-04-07T10:38:18+08:00 ] ERR: (ThinkException) 非法操作:js
[ 2013-04-07T10:38:18+08:00 ] ERR: (ThinkException) 非法操作:js
[ 2013-04-07T10:39:09+08:00 ] ERR: (ThinkException) 非法操作:themes
[ 2013-04-07T10:39:09+08:00 ] ERR: (ThinkException) 非法操作:js
[ 2013-04-07T10:39:09+08:00 ] ERR: (ThinkException) 非法操作:js
[ 2013-04-07T10:39:19+08:00 ] ERR: (ThinkException) 非法操作:themes
[ 2013-04-07T10:39:19+08:00 ] ERR: (ThinkException) 非法操作:js
[ 2013-04-07T10:39:19+08:00 ] ERR: (ThinkException) 非法操作:js
[ 2013-04-07T10:39:19+08:00 ] ERR: (ThinkException) 非法操作:images
[ 2013-04-07T10:39:19+08:00 ] ERR: (ThinkException) 非法操作:images
[ 2013-04-07T10:39:19+08:00 ] ERR: (ThinkException) 非法操作:images
[ 2013-04-07T10:39:19+08:00 ] ERR: (ThinkException) 非法操作:images
[ 2013-04-07T10:39:19+08:00 ] ERR: (ThinkException) 非法操作:images
[ 2013-04-07T10:39:33+08:00 ] ERR: (ThinkException) 非法操作:themes
[ 2013-04-07T10:39:33+08:00 ] ERR: (ThinkException) 非法操作:js
[ 2013-04-07T10:39:33+08:00 ] ERR: (ThinkException) 非法操作:js
[ 2013-04-07T10:39:45+08:00 ] ERR: (ThinkException) 非法操作:themes
[ 2013-04-07T10:39:45+08:00 ] ERR: (ThinkException) 非法操作:js
[ 2013-04-07T10:39:45+08:00 ] ERR: (ThinkException) 非法操作:js
[ 2013-04-07T10:42:32+08:00 ] ERR: (ThinkException) 非法操作:themes
[ 2013-04-07T10:42:32+08:00 ] ERR: (ThinkException) 非法操作:js
[ 2013-04-07T10:42:32+08:00 ] ERR: (ThinkException) 非法操作:js
[ 2013-04-07T10:42:39+08:00 ] ERR: (ThinkException) 非法操作:js
[ 2013-04-07T10:42:39+08:00 ] ERR: (ThinkException) 非法操作:js
[ 2013-04-07T10:42:39+08:00 ] ERR: (ThinkException) 非法操作:themes
[ 2013-04-07T10:47:38+08:00 ] ERR: (ThinkException) 非法操作:themes
[ 2013-04-07T10:47:38+08:00 ] ERR: (ThinkException) 非法操作:js
[ 2013-04-07T10:47:38+08:00 ] ERR: (ThinkException) 非法操作:js
[ 2013-04-07T11:32:36+08:00 ] ERR: (ThinkException) 非法操作:js
[ 2013-04-07T11:32:36+08:00 ] ERR: (ThinkException) 非法操作:themes
[ 2013-04-07T11:32:36+08:00 ] ERR: (ThinkException) 非法操作:js
[ 2013-04-07T11:36:37+08:00 ] ERR: [1] Call to undefined function updataUserCount() G:\program\ba\Lib\Action\FeedAction.class.php 第 16 行.
[ 2013-04-07T11:36:38+08:00 ] ERR: (ThinkException) 非法操作:themes
[ 2013-04-07T11:36:38+08:00 ] ERR: (ThinkException) 非法操作:js
[ 2013-04-07T11:36:38+08:00 ] ERR: (ThinkException) 非法操作:js
[ 2013-04-07T11:36:47+08:00 ] ERR: [1] Call to undefined function updataUserCount() G:\program\ba\Lib\Action\FeedAction.class.php 第 16 行.
[ 2013-04-07T11:36:48+08:00 ] ERR: (ThinkException) 非法操作:themes
[ 2013-04-07T11:36:48+08:00 ] ERR: (ThinkException) 非法操作:js
[ 2013-04-07T11:36:48+08:00 ] ERR: (ThinkException) 非法操作:js
[ 2013-04-07T12:58:17+08:00 ] ERR: [1] Call to undefined function updataUserCount() G:\program\ba\Lib\Action\FeedAction.class.php 第 16 行.
[ 2013-04-07T12:58:18+08:00 ] ERR: (ThinkException) 非法操作:themes
[ 2013-04-07T12:58:18+08:00 ] ERR: (ThinkException) 非法操作:js
[ 2013-04-07T12:58:18+08:00 ] ERR: (ThinkException) 非法操作:js
[ 2013-04-07T20:29:10+08:00 ] ERR: (ThinkException) 非法操作:themes
[ 2013-04-07T20:29:10+08:00 ] ERR: (ThinkException) 非法操作:js
[ 2013-04-07T20:29:10+08:00 ] ERR: (ThinkException) 非法操作:js
[ 2013-04-07T20:29:15+08:00 ] ERR: (ThinkException) 非法操作:themes
[ 2013-04-07T20:29:15+08:00 ] ERR: (ThinkException) 非法操作:js
[ 2013-04-07T20:29:15+08:00 ] ERR: (ThinkException) 非法操作:js
[ 2013-04-07T20:29:28+08:00 ] ERR: (ThinkException) 非法操作:images
[ 2013-04-07T20:29:28+08:00 ] ERR: (ThinkException) 非法操作:js
[ 2013-04-07T20:29:28+08:00 ] ERR: (ThinkException) 非法操作:themes
[ 2013-04-07T20:29:28+08:00 ] ERR: (ThinkException) 非法操作:js
[ 2013-04-07T20:29:28+08:00 ] ERR: (ThinkException) 非法操作:images
[ 2013-04-07T20:29:28+08:00 ] ERR: (ThinkException) 非法操作:images
[ 2013-04-07T20:29:28+08:00 ] ERR: (ThinkException) 非法操作:images
[ 2013-04-07T20:29:28+08:00 ] ERR: (ThinkException) 非法操作:images
[ 2013-04-07T20:29:28+08:00 ] ERR: (ThinkException) 非法操作:images
[ 2013-04-07T20:29:34+08:00 ] ERR: (ThinkException) 非法操作:themes
[ 2013-04-07T20:29:34+08:00 ] ERR: (ThinkException) 非法操作:js
[ 2013-04-07T20:29:34+08:00 ] ERR: (ThinkException) 非法操作:js
[ 2013-04-07T20:29:41+08:00 ] ERR: (ThinkException) Action:updataUserCount您所请求的方法不存在！
[ 2013-04-07T20:29:43+08:00 ] ERR: (ThinkException) 非法操作:themes
[ 2013-04-07T20:29:43+08:00 ] ERR: (ThinkException) 非法操作:js
[ 2013-04-07T20:29:43+08:00 ] ERR: (ThinkException) 非法操作:js
[ 2013-04-07T20:38:51+08:00 ] ERR: (ThinkException) 非法操作:themes
[ 2013-04-07T20:38:51+08:00 ] ERR: (ThinkException) 非法操作:js
[ 2013-04-07T20:38:51+08:00 ] ERR: (ThinkException) 非法操作:js
[ 2013-04-07T20:39:36+08:00 ] ERR: (ThinkException) 非法操作:themes
[ 2013-04-07T20:39:36+08:00 ] ERR: (ThinkException) 非法操作:js
[ 2013-04-07T20:39:36+08:00 ] ERR: (ThinkException) 非法操作:js
[ 2013-04-07T20:43:23+08:00 ] ERR: (ThinkException) 非法操作:js
[ 2013-04-07T20:43:23+08:00 ] ERR: (ThinkException) 非法操作:themes
[ 2013-04-07T20:43:23+08:00 ] ERR: (ThinkException) 非法操作:js
[ 2013-04-07T20:50:59+08:00 ] ERR: (ThinkException) 非法操作:themes
[ 2013-04-07T20:50:59+08:00 ] ERR: (ThinkException) 非法操作:js
[ 2013-04-07T20:50:59+08:00 ] ERR: (ThinkException) 非法操作:js
[ 2013-04-07T20:51:48+08:00 ] ERR: (ThinkException) 非法操作:js
[ 2013-04-07T20:51:48+08:00 ] ERR: (ThinkException) 非法操作:themes
[ 2013-04-07T20:51:48+08:00 ] ERR: (ThinkException) 非法操作:js
[ 2013-04-07T20:52:44+08:00 ] ERR: (ThinkException) 非法操作:themes
[ 2013-04-07T20:52:44+08:00 ] ERR: (ThinkException) 非法操作:js
[ 2013-04-07T20:52:44+08:00 ] ERR: (ThinkException) 非法操作:js
[ 2013-04-07T20:52:53+08:00 ] ERR: (ThinkException) 非法操作:themes
[ 2013-04-07T20:52:53+08:00 ] ERR: (ThinkException) 非法操作:js
[ 2013-04-07T20:52:53+08:00 ] ERR: (ThinkException) 非法操作:js
[ 2013-04-07T20:52:57+08:00 ] ERR: (ThinkException) 非法操作:js
[ 2013-04-07T20:52:57+08:00 ] ERR: (ThinkException) 非法操作:themes
[ 2013-04-07T20:52:57+08:00 ] ERR: (ThinkException) 非法操作:js
[ 2013-04-07T20:52:57+08:00 ] ERR: (ThinkException) 非法操作:images
[ 2013-04-07T20:52:57+08:00 ] ERR: (ThinkException) 非法操作:images
[ 2013-04-07T20:52:57+08:00 ] ERR: (ThinkException) 非法操作:images
[ 2013-04-07T20:52:58+08:00 ] ERR: (ThinkException) 非法操作:images
[ 2013-04-07T20:52:58+08:00 ] ERR: (ThinkException) 非法操作:images
[ 2013-04-07T20:53:05+08:00 ] ERR: (ThinkException) 非法操作:themes
[ 2013-04-07T20:53:05+08:00 ] ERR: (ThinkException) 非法操作:js
[ 2013-04-07T20:53:05+08:00 ] ERR: (ThinkException) 非法操作:js
[ 2013-04-07T20:53:18+08:00 ] ERR: (ThinkException) Action:updataUserCount您所请求的方法不存在！
[ 2013-04-07T20:53:20+08:00 ] ERR: (ThinkException) 非法操作:themes
[ 2013-04-07T20:53:20+08:00 ] ERR: (ThinkException) 非法操作:js
[ 2013-04-07T20:53:20+08:00 ] ERR: (ThinkException) 非法操作:js
[ 2013-04-07T20:55:33+08:00 ] ERR: (ThinkException) 非法操作:js
[ 2013-04-07T20:55:33+08:00 ] ERR: (ThinkException) 非法操作:themes
[ 2013-04-07T20:55:33+08:00 ] ERR: (ThinkException) 非法操作:js
[ 2013-04-07T20:55:58+08:00 ] ERR: (ThinkException) 非法操作:js
[ 2013-04-07T20:55:58+08:00 ] ERR: (ThinkException) 非法操作:themes
[ 2013-04-07T20:55:58+08:00 ] ERR: (ThinkException) 非法操作:js
[ 2013-04-07T21:45:10+08:00 ] ERR: (ThinkException) 非法操作:themes
[ 2013-04-07T21:45:10+08:00 ] ERR: (ThinkException) 非法操作:js
[ 2013-04-07T21:45:10+08:00 ] ERR: (ThinkException) 非法操作:js
[ 2013-04-07T21:45:16+08:00 ] ERR: (ThinkException) 非法操作:themes
[ 2013-04-07T21:45:16+08:00 ] ERR: (ThinkException) 非法操作:js
[ 2013-04-07T21:45:16+08:00 ] ERR: (ThinkException) 非法操作:js
[ 2013-04-07T21:45:30+08:00 ] ERR: (ThinkException) 非法操作:themes
[ 2013-04-07T21:45:30+08:00 ] ERR: (ThinkException) 非法操作:js
[ 2013-04-07T21:45:30+08:00 ] ERR: (ThinkException) 非法操作:js
[ 2013-04-07T21:45:30+08:00 ] ERR: (ThinkException) 非法操作:images
[ 2013-04-07T21:45:30+08:00 ] ERR: (ThinkException) 非法操作:images
[ 2013-04-07T21:45:30+08:00 ] ERR: (ThinkException) 非法操作:images
[ 2013-04-07T21:45:30+08:00 ] ERR: (ThinkException) 非法操作:images
[ 2013-04-07T21:45:30+08:00 ] ERR: (ThinkException) 非法操作:images
[ 2013-04-07T21:45:35+08:00 ] ERR: (ThinkException) 非法操作:themes
[ 2013-04-07T21:45:35+08:00 ] ERR: (ThinkException) 非法操作:js
[ 2013-04-07T21:45:35+08:00 ] ERR: (ThinkException) 非法操作:js
[ 2013-04-07T21:45:40+08:00 ] ERR: (ThinkException) 非法操作:js
[ 2013-04-07T21:45:40+08:00 ] ERR: (ThinkException) 非法操作:themes
[ 2013-04-07T21:45:40+08:00 ] ERR: (ThinkException) 非法操作:js
[ 2013-04-07T21:46:07+08:00 ] ERR: (ThinkException) 非法操作:js
[ 2013-04-07T21:46:07+08:00 ] ERR: (ThinkException) 非法操作:themes
[ 2013-04-07T21:46:07+08:00 ] ERR: (ThinkException) 非法操作:js
[ 2013-04-07T21:51:26+08:00 ] ERR: (ThinkException) 非法操作:themes
[ 2013-04-07T21:51:26+08:00 ] ERR: (ThinkException) 非法操作:js
[ 2013-04-07T21:51:26+08:00 ] ERR: (ThinkException) 非法操作:js
[ 2013-04-07T21:52:08+08:00 ] ERR: (ThinkException) 非法操作:themes
[ 2013-04-07T21:52:08+08:00 ] ERR: (ThinkException) 非法操作:js
[ 2013-04-07T21:52:08+08:00 ] ERR: (ThinkException) 非法操作:js
