[ 2013-04-21T10:41:28+08:00 ] ERR: (ThinkException) 非法操作:themes
[ 2013-04-21T10:41:28+08:00 ] ERR: (ThinkException) 非法操作:js
[ 2013-04-21T10:41:29+08:00 ] ERR: (ThinkException) 非法操作:js
[ 2013-04-21T11:07:16+08:00 ] 0.0.0.0 /ba/index.php/Feed/islike
NOTIC: [2] ob_start(): output handler 'ob_gzhandler' conflicts with 'zlib output compression' G:\program\thinkphp\Lib\Core\App.class.php 第 49 行.
NOTIC: [8] ob_start(): failed to create buffer G:\program\thinkphp\Lib\Core\App.class.php 第 49 行.
INFO: [ app_begin ] --START--
INFO: Run ReadHtmlCache Behavior [ RunTime:0.002074s ]
INFO: [ app_begin ] --END-- [ RunTime:0.002183s ]
SQL: SHOW COLUMNS FROM `sfeedop` [ RunTime:0.011256s ]
SQL: SHOW COLUMNS FROM `sfeed` [ RunTime:0.012350s ]
SQL: SELECT * FROM `sfeedop` WHERE ( `uid` = 17 ) AND ( `sfeedid` = 17 ) LIMIT 1   [ RunTime:0.000648s ]
SQL: UPDATE `sfeed` SET `islike`=islike+1 WHERE ( `sfeedid` = 17 ) [ RunTime:0.077816s ]
SQL: INSERT INTO `sfeedop` (`uid`,`sfeedid`,`status`) VALUES (17,17,1) [ RunTime:0.006815s ]

[ 2013-04-21T11:59:58+08:00 ] 0.0.0.0 /ba/index.php/Feed/store
NOTIC: [2] ob_start(): output handler 'ob_gzhandler' conflicts with 'zlib output compression' G:\program\thinkphp\Lib\Core\App.class.php 第 49 行.
NOTIC: [8] ob_start(): failed to create buffer G:\program\thinkphp\Lib\Core\App.class.php 第 49 行.
INFO: [ app_begin ] --START--
INFO: Run ReadHtmlCache Behavior [ RunTime:0.002281s ]
INFO: [ app_begin ] --END-- [ RunTime:0.002391s ]
SQL: SHOW COLUMNS FROM `sfeedop` [ RunTime:0.010246s ]
SQL: SHOW COLUMNS FROM `sfeed` [ RunTime:0.010248s ]
SQL: SELECT * FROM `sfeedop` WHERE ( `uid` = 17 ) AND ( `sfeedid` = 7 ) LIMIT 1   [ RunTime:0.000504s ]

