[ 2013-04-10T09:46:27+08:00 ] ERR: (ThinkException) 非法操作:home
[ 2013-04-10T09:46:28+08:00 ] ERR: (ThinkException) 模板不存在[G:/program/ba/Tpl/User/home.html]
[ 2013-04-10T10:20:44+08:00 ] ERR: (ThinkException) 非法操作:js
[ 2013-04-10T10:20:44+08:00 ] ERR: (ThinkException) 非法操作:js
[ 2013-04-10T10:20:44+08:00 ] ERR: (ThinkException) 非法操作:themes
[ 2013-04-10T10:20:56+08:00 ] ERR: (ThinkException) 非法操作:images
[ 2013-04-10T10:20:56+08:00 ] ERR: (ThinkException) 非法操作:images
[ 2013-04-10T10:20:56+08:00 ] ERR: (ThinkException) 非法操作:images
[ 2013-04-10T10:23:22+08:00 ] ERR: (ThinkException) 非法操作:images
[ 2013-04-10T10:23:22+08:00 ] ERR: (ThinkException) 非法操作:images
[ 2013-04-10T10:23:22+08:00 ] ERR: (ThinkException) 非法操作:images
[ 2013-04-10T10:23:23+08:00 ] ERR: (ThinkException) 非法操作:images
[ 2013-04-10T10:23:23+08:00 ] ERR: (ThinkException) 非法操作:images
[ 2013-04-10T10:23:56+08:00 ] ERR: (ThinkException) 非法操作:images
[ 2013-04-10T10:23:56+08:00 ] ERR: (ThinkException) 非法操作:images
[ 2013-04-10T10:23:56+08:00 ] ERR: (ThinkException) 非法操作:images
[ 2013-04-10T10:27:20+08:00 ] ERR: (ThinkException) 非法操作:images
[ 2013-04-10T10:27:20+08:00 ] ERR: (ThinkException) 非法操作:images
[ 2013-04-10T10:27:20+08:00 ] ERR: (ThinkException) 非法操作:images
[ 2013-04-10T10:28:28+08:00 ] ERR: (ThinkException) 非法操作:images
[ 2013-04-10T10:28:28+08:00 ] ERR: (ThinkException) 非法操作:images
[ 2013-04-10T10:28:28+08:00 ] ERR: (ThinkException) 非法操作:images
[ 2013-04-10T10:28:28+08:00 ] ERR: (ThinkException) 非法操作:images
[ 2013-04-10T10:32:44+08:00 ] ERR: (ThinkException) 非法操作:images
[ 2013-04-10T10:32:44+08:00 ] ERR: (ThinkException) 非法操作:images
[ 2013-04-10T10:32:44+08:00 ] ERR: (ThinkException) 非法操作:images
[ 2013-04-10T10:32:44+08:00 ] ERR: (ThinkException) 非法操作:images
[ 2013-04-10T10:32:44+08:00 ] ERR: (ThinkException) 非法操作:images
[ 2013-04-10T10:32:44+08:00 ] ERR: (ThinkException) 非法操作:images
[ 2013-04-10T11:06:06+08:00 ] ERR: (ThinkException) 非法操作:images
[ 2013-04-10T11:06:06+08:00 ] ERR: (ThinkException) 非法操作:images
[ 2013-04-10T11:06:06+08:00 ] ERR: (ThinkException) 非法操作:images
[ 2013-04-10T11:06:08+08:00 ] ERR: (ThinkException) 非法操作:images
[ 2013-04-10T11:06:08+08:00 ] ERR: (ThinkException) 非法操作:images
[ 2013-04-10T11:06:08+08:00 ] ERR: (ThinkException) 非法操作:images
[ 2013-04-10T11:06:19+08:00 ] ERR: (ThinkException) 非法操作:images
[ 2013-04-10T11:06:19+08:00 ] ERR: (ThinkException) 非法操作:images
[ 2013-04-10T11:06:19+08:00 ] ERR: (ThinkException) 非法操作:images
[ 2013-04-10T11:06:19+08:00 ] ERR: (ThinkException) 非法操作:images
[ 2013-04-10T11:06:19+08:00 ] ERR: (ThinkException) 非法操作:images
[ 2013-04-10T11:06:19+08:00 ] ERR: (ThinkException) 非法操作:images
[ 2013-04-10T11:06:31+08:00 ] ERR: (ThinkException) 非法操作:themes
[ 2013-04-10T11:06:31+08:00 ] ERR: (ThinkException) 非法操作:js
[ 2013-04-10T11:06:31+08:00 ] ERR: (ThinkException) 非法操作:js
[ 2013-04-10T11:06:42+08:00 ] ERR: (ThinkException) 非法操作:images
[ 2013-04-10T11:06:42+08:00 ] ERR: (ThinkException) 非法操作:images
[ 2013-04-10T11:06:42+08:00 ] ERR: (ThinkException) 非法操作:images
[ 2013-04-10T11:08:29+08:00 ] ERR: (ThinkException) 非法操作:images
[ 2013-04-10T11:08:29+08:00 ] ERR: (ThinkException) 非法操作:images
[ 2013-04-10T11:08:29+08:00 ] ERR: (ThinkException) 非法操作:images
[ 2013-04-10T11:08:29+08:00 ] ERR: (ThinkException) 非法操作:images
[ 2013-04-10T11:08:29+08:00 ] ERR: (ThinkException) 非法操作:images
[ 2013-04-10T11:08:45+08:00 ] ERR: (ThinkException) 非法操作:images
[ 2013-04-10T11:08:45+08:00 ] ERR: (ThinkException) 非法操作:images
[ 2013-04-10T11:08:45+08:00 ] ERR: (ThinkException) 非法操作:images
[ 2013-04-10T11:10:37+08:00 ] ERR: (ThinkException) 非法操作:images
[ 2013-04-10T11:10:37+08:00 ] ERR: (ThinkException) 非法操作:images
[ 2013-04-10T11:10:37+08:00 ] ERR: (ThinkException) 非法操作:images
[ 2013-04-10T11:10:59+08:00 ] ERR: (ThinkException) 非法操作:themes
[ 2013-04-10T11:10:59+08:00 ] ERR: (ThinkException) 非法操作:js
[ 2013-04-10T11:10:59+08:00 ] ERR: (ThinkException) 非法操作:js
[ 2013-04-10T11:11:12+08:00 ] ERR: (ThinkException) 非法操作:images
[ 2013-04-10T11:11:12+08:00 ] ERR: (ThinkException) 非法操作:images
[ 2013-04-10T11:11:12+08:00 ] ERR: (ThinkException) 非法操作:images
[ 2013-04-10T11:19:53+08:00 ] ERR: (ThinkException) 非法操作:images
[ 2013-04-10T11:19:53+08:00 ] ERR: (ThinkException) 非法操作:images
[ 2013-04-10T11:19:53+08:00 ] ERR: (ThinkException) 非法操作:images
[ 2013-04-10T11:19:59+08:00 ] ERR: (ThinkException) 非法操作:images
[ 2013-04-10T11:30:36+08:00 ] ERR: (ThinkException) 非法操作:images
[ 2013-04-10T11:30:36+08:00 ] ERR: (ThinkException) 非法操作:images
[ 2013-04-10T11:30:36+08:00 ] ERR: (ThinkException) 非法操作:images
[ 2013-04-10T11:30:36+08:00 ] ERR: (ThinkException) 非法操作:images
[ 2013-04-10T11:32:58+08:00 ] ERR: (ThinkException) 非法操作:images
[ 2013-04-10T11:32:58+08:00 ] ERR: (ThinkException) 非法操作:images
[ 2013-04-10T11:32:58+08:00 ] ERR: (ThinkException) 非法操作:images
[ 2013-04-10T11:32:58+08:00 ] ERR: (ThinkException) 非法操作:images
[ 2013-04-10T11:33:33+08:00 ] ERR: [4] syntax error, unexpected '}' G:\program\ba\Lib\Action\PublicAction.class.php 第 46 行.
[ 2013-04-10T11:33:45+08:00 ] ERR: (ThinkException) 非法操作:images
[ 2013-04-10T11:33:45+08:00 ] ERR: (ThinkException) 非法操作:images
[ 2013-04-10T11:33:45+08:00 ] ERR: (ThinkException) 非法操作:images
[ 2013-04-10T11:33:45+08:00 ] ERR: (ThinkException) 非法操作:images
[ 2013-04-10T11:36:35+08:00 ] ERR: (ThinkException) 非法操作:images
[ 2013-04-10T11:36:35+08:00 ] ERR: (ThinkException) 非法操作:images
[ 2013-04-10T11:36:35+08:00 ] ERR: (ThinkException) 非法操作:images
[ 2013-04-10T11:38:27+08:00 ] ERR: (ThinkException) 非法操作:images
[ 2013-04-10T11:38:27+08:00 ] ERR: (ThinkException) 非法操作:images
[ 2013-04-10T11:38:27+08:00 ] ERR: (ThinkException) 非法操作:images
[ 2013-04-10T11:38:27+08:00 ] ERR: (ThinkException) 非法操作:images
[ 2013-04-10T11:38:27+08:00 ] ERR: (ThinkException) 非法操作:images
[ 2013-04-10T11:38:28+08:00 ] ERR: (ThinkException) 非法操作:images
[ 2013-04-10T11:43:30+08:00 ] ERR: (ThinkException) 非法操作:images
[ 2013-04-10T11:43:30+08:00 ] ERR: (ThinkException) 非法操作:images
[ 2013-04-10T11:43:30+08:00 ] ERR: (ThinkException) 非法操作:images
[ 2013-04-10T11:43:30+08:00 ] ERR: (ThinkException) 非法操作:images
[ 2013-04-10T11:43:30+08:00 ] ERR: (ThinkException) 非法操作:images
[ 2013-04-10T11:45:36+08:00 ] ERR: (ThinkException) 非法操作:images
[ 2013-04-10T11:45:36+08:00 ] ERR: (ThinkException) 非法操作:images
[ 2013-04-10T11:45:36+08:00 ] ERR: (ThinkException) 非法操作:images
[ 2013-04-10T11:45:36+08:00 ] ERR: (ThinkException) 非法操作:images
[ 2013-04-10T11:45:36+08:00 ] ERR: (ThinkException) 非法操作:images
[ 2013-04-10T11:45:36+08:00 ] ERR: (ThinkException) 非法操作:images
[ 2013-04-10T11:46:13+08:00 ] ERR: (ThinkException) 非法操作:images
[ 2013-04-10T11:46:13+08:00 ] ERR: (ThinkException) 非法操作:images
[ 2013-04-10T11:46:13+08:00 ] ERR: (ThinkException) 非法操作:images
[ 2013-04-10T11:46:20+08:00 ] ERR: (ThinkException) 非法操作:images
[ 2013-04-10T11:46:20+08:00 ] ERR: (ThinkException) 非法操作:images
[ 2013-04-10T11:46:20+08:00 ] ERR: (ThinkException) 非法操作:images
[ 2013-04-10T11:48:44+08:00 ] ERR: (ThinkException) 非法操作:images
[ 2013-04-10T11:48:44+08:00 ] ERR: (ThinkException) 非法操作:images
[ 2013-04-10T11:48:44+08:00 ] ERR: (ThinkException) 非法操作:images
[ 2013-04-10T11:48:45+08:00 ] ERR: (ThinkException) 非法操作:images
[ 2013-04-10T11:48:45+08:00 ] ERR: (ThinkException) 非法操作:images
[ 2013-04-10T11:48:45+08:00 ] ERR: (ThinkException) 非法操作:images
[ 2013-04-10T11:49:00+08:00 ] ERR: (ThinkException) 非法操作:themes
[ 2013-04-10T11:49:00+08:00 ] ERR: (ThinkException) 非法操作:js
[ 2013-04-10T11:49:00+08:00 ] ERR: (ThinkException) 非法操作:js
[ 2013-04-10T11:49:12+08:00 ] ERR: (ThinkException) 非法操作:images
[ 2013-04-10T11:49:12+08:00 ] ERR: (ThinkException) 非法操作:images
[ 2013-04-10T11:49:12+08:00 ] ERR: (ThinkException) 非法操作:images
[ 2013-04-10T11:51:14+08:00 ] ERR: (ThinkException) 非法操作:images
[ 2013-04-10T11:51:14+08:00 ] ERR: (ThinkException) 非法操作:images
[ 2013-04-10T11:51:14+08:00 ] ERR: (ThinkException) 非法操作:images
[ 2013-04-10T11:51:14+08:00 ] ERR: (ThinkException) 非法操作:images
[ 2013-04-10T11:51:17+08:00 ] ERR: (ThinkException) 非法操作:images
[ 2013-04-10T11:51:17+08:00 ] ERR: (ThinkException) 非法操作:images
[ 2013-04-10T11:51:17+08:00 ] ERR: (ThinkException) 非法操作:images
[ 2013-04-10T11:53:18+08:00 ] ERR: (ThinkException) 非法操作:images
[ 2013-04-10T11:53:18+08:00 ] ERR: (ThinkException) 非法操作:images
[ 2013-04-10T11:53:18+08:00 ] ERR: (ThinkException) 非法操作:images
[ 2013-04-10T11:55:24+08:00 ] ERR: (ThinkException) 非法操作:images
[ 2013-04-10T11:55:24+08:00 ] ERR: (ThinkException) 非法操作:images
[ 2013-04-10T11:55:24+08:00 ] ERR: (ThinkException) 非法操作:images
[ 2013-04-10T12:00:19+08:00 ] ERR: (ThinkException) 非法操作:images
[ 2013-04-10T12:00:19+08:00 ] ERR: (ThinkException) 非法操作:images
[ 2013-04-10T12:00:19+08:00 ] ERR: (ThinkException) 非法操作:images
[ 2013-04-10T12:00:19+08:00 ] ERR: (ThinkException) 非法操作:images
[ 2013-04-10T12:00:22+08:00 ] ERR: (ThinkException) 非法操作:images
[ 2013-04-10T12:00:22+08:00 ] ERR: (ThinkException) 非法操作:images
[ 2013-04-10T12:00:22+08:00 ] ERR: (ThinkException) 非法操作:images
[ 2013-04-10T12:00:22+08:00 ] ERR: (ThinkException) 非法操作:images
[ 2013-04-10T12:00:22+08:00 ] ERR: (ThinkException) 非法操作:images
[ 2013-04-10T12:01:03+08:00 ] ERR: (ThinkException) 非法操作:images
[ 2013-04-10T12:01:04+08:00 ] ERR: (ThinkException) 非法操作:images
[ 2013-04-10T12:01:04+08:00 ] ERR: (ThinkException) 非法操作:images
[ 2013-04-10T12:02:28+08:00 ] ERR: (ThinkException) 非法操作:images
[ 2013-04-10T12:02:28+08:00 ] ERR: (ThinkException) 非法操作:images
[ 2013-04-10T12:02:28+08:00 ] ERR: (ThinkException) 非法操作:images
[ 2013-04-10T12:02:28+08:00 ] ERR: (ThinkException) 非法操作:images
[ 2013-04-10T12:02:31+08:00 ] ERR: (ThinkException) 非法操作:images
[ 2013-04-10T12:02:31+08:00 ] ERR: (ThinkException) 非法操作:images
[ 2013-04-10T12:02:31+08:00 ] ERR: (ThinkException) 非法操作:images
[ 2013-04-10T12:17:10+08:00 ] ERR: (ThinkException) 非法操作:images
[ 2013-04-10T12:17:10+08:00 ] ERR: (ThinkException) 非法操作:images
[ 2013-04-10T12:17:10+08:00 ] ERR: (ThinkException) 非法操作:images
[ 2013-04-10T12:17:10+08:00 ] ERR: (ThinkException) 非法操作:images
[ 2013-04-10T12:17:10+08:00 ] ERR: (ThinkException) 非法操作:images
[ 2013-04-10T12:17:11+08:00 ] ERR: (ThinkException) 非法操作:images
[ 2013-04-10T12:32:24+08:00 ] ERR: (ThinkException) 非法操作:themes
[ 2013-04-10T12:32:24+08:00 ] ERR: (ThinkException) 非法操作:js
[ 2013-04-10T12:32:24+08:00 ] ERR: (ThinkException) 非法操作:js
[ 2013-04-10T12:32:34+08:00 ] ERR: (ThinkException) 非法操作:images
[ 2013-04-10T12:32:34+08:00 ] ERR: (ThinkException) 非法操作:images
[ 2013-04-10T12:32:34+08:00 ] ERR: (ThinkException) 非法操作:images
[ 2013-04-10T12:32:34+08:00 ] ERR: (ThinkException) 非法操作:images
[ 2013-04-10T12:32:34+08:00 ] ERR: (ThinkException) 非法操作:images
[ 2013-04-10T12:32:34+08:00 ] ERR: (ThinkException) 非法操作:images
[ 2013-04-10T12:33:24+08:00 ] ERR: (ThinkException) 非法操作:images
[ 2013-04-10T12:33:24+08:00 ] ERR: (ThinkException) 非法操作:images
[ 2013-04-10T12:33:24+08:00 ] ERR: (ThinkException) 非法操作:images
[ 2013-04-10T12:33:24+08:00 ] ERR: (ThinkException) 非法操作:images
[ 2013-04-10T12:33:24+08:00 ] ERR: (ThinkException) 非法操作:images
[ 2013-04-10T12:33:24+08:00 ] ERR: (ThinkException) 非法操作:images
[ 2013-04-10T12:33:35+08:00 ] ERR: (ThinkException) 非法操作:images
[ 2013-04-10T12:33:35+08:00 ] ERR: (ThinkException) 非法操作:images
[ 2013-04-10T12:33:35+08:00 ] ERR: (ThinkException) 非法操作:images
[ 2013-04-10T12:33:35+08:00 ] ERR: (ThinkException) 非法操作:images
[ 2013-04-10T12:33:35+08:00 ] ERR: (ThinkException) 非法操作:images
[ 2013-04-10T12:33:35+08:00 ] ERR: (ThinkException) 非法操作:images
[ 2013-04-10T12:34:14+08:00 ] ERR: (ThinkException) 非法操作:images
[ 2013-04-10T12:34:14+08:00 ] ERR: (ThinkException) 非法操作:images
[ 2013-04-10T12:34:14+08:00 ] ERR: (ThinkException) 非法操作:images
[ 2013-04-10T12:34:14+08:00 ] ERR: (ThinkException) 非法操作:images
[ 2013-04-10T12:34:14+08:00 ] ERR: (ThinkException) 非法操作:images
[ 2013-04-10T12:34:14+08:00 ] ERR: (ThinkException) 非法操作:images
[ 2013-04-10T12:34:26+08:00 ] ERR: (ThinkException) 非法操作:images
[ 2013-04-10T12:34:26+08:00 ] ERR: (ThinkException) 非法操作:images
[ 2013-04-10T12:34:26+08:00 ] ERR: (ThinkException) 非法操作:images
[ 2013-04-10T12:34:26+08:00 ] ERR: (ThinkException) 非法操作:images
[ 2013-04-10T12:34:26+08:00 ] ERR: (ThinkException) 非法操作:images
[ 2013-04-10T12:34:26+08:00 ] ERR: (ThinkException) 非法操作:images
[ 2013-04-10T12:35:07+08:00 ] ERR: (ThinkException) 非法操作:images
[ 2013-04-10T12:35:08+08:00 ] ERR: (ThinkException) 非法操作:images
[ 2013-04-10T12:35:08+08:00 ] ERR: (ThinkException) 非法操作:images
[ 2013-04-10T12:35:08+08:00 ] ERR: (ThinkException) 非法操作:images
[ 2013-04-10T12:35:08+08:00 ] ERR: (ThinkException) 非法操作:images
[ 2013-04-10T12:35:08+08:00 ] ERR: (ThinkException) 非法操作:images
[ 2013-04-10T12:35:36+08:00 ] ERR: (ThinkException) 非法操作:images
[ 2013-04-10T12:35:36+08:00 ] ERR: (ThinkException) 非法操作:images
[ 2013-04-10T12:35:36+08:00 ] ERR: (ThinkException) 非法操作:images
[ 2013-04-10T12:35:36+08:00 ] ERR: (ThinkException) 非法操作:images
[ 2013-04-10T12:35:36+08:00 ] ERR: (ThinkException) 非法操作:images
[ 2013-04-10T12:35:36+08:00 ] ERR: (ThinkException) 非法操作:images
[ 2013-04-10T12:38:53+08:00 ] ERR: (ThinkException) 非法操作:themes
[ 2013-04-10T12:38:53+08:00 ] ERR: (ThinkException) 非法操作:js
[ 2013-04-10T12:38:53+08:00 ] ERR: (ThinkException) 非法操作:js
[ 2013-04-10T12:39:04+08:00 ] ERR: (ThinkException) 非法操作:images
[ 2013-04-10T12:39:04+08:00 ] ERR: (ThinkException) 非法操作:images
[ 2013-04-10T12:39:04+08:00 ] ERR: (ThinkException) 非法操作:images
[ 2013-04-10T12:39:04+08:00 ] ERR: (ThinkException) 非法操作:images
[ 2013-04-10T12:40:09+08:00 ] ERR: (ThinkException) 非法操作:images
[ 2013-04-10T12:40:09+08:00 ] ERR: (ThinkException) 非法操作:images
[ 2013-04-10T12:40:09+08:00 ] ERR: (ThinkException) 非法操作:images
[ 2013-04-10T12:40:09+08:00 ] ERR: (ThinkException) 非法操作:images
[ 2013-04-10T12:40:09+08:00 ] ERR: (ThinkException) 非法操作:images
[ 2013-04-10T12:40:09+08:00 ] ERR: (ThinkException) 非法操作:images
[ 2013-04-10T12:41:16+08:00 ] ERR: (ThinkException) 非法操作:images
[ 2013-04-10T12:41:16+08:00 ] ERR: (ThinkException) 非法操作:images
[ 2013-04-10T12:41:16+08:00 ] ERR: (ThinkException) 非法操作:images
[ 2013-04-10T12:41:48+08:00 ] ERR: (ThinkException) 非法操作:images
[ 2013-04-10T12:41:48+08:00 ] ERR: (ThinkException) 非法操作:images
[ 2013-04-10T12:41:48+08:00 ] ERR: (ThinkException) 非法操作:images
[ 2013-04-10T12:41:48+08:00 ] ERR: (ThinkException) 非法操作:images
[ 2013-04-10T12:41:48+08:00 ] ERR: (ThinkException) 非法操作:images
[ 2013-04-10T12:42:00+08:00 ] ERR: (ThinkException) 非法操作:images
[ 2013-04-10T12:42:00+08:00 ] ERR: (ThinkException) 非法操作:images
[ 2013-04-10T12:42:01+08:00 ] ERR: (ThinkException) 非法操作:images
[ 2013-04-10T12:42:01+08:00 ] ERR: (ThinkException) 非法操作:images
[ 2013-04-10T12:42:01+08:00 ] ERR: (ThinkException) 非法操作:images
[ 2013-04-10T12:42:01+08:00 ] ERR: (ThinkException) 非法操作:images
[ 2013-04-10T12:45:58+08:00 ] ERR: (ThinkException) 非法操作:images
[ 2013-04-10T12:45:58+08:00 ] ERR: (ThinkException) 非法操作:images
[ 2013-04-10T12:45:58+08:00 ] ERR: (ThinkException) 非法操作:images
[ 2013-04-10T12:45:58+08:00 ] ERR: (ThinkException) 非法操作:images
[ 2013-04-10T12:45:58+08:00 ] ERR: (ThinkException) 非法操作:images
[ 2013-04-10T12:46:02+08:00 ] ERR: (ThinkException) 非法操作:images
[ 2013-04-10T12:46:09+08:00 ] ERR: (ThinkException) 非法操作:images
[ 2013-04-10T12:46:09+08:00 ] ERR: (ThinkException) 非法操作:images
[ 2013-04-10T12:46:09+08:00 ] ERR: (ThinkException) 非法操作:images
[ 2013-04-10T12:46:28+08:00 ] ERR: (ThinkException) 非法操作:images
[ 2013-04-10T12:46:28+08:00 ] ERR: (ThinkException) 非法操作:images
[ 2013-04-10T12:46:28+08:00 ] ERR: (ThinkException) 非法操作:images
[ 2013-04-10T12:47:12+08:00 ] ERR: (ThinkException) 非法操作:images
[ 2013-04-10T12:47:12+08:00 ] ERR: (ThinkException) 非法操作:images
[ 2013-04-10T12:47:12+08:00 ] ERR: (ThinkException) 非法操作:images
[ 2013-04-10T12:47:12+08:00 ] ERR: (ThinkException) 非法操作:images
[ 2013-04-10T12:47:58+08:00 ] ERR: (ThinkException) 非法操作:images
[ 2013-04-10T12:47:58+08:00 ] ERR: (ThinkException) 非法操作:images
[ 2013-04-10T12:47:58+08:00 ] ERR: (ThinkException) 非法操作:images
[ 2013-04-10T12:53:35+08:00 ] ERR: (ThinkException) 非法操作:themes
[ 2013-04-10T12:53:35+08:00 ] ERR: (ThinkException) 非法操作:js
[ 2013-04-10T12:53:35+08:00 ] ERR: (ThinkException) 非法操作:js
[ 2013-04-10T18:38:21+08:00 ] ERR: (ThinkException) 非法操作:themes
[ 2013-04-10T18:38:21+08:00 ] ERR: (ThinkException) 非法操作:js
[ 2013-04-10T18:38:21+08:00 ] ERR: (ThinkException) 非法操作:js
[ 2013-04-10T18:38:21+08:00 ] ERR: (ThinkException) 非法操作:js
[ 2013-04-10T20:12:10+08:00 ] ERR: (ThinkException) 非法操作:themes
[ 2013-04-10T20:12:10+08:00 ] ERR: (ThinkException) 非法操作:js
[ 2013-04-10T20:12:10+08:00 ] ERR: (ThinkException) 非法操作:js
[ 2013-04-10T20:12:16+08:00 ] ERR: (ThinkException) 模板不存在[G:/program/ba/Tpl/Public/test.html]
[ 2013-04-10T20:17:08+08:00 ] ERR: (ThinkException) 非法操作:themes
[ 2013-04-10T20:17:08+08:00 ] ERR: (ThinkException) 非法操作:js
[ 2013-04-10T20:17:08+08:00 ] ERR: (ThinkException) 非法操作:js
[ 2013-04-10T20:18:23+08:00 ] ERR: (ThinkException) 非法操作:js
[ 2013-04-10T20:18:23+08:00 ] ERR: (ThinkException) 非法操作:themes
[ 2013-04-10T20:18:23+08:00 ] ERR: (ThinkException) 非法操作:js
[ 2013-04-10T20:47:27+08:00 ] ERR: (ThinkException) Action:test您所请求的方法不存在！
[ 2013-04-10T21:27:40+08:00 ] ERR: (ThinkException) 非法操作:js
[ 2013-04-10T21:27:40+08:00 ] ERR: (ThinkException) 非法操作:themes
[ 2013-04-10T21:27:40+08:00 ] ERR: (ThinkException) 非法操作:js
[ 2013-04-10T21:27:40+08:00 ] ERR: (ThinkException) 非法操作:js
[ 2013-04-10T21:27:49+08:00 ] ERR: (ThinkException) 非法操作:images
