[ 2013-04-26T00:11:48+08:00 ] 0.0.0.0 /ba/index.php/Feed/comment
NOTIC: [2] ob_start(): output handler 'ob_gzhandler' conflicts with 'zlib output compression' G:\program\thinkphp\Lib\Core\App.class.php 第 49 行.
NOTIC: [8] ob_start(): failed to create buffer G:\program\thinkphp\Lib\Core\App.class.php 第 49 行.
INFO: [ app_begin ] --START--
INFO: Run ReadHtmlCache Behavior [ RunTime:0.001853s ]
INFO: [ app_begin ] --END-- [ RunTime:0.001985s ]
SQL: SHOW COLUMNS FROM `comment` [ RunTime:0.009151s ]
SQL: SHOW COLUMNS FROM `user` [ RunTime:0.009734s ]
SQL: SELECT * FROM `comment` WHERE ( `fid` = 7 ) ORDER BY floor  [ RunTime:0.001362s ]
SQL: SELECT `uname` FROM `user` WHERE ( `uid` = 17 ) LIMIT 1   [ RunTime:0.000595s ]
SQL: SELECT `uname` FROM `user` WHERE ( `uid` = 17 ) LIMIT 1   [ RunTime:0.000622s ]
SQL: SELECT `uname` FROM `user` WHERE ( `uid` = 17 ) LIMIT 1   [ RunTime:0.000464s ]
SQL: SELECT `uname` FROM `user` WHERE ( `uid` = 17 ) LIMIT 1   [ RunTime:0.000395s ]
SQL: SELECT `uname` FROM `user` WHERE ( `uid` = 17 ) LIMIT 1   [ RunTime:0.000470s ]
INFO: [ view_template ] --START--
INFO: Run LocationTemplate Behavior [ RunTime:0.002397s ]
INFO: [ view_template ] --END-- [ RunTime:0.002514s ]
INFO: [ view_parse ] --START--
NOTIC: [8] Undefined variable: re G:\program\ba\Runtime\Cache\7a9a55aff6f47e257060ca0ab28ec843.php 第 17 行.
INFO: Run ParseTemplate Behavior [ RunTime:0.021563s ]
INFO: [ view_parse ] --END-- [ RunTime:0.021667s ]
INFO: [ view_filter ] --START--
INFO: Run ContentReplace Behavior [ RunTime:0.002044s ]
INFO: Run TokenBuild Behavior [ RunTime:0.001695s ]
INFO: Run WriteHtmlCache Behavior [ RunTime:0.001126s ]
INFO: Run ShowRuntime Behavior [ RunTime:0.001701s ]
INFO: [ view_filter ] --END-- [ RunTime:0.006865s ]
INFO: [ view_end ] --START--
INFO: Run ShowPageTrace Behavior [ RunTime:0.001828s ]
INFO: [ view_end ] --END-- [ RunTime:0.001929s ]

[ 2013-04-26T00:13:52+08:00 ] 0.0.0.0 /ba/index.php/Feed/comment
NOTIC: [2] ob_start(): output handler 'ob_gzhandler' conflicts with 'zlib output compression' G:\program\thinkphp\Lib\Core\App.class.php 第 49 行.
NOTIC: [8] ob_start(): failed to create buffer G:\program\thinkphp\Lib\Core\App.class.php 第 49 行.
INFO: [ app_begin ] --START--
INFO: Run ReadHtmlCache Behavior [ RunTime:0.001988s ]
INFO: [ app_begin ] --END-- [ RunTime:0.002093s ]
SQL: SHOW COLUMNS FROM `comment` [ RunTime:0.008257s ]
SQL: SHOW COLUMNS FROM `user` [ RunTime:0.007833s ]
SQL: SELECT * FROM `comment` WHERE ( `fid` = 8 ) ORDER BY floor  [ RunTime:0.012530s ]
NOTIC: [2] Invalid argument supplied for foreach() G:\program\ba\Lib\Action\FeedAction.class.php 第 205 行.
INFO: [ view_template ] --START--
INFO: Run LocationTemplate Behavior [ RunTime:0.002599s ]
INFO: [ view_template ] --END-- [ RunTime:0.002732s ]
INFO: [ view_parse ] --START--
NOTIC: [8] Undefined variable: data G:\program\ba\Runtime\Cache\7a9a55aff6f47e257060ca0ab28ec843.php 第 23 行.
INFO: Run ParseTemplate Behavior [ RunTime:0.019015s ]
INFO: [ view_parse ] --END-- [ RunTime:0.019118s ]
INFO: [ view_filter ] --START--
INFO: Run ContentReplace Behavior [ RunTime:0.001530s ]
INFO: Run TokenBuild Behavior [ RunTime:0.001441s ]
INFO: Run WriteHtmlCache Behavior [ RunTime:0.001303s ]
INFO: Run ShowRuntime Behavior [ RunTime:0.001789s ]
INFO: [ view_filter ] --END-- [ RunTime:0.006397s ]
INFO: [ view_end ] --START--
INFO: Run ShowPageTrace Behavior [ RunTime:0.001948s ]
INFO: [ view_end ] --END-- [ RunTime:0.002061s ]

[ 2013-04-26T00:13:54+08:00 ] 0.0.0.0 /ba/index.php/Feed/comment
NOTIC: [2] ob_start(): output handler 'ob_gzhandler' conflicts with 'zlib output compression' G:\program\thinkphp\Lib\Core\App.class.php 第 49 行.
NOTIC: [8] ob_start(): failed to create buffer G:\program\thinkphp\Lib\Core\App.class.php 第 49 行.
INFO: [ app_begin ] --START--
INFO: Run ReadHtmlCache Behavior [ RunTime:0.004693s ]
INFO: [ app_begin ] --END-- [ RunTime:0.004808s ]
SQL: SHOW COLUMNS FROM `comment` [ RunTime:0.007726s ]
SQL: SHOW COLUMNS FROM `user` [ RunTime:0.010382s ]
SQL: SELECT * FROM `comment` WHERE ( `fid` = 7 ) ORDER BY floor  [ RunTime:0.001253s ]
SQL: SELECT `uname` FROM `user` WHERE ( `uid` = 17 ) LIMIT 1   [ RunTime:0.000531s ]
SQL: SELECT `uname` FROM `user` WHERE ( `uid` = 17 ) LIMIT 1   [ RunTime:0.000521s ]
SQL: SELECT `uname` FROM `user` WHERE ( `uid` = 17 ) LIMIT 1   [ RunTime:0.000544s ]
SQL: SELECT `uname` FROM `user` WHERE ( `uid` = 17 ) LIMIT 1   [ RunTime:0.000660s ]
SQL: SELECT `uname` FROM `user` WHERE ( `uid` = 17 ) LIMIT 1   [ RunTime:0.000532s ]
INFO: [ view_template ] --START--
INFO: Run LocationTemplate Behavior [ RunTime:0.001773s ]
INFO: [ view_template ] --END-- [ RunTime:0.001891s ]
INFO: [ view_parse ] --START--
NOTIC: [8] Undefined variable: data G:\program\ba\Runtime\Cache\7a9a55aff6f47e257060ca0ab28ec843.php 第 23 行.
INFO: Run ParseTemplate Behavior [ RunTime:0.018421s ]
INFO: [ view_parse ] --END-- [ RunTime:0.018526s ]
INFO: [ view_filter ] --START--
INFO: Run ContentReplace Behavior [ RunTime:0.001121s ]
INFO: Run TokenBuild Behavior [ RunTime:0.001283s ]
INFO: Run WriteHtmlCache Behavior [ RunTime:0.000926s ]
INFO: Run ShowRuntime Behavior [ RunTime:0.001446s ]
INFO: [ view_filter ] --END-- [ RunTime:0.005066s ]
INFO: [ view_end ] --START--
INFO: Run ShowPageTrace Behavior [ RunTime:0.001497s ]
INFO: [ view_end ] --END-- [ RunTime:0.001589s ]

[ 2013-04-26T00:13:56+08:00 ] 0.0.0.0 /ba/index.php/Feed/insertComment
NOTIC: [2] ob_start(): output handler 'ob_gzhandler' conflicts with 'zlib output compression' G:\program\thinkphp\Lib\Core\App.class.php 第 49 行.
NOTIC: [8] ob_start(): failed to create buffer G:\program\thinkphp\Lib\Core\App.class.php 第 49 行.
INFO: [ app_begin ] --START--
INFO: Run ReadHtmlCache Behavior [ RunTime:0.001429s ]
INFO: [ app_begin ] --END-- [ RunTime:0.001545s ]
SQL: SHOW COLUMNS FROM `comment` [ RunTime:0.007830s ]
SQL: SHOW COLUMNS FROM `sfeed` [ RunTime:0.007458s ]
SQL: UPDATE `sfeed` SET `comment`=comment+1 WHERE ( `sfeedid` = 0 ) [ RunTime:0.073141s ]
SQL: SELECT `comment` FROM `sfeed` WHERE ( `sfeedid` = 0 ) LIMIT 1   [ RunTime:0.000559s ]
SQL: INSERT INTO `comment` (`uid`,`fid`,`content`,`ctime`,`floor`) VALUES (17,0,'发布评论',1366906436,null) [ RunTime:0.021829s ]
ERR: Column 'floor' cannot be null
 [ SQL语句 ] : INSERT INTO `comment` (`uid`,`fid`,`content`,`ctime`,`floor`) VALUES (17,0,'发布评论',1366906436,null)

[ 2013-04-26T00:13:58+08:00 ] 0.0.0.0 /ba/index.php/Feed/insertComment
NOTIC: [2] ob_start(): output handler 'ob_gzhandler' conflicts with 'zlib output compression' G:\program\thinkphp\Lib\Core\App.class.php 第 49 行.
NOTIC: [8] ob_start(): failed to create buffer G:\program\thinkphp\Lib\Core\App.class.php 第 49 行.
INFO: [ app_begin ] --START--
INFO: Run ReadHtmlCache Behavior [ RunTime:0.001472s ]
INFO: [ app_begin ] --END-- [ RunTime:0.001579s ]
SQL: SHOW COLUMNS FROM `comment` [ RunTime:0.012477s ]
SQL: SHOW COLUMNS FROM `sfeed` [ RunTime:0.008755s ]
SQL: UPDATE `sfeed` SET `comment`=comment+1 WHERE ( `sfeedid` = 0 ) [ RunTime:0.000438s ]
SQL: SELECT `comment` FROM `sfeed` WHERE ( `sfeedid` = 0 ) LIMIT 1   [ RunTime:0.000346s ]
SQL: INSERT INTO `comment` (`uid`,`fid`,`content`,`ctime`,`floor`) VALUES (17,0,'1111111111',1366906438,null) [ RunTime:0.000303s ]
ERR: Column 'floor' cannot be null
 [ SQL语句 ] : INSERT INTO `comment` (`uid`,`fid`,`content`,`ctime`,`floor`) VALUES (17,0,'1111111111',1366906438,null)

[ 2013-04-26T00:14:02+08:00 ] 0.0.0.0 /ba/index.php/Feed/insertComment
NOTIC: [2] ob_start(): output handler 'ob_gzhandler' conflicts with 'zlib output compression' G:\program\thinkphp\Lib\Core\App.class.php 第 49 行.
NOTIC: [8] ob_start(): failed to create buffer G:\program\thinkphp\Lib\Core\App.class.php 第 49 行.
INFO: [ app_begin ] --START--
INFO: Run ReadHtmlCache Behavior [ RunTime:0.001476s ]
INFO: [ app_begin ] --END-- [ RunTime:0.001576s ]
SQL: SHOW COLUMNS FROM `comment` [ RunTime:0.007586s ]
SQL: SHOW COLUMNS FROM `sfeed` [ RunTime:0.008023s ]
SQL: UPDATE `sfeed` SET `comment`=comment+1 WHERE ( `sfeedid` = 0 ) [ RunTime:0.000779s ]
SQL: SELECT `comment` FROM `sfeed` WHERE ( `sfeedid` = 0 ) LIMIT 1   [ RunTime:0.000724s ]
SQL: INSERT INTO `comment` (`uid`,`fid`,`content`,`ctime`,`floor`) VALUES (17,0,'1111111111',1366906442,null) [ RunTime:0.001036s ]
ERR: Column 'floor' cannot be null
 [ SQL语句 ] : INSERT INTO `comment` (`uid`,`fid`,`content`,`ctime`,`floor`) VALUES (17,0,'1111111111',1366906442,null)

[ 2013-04-26T00:14:17+08:00 ] 0.0.0.0 /ba/index.php/Feed/insertComment
NOTIC: [2] ob_start(): output handler 'ob_gzhandler' conflicts with 'zlib output compression' G:\program\thinkphp\Lib\Core\App.class.php 第 49 行.
NOTIC: [8] ob_start(): failed to create buffer G:\program\thinkphp\Lib\Core\App.class.php 第 49 行.
INFO: [ app_begin ] --START--
INFO: Run ReadHtmlCache Behavior [ RunTime:0.001756s ]
INFO: [ app_begin ] --END-- [ RunTime:0.001870s ]
SQL: SHOW COLUMNS FROM `comment` [ RunTime:0.008727s ]
SQL: SHOW COLUMNS FROM `sfeed` [ RunTime:0.009095s ]
SQL: UPDATE `sfeed` SET `comment`=comment+1 WHERE ( `sfeedid` = 0 ) [ RunTime:0.000637s ]
SQL: SELECT `comment` FROM `sfeed` WHERE ( `sfeedid` = 0 ) LIMIT 1   [ RunTime:0.000440s ]
SQL: INSERT INTO `comment` (`uid`,`fid`,`content`,`ctime`,`floor`) VALUES (17,0,'12312312',1366906457,null) [ RunTime:0.000326s ]
ERR: Column 'floor' cannot be null
 [ SQL语句 ] : INSERT INTO `comment` (`uid`,`fid`,`content`,`ctime`,`floor`) VALUES (17,0,'12312312',1366906457,null)

[ 2013-04-26T00:14:18+08:00 ] 0.0.0.0 /ba/index.php/Feed/insertComment
NOTIC: [2] ob_start(): output handler 'ob_gzhandler' conflicts with 'zlib output compression' G:\program\thinkphp\Lib\Core\App.class.php 第 49 行.
NOTIC: [8] ob_start(): failed to create buffer G:\program\thinkphp\Lib\Core\App.class.php 第 49 行.
INFO: [ app_begin ] --START--
INFO: Run ReadHtmlCache Behavior [ RunTime:0.002075s ]
INFO: [ app_begin ] --END-- [ RunTime:0.002188s ]
SQL: SHOW COLUMNS FROM `comment` [ RunTime:0.008344s ]
SQL: SHOW COLUMNS FROM `sfeed` [ RunTime:0.014902s ]
SQL: UPDATE `sfeed` SET `comment`=comment+1 WHERE ( `sfeedid` = 0 ) [ RunTime:0.000498s ]
SQL: SELECT `comment` FROM `sfeed` WHERE ( `sfeedid` = 0 ) LIMIT 1   [ RunTime:0.000454s ]
SQL: INSERT INTO `comment` (`uid`,`fid`,`content`,`ctime`,`floor`) VALUES (17,0,'12312312',1366906458,null) [ RunTime:0.000458s ]
ERR: Column 'floor' cannot be null
 [ SQL语句 ] : INSERT INTO `comment` (`uid`,`fid`,`content`,`ctime`,`floor`) VALUES (17,0,'12312312',1366906458,null)

[ 2013-04-26T00:14:19+08:00 ] 0.0.0.0 /ba/index.php/Feed/insertComment
NOTIC: [2] ob_start(): output handler 'ob_gzhandler' conflicts with 'zlib output compression' G:\program\thinkphp\Lib\Core\App.class.php 第 49 行.
NOTIC: [8] ob_start(): failed to create buffer G:\program\thinkphp\Lib\Core\App.class.php 第 49 行.
INFO: [ app_begin ] --START--
INFO: Run ReadHtmlCache Behavior [ RunTime:0.001808s ]
INFO: [ app_begin ] --END-- [ RunTime:0.001923s ]
SQL: SHOW COLUMNS FROM `comment` [ RunTime:0.008523s ]
SQL: SHOW COLUMNS FROM `sfeed` [ RunTime:0.010312s ]
SQL: UPDATE `sfeed` SET `comment`=comment+1 WHERE ( `sfeedid` = 0 ) [ RunTime:0.000707s ]
SQL: SELECT `comment` FROM `sfeed` WHERE ( `sfeedid` = 0 ) LIMIT 1   [ RunTime:0.000436s ]
SQL: INSERT INTO `comment` (`uid`,`fid`,`content`,`ctime`,`floor`) VALUES (17,0,'12312312',1366906459,null) [ RunTime:0.000431s ]
ERR: Column 'floor' cannot be null
 [ SQL语句 ] : INSERT INTO `comment` (`uid`,`fid`,`content`,`ctime`,`floor`) VALUES (17,0,'12312312',1366906459,null)

[ 2013-04-26T00:14:20+08:00 ] 0.0.0.0 /ba/index.php/Feed/insertComment
NOTIC: [2] ob_start(): output handler 'ob_gzhandler' conflicts with 'zlib output compression' G:\program\thinkphp\Lib\Core\App.class.php 第 49 行.
NOTIC: [8] ob_start(): failed to create buffer G:\program\thinkphp\Lib\Core\App.class.php 第 49 行.
INFO: [ app_begin ] --START--
INFO: Run ReadHtmlCache Behavior [ RunTime:0.002505s ]
INFO: [ app_begin ] --END-- [ RunTime:0.002590s ]
SQL: SHOW COLUMNS FROM `comment` [ RunTime:0.008821s ]
SQL: SHOW COLUMNS FROM `sfeed` [ RunTime:0.007588s ]
SQL: UPDATE `sfeed` SET `comment`=comment+1 WHERE ( `sfeedid` = 0 ) [ RunTime:0.000453s ]
SQL: SELECT `comment` FROM `sfeed` WHERE ( `sfeedid` = 0 ) LIMIT 1   [ RunTime:0.002152s ]
SQL: INSERT INTO `comment` (`uid`,`fid`,`content`,`ctime`,`floor`) VALUES (17,0,'12312312',1366906460,null) [ RunTime:0.000373s ]
ERR: Column 'floor' cannot be null
 [ SQL语句 ] : INSERT INTO `comment` (`uid`,`fid`,`content`,`ctime`,`floor`) VALUES (17,0,'12312312',1366906460,null)

[ 2013-04-26T00:17:09+08:00 ] 0.0.0.0 /ba/index.php/Feed/comment
NOTIC: [2] ob_start(): output handler 'ob_gzhandler' conflicts with 'zlib output compression' G:\program\thinkphp\Lib\Core\App.class.php 第 49 行.
NOTIC: [8] ob_start(): failed to create buffer G:\program\thinkphp\Lib\Core\App.class.php 第 49 行.
INFO: [ app_begin ] --START--
INFO: Run ReadHtmlCache Behavior [ RunTime:0.003143s ]
INFO: [ app_begin ] --END-- [ RunTime:0.003299s ]
SQL: SHOW COLUMNS FROM `comment` [ RunTime:0.007522s ]
SQL: SHOW COLUMNS FROM `user` [ RunTime:0.007226s ]
SQL: SELECT * FROM `comment` WHERE ( `fid` = 7 ) ORDER BY floor  [ RunTime:0.001081s ]
SQL: SELECT `uname` FROM `user` WHERE ( `uid` = 17 ) LIMIT 1   [ RunTime:0.000542s ]
SQL: SELECT `uname` FROM `user` WHERE ( `uid` = 17 ) LIMIT 1   [ RunTime:0.000418s ]
SQL: SELECT `uname` FROM `user` WHERE ( `uid` = 17 ) LIMIT 1   [ RunTime:0.000364s ]
SQL: SELECT `uname` FROM `user` WHERE ( `uid` = 17 ) LIMIT 1   [ RunTime:0.000395s ]
SQL: SELECT `uname` FROM `user` WHERE ( `uid` = 17 ) LIMIT 1   [ RunTime:0.000517s ]
INFO: [ view_template ] --START--
INFO: Run LocationTemplate Behavior [ RunTime:0.002936s ]
INFO: [ view_template ] --END-- [ RunTime:0.003048s ]
INFO: [ view_parse ] --START--
NOTIC: [8] Undefined variable: data G:\program\ba\Runtime\Cache\7a9a55aff6f47e257060ca0ab28ec843.php 第 23 行.
INFO: Run ParseTemplate Behavior [ RunTime:0.021160s ]
INFO: [ view_parse ] --END-- [ RunTime:0.021269s ]
INFO: [ view_filter ] --START--
INFO: Run ContentReplace Behavior [ RunTime:0.002060s ]
INFO: Run TokenBuild Behavior [ RunTime:0.001822s ]
INFO: Run WriteHtmlCache Behavior [ RunTime:0.001968s ]
INFO: Run ShowRuntime Behavior [ RunTime:0.001978s ]
INFO: [ view_filter ] --END-- [ RunTime:0.008125s ]
INFO: [ view_end ] --START--
INFO: Run ShowPageTrace Behavior [ RunTime:0.002223s ]
INFO: [ view_end ] --END-- [ RunTime:0.002315s ]

[ 2013-04-26T00:17:14+08:00 ] 0.0.0.0 /ba/index.php/Feed/insertComment
NOTIC: [2] ob_start(): output handler 'ob_gzhandler' conflicts with 'zlib output compression' G:\program\thinkphp\Lib\Core\App.class.php 第 49 行.
NOTIC: [8] ob_start(): failed to create buffer G:\program\thinkphp\Lib\Core\App.class.php 第 49 行.
INFO: [ app_begin ] --START--
INFO: Run ReadHtmlCache Behavior [ RunTime:0.002454s ]
INFO: [ app_begin ] --END-- [ RunTime:0.002562s ]
SQL: SHOW COLUMNS FROM `comment` [ RunTime:0.008168s ]
SQL: SHOW COLUMNS FROM `sfeed` [ RunTime:0.008751s ]
SQL: UPDATE `sfeed` SET `comment`=comment+1 WHERE ( `sfeedid` = 0 ) [ RunTime:0.000763s ]
SQL: SELECT `comment` FROM `sfeed` WHERE ( `sfeedid` = 0 ) LIMIT 1   [ RunTime:0.000478s ]
SQL: INSERT INTO `comment` (`uid`,`fid`,`content`,`ctime`,`floor`) VALUES (17,0,'123123123',1366906634,null) [ RunTime:0.000386s ]
ERR: Column 'floor' cannot be null
 [ SQL语句 ] : INSERT INTO `comment` (`uid`,`fid`,`content`,`ctime`,`floor`) VALUES (17,0,'123123123',1366906634,null)

[ 2013-04-26T00:17:15+08:00 ] 0.0.0.0 /ba/index.php/Feed/insertComment
NOTIC: [2] ob_start(): output handler 'ob_gzhandler' conflicts with 'zlib output compression' G:\program\thinkphp\Lib\Core\App.class.php 第 49 行.
NOTIC: [8] ob_start(): failed to create buffer G:\program\thinkphp\Lib\Core\App.class.php 第 49 行.
INFO: [ app_begin ] --START--
INFO: Run ReadHtmlCache Behavior [ RunTime:0.002411s ]
INFO: [ app_begin ] --END-- [ RunTime:0.002522s ]
SQL: SHOW COLUMNS FROM `comment` [ RunTime:0.007213s ]
SQL: SHOW COLUMNS FROM `sfeed` [ RunTime:0.008501s ]
SQL: UPDATE `sfeed` SET `comment`=comment+1 WHERE ( `sfeedid` = 0 ) [ RunTime:0.000640s ]
SQL: SELECT `comment` FROM `sfeed` WHERE ( `sfeedid` = 0 ) LIMIT 1   [ RunTime:0.000539s ]
SQL: INSERT INTO `comment` (`uid`,`fid`,`content`,`ctime`,`floor`) VALUES (17,0,'123123123',1366906635,null) [ RunTime:0.000471s ]
ERR: Column 'floor' cannot be null
 [ SQL语句 ] : INSERT INTO `comment` (`uid`,`fid`,`content`,`ctime`,`floor`) VALUES (17,0,'123123123',1366906635,null)

